nohup: ignoring input
Loading pretrain dataloader...
FallDetection: 6126 samples (stratified 100%)
MotionSourceRecognition: 60858 samples (stratified 100%)
Multitask/HumanActivityRecognition: 55684 samples (uniform 100%)
Multitask/HumanIdentification: 55684 samples (uniform 100%)
Multitask/ProximityRecognition: 55684 samples (uniform 100%)
Localization: 7062 samples (uniform 100%)

Total pretrain: 241098

============================================================
  Variant A: MAE-Random
  mask_strategy    = random
  use_physics_loss = False
============================================================

[MAE-Random] Epoch 001/100 | lr=1.50e-05 | loss=0.5879 | mse=0.5879 spec=0.0000 temp=0.0000
[MAE-Random] Epoch 002/100 | lr=3.00e-05 | loss=0.4339 | mse=0.4339 spec=0.0000 temp=0.0000
[MAE-Random] Epoch 003/100 | lr=4.50e-05 | loss=0.3799 | mse=0.3799 spec=0.0000 temp=0.0000
[MAE-Random] Epoch 004/100 | lr=6.00e-05 | loss=0.3614 | mse=0.3614 spec=0.0000 temp=0.0000
[MAE-Random] Epoch 005/100 | lr=7.50e-05 | loss=0.3078 | mse=0.3078 spec=0.0000 temp=0.0000
[MAE-Random] Epoch 006/100 | lr=9.00e-05 | loss=0.2298 | mse=0.2298 spec=0.0000 temp=0.0000
[MAE-Random] Epoch 007/100 | lr=1.05e-04 | loss=0.1946 | mse=0.1946 spec=0.0000 temp=0.0000
[MAE-Random] Epoch 008/100 | lr=1.20e-04 | loss=0.1823 | mse=0.1823 spec=0.0000 temp=0.0000
[MAE-Random] Epoch 009/100 | lr=1.35e-04 | loss=0.1671 | mse=0.1671 spec=0.0000 temp=0.0000
[MAE-Random] Epoch 010/100 | lr=1.50e-04 | loss=0.1583 | mse=0.1583 spec=0.0000 temp=0.0000
[MAE-Random] Epoch 011/100 | lr=1.50e-04 | loss=0.1522 | mse=0.1522 spec=0.0000 temp=0.0000
[MAE-Random] Epoch 012/100 | lr=1.50e-04 | loss=0.1473 | mse=0.1473 spec=0.0000 temp=0.0000
[MAE-Random] Epoch 013/100 | lr=1.50e-04 | loss=0.1436 | mse=0.1436 spec=0.0000 temp=0.0000
[MAE-Random] Epoch 014/100 | lr=1.50e-04 | loss=0.1409 | mse=0.1409 spec=0.0000 temp=0.0000
[MAE-Random] Epoch 015/100 | lr=1.49e-04 | loss=0.1387 | mse=0.1387 spec=0.0000 temp=0.0000
[MAE-Random] Epoch 016/100 | lr=1.49e-04 | loss=0.1367 | mse=0.1367 spec=0.0000 temp=0.0000
[MAE-Random] Epoch 017/100 | lr=1.48e-04 | loss=0.1352 | mse=0.1352 spec=0.0000 temp=0.0000
[MAE-Random] Epoch 018/100 | lr=1.48e-04 | loss=0.1342 | mse=0.1342 spec=0.0000 temp=0.0000
[MAE-Random] Epoch 019/100 | lr=1.47e-04 | loss=0.1332 | mse=0.1332 spec=0.0000 temp=0.0000
[MAE-Random] Epoch 020/100 | lr=1.46e-04 | loss=0.1323 | mse=0.1323 spec=0.0000 temp=0.0000
  Saved: checkpoints/ablation/variant_A_ep020.pt
[MAE-Random] Epoch 021/100 | lr=1.45e-04 | loss=0.1316 | mse=0.1316 spec=0.0000 temp=0.0000
[MAE-Random] Epoch 022/100 | lr=1.45e-04 | loss=0.1309 | mse=0.1309 spec=0.0000 temp=0.0000
[MAE-Random] Epoch 023/100 | lr=1.44e-04 | loss=0.1301 | mse=0.1301 spec=0.0000 temp=0.0000
[MAE-Random] Epoch 024/100 | lr=1.42e-04 | loss=0.1294 | mse=0.1294 spec=0.0000 temp=0.0000
[MAE-Random] Epoch 025/100 | lr=1.41e-04 | loss=0.1287 | mse=0.1287 spec=0.0000 temp=0.0000
[MAE-Random] Epoch 026/100 | lr=1.40e-04 | loss=0.1279 | mse=0.1279 spec=0.0000 temp=0.0000
[MAE-Random] Epoch 027/100 | lr=1.39e-04 | loss=0.1273 | mse=0.1273 spec=0.0000 temp=0.0000
[MAE-Random] Epoch 028/100 | lr=1.37e-04 | loss=0.1263 | mse=0.1263 spec=0.0000 temp=0.0000
[MAE-Random] Epoch 029/100 | lr=1.36e-04 | loss=0.1234 | mse=0.1234 spec=0.0000 temp=0.0000
[MAE-Random] Epoch 030/100 | lr=1.34e-04 | loss=0.1213 | mse=0.1213 spec=0.0000 temp=0.0000
[MAE-Random] Epoch 031/100 | lr=1.32e-04 | loss=0.1199 | mse=0.1199 spec=0.0000 temp=0.0000
[MAE-Random] Epoch 032/100 | lr=1.31e-04 | loss=0.1189 | mse=0.1189 spec=0.0000 temp=0.0000
[MAE-Random] Epoch 033/100 | lr=1.29e-04 | loss=0.1178 | mse=0.1178 spec=0.0000 temp=0.0000
[MAE-Random] Epoch 034/100 | lr=1.27e-04 | loss=0.1170 | mse=0.1170 spec=0.0000 temp=0.0000
[MAE-Random] Epoch 035/100 | lr=1.25e-04 | loss=0.1163 | mse=0.1163 spec=0.0000 temp=0.0000
[MAE-Random] Epoch 036/100 | lr=1.23e-04 | loss=0.1156 | mse=0.1156 spec=0.0000 temp=0.0000
[MAE-Random] Epoch 037/100 | lr=1.21e-04 | loss=0.1151 | mse=0.1151 spec=0.0000 temp=0.0000
[MAE-Random] Epoch 038/100 | lr=1.19e-04 | loss=0.1146 | mse=0.1146 spec=0.0000 temp=0.0000
[MAE-Random] Epoch 039/100 | lr=1.17e-04 | loss=0.1142 | mse=0.1142 spec=0.0000 temp=0.0000
[MAE-Random] Epoch 040/100 | lr=1.15e-04 | loss=0.1138 | mse=0.1138 spec=0.0000 temp=0.0000
  Saved: checkpoints/ablation/variant_A_ep040.pt
[MAE-Random] Epoch 041/100 | lr=1.13e-04 | loss=0.1131 | mse=0.1131 spec=0.0000 temp=0.0000
[MAE-Random] Epoch 042/100 | lr=1.10e-04 | loss=0.1125 | mse=0.1125 spec=0.0000 temp=0.0000
[MAE-Random] Epoch 043/100 | lr=1.08e-04 | loss=0.1120 | mse=0.1120 spec=0.0000 temp=0.0000
[MAE-Random] Epoch 044/100 | lr=1.06e-04 | loss=0.1117 | mse=0.1117 spec=0.0000 temp=0.0000
[MAE-Random] Epoch 045/100 | lr=1.03e-04 | loss=0.1113 | mse=0.1113 spec=0.0000 temp=0.0000
[MAE-Random] Epoch 046/100 | lr=1.01e-04 | loss=0.1110 | mse=0.1110 spec=0.0000 temp=0.0000
[MAE-Random] Epoch 047/100 | lr=9.82e-05 | loss=0.1103 | mse=0.1103 spec=0.0000 temp=0.0000
[MAE-Random] Epoch 048/100 | lr=9.57e-05 | loss=0.1099 | mse=0.1099 spec=0.0000 temp=0.0000
[MAE-Random] Epoch 049/100 | lr=9.31e-05 | loss=0.1096 | mse=0.1096 spec=0.0000 temp=0.0000
[MAE-Random] Epoch 050/100 | lr=9.06e-05 | loss=0.1093 | mse=0.1093 spec=0.0000 temp=0.0000
[MAE-Random] Epoch 051/100 | lr=8.80e-05 | loss=0.1091 | mse=0.1091 spec=0.0000 temp=0.0000
[MAE-Random] Epoch 052/100 | lr=8.54e-05 | loss=0.1088 | mse=0.1088 spec=0.0000 temp=0.0000
[MAE-Random] Epoch 053/100 | lr=8.28e-05 | loss=0.1086 | mse=0.1086 spec=0.0000 temp=0.0000
[MAE-Random] Epoch 054/100 | lr=8.02e-05 | loss=0.1084 | mse=0.1084 spec=0.0000 temp=0.0000
[MAE-Random] Epoch 055/100 | lr=7.76e-05 | loss=0.1082 | mse=0.1082 spec=0.0000 temp=0.0000
[MAE-Random] Epoch 056/100 | lr=7.50e-05 | loss=0.1081 | mse=0.1081 spec=0.0000 temp=0.0000
[MAE-Random] Epoch 057/100 | lr=7.24e-05 | loss=0.1079 | mse=0.1079 spec=0.0000 temp=0.0000
[MAE-Random] Epoch 058/100 | lr=6.98e-05 | loss=0.1078 | mse=0.1078 spec=0.0000 temp=0.0000
[MAE-Random] Epoch 059/100 | lr=6.72e-05 | loss=0.1075 | mse=0.1075 spec=0.0000 temp=0.0000
[MAE-Random] Epoch 060/100 | lr=6.46e-05 | loss=0.1073 | mse=0.1073 spec=0.0000 temp=0.0000
  Saved: checkpoints/ablation/variant_A_ep060.pt
[MAE-Random] Epoch 061/100 | lr=6.20e-05 | loss=0.1072 | mse=0.1072 spec=0.0000 temp=0.0000
[MAE-Random] Epoch 062/100 | lr=5.94e-05 | loss=0.1070 | mse=0.1070 spec=0.0000 temp=0.0000
[MAE-Random] Epoch 063/100 | lr=5.69e-05 | loss=0.1064 | mse=0.1064 spec=0.0000 temp=0.0000
[MAE-Random] Epoch 064/100 | lr=5.43e-05 | loss=0.1061 | mse=0.1061 spec=0.0000 temp=0.0000
[MAE-Random] Epoch 065/100 | lr=5.18e-05 | loss=0.1059 | mse=0.1059 spec=0.0000 temp=0.0000
[MAE-Random] Epoch 066/100 | lr=4.93e-05 | loss=0.1057 | mse=0.1057 spec=0.0000 temp=0.0000
[MAE-Random] Epoch 067/100 | lr=4.69e-05 | loss=0.1056 | mse=0.1056 spec=0.0000 temp=0.0000
[MAE-Random] Epoch 068/100 | lr=4.45e-05 | loss=0.1055 | mse=0.1055 spec=0.0000 temp=0.0000
[MAE-Random] Epoch 069/100 | lr=4.21e-05 | loss=0.1053 | mse=0.1053 spec=0.0000 temp=0.0000
[MAE-Random] Epoch 070/100 | lr=3.98e-05 | loss=0.1051 | mse=0.1051 spec=0.0000 temp=0.0000
[MAE-Random] Epoch 071/100 | lr=3.75e-05 | loss=0.1046 | mse=0.1046 spec=0.0000 temp=0.0000
[MAE-Random] Epoch 072/100 | lr=3.53e-05 | loss=0.1044 | mse=0.1044 spec=0.0000 temp=0.0000
[MAE-Random] Epoch 073/100 | lr=3.31e-05 | loss=0.1042 | mse=0.1042 spec=0.0000 temp=0.0000
[MAE-Random] Epoch 074/100 | lr=3.09e-05 | loss=0.1041 | mse=0.1041 spec=0.0000 temp=0.0000
[MAE-Random] Epoch 075/100 | lr=2.88e-05 | loss=0.1039 | mse=0.1039 spec=0.0000 temp=0.0000
[MAE-Random] Epoch 076/100 | lr=2.68e-05 | loss=0.1038 | mse=0.1038 spec=0.0000 temp=0.0000
[MAE-Random] Epoch 077/100 | lr=2.48e-05 | loss=0.1037 | mse=0.1037 spec=0.0000 temp=0.0000
[MAE-Random] Epoch 078/100 | lr=2.29e-05 | loss=0.1036 | mse=0.1036 spec=0.0000 temp=0.0000
[MAE-Random] Epoch 079/100 | lr=2.10e-05 | loss=0.1035 | mse=0.1035 spec=0.0000 temp=0.0000
[MAE-Random] Epoch 080/100 | lr=1.93e-05 | loss=0.1034 | mse=0.1034 spec=0.0000 temp=0.0000
  Saved: checkpoints/ablation/variant_A_ep080.pt
[MAE-Random] Epoch 081/100 | lr=1.75e-05 | loss=0.1033 | mse=0.1033 spec=0.0000 temp=0.0000
[MAE-Random] Epoch 082/100 | lr=1.59e-05 | loss=0.1031 | mse=0.1031 spec=0.0000 temp=0.0000
[MAE-Random] Epoch 083/100 | lr=1.43e-05 | loss=0.1030 | mse=0.1030 spec=0.0000 temp=0.0000
[MAE-Random] Epoch 084/100 | lr=1.28e-05 | loss=0.1030 | mse=0.1030 spec=0.0000 temp=0.0000
[MAE-Random] Epoch 085/100 | lr=1.14e-05 | loss=0.1028 | mse=0.1028 spec=0.0000 temp=0.0000
[MAE-Random] Epoch 086/100 | lr=1.00e-05 | loss=0.1027 | mse=0.1027 spec=0.0000 temp=0.0000
[MAE-Random] Epoch 087/100 | lr=8.78e-06 | loss=0.1027 | mse=0.1027 spec=0.0000 temp=0.0000
[MAE-Random] Epoch 088/100 | lr=7.59e-06 | loss=0.1025 | mse=0.1025 spec=0.0000 temp=0.0000
[MAE-Random] Epoch 089/100 | lr=6.48e-06 | loss=0.1024 | mse=0.1024 spec=0.0000 temp=0.0000
[MAE-Random] Epoch 090/100 | lr=5.46e-06 | loss=0.1024 | mse=0.1024 spec=0.0000 temp=0.0000
[MAE-Random] Epoch 091/100 | lr=4.52e-06 | loss=0.1023 | mse=0.1023 spec=0.0000 temp=0.0000
[MAE-Random] Epoch 092/100 | lr=3.67e-06 | loss=0.1023 | mse=0.1023 spec=0.0000 temp=0.0000
[MAE-Random] Epoch 093/100 | lr=2.91e-06 | loss=0.1022 | mse=0.1022 spec=0.0000 temp=0.0000
[MAE-Random] Epoch 094/100 | lr=2.23e-06 | loss=0.1021 | mse=0.1021 spec=0.0000 temp=0.0000
