nohup: ignoring input
Running in local environment
Experiment ID: params_828dca1639
Results will be saved to: /home/zhuzih19/csi-project/csi-fall-detection/results/csibench_official_newdata/HumanActivityRecognition/vit/params_828dca1639
Model checkpoints will be saved to: results/HumanActivityRecognition/vit/params_828dca1639
Using device: cuda
********************splits_dir is /home/zhuzih19/data/csi-bench-dataset/Multitask/HumanActivityRecognition/splits
  Ignoring split file (other task): train_id_p5.json
  Ignoring split file (other task): p5_info.json
Available test splits: ['test_id', 'test_cross_device', 'test_cross_user_env', 'test_instance', 'test_cross_user', 'test_cross_env']
Using test splits: ['test_id', 'test_cross_device', 'test_cross_user_env', 'test_instance', 'test_cross_user', 'test_cross_env']
Loading data from /home/zhuzih19/data/csi-bench-dataset for task HumanActivityRecognition...
________________________DATA DEBUG________/home/zhuzih19/data/csi-bench-dataset/tasks/HumanActivityRecognition
Checking path: /home/zhuzih19/data/csi-bench-dataset/HumanActivityRecognition
Checking path: /home/zhuzih19/data/csi-bench-dataset/Multitask/HumanActivityRecognition
  Has metadata: True, Has splits: True
Using task directory: /home/zhuzih19/data/csi-bench-dataset/Multitask/HumanActivityRecognition

==== Task Directory Contents (/home/zhuzih19/data/csi-bench-dataset/Multitask/HumanActivityRecognition) ====
  Directory: metadata/ (2 items)
    - label_mapping.json
    - sample_metadata.csv
  Directory: splits/ (10 items)
    - train_id_p5.json
    - train_id.json
    - test_id.json
    - test_cross_device.json
    - p5_info.json
    - test_cross_user_env.json
    - test_instance.json
    - test_cross_user.json
    - test_cross_env.json
    - val_id.json
================================================

Using metadata path: /home/zhuzih19/data/csi-bench-dataset/Multitask/HumanActivityRecognition/metadata/sample_metadata.csv
Using provided task directory: /home/zhuzih19/data/csi-bench-dataset/Multitask/HumanActivityRecognition
Using provided task directory: /home/zhuzih19/data/csi-bench-dataset/Multitask/HumanActivityRecognition
Loaded 21473 samples for HumanActivityRecognition - train_id
Loaded 21473 samples for HumanActivityRecognition - train_id
Using provided task directory: /home/zhuzih19/data/csi-bench-dataset/Multitask/HumanActivityRecognition
Using provided task directory: /home/zhuzih19/data/csi-bench-dataset/Multitask/HumanActivityRecognition
Loaded 4601 samples for HumanActivityRecognition - val_id
Loaded 4601 samples for HumanActivityRecognition - val_id
Using provided task directory: /home/zhuzih19/data/csi-bench-dataset/Multitask/HumanActivityRecognition
Using provided task directory: /home/zhuzih19/data/csi-bench-dataset/Multitask/HumanActivityRecognition
Loaded 4602 samples for HumanActivityRecognition - test_id
Loaded 4602 samples for HumanActivityRecognition - test_id
Using provided task directory: /home/zhuzih19/data/csi-bench-dataset/Multitask/HumanActivityRecognition
Using provided task directory: /home/zhuzih19/data/csi-bench-dataset/Multitask/HumanActivityRecognition
Loaded 9631 samples for HumanActivityRecognition - test_cross_device
Loaded 9631 samples for HumanActivityRecognition - test_cross_device
Using provided task directory: /home/zhuzih19/data/csi-bench-dataset/Multitask/HumanActivityRecognition
Using provided task directory: /home/zhuzih19/data/csi-bench-dataset/Multitask/HumanActivityRecognition
Loaded 18759 samples for HumanActivityRecognition - test_cross_user_env
Loaded 18759 samples for HumanActivityRecognition - test_cross_user_env
Using provided task directory: /home/zhuzih19/data/csi-bench-dataset/Multitask/HumanActivityRecognition
Using provided task directory: /home/zhuzih19/data/csi-bench-dataset/Multitask/HumanActivityRecognition
Loaded 444 samples for HumanActivityRecognition - test_instance
Loaded 444 samples for HumanActivityRecognition - test_instance
Using provided task directory: /home/zhuzih19/data/csi-bench-dataset/Multitask/HumanActivityRecognition
Using provided task directory: /home/zhuzih19/data/csi-bench-dataset/Multitask/HumanActivityRecognition
Loaded 12109 samples for HumanActivityRecognition - test_cross_user
Loaded 12109 samples for HumanActivityRecognition - test_cross_user
Using provided task directory: /home/zhuzih19/data/csi-bench-dataset/Multitask/HumanActivityRecognition
Using provided task directory: /home/zhuzih19/data/csi-bench-dataset/Multitask/HumanActivityRecognition
Loaded 6650 samples for HumanActivityRecognition - test_cross_env
Loaded 6650 samples for HumanActivityRecognition - test_cross_env
Detected 5 classes in the dataset
Loaded 6 test splits: ['test', 'test_cross_device', 'test_cross_user_env', 'test_instance', 'test_cross_user', 'test_cross_env']
Creating VIT model...
Model parameters: 1351301
Starting supervised training phase...
Epoch 1/100
Train Loss: 1.8522, Val Loss: 1.8437
Train Acc: 0.1327, Val Acc: 0.1398
Time per sample: 0.002232 seconds
Best model saved to results/HumanActivityRecognition/vit/params_828dca1639/best_model.pt
Epoch 2/100
Train Loss: 1.5720, Val Loss: 1.3981
Train Acc: 0.3153, Val Acc: 0.4938
Time per sample: 0.000329 seconds
Best model saved to results/HumanActivityRecognition/vit/params_828dca1639/best_model.pt
Epoch 3/100
Train Loss: 1.3878, Val Loss: 1.3702
Train Acc: 0.5060, Val Acc: 0.4977
Time per sample: 0.000246 seconds
Best model saved to results/HumanActivityRecognition/vit/params_828dca1639/best_model.pt
Epoch 4/100
Train Loss: 1.3575, Val Loss: 1.3530
Train Acc: 0.5098, Val Acc: 0.4977
Time per sample: 0.000236 seconds
Best model saved to results/HumanActivityRecognition/vit/params_828dca1639/best_model.pt
Epoch 5/100
Train Loss: 1.3354, Val Loss: 1.3170
Train Acc: 0.5119, Val Acc: 0.5010
Time per sample: 0.000282 seconds
Best model saved to results/HumanActivityRecognition/vit/params_828dca1639/best_model.pt
Epoch 6/100
Train Loss: 1.3065, Val Loss: 1.3021
Train Acc: 0.5178, Val Acc: 0.5060
Time per sample: 0.000255 seconds
Best model saved to results/HumanActivityRecognition/vit/params_828dca1639/best_model.pt
Epoch 7/100
Train Loss: 1.2846, Val Loss: 1.2576
Train Acc: 0.5246, Val Acc: 0.5136
Time per sample: 0.000306 seconds
Best model saved to results/HumanActivityRecognition/vit/params_828dca1639/best_model.pt
Epoch 8/100
Train Loss: 1.2505, Val Loss: 1.2029
Train Acc: 0.5336, Val Acc: 0.5325
Time per sample: 0.000246 seconds
Best model saved to results/HumanActivityRecognition/vit/params_828dca1639/best_model.pt
Epoch 9/100
Train Loss: 1.2159, Val Loss: 1.1888
Train Acc: 0.5448, Val Acc: 0.5390
Time per sample: 0.000261 seconds
Best model saved to results/HumanActivityRecognition/vit/params_828dca1639/best_model.pt
Epoch 10/100
Train Loss: 1.1751, Val Loss: 1.1196
Train Acc: 0.5620, Val Acc: 0.5681
Time per sample: 0.000163 seconds
Best model saved to results/HumanActivityRecognition/vit/params_828dca1639/best_model.pt
Epoch 11/100
Train Loss: 1.1308, Val Loss: 1.0691
Train Acc: 0.5756, Val Acc: 0.5799
Time per sample: 0.000241 seconds
Best model saved to results/HumanActivityRecognition/vit/params_828dca1639/best_model.pt
Epoch 12/100
Train Loss: 1.0828, Val Loss: 1.0113
Train Acc: 0.5902, Val Acc: 0.5977
Time per sample: 0.000223 seconds
Best model saved to results/HumanActivityRecognition/vit/params_828dca1639/best_model.pt
Epoch 13/100
Train Loss: 1.0376, Val Loss: 0.9626
Train Acc: 0.6023, Val Acc: 0.6227
Time per sample: 0.000212 seconds
Best model saved to results/HumanActivityRecognition/vit/params_828dca1639/best_model.pt
Epoch 14/100
Train Loss: 0.9928, Val Loss: 0.9036
Train Acc: 0.6216, Val Acc: 0.6438
Time per sample: 0.000175 seconds
Best model saved to results/HumanActivityRecognition/vit/params_828dca1639/best_model.pt
Epoch 15/100
Train Loss: 0.9490, Val Loss: 0.8619
Train Acc: 0.6395, Val Acc: 0.6675
Time per sample: 0.000289 seconds
Best model saved to results/HumanActivityRecognition/vit/params_828dca1639/best_model.pt
Epoch 16/100
Train Loss: 0.9039, Val Loss: 0.8112
Train Acc: 0.6535, Val Acc: 0.6866
Time per sample: 0.000263 seconds
Best model saved to results/HumanActivityRecognition/vit/params_828dca1639/best_model.pt
Epoch 17/100
Train Loss: 0.8662, Val Loss: 0.7688
Train Acc: 0.6696, Val Acc: 0.7064
Time per sample: 0.000278 seconds
Best model saved to results/HumanActivityRecognition/vit/params_828dca1639/best_model.pt
Epoch 18/100
Train Loss: 0.8272, Val Loss: 0.6999
Train Acc: 0.6889, Val Acc: 0.7201
Time per sample: 0.000279 seconds
Best model saved to results/HumanActivityRecognition/vit/params_828dca1639/best_model.pt
Epoch 19/100
Train Loss: 0.7909, Val Loss: 0.6647
Train Acc: 0.6998, Val Acc: 0.7505
Time per sample: 0.000295 seconds
Best model saved to results/HumanActivityRecognition/vit/params_828dca1639/best_model.pt
Epoch 20/100
Train Loss: 0.7523, Val Loss: 0.6449
Train Acc: 0.7151, Val Acc: 0.7461
Time per sample: 0.000310 seconds
Best model saved to results/HumanActivityRecognition/vit/params_828dca1639/best_model.pt
Epoch 21/100
Train Loss: 0.7164, Val Loss: 0.5865
Train Acc: 0.7296, Val Acc: 0.7818
Time per sample: 0.000226 seconds
Best model saved to results/HumanActivityRecognition/vit/params_828dca1639/best_model.pt
Epoch 22/100
Train Loss: 0.6845, Val Loss: 0.5634
Train Acc: 0.7443, Val Acc: 0.7833
Time per sample: 0.000295 seconds
Best model saved to results/HumanActivityRecognition/vit/params_828dca1639/best_model.pt
Epoch 23/100
Train Loss: 0.6456, Val Loss: 0.5105
Train Acc: 0.7581, Val Acc: 0.8066
Time per sample: 0.000234 seconds
Best model saved to results/HumanActivityRecognition/vit/params_828dca1639/best_model.pt
Epoch 24/100
Train Loss: 0.6169, Val Loss: 0.4976
Train Acc: 0.7695, Val Acc: 0.8079
Time per sample: 0.000218 seconds
Best model saved to results/HumanActivityRecognition/vit/params_828dca1639/best_model.pt
Epoch 25/100
Train Loss: 0.5911, Val Loss: 0.4636
Train Acc: 0.7774, Val Acc: 0.8292
Time per sample: 0.000273 seconds
Best model saved to results/HumanActivityRecognition/vit/params_828dca1639/best_model.pt
Epoch 26/100
Train Loss: 0.5609, Val Loss: 0.4282
Train Acc: 0.7889, Val Acc: 0.8448
Time per sample: 0.000300 seconds
Best model saved to results/HumanActivityRecognition/vit/params_828dca1639/best_model.pt
Epoch 27/100
Train Loss: 0.5326, Val Loss: 0.4071
Train Acc: 0.7977, Val Acc: 0.8496
Time per sample: 0.000329 seconds
Best model saved to results/HumanActivityRecognition/vit/params_828dca1639/best_model.pt
Epoch 28/100
Train Loss: 0.5184, Val Loss: 0.4114
Train Acc: 0.8044, Val Acc: 0.8561
Time per sample: 0.000288 seconds
Epoch 29/100
Train Loss: 0.4846, Val Loss: 0.3939
Train Acc: 0.8185, Val Acc: 0.8524
Time per sample: 0.000274 seconds
Best model saved to results/HumanActivityRecognition/vit/params_828dca1639/best_model.pt
Epoch 30/100
Train Loss: 0.4672, Val Loss: 0.3841
Train Acc: 0.8243, Val Acc: 0.8550
Time per sample: 0.000286 seconds
Best model saved to results/HumanActivityRecognition/vit/params_828dca1639/best_model.pt
Epoch 31/100
Train Loss: 0.4536, Val Loss: 0.3660
Train Acc: 0.8299, Val Acc: 0.8633
Time per sample: 0.000223 seconds
Best model saved to results/HumanActivityRecognition/vit/params_828dca1639/best_model.pt
Epoch 32/100
Train Loss: 0.4253, Val Loss: 0.3274
Train Acc: 0.8439, Val Acc: 0.8794
Time per sample: 0.000220 seconds
Best model saved to results/HumanActivityRecognition/vit/params_828dca1639/best_model.pt
Epoch 33/100
Train Loss: 0.4142, Val Loss: 0.3348
Train Acc: 0.8468, Val Acc: 0.8779
Time per sample: 0.000197 seconds
Epoch 34/100
Train Loss: 0.3914, Val Loss: 0.3277
Train Acc: 0.8550, Val Acc: 0.8757
Time per sample: 0.000233 seconds
Epoch 35/100
Train Loss: 0.3794, Val Loss: 0.3200
Train Acc: 0.8559, Val Acc: 0.8833
Time per sample: 0.000292 seconds
Best model saved to results/HumanActivityRecognition/vit/params_828dca1639/best_model.pt
Epoch 36/100
Train Loss: 0.3675, Val Loss: 0.2885
Train Acc: 0.8619, Val Acc: 0.8961
Time per sample: 0.000229 seconds
Best model saved to results/HumanActivityRecognition/vit/params_828dca1639/best_model.pt
Epoch 37/100
Train Loss: 0.3511, Val Loss: 0.2935
Train Acc: 0.8674, Val Acc: 0.8870
Time per sample: 0.000198 seconds
Epoch 38/100
Train Loss: 0.3385, Val Loss: 0.2762
Train Acc: 0.8712, Val Acc: 0.9007
Time per sample: 0.000253 seconds
Best model saved to results/HumanActivityRecognition/vit/params_828dca1639/best_model.pt
Epoch 39/100
Train Loss: 0.3283, Val Loss: 0.2740
Train Acc: 0.8753, Val Acc: 0.8931
Time per sample: 0.000272 seconds
Best model saved to results/HumanActivityRecognition/vit/params_828dca1639/best_model.pt
Epoch 40/100
Train Loss: 0.3228, Val Loss: 0.2662
Train Acc: 0.8769, Val Acc: 0.9028
Time per sample: 0.000255 seconds
Best model saved to results/HumanActivityRecognition/vit/params_828dca1639/best_model.pt
Epoch 41/100
Train Loss: 0.3072, Val Loss: 0.2500
Train Acc: 0.8843, Val Acc: 0.9085
Time per sample: 0.000271 seconds
Best model saved to results/HumanActivityRecognition/vit/params_828dca1639/best_model.pt
Epoch 42/100
Train Loss: 0.2894, Val Loss: 0.2463
Train Acc: 0.8934, Val Acc: 0.9065
Time per sample: 0.000318 seconds
Best model saved to results/HumanActivityRecognition/vit/params_828dca1639/best_model.pt
Epoch 43/100
Train Loss: 0.2809, Val Loss: 0.2394
Train Acc: 0.8947, Val Acc: 0.9122
Time per sample: 0.000265 seconds
Best model saved to results/HumanActivityRecognition/vit/params_828dca1639/best_model.pt
Epoch 44/100
Train Loss: 0.2706, Val Loss: 0.2086
Train Acc: 0.8985, Val Acc: 0.9205
Time per sample: 0.000242 seconds
Best model saved to results/HumanActivityRecognition/vit/params_828dca1639/best_model.pt
Epoch 45/100
Train Loss: 0.2559, Val Loss: 0.2324
Train Acc: 0.9045, Val Acc: 0.9152
Time per sample: 0.000188 seconds
Epoch 46/100
Train Loss: 0.2537, Val Loss: 0.2252
Train Acc: 0.9072, Val Acc: 0.9194
Time per sample: 0.000225 seconds
Epoch 47/100
Train Loss: 0.2552, Val Loss: 0.2183
Train Acc: 0.9043, Val Acc: 0.9228
Time per sample: 0.000255 seconds
Epoch 48/100
Train Loss: 0.2365, Val Loss: 0.2283
Train Acc: 0.9124, Val Acc: 0.9189
Time per sample: 0.000237 seconds
Epoch 49/100
Train Loss: 0.2325, Val Loss: 0.1944
Train Acc: 0.9131, Val Acc: 0.9311
Time per sample: 0.000233 seconds
Best model saved to results/HumanActivityRecognition/vit/params_828dca1639/best_model.pt
Epoch 50/100
Train Loss: 0.2173, Val Loss: 0.2075
Train Acc: 0.9209, Val Acc: 0.9241
Time per sample: 0.000300 seconds
Epoch 51/100
Train Loss: 0.2194, Val Loss: 0.1865
Train Acc: 0.9208, Val Acc: 0.9307
Time per sample: 0.000202 seconds
Best model saved to results/HumanActivityRecognition/vit/params_828dca1639/best_model.pt
Epoch 52/100
Train Loss: 0.2115, Val Loss: 0.1906
Train Acc: 0.9210, Val Acc: 0.9337
Time per sample: 0.000289 seconds
Epoch 53/100
Train Loss: 0.2078, Val Loss: 0.1900
Train Acc: 0.9231, Val Acc: 0.9339
Time per sample: 0.000186 seconds
Epoch 54/100
Train Loss: 0.2056, Val Loss: 0.2194
Train Acc: 0.9233, Val Acc: 0.9194
Time per sample: 0.000247 seconds
Epoch 55/100
Train Loss: 0.2022, Val Loss: 0.1782
Train Acc: 0.9251, Val Acc: 0.9357
Time per sample: 0.000117 seconds
Best model saved to results/HumanActivityRecognition/vit/params_828dca1639/best_model.pt
Epoch 56/100
Train Loss: 0.1915, Val Loss: 0.1897
Train Acc: 0.9294, Val Acc: 0.9311
Time per sample: 0.000264 seconds
Epoch 57/100
Train Loss: 0.1888, Val Loss: 0.1821
Train Acc: 0.9296, Val Acc: 0.9354
Time per sample: 0.000228 seconds
Epoch 58/100
Train Loss: 0.1893, Val Loss: 0.1879
Train Acc: 0.9297, Val Acc: 0.9344
Time per sample: 0.000218 seconds
Epoch 59/100
Train Loss: 0.1818, Val Loss: 0.2028
Train Acc: 0.9339, Val Acc: 0.9246
Time per sample: 0.000260 seconds
Epoch 60/100
Train Loss: 0.1765, Val Loss: 0.1795
Train Acc: 0.9339, Val Acc: 0.9363
Time per sample: 0.000162 seconds
Epoch 61/100
Train Loss: 0.1673, Val Loss: 0.1945
Train Acc: 0.9370, Val Acc: 0.9326
Time per sample: 0.000201 seconds
Epoch 62/100
Train Loss: 0.1647, Val Loss: 0.1671
Train Acc: 0.9392, Val Acc: 0.9418
Time per sample: 0.000196 seconds
Best model saved to results/HumanActivityRecognition/vit/params_828dca1639/best_model.pt
Epoch 63/100
Train Loss: 0.1609, Val Loss: 0.1729
Train Acc: 0.9396, Val Acc: 0.9407
Time per sample: 0.000145 seconds
Epoch 64/100
Train Loss: 0.1580, Val Loss: 0.1479
Train Acc: 0.9403, Val Acc: 0.9476
Time per sample: 0.000121 seconds
Best model saved to results/HumanActivityRecognition/vit/params_828dca1639/best_model.pt
Epoch 65/100
Train Loss: 0.1502, Val Loss: 0.1924
Train Acc: 0.9443, Val Acc: 0.9391
Time per sample: 0.000166 seconds
Epoch 66/100
Train Loss: 0.1504, Val Loss: 0.1521
Train Acc: 0.9450, Val Acc: 0.9478
Time per sample: 0.000159 seconds
Epoch 67/100
Train Loss: 0.1440, Val Loss: 0.1937
Train Acc: 0.9472, Val Acc: 0.9328
Time per sample: 0.000132 seconds
Epoch 68/100
Train Loss: 0.1537, Val Loss: 0.1663
Train Acc: 0.9420, Val Acc: 0.9450
Time per sample: 0.000106 seconds
Epoch 69/100
Train Loss: 0.1426, Val Loss: 0.1747
Train Acc: 0.9467, Val Acc: 0.9457
Time per sample: 0.000191 seconds
Epoch 70/100
Train Loss: 0.1420, Val Loss: 0.1396
Train Acc: 0.9472, Val Acc: 0.9557
Time per sample: 0.000172 seconds
Best model saved to results/HumanActivityRecognition/vit/params_828dca1639/best_model.pt
Epoch 71/100
Train Loss: 0.1394, Val Loss: 0.1456
Train Acc: 0.9490, Val Acc: 0.9507
Time per sample: 0.000147 seconds
Epoch 72/100
Train Loss: 0.1379, Val Loss: 0.1517
Train Acc: 0.9488, Val Acc: 0.9481
Time per sample: 0.000237 seconds
Epoch 73/100
Train Loss: 0.1344, Val Loss: 0.1447
Train Acc: 0.9511, Val Acc: 0.9502
Time per sample: 0.000167 seconds
Epoch 74/100
Train Loss: 0.1284, Val Loss: 0.1610
Train Acc: 0.9527, Val Acc: 0.9491
Time per sample: 0.000201 seconds
Epoch 75/100
Train Loss: 0.1261, Val Loss: 0.1492
Train Acc: 0.9551, Val Acc: 0.9511
Time per sample: 0.000145 seconds
Epoch 76/100
Train Loss: 0.1237, Val Loss: 0.1481
Train Acc: 0.9557, Val Acc: 0.9509
Time per sample: 0.000128 seconds
Epoch 77/100
Train Loss: 0.1261, Val Loss: 0.1365
Train Acc: 0.9549, Val Acc: 0.9526
Time per sample: 0.000152 seconds
Best model saved to results/HumanActivityRecognition/vit/params_828dca1639/best_model.pt
Epoch 78/100
Train Loss: 0.1188, Val Loss: 0.1554
Train Acc: 0.9573, Val Acc: 0.9511
Time per sample: 0.000133 seconds
Epoch 79/100
Train Loss: 0.1191, Val Loss: 0.1701
Train Acc: 0.9567, Val Acc: 0.9441
Time per sample: 0.000160 seconds
Epoch 80/100
Train Loss: 0.1128, Val Loss: 0.1557
Train Acc: 0.9594, Val Acc: 0.9439
Time per sample: 0.000205 seconds
Epoch 81/100
Train Loss: 0.1119, Val Loss: 0.1398
Train Acc: 0.9580, Val Acc: 0.9524
Time per sample: 0.000249 seconds
Epoch 82/100
Train Loss: 0.1028, Val Loss: 0.1392
Train Acc: 0.9617, Val Acc: 0.9520
Time per sample: 0.000240 seconds
Epoch 83/100
Train Loss: 0.1102, Val Loss: 0.1465
Train Acc: 0.9601, Val Acc: 0.9546
Time per sample: 0.000180 seconds
Epoch 84/100
Train Loss: 0.1074, Val Loss: 0.1221
Train Acc: 0.9608, Val Acc: 0.9581
Time per sample: 0.000190 seconds
Best model saved to results/HumanActivityRecognition/vit/params_828dca1639/best_model.pt
Epoch 85/100
Train Loss: 0.1032, Val Loss: 0.1247
Train Acc: 0.9629, Val Acc: 0.9585
Time per sample: 0.000234 seconds
Epoch 86/100
Train Loss: 0.1010, Val Loss: 0.1639
Train Acc: 0.9642, Val Acc: 0.9515
Time per sample: 0.000265 seconds
Epoch 87/100
Train Loss: 0.1089, Val Loss: 0.1327
Train Acc: 0.9606, Val Acc: 0.9559
Time per sample: 0.000194 seconds
Epoch 88/100
Train Loss: 0.1006, Val Loss: 0.1525
Train Acc: 0.9633, Val Acc: 0.9507
Time per sample: 0.000267 seconds
Epoch 89/100
Train Loss: 0.1024, Val Loss: 0.1259
Train Acc: 0.9624, Val Acc: 0.9589
Time per sample: 0.000136 seconds
Epoch 90/100
Train Loss: 0.0975, Val Loss: 0.1375
Train Acc: 0.9653, Val Acc: 0.9572
Time per sample: 0.000197 seconds
Epoch 91/100
Train Loss: 0.0962, Val Loss: 0.1638
Train Acc: 0.9658, Val Acc: 0.9504
Time per sample: 0.000193 seconds
Epoch 92/100
Train Loss: 0.0940, Val Loss: 0.1838
Train Acc: 0.9675, Val Acc: 0.9465
Time per sample: 0.000181 seconds
Epoch 93/100
Train Loss: 0.0935, Val Loss: 0.1555
Train Acc: 0.9686, Val Acc: 0.9526
Time per sample: 0.000231 seconds
Epoch 94/100
Train Loss: 0.0907, Val Loss: 0.1516
Train Acc: 0.9681, Val Acc: 0.9520
Time per sample: 0.000149 seconds
Epoch 95/100
Train Loss: 0.0914, Val Loss: 0.1433
Train Acc: 0.9669, Val Acc: 0.9557
Time per sample: 0.000108 seconds
Epoch 96/100
Train Loss: 0.0841, Val Loss: 0.1488
Train Acc: 0.9711, Val Acc: 0.9541
Time per sample: 0.000131 seconds
Epoch 97/100
Train Loss: 0.0899, Val Loss: 0.1629
Train Acc: 0.9690, Val Acc: 0.9500
Time per sample: 0.000222 seconds
Epoch 98/100
Train Loss: 0.0858, Val Loss: 0.1603
Train Acc: 0.9679, Val Acc: 0.9544
Time per sample: 0.000199 seconds
Epoch 99/100
Train Loss: 0.0744, Val Loss: 0.1274
Train Acc: 0.9734, Val Acc: 0.9598
Time per sample: 0.000149 seconds
Early stopping triggered after 15 epochs without improvement.

Evaluating on test splits:
Evaluating on test split (4602 samples):
Predictions shape: (4602,), unique values: [0 1 2 3 4]
Targets shape: (4602,), unique values: [0 1 2 3 4]
Classification report saved to results/HumanActivityRecognition/vit/params_828dca1639/classification_report_unknown.csv
test accuracy: 0.9596, F1-score: 0.9595
Generating confusion matrix for test split...
Evaluating on test_cross_device split (9631 samples):
Predictions shape: (9631,), unique values: [0 1 2 3 4]
Targets shape: (9631,), unique values: [0 1 2 3 4]
Classification report saved to results/HumanActivityRecognition/vit/params_828dca1639/classification_report_unknown.csv
test_cross_device accuracy: 0.3043, F1-score: 0.3178
Generating confusion matrix for test_cross_device split...
Evaluating on test_cross_user_env split (18759 samples):
Predictions shape: (18759,), unique values: [0 1 2 3 4]
Targets shape: (18759,), unique values: [0 1 2 3 4]
Classification report saved to results/HumanActivityRecognition/vit/params_828dca1639/classification_report_unknown.csv
test_cross_user_env accuracy: 0.4194, F1-score: 0.4074
Generating confusion matrix for test_cross_user_env split...
Evaluating on test_instance split (444 samples):
Predictions shape: (444,), unique values: [0 1 2 3 4]
Targets shape: (444,), unique values: [0 1 2 3 4]
Classification report saved to results/HumanActivityRecognition/vit/params_828dca1639/classification_report_unknown.csv
test_instance accuracy: 0.3919, F1-score: 0.3205
Generating confusion matrix for test_instance split...
Evaluating on test_cross_user split (12109 samples):
Predictions shape: (12109,), unique values: [0 1 2 3 4]
Targets shape: (12109,), unique values: [0 1 2 3 4]
Classification report saved to results/HumanActivityRecognition/vit/params_828dca1639/classification_report_unknown.csv
test_cross_user accuracy: 0.4783, F1-score: 0.4436
Generating confusion matrix for test_cross_user split...
Evaluating on test_cross_env split (6650 samples):
Predictions shape: (6650,), unique values: [0 1 2 3 4]
Targets shape: (6650,), unique values: [0 1 2 3 4]
Classification report saved to results/HumanActivityRecognition/vit/params_828dca1639/classification_report_unknown.csv
test_cross_env accuracy: 0.3122, F1-score: 0.3249
Generating confusion matrix for test_cross_env split...
***********************FEW_SHOTFalse

Test Results Summary:
Split                     Accuracy        F1-Score       
-------------------------------------------------------
test                      0.9596          0.9595         
test_cross_device         0.3043          0.3178         
test_cross_user_env       0.4194          0.4074         
test_instance             0.3919          0.3205         
test_cross_user           0.4783          0.4436         
test_cross_env            0.3122          0.3249         

Training and evaluation completed.
Best model from epoch 84, saved to results/HumanActivityRecognition/vit/params_828dca1639
Results saved to /home/zhuzih19/csi-project/csi-fall-detection/results/csibench_official_newdata/HumanActivityRecognition/vit/params_828dca1639
New best model! Validation accuracy: 0.9581 (previous best: 0.0000)
