nohup: ignoring input
=== Starting patch=13x13 seed=42 (enc12) ===
=== Finished patch=13x13 seed=42 (enc12) ===
=== Starting patch=13x13 seed=43 (enc12) ===
=== Finished patch=13x13 seed=43 (enc12) ===
=== Starting patch=15x15 seed=42 (enc12) ===
=== Finished patch=15x15 seed=42 (enc12) ===
=== Starting patch=15x15 seed=43 (enc12) ===
=== Finished patch=15x15 seed=43 (enc12) ===
=== Starting patch=17x17 seed=42 (enc12) ===
=== Finished patch=17x17 seed=42 (enc12) ===
=== Starting patch=17x17 seed=43 (enc12) ===
=== Finished patch=17x17 seed=43 (enc12) ===
=== Starting patch=19x19 seed=42 (enc12) ===
Terminated
=== Finished patch=19x19 seed=42 (enc12) ===
=== Starting patch=19x19 seed=43 (enc12) ===
=== Finished patch=19x19 seed=43 (enc12) ===
=== Starting patch=21x21 seed=42 (enc12) ===
=== Finished patch=21x21 seed=42 (enc12) ===
=== Starting patch=21x21 seed=43 (enc12) ===
=== Finished patch=21x21 seed=43 (enc12) ===
ALL DONE
