nohup: ignoring input

Experiment: mae_har_ep300_mask0.625_strategyrandom_enc6_dim128_bs128
label_map: {'jumping': 0, 'running': 1, 'seated-breathing': 2, 'walking': 3, 'wavinghand': 4}  num_classes: 5
  test_id: 4602 samples
  test_cross_device: 9631 samples
  test_cross_env: 6650 samples
  test_cross_user: 12109 samples
MAE params: 1,469,077
Epoch 010/300 | loss=0.1963 | best=0.1963 | lr=1.50e-04
Epoch 020/300 | loss=0.1463 | best=0.1463 | lr=1.48e-04
Epoch 030/300 | loss=0.1309 | best=0.1309 | lr=1.46e-04
Epoch 040/300 | loss=0.1258 | best=0.1258 | lr=1.44e-04
Epoch 050/300 | loss=0.1229 | best=0.1229 | lr=1.40e-04

--- Eval at epoch 50 ---
  Layer 1:
    test_id                   (in-dist) KNN=93.7% LP=52.9%
    test_cross_device         (OOD)     KNN=33.3% LP=50.8%
    test_cross_env            (OOD)     KNN=32.3% LP=47.0%
    test_cross_user           (OOD)     KNN=48.1% LP=50.1%
  Layer 3:
    test_id                   (in-dist) KNN=94.7% LP=53.9%
    test_cross_device         (OOD)     KNN=20.6% LP=49.5%
    test_cross_env            (OOD)     KNN=29.6% LP=47.3%
    test_cross_user           (OOD)     KNN=41.4% LP=51.7%
  Layer 6:
    test_id                   (in-dist) KNN=94.8% LP=55.2%
    test_cross_device         (OOD)     KNN=22.6% LP=45.3%
    test_cross_env            (OOD)     KNN=35.9% LP=44.9%
    test_cross_user           (OOD)     KNN=42.8% LP=50.4%

Epoch 060/300 | loss=0.1214 | best=0.1214 | lr=1.36e-04
Epoch 070/300 | loss=0.1200 | best=0.1200 | lr=1.31e-04
Epoch 080/300 | loss=0.1192 | best=0.1192 | lr=1.25e-04
Epoch 090/300 | loss=0.1187 | best=0.1187 | lr=1.19e-04
Epoch 100/300 | loss=0.1183 | best=0.1183 | lr=1.12e-04

--- Eval at epoch 100 ---
  Layer 1:
    test_id                   (in-dist) KNN=93.7% LP=53.2%
    test_cross_device         (OOD)     KNN=24.4% LP=51.1%
    test_cross_env            (OOD)     KNN=31.0% LP=47.5%
    test_cross_user           (OOD)     KNN=44.3% LP=49.6%
  Layer 3:
    test_id                   (in-dist) KNN=95.0% LP=54.9%
    test_cross_device         (OOD)     KNN=21.2% LP=47.3%
    test_cross_env            (OOD)     KNN=32.0% LP=44.0%
    test_cross_user           (OOD)     KNN=40.7% LP=50.9%
  Layer 6:
    test_id                   (in-dist) KNN=95.0% LP=54.8%
    test_cross_device         (OOD)     KNN=21.5% LP=45.0%
    test_cross_env            (OOD)     KNN=32.6% LP=39.2%
    test_cross_user           (OOD)     KNN=40.5% LP=49.4%

Epoch 110/300 | loss=0.1180 | best=0.1179 | lr=1.06e-04
Epoch 120/300 | loss=0.1177 | best=0.1177 | lr=9.82e-05
Epoch 130/300 | loss=0.1174 | best=0.1174 | lr=9.06e-05
Epoch 140/300 | loss=0.1174 | best=0.1172 | lr=8.28e-05
Epoch 150/300 | loss=0.1172 | best=0.1170 | lr=7.50e-05

--- Eval at epoch 150 ---
  Layer 1:
    test_id                   (in-dist) KNN=94.0% LP=53.0%
    test_cross_device         (OOD)     KNN=25.0% LP=50.8%
    test_cross_env            (OOD)     KNN=31.5% LP=47.0%
    test_cross_user           (OOD)     KNN=44.5% LP=49.6%
  Layer 3:
    test_id                   (in-dist) KNN=95.3% LP=55.1%
    test_cross_device         (OOD)     KNN=24.4% LP=46.0%
    test_cross_env            (OOD)     KNN=33.3% LP=42.9%
    test_cross_user           (OOD)     KNN=41.0% LP=50.7%
  Layer 6:
    test_id                   (in-dist) KNN=95.3% LP=55.4%
    test_cross_device         (OOD)     KNN=21.1% LP=44.6%
    test_cross_env            (OOD)     KNN=29.7% LP=39.9%
    test_cross_user           (OOD)     KNN=40.6% LP=48.9%

Epoch 160/300 | loss=0.1171 | best=0.1168 | lr=6.72e-05
Epoch 170/300 | loss=0.1169 | best=0.1167 | lr=5.94e-05
Epoch 180/300 | loss=0.1165 | best=0.1165 | lr=5.18e-05
Epoch 190/300 | loss=0.1165 | best=0.1165 | lr=4.45e-05
Epoch 200/300 | loss=0.1165 | best=0.1165 | lr=3.75e-05

--- Eval at epoch 200 ---
  Layer 1:
    test_id                   (in-dist) KNN=94.0% LP=52.9%
    test_cross_device         (OOD)     KNN=24.8% LP=51.1%
    test_cross_env            (OOD)     KNN=32.1% LP=47.9%
    test_cross_user           (OOD)     KNN=44.5% LP=49.4%
  Layer 3:
    test_id                   (in-dist) KNN=95.4% LP=55.6%
    test_cross_device         (OOD)     KNN=26.1% LP=46.4%
    test_cross_env            (OOD)     KNN=33.6% LP=42.9%
    test_cross_user           (OOD)     KNN=41.2% LP=50.5%
  Layer 6:
    test_id                   (in-dist) KNN=95.4% LP=56.0%
    test_cross_device         (OOD)     KNN=25.2% LP=47.1%
    test_cross_env            (OOD)     KNN=29.2% LP=40.9%
    test_cross_user           (OOD)     KNN=42.4% LP=48.2%

Epoch 210/300 | loss=0.1164 | best=0.1163 | lr=3.09e-05
Epoch 220/300 | loss=0.1162 | best=0.1162 | lr=2.48e-05
Epoch 230/300 | loss=0.1162 | best=0.1162 | lr=1.93e-05
Epoch 240/300 | loss=0.1163 | best=0.1160 | lr=1.43e-05
Epoch 250/300 | loss=0.1161 | best=0.1160 | lr=1.00e-05

--- Eval at epoch 250 ---
  Layer 1:
    test_id                   (in-dist) KNN=94.1% LP=52.9%
    test_cross_device         (OOD)     KNN=24.5% LP=51.0%
    test_cross_env            (OOD)     KNN=32.4% LP=45.1%
    test_cross_user           (OOD)     KNN=44.7% LP=49.5%
  Layer 3:
    test_id                   (in-dist) KNN=95.4% LP=55.5%
    test_cross_device         (OOD)     KNN=25.9% LP=44.9%
    test_cross_env            (OOD)     KNN=33.1% LP=42.7%
    test_cross_user           (OOD)     KNN=41.3% LP=51.0%
  Layer 6:
    test_id                   (in-dist) KNN=95.4% LP=56.0%
    test_cross_device         (OOD)     KNN=26.5% LP=47.0%
    test_cross_env            (OOD)     KNN=29.2% LP=41.2%
    test_cross_user           (OOD)     KNN=42.9% LP=47.9%

Epoch 260/300 | loss=0.1161 | best=0.1160 | lr=6.48e-06
Epoch 270/300 | loss=0.1159 | best=0.1158 | lr=3.67e-06
Epoch 280/300 | loss=0.1160 | best=0.1158 | lr=1.64e-06
Epoch 290/300 | loss=0.1159 | best=0.1158 | lr=4.11e-07
Epoch 300/300 | loss=0.1159 | best=0.1158 | lr=0.00e+00

--- Eval at epoch 300 ---
  Layer 1:
    test_id                   (in-dist) KNN=94.2% LP=53.0%
    test_cross_device         (OOD)     KNN=24.3% LP=50.8%
    test_cross_env            (OOD)     KNN=32.4% LP=47.0%
    test_cross_user           (OOD)     KNN=44.6% LP=49.6%
  Layer 3:
    test_id                   (in-dist) KNN=95.3% LP=55.6%
    test_cross_device         (OOD)     KNN=26.1% LP=45.0%
    test_cross_env            (OOD)     KNN=32.9% LP=41.7%
    test_cross_user           (OOD)     KNN=41.3% LP=50.6%
  Layer 6:
    test_id                   (in-dist) KNN=95.3% LP=56.4%
    test_cross_device         (OOD)     KNN=26.3% LP=45.6%
    test_cross_env            (OOD)     KNN=29.4% LP=41.5%
    test_cross_user           (OOD)     KNN=42.5% LP=48.1%


Done. Best pretrain loss: 0.1158
Results: /home/zhuzih19/csi-project/csi-fall-detection/results/mae_har/mae_har_ep300_mask0.625_strategyrandom_enc6_dim128_bs128.json
Checkpoint: /home/zhuzih19/csi-project/csi-fall-detection/checkpoints/mae_har/mae_har_ep300_mask0.625_strategyrandom_enc6_dim128_bs128_best.pt
