
Experiment: mae_har_ep300_mask0.875_strategyrandom_ph29pw25_seed43_enc6_dim128_bs128
label_map: {'jumping': 0, 'running': 1, 'seated-breathing': 2, 'walking': 3, 'wavinghand': 4}  num_classes: 5
  test_id: 4602 samples
  test_cross_device: 9631 samples
  test_cross_env: 6650 samples
  test_cross_user: 12109 samples
MAE params: 1,469,077
Epoch 010/300 | loss=0.2538 | best=0.2538 | lr=1.50e-04
Epoch 020/300 | loss=0.1724 | best=0.1724 | lr=1.48e-04
Epoch 030/300 | loss=0.1522 | best=0.1522 | lr=1.46e-04
Epoch 040/300 | loss=0.1392 | best=0.1392 | lr=1.44e-04
Epoch 050/300 | loss=0.1324 | best=0.1324 | lr=1.40e-04

--- Eval at epoch 50 ---
  Layer 1:
    test_id                   (in-dist) KNN=94.3% LP=52.5%
    test_cross_device         (OOD)     KNN=24.2% LP=46.0%
    test_cross_env            (OOD)     KNN=36.2% LP=49.7%
    test_cross_user           (OOD)     KNN=44.7% LP=47.4%
  Layer 3:
    test_id                   (in-dist) KNN=95.3% LP=54.9%
    test_cross_device         (OOD)     KNN=22.7% LP=39.6%
    test_cross_env            (OOD)     KNN=38.8% LP=48.2%
    test_cross_user           (OOD)     KNN=43.7% LP=46.2%
  Layer 6:
    test_id                   (in-dist) KNN=95.3% LP=53.5%
    test_cross_device         (OOD)     KNN=22.7% LP=45.3%
    test_cross_env            (OOD)     KNN=38.9% LP=48.7%
    test_cross_user           (OOD)     KNN=43.1% LP=46.9%

Epoch 060/300 | loss=0.1292 | best=0.1292 | lr=1.36e-04
Epoch 070/300 | loss=0.1273 | best=0.1273 | lr=1.31e-04
Epoch 080/300 | loss=0.1257 | best=0.1257 | lr=1.25e-04
Epoch 090/300 | loss=0.1247 | best=0.1247 | lr=1.19e-04
Epoch 100/300 | loss=0.1234 | best=0.1234 | lr=1.12e-04

--- Eval at epoch 100 ---
  Layer 1:
    test_id                   (in-dist) KNN=94.2% LP=53.0%
    test_cross_device         (OOD)     KNN=25.3% LP=47.3%
    test_cross_env            (OOD)     KNN=39.8% LP=48.0%
    test_cross_user           (OOD)     KNN=43.1% LP=48.3%
  Layer 3:
    test_id                   (in-dist) KNN=94.9% LP=56.0%
    test_cross_device         (OOD)     KNN=25.0% LP=40.5%
    test_cross_env            (OOD)     KNN=34.8% LP=47.0%
    test_cross_user           (OOD)     KNN=44.0% LP=47.3%
  Layer 6:
    test_id                   (in-dist) KNN=94.5% LP=55.1%
    test_cross_device         (OOD)     KNN=24.9% LP=39.9%
    test_cross_env            (OOD)     KNN=43.7% LP=46.0%
    test_cross_user           (OOD)     KNN=41.8% LP=41.6%

Epoch 110/300 | loss=0.1225 | best=0.1225 | lr=1.06e-04
Epoch 120/300 | loss=0.1222 | best=0.1222 | lr=9.82e-05
Epoch 130/300 | loss=0.1216 | best=0.1216 | lr=9.06e-05
Epoch 140/300 | loss=0.1214 | best=0.1214 | lr=8.28e-05
Epoch 150/300 | loss=0.1209 | best=0.1209 | lr=7.50e-05

--- Eval at epoch 150 ---
  Layer 1:
    test_id                   (in-dist) KNN=94.4% LP=53.5%
    test_cross_device         (OOD)     KNN=25.5% LP=47.9%
    test_cross_env            (OOD)     KNN=36.8% LP=48.0%
    test_cross_user           (OOD)     KNN=42.8% LP=48.0%
  Layer 3:
    test_id                   (in-dist) KNN=95.1% LP=57.0%
    test_cross_device         (OOD)     KNN=28.2% LP=43.7%
    test_cross_env            (OOD)     KNN=34.7% LP=46.2%
    test_cross_user           (OOD)     KNN=44.8% LP=45.9%
  Layer 6:
    test_id                   (in-dist) KNN=94.9% LP=55.7%
    test_cross_device         (OOD)     KNN=27.9% LP=37.0%
    test_cross_env            (OOD)     KNN=39.8% LP=45.2%
    test_cross_user           (OOD)     KNN=43.2% LP=42.7%

Epoch 160/300 | loss=0.1206 | best=0.1206 | lr=6.72e-05
Epoch 170/300 | loss=0.1203 | best=0.1203 | lr=5.94e-05
Epoch 180/300 | loss=0.1200 | best=0.1200 | lr=5.18e-05
Epoch 190/300 | loss=0.1199 | best=0.1198 | lr=4.45e-05
Epoch 200/300 | loss=0.1195 | best=0.1195 | lr=3.75e-05

--- Eval at epoch 200 ---
  Layer 1:
    test_id                   (in-dist) KNN=94.3% LP=53.6%
    test_cross_device         (OOD)     KNN=24.9% LP=50.4%
    test_cross_env            (OOD)     KNN=35.6% LP=48.3%
    test_cross_user           (OOD)     KNN=42.7% LP=48.9%
  Layer 3:
    test_id                   (in-dist) KNN=95.1% LP=57.3%
    test_cross_device         (OOD)     KNN=26.9% LP=38.4%
    test_cross_env            (OOD)     KNN=34.3% LP=46.5%
    test_cross_user           (OOD)     KNN=44.7% LP=44.0%
  Layer 6:
    test_id                   (in-dist) KNN=94.8% LP=56.5%
    test_cross_device         (OOD)     KNN=28.2% LP=36.8%
    test_cross_env            (OOD)     KNN=40.9% LP=44.2%
    test_cross_user           (OOD)     KNN=44.6% LP=42.9%

Epoch 210/300 | loss=0.1194 | best=0.1194 | lr=3.09e-05
Epoch 220/300 | loss=0.1193 | best=0.1192 | lr=2.48e-05
Epoch 230/300 | loss=0.1193 | best=0.1190 | lr=1.93e-05
Epoch 240/300 | loss=0.1190 | best=0.1190 | lr=1.43e-05
Epoch 250/300 | loss=0.1190 | best=0.1188 | lr=1.00e-05

--- Eval at epoch 250 ---
  Layer 1:
    test_id                   (in-dist) KNN=94.4% LP=53.8%
    test_cross_device         (OOD)     KNN=25.2% LP=51.1%
    test_cross_env            (OOD)     KNN=37.5% LP=47.4%
    test_cross_user           (OOD)     KNN=42.7% LP=49.0%
  Layer 3:
    test_id                   (in-dist) KNN=95.2% LP=58.1%
    test_cross_device         (OOD)     KNN=26.5% LP=38.8%
    test_cross_env            (OOD)     KNN=33.4% LP=46.4%
    test_cross_user           (OOD)     KNN=43.8% LP=43.7%
  Layer 6:
    test_id                   (in-dist) KNN=94.8% LP=56.7%
    test_cross_device         (OOD)     KNN=28.7% LP=36.8%
    test_cross_env            (OOD)     KNN=40.3% LP=43.9%
    test_cross_user           (OOD)     KNN=44.7% LP=44.2%

Epoch 260/300 | loss=0.1189 | best=0.1188 | lr=6.48e-06
Epoch 270/300 | loss=0.1187 | best=0.1187 | lr=3.67e-06
Epoch 280/300 | loss=0.1187 | best=0.1186 | lr=1.64e-06
Epoch 290/300 | loss=0.1186 | best=0.1186 | lr=4.11e-07
Epoch 300/300 | loss=0.1186 | best=0.1186 | lr=0.00e+00

--- Eval at epoch 300 ---
  Layer 1:
    test_id                   (in-dist) KNN=94.5% LP=53.9%
    test_cross_device         (OOD)     KNN=25.1% LP=50.7%
    test_cross_env            (OOD)     KNN=36.8% LP=47.7%
    test_cross_user           (OOD)     KNN=42.6% LP=48.9%
  Layer 3:
    test_id                   (in-dist) KNN=95.1% LP=57.9%
    test_cross_device         (OOD)     KNN=26.3% LP=37.8%
    test_cross_env            (OOD)     KNN=32.6% LP=46.1%
    test_cross_user           (OOD)     KNN=43.6% LP=44.9%
  Layer 6:
    test_id                   (in-dist) KNN=94.7% LP=56.9%
    test_cross_device         (OOD)     KNN=28.0% LP=35.6%
    test_cross_env            (OOD)     KNN=40.5% LP=44.6%
    test_cross_user           (OOD)     KNN=44.3% LP=44.9%


Done. Best pretrain loss: 0.1186
Results: /home/zhuzih19/csi-project/csi-fall-detection/results/mae_har/mae_har_ep300_mask0.875_strategyrandom_ph29pw25_seed43_enc6_dim128_bs128.json
Checkpoint: /home/zhuzih19/csi-project/csi-fall-detection/checkpoints/mae_har/mae_har_ep300_mask0.875_strategyrandom_ph29pw25_seed43_enc6_dim128_bs128_best.pt
