
Experiment: mae_har_ep300_mask0.75_strategyrandom_ph11pw11_seed43_enc12_dim128_bs96
[patch-pad] patch_h=11, patch_w=11 do not evenly divide 232x500 -- zero-padding input to 242x506 (+10 subcarriers, +6 timesteps). num_patches=1012 (n_h=22, n_w=46)
[mem-check] num_patches=1012  batch_size=96  encoder_depth=12  attention-score memory: 1.47 GB/layer, 17.58 GB cumulative (all layers retained for backward)
label_map: {'jumping': 0, 'running': 1, 'seated-breathing': 2, 'walking': 3, 'wavinghand': 4}  num_classes: 5
  test_id: 4602 samples
  test_cross_device: 9631 samples
  test_cross_env: 6650 samples
  test_cross_user: 12109 samples
MAE params: 2,705,721
Epoch 010/300 | loss=0.2010 | best=0.2010 | lr=1.50e-04
Epoch 020/300 | loss=0.1448 | best=0.1448 | lr=1.48e-04
Epoch 030/300 | loss=0.1332 | best=0.1332 | lr=1.46e-04
Epoch 040/300 | loss=0.1293 | best=0.1293 | lr=1.44e-04
Epoch 050/300 | loss=0.1267 | best=0.1267 | lr=1.40e-04

--- Eval at epoch 50 ---
  Layer 1:
    test_id                   (in-dist) KNN=89.6% LP=51.7%
    test_cross_device         (OOD)     KNN=33.0% LP=51.0%
    test_cross_env            (OOD)     KNN=28.6% LP=45.4%
    test_cross_user           (OOD)     KNN=48.0% LP=50.5%
  Layer 3:
    test_id                   (in-dist) KNN=94.7% LP=55.0%
    test_cross_device         (OOD)     KNN=31.1% LP=40.2%
    test_cross_env            (OOD)     KNN=35.6% LP=40.5%
    test_cross_user           (OOD)     KNN=45.4% LP=49.3%
  Layer 6:
    test_id                   (in-dist) KNN=96.5% LP=57.2%
    test_cross_device         (OOD)     KNN=36.0% LP=38.8%
    test_cross_env            (OOD)     KNN=39.6% LP=43.7%
    test_cross_user           (OOD)     KNN=51.1% LP=49.4%

Epoch 060/300 | loss=0.1251 | best=0.1251 | lr=1.36e-04
Epoch 070/300 | loss=0.1233 | best=0.1233 | lr=1.31e-04
Epoch 080/300 | loss=0.1207 | best=0.1207 | lr=1.25e-04
Epoch 090/300 | loss=0.1192 | best=0.1192 | lr=1.19e-04
Epoch 100/300 | loss=0.1168 | best=0.1168 | lr=1.12e-04

--- Eval at epoch 100 ---
  Layer 1:
    test_id                   (in-dist) KNN=90.2% LP=52.0%
    test_cross_device         (OOD)     KNN=30.2% LP=51.0%
    test_cross_env            (OOD)     KNN=30.0% LP=42.5%
    test_cross_user           (OOD)     KNN=47.4% LP=50.7%
  Layer 3:
    test_id                   (in-dist) KNN=94.0% LP=55.2%
    test_cross_device         (OOD)     KNN=32.3% LP=38.0%
    test_cross_env            (OOD)     KNN=39.7% LP=38.2%
    test_cross_user           (OOD)     KNN=44.8% LP=46.6%
  Layer 6:
    test_id                   (in-dist) KNN=95.0% LP=59.1%
    test_cross_device         (OOD)     KNN=38.4% LP=37.3%
    test_cross_env            (OOD)     KNN=41.2% LP=44.5%
    test_cross_user           (OOD)     KNN=50.5% LP=49.6%

Epoch 110/300 | loss=0.1148 | best=0.1148 | lr=1.06e-04
Epoch 120/300 | loss=0.1143 | best=0.1143 | lr=9.82e-05
Epoch 130/300 | loss=0.1138 | best=0.1138 | lr=9.06e-05
Epoch 140/300 | loss=0.1136 | best=0.1135 | lr=8.28e-05
Epoch 150/300 | loss=0.1133 | best=0.1133 | lr=7.50e-05

--- Eval at epoch 150 ---
  Layer 1:
    test_id                   (in-dist) KNN=90.2% LP=52.3%
    test_cross_device         (OOD)     KNN=30.2% LP=50.9%
    test_cross_env            (OOD)     KNN=30.2% LP=44.6%
    test_cross_user           (OOD)     KNN=47.8% LP=50.8%
  Layer 3:
    test_id                   (in-dist) KNN=94.0% LP=55.5%
    test_cross_device         (OOD)     KNN=33.4% LP=40.2%
    test_cross_env            (OOD)     KNN=38.2% LP=40.1%
    test_cross_user           (OOD)     KNN=46.0% LP=45.4%
  Layer 6:
    test_id                   (in-dist) KNN=94.9% LP=59.4%
    test_cross_device         (OOD)     KNN=36.7% LP=41.6%
    test_cross_env            (OOD)     KNN=43.1% LP=46.1%
    test_cross_user           (OOD)     KNN=49.0% LP=51.0%

Epoch 160/300 | loss=0.1132 | best=0.1131 | lr=6.72e-05
Epoch 170/300 | loss=0.1129 | best=0.1129 | lr=5.94e-05
Epoch 180/300 | loss=0.1128 | best=0.1127 | lr=5.18e-05
Epoch 190/300 | loss=0.1126 | best=0.1126 | lr=4.45e-05
Epoch 200/300 | loss=0.1125 | best=0.1125 | lr=3.75e-05

--- Eval at epoch 200 ---
  Layer 1:
    test_id                   (in-dist) KNN=90.1% LP=52.4%
    test_cross_device         (OOD)     KNN=29.1% LP=50.9%
    test_cross_env            (OOD)     KNN=30.2% LP=42.7%
    test_cross_user           (OOD)     KNN=46.6% LP=50.6%
  Layer 3:
    test_id                   (in-dist) KNN=94.0% LP=55.7%
    test_cross_device         (OOD)     KNN=34.0% LP=40.1%
    test_cross_env            (OOD)     KNN=37.5% LP=40.9%
    test_cross_user           (OOD)     KNN=46.8% LP=46.2%
  Layer 6:
    test_id                   (in-dist) KNN=95.0% LP=59.5%
    test_cross_device         (OOD)     KNN=37.2% LP=41.8%
    test_cross_env            (OOD)     KNN=42.6% LP=44.2%
    test_cross_user           (OOD)     KNN=48.9% LP=50.4%

Epoch 210/300 | loss=0.1124 | best=0.1124 | lr=3.09e-05
Epoch 220/300 | loss=0.1124 | best=0.1123 | lr=2.48e-05
Epoch 230/300 | loss=0.1123 | best=0.1122 | lr=1.93e-05
Epoch 240/300 | loss=0.1122 | best=0.1122 | lr=1.43e-05
Epoch 250/300 | loss=0.1121 | best=0.1120 | lr=1.00e-05

--- Eval at epoch 250 ---
  Layer 1:
    test_id                   (in-dist) KNN=90.2% LP=52.4%
    test_cross_device         (OOD)     KNN=29.3% LP=50.9%
    test_cross_env            (OOD)     KNN=30.0% LP=43.4%
    test_cross_user           (OOD)     KNN=46.7% LP=50.6%
  Layer 3:
    test_id                   (in-dist) KNN=94.0% LP=55.8%
    test_cross_device         (OOD)     KNN=34.3% LP=40.0%
    test_cross_env            (OOD)     KNN=37.3% LP=41.0%
    test_cross_user           (OOD)     KNN=47.0% LP=46.7%
  Layer 6:
    test_id                   (in-dist) KNN=95.0% LP=59.5%
    test_cross_device         (OOD)     KNN=35.9% LP=41.5%
    test_cross_env            (OOD)     KNN=41.8% LP=44.1%
    test_cross_user           (OOD)     KNN=48.5% LP=50.2%

Epoch 260/300 | loss=0.1120 | best=0.1120 | lr=6.48e-06
Epoch 270/300 | loss=0.1120 | best=0.1119 | lr=3.67e-06
Epoch 280/300 | loss=0.1120 | best=0.1119 | lr=1.64e-06
Epoch 290/300 | loss=0.1120 | best=0.1119 | lr=4.11e-07
Epoch 300/300 | loss=0.1120 | best=0.1119 | lr=0.00e+00

--- Eval at epoch 300 ---
  Layer 1:
    test_id                   (in-dist) KNN=90.2% LP=52.5%
    test_cross_device         (OOD)     KNN=29.1% LP=50.9%
    test_cross_env            (OOD)     KNN=30.0% LP=42.2%
    test_cross_user           (OOD)     KNN=46.6% LP=51.0%
  Layer 3:
    test_id                   (in-dist) KNN=94.1% LP=55.6%
    test_cross_device         (OOD)     KNN=34.2% LP=41.5%
    test_cross_env            (OOD)     KNN=37.1% LP=41.8%
    test_cross_user           (OOD)     KNN=47.1% LP=45.9%
  Layer 6:
    test_id                   (in-dist) KNN=95.0% LP=59.2%
    test_cross_device         (OOD)     KNN=36.0% LP=41.5%
    test_cross_env            (OOD)     KNN=41.8% LP=44.7%
    test_cross_user           (OOD)     KNN=48.8% LP=50.4%


Done. Best pretrain loss: 0.1119
Results: /home/zhuzih19/csi-project/csi-fall-detection/results/mae_har/mae_har_ep300_mask0.75_strategyrandom_ph11pw11_seed43_enc12_dim128_bs96.json
Checkpoint: /home/zhuzih19/csi-project/csi-fall-detection/checkpoints/mae_har/mae_har_ep300_mask0.75_strategyrandom_ph11pw11_seed43_enc12_dim128_bs96_best.pt
