nohup: ignoring input

Experiment: mae_har_ep300_mask0.875_strategyrandom_enc6_dim128_bs128
label_map: {'jumping': 0, 'running': 1, 'seated-breathing': 2, 'walking': 3, 'wavinghand': 4}  num_classes: 5
  test_id: 4602 samples
  test_cross_device: 9631 samples
  test_cross_env: 6650 samples
  test_cross_user: 12109 samples
MAE params: 1,469,077
Epoch 010/300 | loss=0.2391 | best=0.2391 | lr=1.50e-04
Epoch 020/300 | loss=0.1661 | best=0.1661 | lr=1.48e-04
Epoch 030/300 | loss=0.1414 | best=0.1414 | lr=1.46e-04
Epoch 040/300 | loss=0.1340 | best=0.1340 | lr=1.44e-04
Epoch 050/300 | loss=0.1300 | best=0.1300 | lr=1.40e-04

--- Eval at epoch 50 ---
  Layer 1:
    test_id                   (in-dist) KNN=94.2% LP=53.5%
    test_cross_device         (OOD)     KNN=25.6% LP=52.3%
    test_cross_env            (OOD)     KNN=39.6% LP=43.1%
    test_cross_user           (OOD)     KNN=44.4% LP=49.8%
  Layer 3:
    test_id                   (in-dist) KNN=95.0% LP=55.0%
    test_cross_device         (OOD)     KNN=28.3% LP=50.6%
    test_cross_env            (OOD)     KNN=34.0% LP=43.3%
    test_cross_user           (OOD)     KNN=47.4% LP=49.5%
  Layer 6:
    test_id                   (in-dist) KNN=95.0% LP=54.4%
    test_cross_device         (OOD)     KNN=35.3% LP=43.7%
    test_cross_env            (OOD)     KNN=35.3% LP=44.5%
    test_cross_user           (OOD)     KNN=49.8% LP=47.2%

Epoch 060/300 | loss=0.1276 | best=0.1276 | lr=1.36e-04
Epoch 070/300 | loss=0.1259 | best=0.1259 | lr=1.31e-04
Epoch 080/300 | loss=0.1251 | best=0.1250 | lr=1.25e-04
Epoch 090/300 | loss=0.1236 | best=0.1236 | lr=1.19e-04
Epoch 100/300 | loss=0.1228 | best=0.1227 | lr=1.12e-04

--- Eval at epoch 100 ---
  Layer 1:
    test_id                   (in-dist) KNN=94.2% LP=53.0%
    test_cross_device         (OOD)     KNN=26.3% LP=46.0%
    test_cross_env            (OOD)     KNN=38.7% LP=42.3%
    test_cross_user           (OOD)     KNN=45.4% LP=50.4%
  Layer 3:
    test_id                   (in-dist) KNN=95.0% LP=56.1%
    test_cross_device         (OOD)     KNN=27.5% LP=44.5%
    test_cross_env            (OOD)     KNN=31.6% LP=41.5%
    test_cross_user           (OOD)     KNN=46.3% LP=48.7%
  Layer 6:
    test_id                   (in-dist) KNN=94.7% LP=55.5%
    test_cross_device         (OOD)     KNN=31.0% LP=28.8%
    test_cross_env            (OOD)     KNN=34.7% LP=37.6%
    test_cross_user           (OOD)     KNN=47.1% LP=45.7%

Epoch 110/300 | loss=0.1223 | best=0.1223 | lr=1.06e-04
Epoch 120/300 | loss=0.1217 | best=0.1217 | lr=9.82e-05
Epoch 130/300 | loss=0.1210 | best=0.1210 | lr=9.06e-05
Traceback (most recent call last):
  File "/home/zhuzih19/csi-project/csi-fall-detection/train_mae_har.py", line 247, in <module>
  File "/home/zhuzih19/csi-project/csi-fall-detection/train_mae_har.py", line 184, in main
    csi = csi.to(device)
          ^^^^^^^^^^
  File "/home/zhuzih19/.local/lib/python3.13/site-packages/torch/nn/modules/module.py", line 1778, in _wrapped_call_impl
    return self._call_impl(*args, **kwargs)
           ~~~~~~~~~~~~~~~^^^^^^^^^^^^^^^^^
  File "/home/zhuzih19/.local/lib/python3.13/site-packages/torch/nn/modules/module.py", line 1789, in _call_impl
    return forward_call(*args, **kwargs)
  File "/home/zhuzih19/csi-project/csi-fall-detection/models/mae.py", line 145, in forward
    loss = loss[mask].mean()                   # scalar
           ~~~~^^^^^^
torch.OutOfMemoryError: CUDA out of memory. Tried to allocate 15.48 GiB. GPU 0 has a total capacity of 31.84 GiB of which 29.28 GiB is free. Including non-PyTorch memory, this process has 17179869184.00 GiB memory in use. Process 2398279 has 17179869184.00 GiB memory in use. Process 2398277 has 17179869184.00 GiB memory in use. Process 2400373 has 17179869184.00 GiB memory in use. Process 2400380 has 17179869184.00 GiB memory in use. Process 2400401 has 17179869184.00 GiB memory in use. Process 2400387 has 17179869184.00 GiB memory in use. Of the allocated memory 788.67 MiB is allocated by PyTorch, and 35.33 MiB is reserved by PyTorch but unallocated. If reserved but unallocated memory is large try setting PYTORCH_CUDA_ALLOC_CONF=expandable_segments:True to avoid fragmentation.  See documentation for Memory Management  (https://docs.pytorch.org/docs/stable/notes/cuda.html#optimizing-memory-usage-with-pytorch-cuda-alloc-conf)
