
Experiment: mae_har_ep300_mask0.75_strategyrandom_ph19pw19_seed42_enc12_dim128_bs128
[patch-pad] patch_h=19, patch_w=19 do not evenly divide 232x500 -- zero-padding input to 247x513 (+15 subcarriers, +13 timesteps). num_patches=351 (n_h=13, n_w=27)
[mem-check] num_patches=351  batch_size=128  encoder_depth=12  attention-score memory: 0.23 GB/layer, 2.82 GB cumulative (all layers retained for backward)
label_map: {'jumping': 0, 'running': 1, 'seated-breathing': 2, 'walking': 3, 'wavinghand': 4}  num_classes: 5
  test_id: 4602 samples
  test_cross_device: 9631 samples
  test_cross_env: 6650 samples
  test_cross_user: 12109 samples
MAE params: 2,625,129
Epoch 010/300 | loss=0.2070 | best=0.2070 | lr=1.50e-04
Epoch 020/300 | loss=0.1503 | best=0.1503 | lr=1.48e-04
Epoch 030/300 | loss=0.1342 | best=0.1342 | lr=1.46e-04
Epoch 040/300 | loss=0.1275 | best=0.1275 | lr=1.44e-04
Epoch 050/300 | loss=0.1249 | best=0.1249 | lr=1.40e-04

--- Eval at epoch 50 ---
  Layer 1:
    test_id                   (in-dist) KNN=92.8% LP=52.3%
    test_cross_device         (OOD)     KNN=32.0% LP=35.9%
    test_cross_env            (OOD)     KNN=40.1% LP=49.3%
    test_cross_user           (OOD)     KNN=46.5% LP=43.1%
  Layer 3:
    test_id                   (in-dist) KNN=95.4% LP=53.1%
    test_cross_device         (OOD)     KNN=23.7% LP=45.5%
    test_cross_env            (OOD)     KNN=40.4% LP=48.8%
    test_cross_user           (OOD)     KNN=43.6% LP=51.0%
  Layer 6:
    test_id                   (in-dist) KNN=96.6% LP=55.6%
    test_cross_device         (OOD)     KNN=25.8% LP=32.3%
    test_cross_env            (OOD)     KNN=39.6% LP=43.3%
    test_cross_user           (OOD)     KNN=44.3% LP=43.2%

Epoch 060/300 | loss=0.1227 | best=0.1227 | lr=1.36e-04
Epoch 070/300 | loss=0.1212 | best=0.1212 | lr=1.31e-04
Epoch 080/300 | loss=0.1203 | best=0.1203 | lr=1.25e-04
Epoch 090/300 | loss=0.1186 | best=0.1186 | lr=1.19e-04
Epoch 100/300 | loss=0.1164 | best=0.1164 | lr=1.12e-04

--- Eval at epoch 100 ---
  Layer 1:
    test_id                   (in-dist) KNN=93.3% LP=52.4%
    test_cross_device         (OOD)     KNN=37.1% LP=35.9%
    test_cross_env            (OOD)     KNN=40.7% LP=47.2%
    test_cross_user           (OOD)     KNN=48.5% LP=44.2%
  Layer 3:
    test_id                   (in-dist) KNN=95.2% LP=54.0%
    test_cross_device         (OOD)     KNN=23.9% LP=35.1%
    test_cross_env            (OOD)     KNN=37.9% LP=47.0%
    test_cross_user           (OOD)     KNN=44.9% LP=44.8%
  Layer 6:
    test_id                   (in-dist) KNN=95.8% LP=56.6%
    test_cross_device         (OOD)     KNN=23.1% LP=33.4%
    test_cross_env            (OOD)     KNN=34.3% LP=38.5%
    test_cross_user           (OOD)     KNN=45.9% LP=43.0%

Epoch 110/300 | loss=0.1155 | best=0.1155 | lr=1.06e-04
Epoch 120/300 | loss=0.1145 | best=0.1145 | lr=9.82e-05
Epoch 130/300 | loss=0.1115 | best=0.1115 | lr=9.06e-05
Epoch 140/300 | loss=0.1108 | best=0.1108 | lr=8.28e-05
Epoch 150/300 | loss=0.1104 | best=0.1104 | lr=7.50e-05

--- Eval at epoch 150 ---
  Layer 1:
    test_id                   (in-dist) KNN=93.4% LP=52.6%
    test_cross_device         (OOD)     KNN=37.7% LP=35.1%
    test_cross_env            (OOD)     KNN=41.1% LP=45.2%
    test_cross_user           (OOD)     KNN=48.3% LP=43.9%
  Layer 3:
    test_id                   (in-dist) KNN=94.6% LP=54.7%
    test_cross_device         (OOD)     KNN=23.2% LP=39.6%
    test_cross_env            (OOD)     KNN=39.2% LP=50.0%
    test_cross_user           (OOD)     KNN=45.3% LP=44.6%
  Layer 6:
    test_id                   (in-dist) KNN=95.4% LP=57.8%
    test_cross_device         (OOD)     KNN=22.3% LP=37.7%
    test_cross_env            (OOD)     KNN=38.4% LP=47.6%
    test_cross_user           (OOD)     KNN=45.6% LP=44.0%

Epoch 160/300 | loss=0.1101 | best=0.1101 | lr=6.72e-05
Epoch 170/300 | loss=0.1099 | best=0.1099 | lr=5.94e-05
Epoch 180/300 | loss=0.1098 | best=0.1098 | lr=5.18e-05
Epoch 190/300 | loss=0.1096 | best=0.1096 | lr=4.45e-05
Epoch 200/300 | loss=0.1095 | best=0.1095 | lr=3.75e-05

--- Eval at epoch 200 ---
  Layer 1:
    test_id                   (in-dist) KNN=93.1% LP=53.0%
    test_cross_device         (OOD)     KNN=37.3% LP=35.2%
    test_cross_env            (OOD)     KNN=41.8% LP=44.4%
    test_cross_user           (OOD)     KNN=48.0% LP=43.7%
  Layer 3:
    test_id                   (in-dist) KNN=94.8% LP=54.8%
    test_cross_device         (OOD)     KNN=23.6% LP=39.4%
    test_cross_env            (OOD)     KNN=38.4% LP=50.6%
    test_cross_user           (OOD)     KNN=45.5% LP=46.4%
  Layer 6:
    test_id                   (in-dist) KNN=95.4% LP=58.4%
    test_cross_device         (OOD)     KNN=22.4% LP=37.4%
    test_cross_env            (OOD)     KNN=38.6% LP=46.8%
    test_cross_user           (OOD)     KNN=45.5% LP=43.7%

Epoch 210/300 | loss=0.1094 | best=0.1093 | lr=3.09e-05
Epoch 220/300 | loss=0.1093 | best=0.1093 | lr=2.48e-05
Epoch 230/300 | loss=0.1092 | best=0.1092 | lr=1.93e-05
Epoch 240/300 | loss=0.1092 | best=0.1091 | lr=1.43e-05
Epoch 250/300 | loss=0.1090 | best=0.1090 | lr=1.00e-05

--- Eval at epoch 250 ---
  Layer 1:
    test_id                   (in-dist) KNN=93.3% LP=52.9%
    test_cross_device         (OOD)     KNN=37.3% LP=35.0%
    test_cross_env            (OOD)     KNN=41.8% LP=44.6%
    test_cross_user           (OOD)     KNN=47.7% LP=43.9%
  Layer 3:
    test_id                   (in-dist) KNN=94.9% LP=54.7%
    test_cross_device         (OOD)     KNN=23.5% LP=39.5%
    test_cross_env            (OOD)     KNN=39.0% LP=50.6%
    test_cross_user           (OOD)     KNN=45.4% LP=47.3%
  Layer 6:
    test_id                   (in-dist) KNN=95.7% LP=58.2%
    test_cross_device         (OOD)     KNN=23.4% LP=35.3%
    test_cross_env            (OOD)     KNN=37.9% LP=45.5%
    test_cross_user           (OOD)     KNN=45.4% LP=43.8%

Epoch 260/300 | loss=0.1091 | best=0.1090 | lr=6.48e-06
Epoch 270/300 | loss=0.1090 | best=0.1090 | lr=3.67e-06
Epoch 280/300 | loss=0.1090 | best=0.1089 | lr=1.64e-06
Epoch 290/300 | loss=0.1090 | best=0.1089 | lr=4.11e-07
Epoch 300/300 | loss=0.1090 | best=0.1089 | lr=0.00e+00

--- Eval at epoch 300 ---
  Layer 1:
    test_id                   (in-dist) KNN=93.3% LP=52.7%
    test_cross_device         (OOD)     KNN=37.3% LP=35.1%
    test_cross_env            (OOD)     KNN=41.8% LP=45.6%
    test_cross_user           (OOD)     KNN=47.7% LP=43.8%
  Layer 3:
    test_id                   (in-dist) KNN=94.9% LP=54.7%
    test_cross_device         (OOD)     KNN=23.5% LP=39.0%
    test_cross_env            (OOD)     KNN=39.1% LP=49.8%
    test_cross_user           (OOD)     KNN=45.7% LP=48.4%
  Layer 6:
    test_id                   (in-dist) KNN=95.7% LP=58.4%
    test_cross_device         (OOD)     KNN=23.6% LP=36.6%
    test_cross_env            (OOD)     KNN=38.1% LP=46.3%
    test_cross_user           (OOD)     KNN=45.2% LP=44.0%


Done. Best pretrain loss: 0.1089
Results: /home/zhuzih19/csi-project/csi-fall-detection/results/mae_har/mae_har_ep300_mask0.75_strategyrandom_ph19pw19_seed42_enc12_dim128_bs128.json
Checkpoint: /home/zhuzih19/csi-project/csi-fall-detection/checkpoints/mae_har/mae_har_ep300_mask0.75_strategyrandom_ph19pw19_seed42_enc12_dim128_bs128_best.pt
