nohup: ignoring input

Experiment: mae_har_ep300_mask0.75_strategytime_enc6_dim128_bs128
label_map: {'jumping': 0, 'running': 1, 'seated-breathing': 2, 'walking': 3, 'wavinghand': 4}  num_classes: 5
  test_id: 4602 samples
  test_cross_device: 9631 samples
  test_cross_env: 6650 samples
  test_cross_user: 12109 samples
MAE params: 1,469,077
Epoch 010/300 | loss=0.2213 | best=0.2213 | lr=1.50e-04
Epoch 020/300 | loss=0.1540 | best=0.1540 | lr=1.48e-04
Epoch 030/300 | loss=0.1341 | best=0.1341 | lr=1.46e-04
Epoch 040/300 | loss=0.1283 | best=0.1283 | lr=1.44e-04
Epoch 050/300 | loss=0.1257 | best=0.1257 | lr=1.40e-04
Epoch 060/300 | loss=0.1239 | best=0.1239 | lr=1.36e-04
Epoch 070/300 | loss=0.1225 | best=0.1225 | lr=1.31e-04
Epoch 080/300 | loss=0.1213 | best=0.1213 | lr=1.25e-04
Epoch 090/300 | loss=0.1206 | best=0.1206 | lr=1.19e-04
Epoch 100/300 | loss=0.1199 | best=0.1199 | lr=1.12e-04

--- Eval at epoch 100 ---
  Layer 1:
    test_id                   (in-dist) KNN=93.7% LP=52.7%
    test_cross_device         (OOD)     KNN=24.2% LP=49.4%
    test_cross_env            (OOD)     KNN=36.0% LP=45.4%
    test_cross_user           (OOD)     KNN=44.3% LP=52.2%
  Layer 3:
    test_id                   (in-dist) KNN=95.0% LP=56.2%
    test_cross_device         (OOD)     KNN=25.3% LP=45.8%
    test_cross_env            (OOD)     KNN=34.5% LP=45.9%
    test_cross_user           (OOD)     KNN=44.7% LP=51.6%
  Layer 6:
    test_id                   (in-dist) KNN=95.1% LP=57.1%
    test_cross_device         (OOD)     KNN=25.8% LP=40.5%
    test_cross_env            (OOD)     KNN=38.0% LP=47.4%
    test_cross_user           (OOD)     KNN=45.9% LP=50.1%

Epoch 110/300 | loss=0.1192 | best=0.1192 | lr=1.06e-04
Epoch 120/300 | loss=0.1188 | best=0.1187 | lr=9.82e-05
Epoch 130/300 | loss=0.1183 | best=0.1183 | lr=9.06e-05
Epoch 140/300 | loss=0.1179 | best=0.1179 | lr=8.28e-05
Epoch 150/300 | loss=0.1176 | best=0.1176 | lr=7.50e-05
Epoch 160/300 | loss=0.1175 | best=0.1173 | lr=6.72e-05
Epoch 170/300 | loss=0.1170 | best=0.1170 | lr=5.94e-05
Epoch 180/300 | loss=0.1169 | best=0.1168 | lr=5.18e-05
Epoch 190/300 | loss=0.1168 | best=0.1166 | lr=4.45e-05
Epoch 200/300 | loss=0.1164 | best=0.1164 | lr=3.75e-05

--- Eval at epoch 200 ---
  Layer 1:
    test_id                   (in-dist) KNN=93.7% LP=53.0%
    test_cross_device         (OOD)     KNN=26.0% LP=52.1%
    test_cross_env            (OOD)     KNN=33.8% LP=45.3%
    test_cross_user           (OOD)     KNN=45.1% LP=50.9%
  Layer 3:
    test_id                   (in-dist) KNN=94.9% LP=57.5%
    test_cross_device         (OOD)     KNN=28.0% LP=43.9%
    test_cross_env            (OOD)     KNN=36.9% LP=45.7%
    test_cross_user           (OOD)     KNN=46.1% LP=51.7%
  Layer 6:
    test_id                   (in-dist) KNN=95.3% LP=58.5%
    test_cross_device         (OOD)     KNN=26.5% LP=34.3%
    test_cross_env            (OOD)     KNN=34.9% LP=43.6%
    test_cross_user           (OOD)     KNN=43.6% LP=49.3%

Epoch 210/300 | loss=0.1163 | best=0.1163 | lr=3.09e-05
Epoch 220/300 | loss=0.1163 | best=0.1162 | lr=2.48e-05
Epoch 230/300 | loss=0.1162 | best=0.1162 | lr=1.93e-05
Epoch 240/300 | loss=0.1161 | best=0.1160 | lr=1.43e-05
Epoch 250/300 | loss=0.1160 | best=0.1159 | lr=1.00e-05
Epoch 260/300 | loss=0.1159 | best=0.1159 | lr=6.48e-06
Epoch 270/300 | loss=0.1159 | best=0.1158 | lr=3.67e-06
Epoch 280/300 | loss=0.1158 | best=0.1158 | lr=1.64e-06
Epoch 290/300 | loss=0.1158 | best=0.1157 | lr=4.11e-07
Epoch 300/300 | loss=0.1158 | best=0.1157 | lr=0.00e+00

--- Eval at epoch 300 ---
  Layer 1:
    test_id                   (in-dist) KNN=93.7% LP=52.8%
    test_cross_device         (OOD)     KNN=25.9% LP=51.5%
    test_cross_env            (OOD)     KNN=33.6% LP=45.1%
    test_cross_user           (OOD)     KNN=45.2% LP=50.2%
  Layer 3:
    test_id                   (in-dist) KNN=94.9% LP=57.8%
    test_cross_device         (OOD)     KNN=28.6% LP=44.0%
    test_cross_env            (OOD)     KNN=35.8% LP=45.0%
    test_cross_user           (OOD)     KNN=46.8% LP=51.4%
  Layer 6:
    test_id                   (in-dist) KNN=95.4% LP=58.8%
    test_cross_device         (OOD)     KNN=25.0% LP=34.8%
    test_cross_env            (OOD)     KNN=34.7% LP=43.8%
    test_cross_user           (OOD)     KNN=42.8% LP=49.4%


Done. Best pretrain loss: 0.1157
Results: /home/zhuzih19/csi-project/csi-fall-detection/results/mae_har/mae_har_ep300_mask0.75_strategytime_enc6_dim128_bs128.json
Checkpoint: /home/zhuzih19/csi-project/csi-fall-detection/checkpoints/mae_har/mae_har_ep300_mask0.75_strategytime_enc6_dim128_bs128_best.pt
