
Experiment: mae_har_ep300_mask0.75_strategytime_ph29pw25_seed43_enc12_dim128_bs128
[patch-pad] patch_h=29, patch_w=25 evenly divide 232x500, no padding needed. num_patches=160
[mem-check] num_patches=160  batch_size=128  estimated attention-score memory per layer: 0.05 GB (x12 layers if all retained for backward: 0.59 GB)
label_map: {'jumping': 0, 'running': 1, 'seated-breathing': 2, 'walking': 3, 'wavinghand': 4}  num_classes: 5
  test_id: 4602 samples
  test_cross_device: 9631 samples
  test_cross_env: 6650 samples
  test_cross_user: 12109 samples
MAE params: 2,658,709
Epoch 010/300 | loss=0.1971 | best=0.1971 | lr=1.50e-04
Epoch 020/300 | loss=0.1420 | best=0.1420 | lr=1.48e-04
Epoch 030/300 | loss=0.1291 | best=0.1291 | lr=1.46e-04
Epoch 040/300 | loss=0.1251 | best=0.1251 | lr=1.44e-04
Epoch 050/300 | loss=0.1230 | best=0.1230 | lr=1.40e-04

--- Eval at epoch 50 ---
  Layer 1:
    test_id                   (in-dist) KNN=93.2% LP=52.1%
    test_cross_device         (OOD)     KNN=22.5% LP=50.9%
    test_cross_env            (OOD)     KNN=34.0% LP=45.5%
    test_cross_user           (OOD)     KNN=45.7% LP=50.9%
  Layer 3:
    test_id                   (in-dist) KNN=95.0% LP=54.5%
    test_cross_device         (OOD)     KNN=18.3% LP=44.7%
    test_cross_env            (OOD)     KNN=26.6% LP=45.4%
    test_cross_user           (OOD)     KNN=43.5% LP=50.8%
  Layer 6:
    test_id                   (in-dist) KNN=95.2% LP=56.2%
    test_cross_device         (OOD)     KNN=26.2% LP=40.4%
    test_cross_env            (OOD)     KNN=39.7% LP=39.7%
    test_cross_user           (OOD)     KNN=45.3% LP=48.0%

Epoch 060/300 | loss=0.1211 | best=0.1211 | lr=1.36e-04
Epoch 070/300 | loss=0.1200 | best=0.1200 | lr=1.31e-04
Epoch 080/300 | loss=0.1192 | best=0.1192 | lr=1.25e-04
Epoch 090/300 | loss=0.1183 | best=0.1183 | lr=1.19e-04
Epoch 100/300 | loss=0.1177 | best=0.1177 | lr=1.12e-04

--- Eval at epoch 100 ---
  Layer 1:
    test_id                   (in-dist) KNN=93.2% LP=51.6%
    test_cross_device         (OOD)     KNN=22.2% LP=51.1%
    test_cross_env            (OOD)     KNN=33.9% LP=45.7%
    test_cross_user           (OOD)     KNN=44.3% LP=50.5%
  Layer 3:
    test_id                   (in-dist) KNN=94.8% LP=55.3%
    test_cross_device         (OOD)     KNN=24.8% LP=45.5%
    test_cross_env            (OOD)     KNN=27.5% LP=41.4%
    test_cross_user           (OOD)     KNN=44.4% LP=48.6%
  Layer 6:
    test_id                   (in-dist) KNN=95.2% LP=58.7%
    test_cross_device         (OOD)     KNN=28.2% LP=40.7%
    test_cross_env            (OOD)     KNN=34.3% LP=34.2%
    test_cross_user           (OOD)     KNN=44.5% LP=48.0%

Epoch 110/300 | loss=0.1173 | best=0.1173 | lr=1.06e-04
Epoch 120/300 | loss=0.1168 | best=0.1168 | lr=9.82e-05
Epoch 130/300 | loss=0.1166 | best=0.1166 | lr=9.06e-05
Epoch 140/300 | loss=0.1162 | best=0.1162 | lr=8.28e-05
Epoch 150/300 | loss=0.1161 | best=0.1160 | lr=7.50e-05

--- Eval at epoch 150 ---
  Layer 1:
    test_id                   (in-dist) KNN=93.2% LP=51.8%
    test_cross_device         (OOD)     KNN=22.4% LP=50.1%
    test_cross_env            (OOD)     KNN=33.9% LP=46.4%
    test_cross_user           (OOD)     KNN=43.5% LP=50.4%
  Layer 3:
    test_id                   (in-dist) KNN=94.9% LP=55.7%
    test_cross_device         (OOD)     KNN=24.4% LP=45.8%
    test_cross_env            (OOD)     KNN=28.9% LP=41.0%
    test_cross_user           (OOD)     KNN=44.5% LP=48.4%
  Layer 6:
    test_id                   (in-dist) KNN=95.1% LP=60.0%
    test_cross_device         (OOD)     KNN=32.7% LP=43.7%
    test_cross_env            (OOD)     KNN=31.4% LP=35.8%
    test_cross_user           (OOD)     KNN=46.7% LP=49.4%

Epoch 160/300 | loss=0.1158 | best=0.1158 | lr=6.72e-05
Epoch 170/300 | loss=0.1157 | best=0.1155 | lr=5.94e-05
Epoch 180/300 | loss=0.1154 | best=0.1154 | lr=5.18e-05
Epoch 190/300 | loss=0.1153 | best=0.1151 | lr=4.45e-05
Epoch 200/300 | loss=0.1150 | best=0.1150 | lr=3.75e-05

--- Eval at epoch 200 ---
  Layer 1:
    test_id                   (in-dist) KNN=93.3% LP=51.7%
    test_cross_device         (OOD)     KNN=22.2% LP=50.0%
    test_cross_env            (OOD)     KNN=33.3% LP=46.7%
    test_cross_user           (OOD)     KNN=43.6% LP=50.2%
  Layer 3:
    test_id                   (in-dist) KNN=94.8% LP=55.8%
    test_cross_device         (OOD)     KNN=24.7% LP=46.8%
    test_cross_env            (OOD)     KNN=28.7% LP=41.1%
    test_cross_user           (OOD)     KNN=44.2% LP=48.3%
  Layer 6:
    test_id                   (in-dist) KNN=95.3% LP=60.4%
    test_cross_device         (OOD)     KNN=32.1% LP=41.3%
    test_cross_env            (OOD)     KNN=32.4% LP=34.8%
    test_cross_user           (OOD)     KNN=46.2% LP=48.7%

Epoch 210/300 | loss=0.1150 | best=0.1149 | lr=3.09e-05
Epoch 220/300 | loss=0.1147 | best=0.1147 | lr=2.48e-05
Epoch 230/300 | loss=0.1145 | best=0.1145 | lr=1.93e-05
Epoch 240/300 | loss=0.1146 | best=0.1144 | lr=1.43e-05
Epoch 250/300 | loss=0.1145 | best=0.1144 | lr=1.00e-05

--- Eval at epoch 250 ---
  Layer 1:
    test_id                   (in-dist) KNN=93.3% LP=51.6%
    test_cross_device         (OOD)     KNN=22.0% LP=50.0%
    test_cross_env            (OOD)     KNN=33.3% LP=46.6%
    test_cross_user           (OOD)     KNN=43.4% LP=50.3%
  Layer 3:
    test_id                   (in-dist) KNN=95.0% LP=56.0%
    test_cross_device         (OOD)     KNN=24.3% LP=47.2%
    test_cross_env            (OOD)     KNN=28.4% LP=41.2%
    test_cross_user           (OOD)     KNN=44.3% LP=48.0%
  Layer 6:
    test_id                   (in-dist) KNN=95.4% LP=60.5%
    test_cross_device         (OOD)     KNN=32.0% LP=40.1%
    test_cross_env            (OOD)     KNN=31.8% LP=35.5%
    test_cross_user           (OOD)     KNN=46.4% LP=47.9%

Epoch 260/300 | loss=0.1143 | best=0.1143 | lr=6.48e-06
Epoch 270/300 | loss=0.1143 | best=0.1143 | lr=3.67e-06
Epoch 280/300 | loss=0.1143 | best=0.1143 | lr=1.64e-06
Epoch 290/300 | loss=0.1143 | best=0.1142 | lr=4.11e-07
Epoch 300/300 | loss=0.1143 | best=0.1142 | lr=0.00e+00

--- Eval at epoch 300 ---
  Layer 1:
    test_id                   (in-dist) KNN=93.4% LP=51.5%
    test_cross_device         (OOD)     KNN=21.9% LP=49.5%
    test_cross_env            (OOD)     KNN=33.5% LP=46.6%
    test_cross_user           (OOD)     KNN=43.4% LP=50.0%
  Layer 3:
    test_id                   (in-dist) KNN=95.0% LP=55.9%
    test_cross_device         (OOD)     KNN=24.4% LP=46.7%
    test_cross_env            (OOD)     KNN=28.8% LP=41.2%
    test_cross_user           (OOD)     KNN=44.3% LP=48.1%
  Layer 6:
    test_id                   (in-dist) KNN=95.3% LP=60.6%
    test_cross_device         (OOD)     KNN=32.0% LP=39.5%
    test_cross_env            (OOD)     KNN=31.3% LP=35.4%
    test_cross_user           (OOD)     KNN=46.3% LP=47.7%


Done. Best pretrain loss: 0.1142
Results: /home/zhuzih19/csi-project/csi-fall-detection/results/mae_har/mae_har_ep300_mask0.75_strategytime_ph29pw25_seed43_enc12_dim128_bs128.json
Checkpoint: /home/zhuzih19/csi-project/csi-fall-detection/checkpoints/mae_har/mae_har_ep300_mask0.75_strategytime_ph29pw25_seed43_enc12_dim128_bs128_best.pt
