
Experiment: mae_har_ep300_mask0.5_strategyrandom_ph29pw25_seed42_enc12_dim128_bs128
label_map: {'jumping': 0, 'running': 1, 'seated-breathing': 2, 'walking': 3, 'wavinghand': 4}  num_classes: 5
  test_id: 4602 samples
  test_cross_device: 9631 samples
  test_cross_env: 6650 samples
  test_cross_user: 12109 samples
MAE params: 2,658,709
Epoch 010/300 | loss=0.2316 | best=0.2316 | lr=1.50e-04
Epoch 020/300 | loss=0.1545 | best=0.1545 | lr=1.48e-04
Epoch 030/300 | loss=0.1317 | best=0.1317 | lr=1.46e-04
Epoch 040/300 | loss=0.1254 | best=0.1254 | lr=1.44e-04
Epoch 050/300 | loss=0.1225 | best=0.1225 | lr=1.40e-04

--- Eval at epoch 50 ---
  Layer 1:
    test_id                   (in-dist) KNN=93.0% LP=52.2%
    test_cross_device         (OOD)     KNN=26.8% LP=51.6%
    test_cross_env            (OOD)     KNN=43.1% LP=47.1%
    test_cross_user           (OOD)     KNN=46.1% LP=50.3%
  Layer 3:
    test_id                   (in-dist) KNN=94.4% LP=54.0%
    test_cross_device         (OOD)     KNN=29.9% LP=51.7%
    test_cross_env            (OOD)     KNN=38.0% LP=47.1%
    test_cross_user           (OOD)     KNN=45.1% LP=49.7%
  Layer 6:
    test_id                   (in-dist) KNN=94.9% LP=55.1%
    test_cross_device         (OOD)     KNN=24.3% LP=45.4%
    test_cross_env            (OOD)     KNN=37.5% LP=46.8%
    test_cross_user           (OOD)     KNN=43.5% LP=48.0%
  Layer 9:
    test_id                   (in-dist) KNN=95.0% LP=55.1%
    test_cross_device         (OOD)     KNN=30.3% LP=36.0%
    test_cross_env            (OOD)     KNN=39.0% LP=40.8%
    test_cross_user           (OOD)     KNN=43.8% LP=37.4%
  Layer 12:
    test_id                   (in-dist) KNN=94.9% LP=54.5%
    test_cross_device         (OOD)     KNN=31.9% LP=41.6%
    test_cross_env            (OOD)     KNN=37.3% LP=50.6%
    test_cross_user           (OOD)     KNN=45.1% LP=41.1%

Epoch 060/300 | loss=0.1208 | best=0.1208 | lr=1.36e-04
Epoch 070/300 | loss=0.1194 | best=0.1193 | lr=1.31e-04
Epoch 080/300 | loss=0.1185 | best=0.1185 | lr=1.25e-04
Epoch 090/300 | loss=0.1182 | best=0.1181 | lr=1.19e-04
Epoch 100/300 | loss=0.1177 | best=0.1176 | lr=1.12e-04

--- Eval at epoch 100 ---
  Layer 1:
    test_id                   (in-dist) KNN=93.1% LP=52.0%
    test_cross_device         (OOD)     KNN=23.4% LP=51.3%
    test_cross_env            (OOD)     KNN=44.8% LP=47.7%
    test_cross_user           (OOD)     KNN=44.8% LP=50.4%
  Layer 3:
    test_id                   (in-dist) KNN=94.8% LP=53.9%
    test_cross_device         (OOD)     KNN=24.9% LP=50.8%
    test_cross_env            (OOD)     KNN=35.6% LP=47.1%
    test_cross_user           (OOD)     KNN=42.9% LP=49.8%
  Layer 6:
    test_id                   (in-dist) KNN=95.1% LP=57.8%
    test_cross_device         (OOD)     KNN=25.5% LP=43.9%
    test_cross_env            (OOD)     KNN=34.3% LP=42.5%
    test_cross_user           (OOD)     KNN=43.6% LP=47.1%
  Layer 9:
    test_id                   (in-dist) KNN=95.2% LP=57.1%
    test_cross_device         (OOD)     KNN=34.8% LP=32.7%
    test_cross_env            (OOD)     KNN=39.3% LP=42.2%
    test_cross_user           (OOD)     KNN=47.1% LP=40.7%
  Layer 12:
    test_id                   (in-dist) KNN=95.3% LP=55.9%
    test_cross_device         (OOD)     KNN=33.8% LP=36.0%
    test_cross_env            (OOD)     KNN=36.6% LP=41.0%
    test_cross_user           (OOD)     KNN=47.1% LP=42.6%

Epoch 110/300 | loss=0.1174 | best=0.1173 | lr=1.06e-04
Epoch 120/300 | loss=0.1170 | best=0.1170 | lr=9.82e-05
Epoch 130/300 | loss=0.1168 | best=0.1168 | lr=9.06e-05
Epoch 140/300 | loss=0.1167 | best=0.1166 | lr=8.28e-05
Epoch 150/300 | loss=0.1165 | best=0.1164 | lr=7.50e-05

--- Eval at epoch 150 ---
  Layer 1:
    test_id                   (in-dist) KNN=93.1% LP=52.1%
    test_cross_device         (OOD)     KNN=23.3% LP=50.7%
    test_cross_env            (OOD)     KNN=42.8% LP=47.0%
    test_cross_user           (OOD)     KNN=43.9% LP=50.5%
  Layer 3:
    test_id                   (in-dist) KNN=94.8% LP=54.0%
    test_cross_device         (OOD)     KNN=24.4% LP=48.9%
    test_cross_env            (OOD)     KNN=36.6% LP=47.7%
    test_cross_user           (OOD)     KNN=42.3% LP=50.0%
  Layer 6:
    test_id                   (in-dist) KNN=95.1% LP=58.2%
    test_cross_device         (OOD)     KNN=26.7% LP=43.2%
    test_cross_env            (OOD)     KNN=32.2% LP=39.5%
    test_cross_user           (OOD)     KNN=43.8% LP=47.3%
  Layer 9:
    test_id                   (in-dist) KNN=95.2% LP=58.1%
    test_cross_device         (OOD)     KNN=37.8% LP=30.9%
    test_cross_env            (OOD)     KNN=39.7% LP=39.9%
    test_cross_user           (OOD)     KNN=47.7% LP=37.3%
  Layer 12:
    test_id                   (in-dist) KNN=95.3% LP=56.7%
    test_cross_device         (OOD)     KNN=36.7% LP=33.5%
    test_cross_env            (OOD)     KNN=36.0% LP=40.3%
    test_cross_user           (OOD)     KNN=48.1% LP=44.1%

Epoch 160/300 | loss=0.1163 | best=0.1162 | lr=6.72e-05
Epoch 170/300 | loss=0.1162 | best=0.1161 | lr=5.94e-05
Epoch 180/300 | loss=0.1161 | best=0.1160 | lr=5.18e-05
Epoch 190/300 | loss=0.1159 | best=0.1158 | lr=4.45e-05
Epoch 200/300 | loss=0.1158 | best=0.1156 | lr=3.75e-05

--- Eval at epoch 200 ---
  Layer 1:
    test_id                   (in-dist) KNN=93.1% LP=51.9%
    test_cross_device         (OOD)     KNN=23.4% LP=50.7%
    test_cross_env            (OOD)     KNN=42.1% LP=47.0%
    test_cross_user           (OOD)     KNN=43.7% LP=50.8%
  Layer 3:
    test_id                   (in-dist) KNN=94.9% LP=53.9%
    test_cross_device         (OOD)     KNN=23.6% LP=49.2%
    test_cross_env            (OOD)     KNN=36.9% LP=47.9%
    test_cross_user           (OOD)     KNN=41.7% LP=49.5%
  Layer 6:
    test_id                   (in-dist) KNN=95.4% LP=58.6%
    test_cross_device         (OOD)     KNN=25.6% LP=40.9%
    test_cross_env            (OOD)     KNN=33.5% LP=40.4%
    test_cross_user           (OOD)     KNN=43.2% LP=47.0%
  Layer 9:
    test_id                   (in-dist) KNN=95.3% LP=58.3%
    test_cross_device         (OOD)     KNN=37.6% LP=31.1%
    test_cross_env            (OOD)     KNN=39.6% LP=41.2%
    test_cross_user           (OOD)     KNN=47.6% LP=36.9%
  Layer 12:
    test_id                   (in-dist) KNN=95.3% LP=57.0%
    test_cross_device         (OOD)     KNN=36.2% LP=31.1%
    test_cross_env            (OOD)     KNN=36.1% LP=41.3%
    test_cross_user           (OOD)     KNN=48.0% LP=42.6%

Epoch 210/300 | loss=0.1157 | best=0.1155 | lr=3.09e-05
Epoch 220/300 | loss=0.1155 | best=0.1155 | lr=2.48e-05
Epoch 230/300 | loss=0.1153 | best=0.1153 | lr=1.93e-05
Epoch 240/300 | loss=0.1155 | best=0.1153 | lr=1.43e-05
Epoch 250/300 | loss=0.1153 | best=0.1153 | lr=1.00e-05

--- Eval at epoch 250 ---
  Layer 1:
    test_id                   (in-dist) KNN=93.1% LP=52.0%
    test_cross_device         (OOD)     KNN=23.2% LP=50.6%
    test_cross_env            (OOD)     KNN=42.0% LP=47.2%
    test_cross_user           (OOD)     KNN=44.0% LP=50.1%
  Layer 3:
    test_id                   (in-dist) KNN=95.0% LP=53.8%
    test_cross_device         (OOD)     KNN=24.2% LP=49.2%
    test_cross_env            (OOD)     KNN=37.0% LP=48.8%
    test_cross_user           (OOD)     KNN=41.9% LP=49.3%
  Layer 6:
    test_id                   (in-dist) KNN=95.3% LP=58.5%
    test_cross_device         (OOD)     KNN=26.4% LP=41.7%
    test_cross_env            (OOD)     KNN=34.3% LP=39.6%
    test_cross_user           (OOD)     KNN=43.5% LP=46.9%
  Layer 9:
    test_id                   (in-dist) KNN=95.3% LP=58.4%
    test_cross_device         (OOD)     KNN=37.2% LP=32.0%
    test_cross_env            (OOD)     KNN=39.3% LP=41.0%
    test_cross_user           (OOD)     KNN=47.5% LP=36.5%
  Layer 12:
    test_id                   (in-dist) KNN=95.3% LP=57.0%
    test_cross_device         (OOD)     KNN=35.5% LP=33.2%
    test_cross_env            (OOD)     KNN=36.3% LP=42.4%
    test_cross_user           (OOD)     KNN=47.5% LP=43.2%

Epoch 260/300 | loss=0.1152 | best=0.1151 | lr=6.48e-06
Epoch 270/300 | loss=0.1153 | best=0.1151 | lr=3.67e-06
Epoch 280/300 | loss=0.1153 | best=0.1151 | lr=1.64e-06
Epoch 290/300 | loss=0.1152 | best=0.1151 | lr=4.11e-07
Epoch 300/300 | loss=0.1152 | best=0.1151 | lr=0.00e+00

--- Eval at epoch 300 ---
  Layer 1:
    test_id                   (in-dist) KNN=93.2% LP=52.0%
    test_cross_device         (OOD)     KNN=22.7% LP=50.7%
    test_cross_env            (OOD)     KNN=41.9% LP=46.6%
    test_cross_user           (OOD)     KNN=43.7% LP=50.3%
  Layer 3:
    test_id                   (in-dist) KNN=95.0% LP=54.0%
    test_cross_device         (OOD)     KNN=23.6% LP=49.4%
    test_cross_env            (OOD)     KNN=36.9% LP=48.7%
    test_cross_user           (OOD)     KNN=41.6% LP=49.2%
  Layer 6:
    test_id                   (in-dist) KNN=95.3% LP=58.7%
    test_cross_device         (OOD)     KNN=26.1% LP=41.2%
    test_cross_env            (OOD)     KNN=34.5% LP=40.3%
    test_cross_user           (OOD)     KNN=43.2% LP=47.5%
  Layer 9:
    test_id                   (in-dist) KNN=95.3% LP=58.4%
    test_cross_device         (OOD)     KNN=37.0% LP=31.6%
    test_cross_env            (OOD)     KNN=39.5% LP=41.9%
    test_cross_user           (OOD)     KNN=47.4% LP=36.5%
  Layer 12:
    test_id                   (in-dist) KNN=95.4% LP=56.9%
    test_cross_device         (OOD)     KNN=35.3% LP=31.5%
    test_cross_env            (OOD)     KNN=36.3% LP=42.3%
    test_cross_user           (OOD)     KNN=47.4% LP=43.5%


Done. Best pretrain loss: 0.1151
Results: /home/zhuzih19/csi-project/csi-fall-detection/results/mae_har/mae_har_ep300_mask0.5_strategyrandom_ph29pw25_seed42_enc12_dim128_bs128.json
Checkpoint: /home/zhuzih19/csi-project/csi-fall-detection/checkpoints/mae_har/mae_har_ep300_mask0.5_strategyrandom_ph29pw25_seed42_enc12_dim128_bs128_best.pt
