nohup: ignoring input
Starting: mae_ep200_mask0.75_dec64_bs32
Epoch 001/200 | Loss: 0.9898 | Best: 0.9898
Epoch 050/200 | Loss: 0.2510 | Best: 0.2510
Epoch 100/200 | Loss: 0.2304 | Best: 0.2304
Epoch 150/200 | Loss: 0.2239 | Best: 0.2239
Epoch 200/200 | Loss: 0.2222 | Best: 0.2222

Running KNN evaluation...

-- KNN on val --
Extracting train features...
Extracting test features...
  Layer  1  k= 5  →  0.794
  Layer  1  k=10  →  0.775
  Layer  1  k=20  →  0.732
  Layer  4  k= 5  →  0.781
  Layer  4  k=10  →  0.741
  Layer  4  k=20  →  0.714
  Layer  8  k= 5  →  0.792
  Layer  8  k=10  →  0.747
  Layer  8  k=20  →  0.724
  Layer 12  k= 5  →  0.768
  Layer 12  k=10  →  0.758
  Layer 12  k=20  →  0.723

-- KNN on test_easy --
Extracting train features...
Extracting test features...
  Layer  1  k= 5  →  0.729
  Layer  1  k=10  →  0.737
  Layer  1  k=20  →  0.726
  Layer  4  k= 5  →  0.763
  Layer  4  k=10  →  0.759
  Layer  4  k=20  →  0.740
  Layer  8  k= 5  →  0.739
  Layer  8  k=10  →  0.747
  Layer  8  k=20  →  0.736
  Layer 12  k= 5  →  0.729
  Layer 12  k=10  →  0.736
  Layer 12  k=20  →  0.723

-- KNN on test_hard --
Extracting train features...
Extracting test features...
  Layer  1  k= 5  →  0.652
  Layer  1  k=10  →  0.609
  Layer  1  k=20  →  0.594
  Layer  4  k= 5  →  0.710
  Layer  4  k=10  →  0.681
  Layer  4  k=20  →  0.638
  Layer  8  k= 5  →  0.580
  Layer  8  k=10  →  0.609
  Layer  8  k=20  →  0.609
  Layer 12  k= 5  →  0.609
  Layer 12  k=10  →  0.623
  Layer 12  k=20  →  0.623

Done! Results saved to results/mae_ep200_mask0.75_dec64_bs32.json
