
Experiment: mae_har_ep300_mask0.75_strategyrandom_ph13pw13_seed42_enc12_dim128_bs128
[patch-pad] patch_h=13, patch_w=13 do not evenly divide 232x500 -- zero-padding input to 234x507 (+2 subcarriers, +7 timesteps). num_patches=702 (n_h=18, n_w=39)
[mem-check] num_patches=702  batch_size=128  encoder_depth=12  attention-score memory: 0.94 GB/layer, 11.28 GB cumulative (all layers retained for backward)
label_map: {'jumping': 0, 'running': 1, 'seated-breathing': 2, 'walking': 3, 'wavinghand': 4}  num_classes: 5
  test_id: 4602 samples
  test_cross_device: 9631 samples
  test_cross_env: 6650 samples
  test_cross_user: 12109 samples
MAE params: 2,655,465
Epoch 010/300 | loss=0.2412 | best=0.2412 | lr=1.50e-04
Epoch 020/300 | loss=0.1630 | best=0.1630 | lr=1.48e-04
Epoch 030/300 | loss=0.1426 | best=0.1426 | lr=1.46e-04
Epoch 040/300 | loss=0.1355 | best=0.1355 | lr=1.44e-04
Epoch 050/300 | loss=0.1322 | best=0.1322 | lr=1.40e-04

--- Eval at epoch 50 ---
  Layer 1:
    test_id                   (in-dist) KNN=91.1% LP=52.8%
    test_cross_device         (OOD)     KNN=27.0% LP=50.9%
    test_cross_env            (OOD)     KNN=40.5% LP=48.8%
    test_cross_user           (OOD)     KNN=48.8% LP=49.9%
  Layer 3:
    test_id                   (in-dist) KNN=93.8% LP=54.7%
    test_cross_device         (OOD)     KNN=27.6% LP=50.5%
    test_cross_env            (OOD)     KNN=37.4% LP=45.8%
    test_cross_user           (OOD)     KNN=46.9% LP=50.7%
  Layer 6:
    test_id                   (in-dist) KNN=95.1% LP=55.4%
    test_cross_device         (OOD)     KNN=29.6% LP=39.8%
    test_cross_env            (OOD)     KNN=40.7% LP=44.6%
    test_cross_user           (OOD)     KNN=45.9% LP=46.6%

Epoch 060/300 | loss=0.1302 | best=0.1302 | lr=1.36e-04
Epoch 070/300 | loss=0.1285 | best=0.1285 | lr=1.31e-04
Epoch 080/300 | loss=0.1266 | best=0.1266 | lr=1.25e-04
Epoch 090/300 | loss=0.1238 | best=0.1238 | lr=1.19e-04
Epoch 100/300 | loss=0.1226 | best=0.1226 | lr=1.12e-04

--- Eval at epoch 100 ---
  Layer 1:
    test_id                   (in-dist) KNN=91.5% LP=53.2%
    test_cross_device         (OOD)     KNN=29.2% LP=50.9%
    test_cross_env            (OOD)     KNN=36.0% LP=48.1%
    test_cross_user           (OOD)     KNN=49.6% LP=49.9%
  Layer 3:
    test_id                   (in-dist) KNN=93.6% LP=55.2%
    test_cross_device         (OOD)     KNN=28.9% LP=50.1%
    test_cross_env            (OOD)     KNN=36.6% LP=42.6%
    test_cross_user           (OOD)     KNN=46.2% LP=50.7%
  Layer 6:
    test_id                   (in-dist) KNN=94.6% LP=56.2%
    test_cross_device         (OOD)     KNN=31.6% LP=36.4%
    test_cross_env            (OOD)     KNN=40.3% LP=38.4%
    test_cross_user           (OOD)     KNN=46.9% LP=46.5%

Epoch 110/300 | loss=0.1192 | best=0.1192 | lr=1.06e-04
Epoch 120/300 | loss=0.1179 | best=0.1179 | lr=9.82e-05
Epoch 130/300 | loss=0.1174 | best=0.1174 | lr=9.06e-05
Epoch 140/300 | loss=0.1171 | best=0.1171 | lr=8.28e-05
Epoch 150/300 | loss=0.1168 | best=0.1168 | lr=7.50e-05

--- Eval at epoch 150 ---
  Layer 1:
    test_id                   (in-dist) KNN=91.2% LP=53.1%
    test_cross_device         (OOD)     KNN=29.9% LP=50.9%
    test_cross_env            (OOD)     KNN=37.1% LP=47.8%
    test_cross_user           (OOD)     KNN=49.9% LP=50.2%
  Layer 3:
    test_id                   (in-dist) KNN=93.5% LP=55.2%
    test_cross_device         (OOD)     KNN=30.5% LP=49.8%
    test_cross_env            (OOD)     KNN=38.6% LP=46.0%
    test_cross_user           (OOD)     KNN=45.6% LP=50.6%
  Layer 6:
    test_id                   (in-dist) KNN=94.6% LP=57.3%
    test_cross_device         (OOD)     KNN=32.0% LP=32.7%
    test_cross_env            (OOD)     KNN=39.3% LP=38.8%
    test_cross_user           (OOD)     KNN=45.5% LP=47.1%

Epoch 160/300 | loss=0.1166 | best=0.1166 | lr=6.72e-05
Epoch 170/300 | loss=0.1164 | best=0.1164 | lr=5.94e-05
Epoch 180/300 | loss=0.1163 | best=0.1162 | lr=5.18e-05
Epoch 190/300 | loss=0.1161 | best=0.1160 | lr=4.45e-05
Epoch 200/300 | loss=0.1160 | best=0.1160 | lr=3.75e-05

--- Eval at epoch 200 ---
  Layer 1:
    test_id                   (in-dist) KNN=91.3% LP=53.4%
    test_cross_device         (OOD)     KNN=30.7% LP=50.9%
    test_cross_env            (OOD)     KNN=36.3% LP=46.9%
    test_cross_user           (OOD)     KNN=49.7% LP=50.0%
  Layer 3:
    test_id                   (in-dist) KNN=93.7% LP=55.4%
    test_cross_device         (OOD)     KNN=30.9% LP=50.2%
    test_cross_env            (OOD)     KNN=38.5% LP=45.4%
    test_cross_user           (OOD)     KNN=45.9% LP=50.5%
  Layer 6:
    test_id                   (in-dist) KNN=94.6% LP=56.9%
    test_cross_device         (OOD)     KNN=31.3% LP=29.9%
    test_cross_env            (OOD)     KNN=38.2% LP=39.1%
    test_cross_user           (OOD)     KNN=45.8% LP=46.2%

Epoch 210/300 | loss=0.1158 | best=0.1158 | lr=3.09e-05
Epoch 220/300 | loss=0.1157 | best=0.1157 | lr=2.48e-05
Epoch 230/300 | loss=0.1157 | best=0.1157 | lr=1.93e-05
Epoch 240/300 | loss=0.1156 | best=0.1156 | lr=1.43e-05
Epoch 250/300 | loss=0.1155 | best=0.1155 | lr=1.00e-05

--- Eval at epoch 250 ---
  Layer 1:
    test_id                   (in-dist) KNN=91.3% LP=53.4%
    test_cross_device         (OOD)     KNN=30.8% LP=50.9%
    test_cross_env            (OOD)     KNN=36.6% LP=46.1%
    test_cross_user           (OOD)     KNN=49.8% LP=50.1%
  Layer 3:
    test_id                   (in-dist) KNN=93.6% LP=55.5%
    test_cross_device         (OOD)     KNN=30.2% LP=51.1%
    test_cross_env            (OOD)     KNN=38.8% LP=45.4%
    test_cross_user           (OOD)     KNN=45.8% LP=50.5%
  Layer 6:
    test_id                   (in-dist) KNN=94.7% LP=57.2%
    test_cross_device         (OOD)     KNN=32.4% LP=31.2%
    test_cross_env            (OOD)     KNN=38.8% LP=41.1%
    test_cross_user           (OOD)     KNN=45.8% LP=47.1%

Epoch 260/300 | loss=0.1155 | best=0.1155 | lr=6.48e-06
Epoch 270/300 | loss=0.1155 | best=0.1154 | lr=3.67e-06
Epoch 280/300 | loss=0.1155 | best=0.1154 | lr=1.64e-06
Epoch 290/300 | loss=0.1155 | best=0.1154 | lr=4.11e-07
Epoch 300/300 | loss=0.1154 | best=0.1154 | lr=0.00e+00

--- Eval at epoch 300 ---
  Layer 1:
    test_id                   (in-dist) KNN=91.3% LP=53.6%
    test_cross_device         (OOD)     KNN=30.9% LP=50.9%
    test_cross_env            (OOD)     KNN=36.6% LP=47.6%
    test_cross_user           (OOD)     KNN=49.8% LP=50.1%
  Layer 3:
    test_id                   (in-dist) KNN=93.7% LP=55.5%
    test_cross_device         (OOD)     KNN=30.2% LP=51.3%
    test_cross_env            (OOD)     KNN=38.2% LP=45.5%
    test_cross_user           (OOD)     KNN=45.8% LP=50.6%
  Layer 6:
    test_id                   (in-dist) KNN=94.7% LP=57.2%
    test_cross_device         (OOD)     KNN=32.9% LP=30.3%
    test_cross_env            (OOD)     KNN=38.4% LP=40.8%
    test_cross_user           (OOD)     KNN=45.8% LP=46.3%


Done. Best pretrain loss: 0.1154
Results: /home/zhuzih19/csi-project/csi-fall-detection/results/mae_har/mae_har_ep300_mask0.75_strategyrandom_ph13pw13_seed42_enc12_dim128_bs128.json
Checkpoint: /home/zhuzih19/csi-project/csi-fall-detection/checkpoints/mae_har/mae_har_ep300_mask0.75_strategyrandom_ph13pw13_seed42_enc12_dim128_bs128_best.pt
