
Experiment: mae_har_ep300_mask0.5_strategyrandom_ph29pw25_seed43_enc12_dim128_bs128
label_map: {'jumping': 0, 'running': 1, 'seated-breathing': 2, 'walking': 3, 'wavinghand': 4}  num_classes: 5
  test_id: 4602 samples
  test_cross_device: 9631 samples
  test_cross_env: 6650 samples
  test_cross_user: 12109 samples
MAE params: 2,658,709
Epoch 010/300 | loss=0.1961 | best=0.1961 | lr=1.50e-04
Epoch 020/300 | loss=0.1440 | best=0.1440 | lr=1.48e-04
Epoch 030/300 | loss=0.1286 | best=0.1286 | lr=1.46e-04
Epoch 040/300 | loss=0.1238 | best=0.1238 | lr=1.44e-04
Epoch 050/300 | loss=0.1210 | best=0.1210 | lr=1.40e-04

--- Eval at epoch 50 ---
  Layer 1:
    test_id                   (in-dist) KNN=93.9% LP=52.0%
    test_cross_device         (OOD)     KNN=25.2% LP=51.0%
    test_cross_env            (OOD)     KNN=36.9% LP=47.4%
    test_cross_user           (OOD)     KNN=42.7% LP=49.0%
  Layer 3:
    test_id                   (in-dist) KNN=94.7% LP=54.0%
    test_cross_device         (OOD)     KNN=30.5% LP=48.3%
    test_cross_env            (OOD)     KNN=31.9% LP=47.1%
    test_cross_user           (OOD)     KNN=47.1% LP=50.7%
  Layer 6:
    test_id                   (in-dist) KNN=95.4% LP=55.3%
    test_cross_device         (OOD)     KNN=33.6% LP=45.4%
    test_cross_env            (OOD)     KNN=32.2% LP=41.5%
    test_cross_user           (OOD)     KNN=49.4% LP=51.4%
  Layer 9:
    test_id                   (in-dist) KNN=95.1% LP=54.5%
    test_cross_device         (OOD)     KNN=33.8% LP=46.2%
    test_cross_env            (OOD)     KNN=33.0% LP=38.6%
    test_cross_user           (OOD)     KNN=49.7% LP=50.2%
  Layer 12:
    test_id                   (in-dist) KNN=94.7% LP=55.0%
    test_cross_device         (OOD)     KNN=34.2% LP=40.7%
    test_cross_env            (OOD)     KNN=35.7% LP=40.3%
    test_cross_user           (OOD)     KNN=48.8% LP=49.2%

Epoch 060/300 | loss=0.1196 | best=0.1196 | lr=1.36e-04
Epoch 070/300 | loss=0.1185 | best=0.1185 | lr=1.31e-04
Epoch 080/300 | loss=0.1181 | best=0.1181 | lr=1.25e-04
Epoch 090/300 | loss=0.1177 | best=0.1176 | lr=1.19e-04
Epoch 100/300 | loss=0.1172 | best=0.1172 | lr=1.12e-04

--- Eval at epoch 100 ---
  Layer 1:
    test_id                   (in-dist) KNN=93.9% LP=52.2%
    test_cross_device         (OOD)     KNN=25.7% LP=50.8%
    test_cross_env            (OOD)     KNN=34.3% LP=46.6%
    test_cross_user           (OOD)     KNN=42.4% LP=48.5%
  Layer 3:
    test_id                   (in-dist) KNN=94.7% LP=54.2%
    test_cross_device         (OOD)     KNN=28.1% LP=48.5%
    test_cross_env            (OOD)     KNN=34.5% LP=44.9%
    test_cross_user           (OOD)     KNN=46.2% LP=50.3%
  Layer 6:
    test_id                   (in-dist) KNN=95.1% LP=56.4%
    test_cross_device         (OOD)     KNN=32.5% LP=43.7%
    test_cross_env            (OOD)     KNN=31.0% LP=33.3%
    test_cross_user           (OOD)     KNN=49.9% LP=50.8%
  Layer 9:
    test_id                   (in-dist) KNN=95.2% LP=57.3%
    test_cross_device         (OOD)     KNN=31.9% LP=47.6%
    test_cross_env            (OOD)     KNN=30.7% LP=39.5%
    test_cross_user           (OOD)     KNN=48.1% LP=46.6%
  Layer 12:
    test_id                   (in-dist) KNN=95.0% LP=56.0%
    test_cross_device         (OOD)     KNN=34.0% LP=47.9%
    test_cross_env            (OOD)     KNN=32.0% LP=40.7%
    test_cross_user           (OOD)     KNN=47.5% LP=49.4%

Epoch 110/300 | loss=0.1171 | best=0.1170 | lr=1.06e-04
Epoch 120/300 | loss=0.1168 | best=0.1167 | lr=9.82e-05
Epoch 130/300 | loss=0.1166 | best=0.1166 | lr=9.06e-05
Epoch 140/300 | loss=0.1163 | best=0.1163 | lr=8.28e-05
Epoch 150/300 | loss=0.1162 | best=0.1162 | lr=7.50e-05

--- Eval at epoch 150 ---
  Layer 1:
    test_id                   (in-dist) KNN=93.8% LP=52.2%
    test_cross_device         (OOD)     KNN=25.3% LP=50.8%
    test_cross_env            (OOD)     KNN=34.0% LP=46.9%
    test_cross_user           (OOD)     KNN=42.5% LP=49.3%
  Layer 3:
    test_id                   (in-dist) KNN=95.0% LP=54.7%
    test_cross_device         (OOD)     KNN=28.0% LP=48.5%
    test_cross_env            (OOD)     KNN=33.8% LP=42.9%
    test_cross_user           (OOD)     KNN=46.1% LP=49.9%
  Layer 6:
    test_id                   (in-dist) KNN=95.4% LP=57.6%
    test_cross_device         (OOD)     KNN=31.3% LP=46.9%
    test_cross_env            (OOD)     KNN=32.1% LP=34.8%
    test_cross_user           (OOD)     KNN=49.5% LP=50.4%
  Layer 9:
    test_id                   (in-dist) KNN=95.2% LP=59.3%
    test_cross_device         (OOD)     KNN=30.5% LP=46.3%
    test_cross_env            (OOD)     KNN=32.3% LP=37.6%
    test_cross_user           (OOD)     KNN=47.0% LP=45.3%
  Layer 12:
    test_id                   (in-dist) KNN=94.9% LP=56.5%
    test_cross_device         (OOD)     KNN=33.9% LP=46.5%
    test_cross_env            (OOD)     KNN=32.8% LP=37.7%
    test_cross_user           (OOD)     KNN=46.4% LP=46.8%

Epoch 160/300 | loss=0.1160 | best=0.1160 | lr=6.72e-05
Epoch 170/300 | loss=0.1159 | best=0.1157 | lr=5.94e-05
Epoch 180/300 | loss=0.1157 | best=0.1157 | lr=5.18e-05
Epoch 190/300 | loss=0.1156 | best=0.1156 | lr=4.45e-05
Epoch 200/300 | loss=0.1156 | best=0.1153 | lr=3.75e-05

--- Eval at epoch 200 ---
  Layer 1:
    test_id                   (in-dist) KNN=93.8% LP=52.2%
    test_cross_device         (OOD)     KNN=25.1% LP=50.9%
    test_cross_env            (OOD)     KNN=34.0% LP=45.7%
    test_cross_user           (OOD)     KNN=42.5% LP=49.6%
  Layer 3:
    test_id                   (in-dist) KNN=94.9% LP=54.8%
    test_cross_device         (OOD)     KNN=29.4% LP=48.5%
    test_cross_env            (OOD)     KNN=34.1% LP=44.5%
    test_cross_user           (OOD)     KNN=46.2% LP=49.9%
  Layer 6:
    test_id                   (in-dist) KNN=95.3% LP=58.1%
    test_cross_device         (OOD)     KNN=31.0% LP=47.1%
    test_cross_env            (OOD)     KNN=31.8% LP=34.7%
    test_cross_user           (OOD)     KNN=49.8% LP=50.7%
  Layer 9:
    test_id                   (in-dist) KNN=95.2% LP=59.4%
    test_cross_device         (OOD)     KNN=31.0% LP=49.1%
    test_cross_env            (OOD)     KNN=33.1% LP=39.1%
    test_cross_user           (OOD)     KNN=46.7% LP=46.4%
  Layer 12:
    test_id                   (in-dist) KNN=94.8% LP=57.1%
    test_cross_device         (OOD)     KNN=33.1% LP=47.1%
    test_cross_env            (OOD)     KNN=32.6% LP=38.9%
    test_cross_user           (OOD)     KNN=46.3% LP=47.8%

Epoch 210/300 | loss=0.1154 | best=0.1153 | lr=3.09e-05
Epoch 220/300 | loss=0.1154 | best=0.1153 | lr=2.48e-05
Epoch 230/300 | loss=0.1152 | best=0.1151 | lr=1.93e-05
Epoch 240/300 | loss=0.1150 | best=0.1150 | lr=1.43e-05
Epoch 250/300 | loss=0.1150 | best=0.1149 | lr=1.00e-05

--- Eval at epoch 250 ---
  Layer 1:
    test_id                   (in-dist) KNN=93.9% LP=52.2%
    test_cross_device         (OOD)     KNN=24.7% LP=50.9%
    test_cross_env            (OOD)     KNN=34.1% LP=45.1%
    test_cross_user           (OOD)     KNN=42.5% LP=50.0%
  Layer 3:
    test_id                   (in-dist) KNN=94.9% LP=54.5%
    test_cross_device         (OOD)     KNN=28.6% LP=48.7%
    test_cross_env            (OOD)     KNN=34.1% LP=44.0%
    test_cross_user           (OOD)     KNN=46.0% LP=50.3%
  Layer 6:
    test_id                   (in-dist) KNN=95.2% LP=58.5%
    test_cross_device         (OOD)     KNN=30.6% LP=46.8%
    test_cross_env            (OOD)     KNN=31.8% LP=34.4%
    test_cross_user           (OOD)     KNN=49.7% LP=51.0%
  Layer 9:
    test_id                   (in-dist) KNN=95.2% LP=59.5%
    test_cross_device         (OOD)     KNN=30.8% LP=48.7%
    test_cross_env            (OOD)     KNN=32.4% LP=38.5%
    test_cross_user           (OOD)     KNN=46.7% LP=46.2%
  Layer 12:
    test_id                   (in-dist) KNN=94.8% LP=57.5%
    test_cross_device         (OOD)     KNN=31.3% LP=46.6%
    test_cross_env            (OOD)     KNN=32.8% LP=38.9%
    test_cross_user           (OOD)     KNN=46.0% LP=48.7%

Epoch 260/300 | loss=0.1149 | best=0.1149 | lr=6.48e-06
Epoch 270/300 | loss=0.1150 | best=0.1148 | lr=3.67e-06
Epoch 280/300 | loss=0.1149 | best=0.1148 | lr=1.64e-06
Epoch 290/300 | loss=0.1151 | best=0.1147 | lr=4.11e-07
Epoch 300/300 | loss=0.1149 | best=0.1147 | lr=0.00e+00

--- Eval at epoch 300 ---
  Layer 1:
    test_id                   (in-dist) KNN=94.0% LP=52.1%
    test_cross_device         (OOD)     KNN=24.7% LP=50.9%
    test_cross_env            (OOD)     KNN=34.2% LP=45.4%
    test_cross_user           (OOD)     KNN=42.5% LP=49.8%
  Layer 3:
    test_id                   (in-dist) KNN=94.9% LP=54.7%
    test_cross_device         (OOD)     KNN=28.7% LP=48.7%
    test_cross_env            (OOD)     KNN=34.6% LP=42.9%
    test_cross_user           (OOD)     KNN=46.1% LP=50.5%
  Layer 6:
    test_id                   (in-dist) KNN=95.2% LP=58.0%
    test_cross_device         (OOD)     KNN=31.2% LP=47.7%
    test_cross_env            (OOD)     KNN=32.0% LP=36.9%
    test_cross_user           (OOD)     KNN=49.7% LP=51.1%
  Layer 9:
    test_id                   (in-dist) KNN=95.2% LP=59.4%
    test_cross_device         (OOD)     KNN=31.5% LP=48.6%
    test_cross_env            (OOD)     KNN=32.6% LP=39.7%
    test_cross_user           (OOD)     KNN=46.6% LP=46.6%
  Layer 12:
    test_id                   (in-dist) KNN=94.7% LP=57.5%
    test_cross_device         (OOD)     KNN=30.7% LP=46.8%
    test_cross_env            (OOD)     KNN=32.6% LP=39.3%
    test_cross_user           (OOD)     KNN=45.9% LP=47.8%


Done. Best pretrain loss: 0.1147
Results: /home/zhuzih19/csi-project/csi-fall-detection/results/mae_har/mae_har_ep300_mask0.5_strategyrandom_ph29pw25_seed43_enc12_dim128_bs128.json
Checkpoint: /home/zhuzih19/csi-project/csi-fall-detection/checkpoints/mae_har/mae_har_ep300_mask0.5_strategyrandom_ph29pw25_seed43_enc12_dim128_bs128_best.pt
