
Experiment: mae_har_ep300_mask0.75_strategyrandom_ph29pw25_enc6_dim128_bs128
label_map: {'jumping': 0, 'running': 1, 'seated-breathing': 2, 'walking': 3, 'wavinghand': 4}  num_classes: 5
  test_id: 4602 samples
  test_cross_device: 9631 samples
  test_cross_env: 6650 samples
  test_cross_user: 12109 samples
MAE params: 1,469,077
Epoch 010/300 | loss=0.2249 | best=0.2249 | lr=1.50e-04
Epoch 020/300 | loss=0.1545 | best=0.1545 | lr=1.48e-04
Epoch 030/300 | loss=0.1353 | best=0.1353 | lr=1.46e-04
Epoch 040/300 | loss=0.1299 | best=0.1288 | lr=1.44e-04
Epoch 050/300 | loss=0.1257 | best=0.1257 | lr=1.40e-04

--- Eval at epoch 50 ---
  Layer 1:
    test_id                   (in-dist) KNN=94.2% LP=52.0%
    test_cross_device         (OOD)     KNN=23.2% LP=51.0%
    test_cross_env            (OOD)     KNN=36.5% LP=47.4%
    test_cross_user           (OOD)     KNN=43.4% LP=51.0%
  Layer 3:
    test_id                   (in-dist) KNN=95.1% LP=54.7%
    test_cross_device         (OOD)     KNN=19.7% LP=31.1%
    test_cross_env            (OOD)     KNN=35.0% LP=38.7%
    test_cross_user           (OOD)     KNN=40.8% LP=44.2%
  Layer 6:
    test_id                   (in-dist) KNN=94.9% LP=55.3%
    test_cross_device         (OOD)     KNN=22.8% LP=37.2%
    test_cross_env            (OOD)     KNN=42.6% LP=37.5%
    test_cross_user           (OOD)     KNN=44.3% LP=45.0%

Epoch 060/300 | loss=0.1240 | best=0.1240 | lr=1.36e-04
Epoch 070/300 | loss=0.1229 | best=0.1227 | lr=1.31e-04
Epoch 080/300 | loss=0.1215 | best=0.1214 | lr=1.25e-04
Epoch 090/300 | loss=0.1206 | best=0.1206 | lr=1.19e-04
Epoch 100/300 | loss=0.1200 | best=0.1200 | lr=1.12e-04

--- Eval at epoch 100 ---
  Layer 1:
    test_id                   (in-dist) KNN=94.2% LP=52.3%
    test_cross_device         (OOD)     KNN=22.9% LP=48.6%
    test_cross_env            (OOD)     KNN=36.6% LP=48.3%
    test_cross_user           (OOD)     KNN=43.1% LP=50.5%
  Layer 3:
    test_id                   (in-dist) KNN=94.9% LP=56.7%
    test_cross_device         (OOD)     KNN=19.4% LP=28.4%
    test_cross_env            (OOD)     KNN=34.7% LP=37.7%
    test_cross_user           (OOD)     KNN=41.5% LP=46.1%
  Layer 6:
    test_id                   (in-dist) KNN=95.1% LP=56.0%
    test_cross_device         (OOD)     KNN=25.8% LP=32.1%
    test_cross_env            (OOD)     KNN=35.9% LP=40.0%
    test_cross_user           (OOD)     KNN=43.5% LP=45.9%

Epoch 110/300 | loss=0.1195 | best=0.1194 | lr=1.06e-04
Epoch 120/300 | loss=0.1190 | best=0.1190 | lr=9.82e-05
Epoch 130/300 | loss=0.1186 | best=0.1186 | lr=9.06e-05
Epoch 140/300 | loss=0.1181 | best=0.1181 | lr=8.28e-05
Epoch 150/300 | loss=0.1180 | best=0.1180 | lr=7.50e-05

--- Eval at epoch 150 ---
  Layer 1:
    test_id                   (in-dist) KNN=94.1% LP=52.1%
    test_cross_device         (OOD)     KNN=23.9% LP=46.3%
    test_cross_env            (OOD)     KNN=36.6% LP=48.3%
    test_cross_user           (OOD)     KNN=43.5% LP=50.1%
  Layer 3:
    test_id                   (in-dist) KNN=95.1% LP=57.6%
    test_cross_device         (OOD)     KNN=21.8% LP=37.3%
    test_cross_env            (OOD)     KNN=34.9% LP=41.1%
    test_cross_user           (OOD)     KNN=41.6% LP=49.0%
  Layer 6:
    test_id                   (in-dist) KNN=95.0% LP=56.4%
    test_cross_device         (OOD)     KNN=26.0% LP=36.1%
    test_cross_env            (OOD)     KNN=33.7% LP=39.1%
    test_cross_user           (OOD)     KNN=43.0% LP=44.7%

Epoch 160/300 | loss=0.1178 | best=0.1178 | lr=6.72e-05
Epoch 170/300 | loss=0.1176 | best=0.1176 | lr=5.94e-05
Epoch 180/300 | loss=0.1174 | best=0.1174 | lr=5.18e-05
Epoch 190/300 | loss=0.1174 | best=0.1173 | lr=4.45e-05
Epoch 200/300 | loss=0.1172 | best=0.1172 | lr=3.75e-05

--- Eval at epoch 200 ---
  Layer 1:
    test_id                   (in-dist) KNN=94.1% LP=52.1%
    test_cross_device         (OOD)     KNN=24.5% LP=45.1%
    test_cross_env            (OOD)     KNN=36.8% LP=47.5%
    test_cross_user           (OOD)     KNN=43.7% LP=50.0%
  Layer 3:
    test_id                   (in-dist) KNN=95.2% LP=57.8%
    test_cross_device         (OOD)     KNN=24.6% LP=32.0%
    test_cross_env            (OOD)     KNN=33.7% LP=40.3%
    test_cross_user           (OOD)     KNN=42.6% LP=47.9%
  Layer 6:
    test_id                   (in-dist) KNN=95.1% LP=57.2%
    test_cross_device         (OOD)     KNN=27.4% LP=38.4%
    test_cross_env            (OOD)     KNN=31.6% LP=41.1%
    test_cross_user           (OOD)     KNN=43.1% LP=46.3%

Epoch 210/300 | loss=0.1172 | best=0.1171 | lr=3.09e-05
Epoch 220/300 | loss=0.1170 | best=0.1170 | lr=2.48e-05
Epoch 230/300 | loss=0.1170 | best=0.1168 | lr=1.93e-05
Epoch 240/300 | loss=0.1169 | best=0.1168 | lr=1.43e-05
Epoch 250/300 | loss=0.1168 | best=0.1167 | lr=1.00e-05

--- Eval at epoch 250 ---
  Layer 1:
    test_id                   (in-dist) KNN=94.2% LP=52.2%
    test_cross_device         (OOD)     KNN=25.1% LP=48.3%
    test_cross_env            (OOD)     KNN=37.1% LP=46.6%
    test_cross_user           (OOD)     KNN=43.7% LP=49.7%
  Layer 3:
    test_id                   (in-dist) KNN=95.3% LP=57.8%
    test_cross_device         (OOD)     KNN=24.2% LP=36.6%
    test_cross_env            (OOD)     KNN=34.3% LP=41.8%
    test_cross_user           (OOD)     KNN=42.6% LP=48.4%
  Layer 6:
    test_id                   (in-dist) KNN=95.1% LP=57.4%
    test_cross_device         (OOD)     KNN=27.9% LP=40.0%
    test_cross_env            (OOD)     KNN=30.9% LP=40.9%
    test_cross_user           (OOD)     KNN=43.7% LP=46.6%

Epoch 260/300 | loss=0.1168 | best=0.1167 | lr=6.48e-06
Epoch 270/300 | loss=0.1167 | best=0.1167 | lr=3.67e-06
Epoch 280/300 | loss=0.1167 | best=0.1166 | lr=1.64e-06
Epoch 290/300 | loss=0.1167 | best=0.1166 | lr=4.11e-07
Epoch 300/300 | loss=0.1167 | best=0.1166 | lr=0.00e+00

--- Eval at epoch 300 ---
  Layer 1:
    test_id                   (in-dist) KNN=94.2% LP=52.3%
    test_cross_device         (OOD)     KNN=25.1% LP=45.9%
    test_cross_env            (OOD)     KNN=37.1% LP=46.0%
    test_cross_user           (OOD)     KNN=43.8% LP=49.8%
  Layer 3:
    test_id                   (in-dist) KNN=95.3% LP=57.8%
    test_cross_device         (OOD)     KNN=24.0% LP=36.6%
    test_cross_env            (OOD)     KNN=34.3% LP=41.8%
    test_cross_user           (OOD)     KNN=42.7% LP=47.7%
  Layer 6:
    test_id                   (in-dist) KNN=95.0% LP=57.3%
    test_cross_device         (OOD)     KNN=27.7% LP=40.3%
    test_cross_env            (OOD)     KNN=30.9% LP=39.6%
    test_cross_user           (OOD)     KNN=43.8% LP=46.2%


Done. Best pretrain loss: 0.1166
Results: /home/zhuzih19/csi-project/csi-fall-detection/results/mae_har/mae_har_ep300_mask0.75_strategyrandom_ph29pw25_enc6_dim128_bs128.json
Checkpoint: /home/zhuzih19/csi-project/csi-fall-detection/checkpoints/mae_har/mae_har_ep300_mask0.75_strategyrandom_ph29pw25_enc6_dim128_bs128_best.pt
