
Experiment: mae_har_ep300_mask0.75_strategytime_ph29pw25_seed43_enc6_dim128_bs128
label_map: {'jumping': 0, 'running': 1, 'seated-breathing': 2, 'walking': 3, 'wavinghand': 4}  num_classes: 5
  test_id: 4602 samples
  test_cross_device: 9631 samples
  test_cross_env: 6650 samples
  test_cross_user: 12109 samples
MAE params: 1,469,077
Epoch 010/300 | loss=0.2222 | best=0.2222 | lr=1.50e-04
Epoch 020/300 | loss=0.1530 | best=0.1530 | lr=1.48e-04
Epoch 030/300 | loss=0.1351 | best=0.1351 | lr=1.46e-04
Epoch 040/300 | loss=0.1283 | best=0.1283 | lr=1.44e-04
Epoch 050/300 | loss=0.1257 | best=0.1257 | lr=1.40e-04

--- Eval at epoch 50 ---
  Layer 1:
    test_id                   (in-dist) KNN=94.1% LP=52.5%
    test_cross_device         (OOD)     KNN=27.3% LP=50.8%
    test_cross_env            (OOD)     KNN=34.2% LP=47.3%
    test_cross_user           (OOD)     KNN=46.3% LP=50.0%
  Layer 3:
    test_id                   (in-dist) KNN=95.4% LP=54.5%
    test_cross_device         (OOD)     KNN=25.7% LP=43.3%
    test_cross_env            (OOD)     KNN=35.4% LP=37.2%
    test_cross_user           (OOD)     KNN=46.1% LP=50.0%
  Layer 6:
    test_id                   (in-dist) KNN=95.4% LP=54.9%
    test_cross_device         (OOD)     KNN=22.9% LP=34.0%
    test_cross_env            (OOD)     KNN=38.6% LP=45.2%
    test_cross_user           (OOD)     KNN=42.3% LP=41.1%

Epoch 060/300 | loss=0.1237 | best=0.1237 | lr=1.36e-04
Epoch 070/300 | loss=0.1224 | best=0.1224 | lr=1.31e-04
Epoch 080/300 | loss=0.1212 | best=0.1212 | lr=1.25e-04
Epoch 090/300 | loss=0.1204 | best=0.1204 | lr=1.19e-04
Epoch 100/300 | loss=0.1196 | best=0.1196 | lr=1.12e-04

--- Eval at epoch 100 ---
  Layer 1:
    test_id                   (in-dist) KNN=93.9% LP=52.1%
    test_cross_device         (OOD)     KNN=28.0% LP=46.9%
    test_cross_env            (OOD)     KNN=33.9% LP=47.7%
    test_cross_user           (OOD)     KNN=46.0% LP=49.6%
  Layer 3:
    test_id                   (in-dist) KNN=95.2% LP=56.0%
    test_cross_device         (OOD)     KNN=33.5% LP=38.7%
    test_cross_env            (OOD)     KNN=34.2% LP=36.2%
    test_cross_user           (OOD)     KNN=47.2% LP=43.8%
  Layer 6:
    test_id                   (in-dist) KNN=95.1% LP=55.7%
    test_cross_device         (OOD)     KNN=30.6% LP=35.2%
    test_cross_env            (OOD)     KNN=37.4% LP=45.2%
    test_cross_user           (OOD)     KNN=44.9% LP=44.6%

Epoch 110/300 | loss=0.1189 | best=0.1189 | lr=1.06e-04
Epoch 120/300 | loss=0.1184 | best=0.1184 | lr=9.82e-05
Epoch 130/300 | loss=0.1180 | best=0.1180 | lr=9.06e-05
Epoch 140/300 | loss=0.1177 | best=0.1177 | lr=8.28e-05
Epoch 150/300 | loss=0.1173 | best=0.1173 | lr=7.50e-05

--- Eval at epoch 150 ---
  Layer 1:
    test_id                   (in-dist) KNN=93.9% LP=52.2%
    test_cross_device         (OOD)     KNN=28.0% LP=45.2%
    test_cross_env            (OOD)     KNN=35.5% LP=45.9%
    test_cross_user           (OOD)     KNN=45.4% LP=46.1%
  Layer 3:
    test_id                   (in-dist) KNN=95.1% LP=56.9%
    test_cross_device         (OOD)     KNN=35.0% LP=31.1%
    test_cross_env            (OOD)     KNN=33.9% LP=32.8%
    test_cross_user           (OOD)     KNN=47.8% LP=43.5%
  Layer 6:
    test_id                   (in-dist) KNN=95.5% LP=56.5%
    test_cross_device         (OOD)     KNN=28.8% LP=39.5%
    test_cross_env            (OOD)     KNN=38.5% LP=41.6%
    test_cross_user           (OOD)     KNN=43.8% LP=49.1%

Epoch 160/300 | loss=0.1170 | best=0.1170 | lr=6.72e-05
Epoch 170/300 | loss=0.1170 | best=0.1168 | lr=5.94e-05
Epoch 180/300 | loss=0.1167 | best=0.1167 | lr=5.18e-05
Epoch 190/300 | loss=0.1166 | best=0.1165 | lr=4.45e-05
Epoch 200/300 | loss=0.1164 | best=0.1163 | lr=3.75e-05

--- Eval at epoch 200 ---
  Layer 1:
    test_id                   (in-dist) KNN=93.9% LP=52.1%
    test_cross_device         (OOD)     KNN=28.5% LP=44.9%
    test_cross_env            (OOD)     KNN=36.1% LP=45.4%
    test_cross_user           (OOD)     KNN=45.3% LP=45.7%
  Layer 3:
    test_id                   (in-dist) KNN=95.2% LP=57.0%
    test_cross_device         (OOD)     KNN=36.6% LP=36.1%
    test_cross_env            (OOD)     KNN=32.8% LP=31.9%
    test_cross_user           (OOD)     KNN=48.5% LP=47.0%
  Layer 6:
    test_id                   (in-dist) KNN=95.3% LP=58.0%
    test_cross_device         (OOD)     KNN=28.9% LP=41.4%
    test_cross_env            (OOD)     KNN=36.7% LP=40.6%
    test_cross_user           (OOD)     KNN=43.5% LP=48.9%

Epoch 210/300 | loss=0.1162 | best=0.1162 | lr=3.09e-05
Epoch 220/300 | loss=0.1161 | best=0.1160 | lr=2.48e-05
Epoch 230/300 | loss=0.1160 | best=0.1160 | lr=1.93e-05
Epoch 240/300 | loss=0.1158 | best=0.1158 | lr=1.43e-05
Epoch 250/300 | loss=0.1158 | best=0.1157 | lr=1.00e-05

--- Eval at epoch 250 ---
  Layer 1:
    test_id                   (in-dist) KNN=93.8% LP=52.4%
    test_cross_device         (OOD)     KNN=29.2% LP=45.2%
    test_cross_env            (OOD)     KNN=36.1% LP=45.5%
    test_cross_user           (OOD)     KNN=45.2% LP=45.7%
  Layer 3:
    test_id                   (in-dist) KNN=95.3% LP=57.3%
    test_cross_device         (OOD)     KNN=36.3% LP=33.2%
    test_cross_env            (OOD)     KNN=33.5% LP=29.6%
    test_cross_user           (OOD)     KNN=48.0% LP=47.5%
  Layer 6:
    test_id                   (in-dist) KNN=95.3% LP=58.2%
    test_cross_device         (OOD)     KNN=28.0% LP=41.1%
    test_cross_env            (OOD)     KNN=36.3% LP=40.0%
    test_cross_user           (OOD)     KNN=43.1% LP=49.2%

Epoch 260/300 | loss=0.1157 | best=0.1156 | lr=6.48e-06
Epoch 270/300 | loss=0.1157 | best=0.1156 | lr=3.67e-06
Epoch 280/300 | loss=0.1157 | best=0.1156 | lr=1.64e-06
Epoch 290/300 | loss=0.1156 | best=0.1155 | lr=4.11e-07
Epoch 300/300 | loss=0.1156 | best=0.1155 | lr=0.00e+00

--- Eval at epoch 300 ---
  Layer 1:
    test_id                   (in-dist) KNN=93.8% LP=52.4%
    test_cross_device         (OOD)     KNN=29.1% LP=45.5%
    test_cross_env            (OOD)     KNN=36.1% LP=45.6%
    test_cross_user           (OOD)     KNN=45.2% LP=45.8%
  Layer 3:
    test_id                   (in-dist) KNN=95.2% LP=57.3%
    test_cross_device         (OOD)     KNN=36.3% LP=35.7%
    test_cross_env            (OOD)     KNN=33.4% LP=29.2%
    test_cross_user           (OOD)     KNN=48.1% LP=47.5%
  Layer 6:
    test_id                   (in-dist) KNN=95.3% LP=58.3%
    test_cross_device         (OOD)     KNN=27.3% LP=40.7%
    test_cross_env            (OOD)     KNN=35.7% LP=40.1%
    test_cross_user           (OOD)     KNN=42.7% LP=48.9%


Done. Best pretrain loss: 0.1155
Results: /home/zhuzih19/csi-project/csi-fall-detection/results/mae_har/mae_har_ep300_mask0.75_strategytime_ph29pw25_seed43_enc6_dim128_bs128.json
Checkpoint: /home/zhuzih19/csi-project/csi-fall-detection/checkpoints/mae_har/mae_har_ep300_mask0.75_strategytime_ph29pw25_seed43_enc6_dim128_bs128_best.pt
