
Experiment: mae_har_ep300_mask0.75_strategytime_ph29pw25_seed42_enc12_dim128_bs128
[patch-pad] patch_h=29, patch_w=25 evenly divide 232x500, no padding needed. num_patches=160
[mem-check] num_patches=160  batch_size=128  estimated attention-score memory per layer: 0.05 GB (x12 layers if all retained for backward: 0.59 GB)
label_map: {'jumping': 0, 'running': 1, 'seated-breathing': 2, 'walking': 3, 'wavinghand': 4}  num_classes: 5
  test_id: 4602 samples
  test_cross_device: 9631 samples
  test_cross_env: 6650 samples
  test_cross_user: 12109 samples
MAE params: 2,658,709
Epoch 010/300 | loss=0.2303 | best=0.2303 | lr=1.50e-04
Epoch 020/300 | loss=0.1562 | best=0.1562 | lr=1.48e-04
Epoch 030/300 | loss=0.1352 | best=0.1352 | lr=1.46e-04
Epoch 040/300 | loss=0.1286 | best=0.1286 | lr=1.44e-04
Epoch 050/300 | loss=0.1253 | best=0.1253 | lr=1.40e-04

--- Eval at epoch 50 ---
  Layer 1:
    test_id                   (in-dist) KNN=93.0% LP=52.1%
    test_cross_device         (OOD)     KNN=25.6% LP=50.8%
    test_cross_env            (OOD)     KNN=32.9% LP=49.8%
    test_cross_user           (OOD)     KNN=45.8% LP=49.9%
  Layer 3:
    test_id                   (in-dist) KNN=94.7% LP=52.4%
    test_cross_device         (OOD)     KNN=26.5% LP=29.8%
    test_cross_env            (OOD)     KNN=33.2% LP=47.6%
    test_cross_user           (OOD)     KNN=46.8% LP=41.3%
  Layer 6:
    test_id                   (in-dist) KNN=94.8% LP=55.1%
    test_cross_device         (OOD)     KNN=26.5% LP=32.9%
    test_cross_env            (OOD)     KNN=38.2% LP=45.5%
    test_cross_user           (OOD)     KNN=45.5% LP=40.3%

Epoch 060/300 | loss=0.1232 | best=0.1232 | lr=1.36e-04
Epoch 070/300 | loss=0.1218 | best=0.1218 | lr=1.31e-04
Epoch 080/300 | loss=0.1205 | best=0.1205 | lr=1.25e-04
Epoch 090/300 | loss=0.1197 | best=0.1197 | lr=1.19e-04
Epoch 100/300 | loss=0.1190 | best=0.1190 | lr=1.12e-04

--- Eval at epoch 100 ---
  Layer 1:
    test_id                   (in-dist) KNN=93.2% LP=52.3%
    test_cross_device         (OOD)     KNN=22.4% LP=48.4%
    test_cross_env            (OOD)     KNN=34.4% LP=50.6%
    test_cross_user           (OOD)     KNN=44.7% LP=49.6%
  Layer 3:
    test_id                   (in-dist) KNN=94.8% LP=53.8%
    test_cross_device         (OOD)     KNN=23.4% LP=27.5%
    test_cross_env            (OOD)     KNN=33.4% LP=45.9%
    test_cross_user           (OOD)     KNN=47.1% LP=40.8%
  Layer 6:
    test_id                   (in-dist) KNN=95.0% LP=55.9%
    test_cross_device         (OOD)     KNN=27.0% LP=26.5%
    test_cross_env            (OOD)     KNN=37.5% LP=44.1%
    test_cross_user           (OOD)     KNN=45.1% LP=40.2%

Epoch 110/300 | loss=0.1184 | best=0.1184 | lr=1.06e-04
Epoch 120/300 | loss=0.1178 | best=0.1177 | lr=9.82e-05
Epoch 130/300 | loss=0.1172 | best=0.1172 | lr=9.06e-05
Epoch 140/300 | loss=0.1168 | best=0.1168 | lr=8.28e-05
Epoch 150/300 | loss=0.1166 | best=0.1166 | lr=7.50e-05

--- Eval at epoch 150 ---
  Layer 1:
    test_id                   (in-dist) KNN=93.0% LP=52.4%
    test_cross_device         (OOD)     KNN=20.9% LP=50.0%
    test_cross_env            (OOD)     KNN=35.1% LP=49.6%
    test_cross_user           (OOD)     KNN=44.9% LP=49.4%
  Layer 3:
    test_id                   (in-dist) KNN=94.8% LP=53.9%
    test_cross_device         (OOD)     KNN=22.6% LP=25.8%
    test_cross_env            (OOD)     KNN=32.7% LP=47.7%
    test_cross_user           (OOD)     KNN=47.0% LP=38.3%
  Layer 6:
    test_id                   (in-dist) KNN=95.0% LP=56.9%
    test_cross_device         (OOD)     KNN=24.5% LP=25.4%
    test_cross_env            (OOD)     KNN=37.1% LP=42.4%
    test_cross_user           (OOD)     KNN=44.2% LP=41.1%

Epoch 160/300 | loss=0.1164 | best=0.1163 | lr=6.72e-05
Epoch 170/300 | loss=0.1160 | best=0.1160 | lr=5.94e-05
Epoch 180/300 | loss=0.1159 | best=0.1159 | lr=5.18e-05
Epoch 190/300 | loss=0.1156 | best=0.1156 | lr=4.45e-05
Epoch 200/300 | loss=0.1155 | best=0.1154 | lr=3.75e-05

--- Eval at epoch 200 ---
  Layer 1:
    test_id                   (in-dist) KNN=93.0% LP=52.7%
    test_cross_device         (OOD)     KNN=21.5% LP=46.7%
    test_cross_env            (OOD)     KNN=35.9% LP=49.1%
    test_cross_user           (OOD)     KNN=44.7% LP=46.1%
  Layer 3:
    test_id                   (in-dist) KNN=94.7% LP=54.5%
    test_cross_device         (OOD)     KNN=23.6% LP=23.3%
    test_cross_env            (OOD)     KNN=32.9% LP=48.2%
    test_cross_user           (OOD)     KNN=46.6% LP=38.8%
  Layer 6:
    test_id                   (in-dist) KNN=95.2% LP=57.9%
    test_cross_device         (OOD)     KNN=21.2% LP=25.6%
    test_cross_env            (OOD)     KNN=37.6% LP=42.3%
    test_cross_user           (OOD)     KNN=42.3% LP=42.7%

Epoch 210/300 | loss=0.1153 | best=0.1153 | lr=3.09e-05
Epoch 220/300 | loss=0.1153 | best=0.1151 | lr=2.48e-05
Epoch 230/300 | loss=0.1150 | best=0.1150 | lr=1.93e-05
Epoch 240/300 | loss=0.1149 | best=0.1149 | lr=1.43e-05
Epoch 250/300 | loss=0.1149 | best=0.1148 | lr=1.00e-05

--- Eval at epoch 250 ---
  Layer 1:
    test_id                   (in-dist) KNN=93.1% LP=52.8%
    test_cross_device         (OOD)     KNN=21.7% LP=47.4%
    test_cross_env            (OOD)     KNN=35.9% LP=48.9%
    test_cross_user           (OOD)     KNN=44.4% LP=45.8%
  Layer 3:
    test_id                   (in-dist) KNN=94.9% LP=54.7%
    test_cross_device         (OOD)     KNN=25.4% LP=24.2%
    test_cross_env            (OOD)     KNN=33.0% LP=48.8%
    test_cross_user           (OOD)     KNN=46.2% LP=39.0%
  Layer 6:
    test_id                   (in-dist) KNN=95.1% LP=58.1%
    test_cross_device         (OOD)     KNN=22.3% LP=28.3%
    test_cross_env            (OOD)     KNN=36.6% LP=42.0%
    test_cross_user           (OOD)     KNN=42.5% LP=44.6%

Epoch 260/300 | loss=0.1148 | best=0.1147 | lr=6.48e-06
Epoch 270/300 | loss=0.1148 | best=0.1147 | lr=3.67e-06
Epoch 280/300 | loss=0.1147 | best=0.1147 | lr=1.64e-06
Epoch 290/300 | loss=0.1146 | best=0.1146 | lr=4.11e-07
Epoch 300/300 | loss=0.1147 | best=0.1146 | lr=0.00e+00

--- Eval at epoch 300 ---
  Layer 1:
    test_id                   (in-dist) KNN=93.2% LP=52.8%
    test_cross_device         (OOD)     KNN=21.8% LP=47.3%
    test_cross_env            (OOD)     KNN=35.8% LP=49.5%
    test_cross_user           (OOD)     KNN=44.5% LP=45.2%
  Layer 3:
    test_id                   (in-dist) KNN=94.9% LP=54.4%
    test_cross_device         (OOD)     KNN=25.3% LP=24.2%
    test_cross_env            (OOD)     KNN=32.4% LP=48.6%
    test_cross_user           (OOD)     KNN=46.3% LP=39.1%
  Layer 6:
    test_id                   (in-dist) KNN=95.1% LP=58.1%
    test_cross_device         (OOD)     KNN=22.2% LP=30.4%
    test_cross_env            (OOD)     KNN=36.8% LP=42.6%
    test_cross_user           (OOD)     KNN=42.4% LP=44.6%


Done. Best pretrain loss: 0.1146
Results: /home/zhuzih19/csi-project/csi-fall-detection/results/mae_har/mae_har_ep300_mask0.75_strategytime_ph29pw25_seed42_enc12_dim128_bs128.json
Checkpoint: /home/zhuzih19/csi-project/csi-fall-detection/checkpoints/mae_har/mae_har_ep300_mask0.75_strategytime_ph29pw25_seed42_enc12_dim128_bs128_best.pt
