
Experiment: mae_har_ep300_mask0.75_strategyfreq_ph29pw25_seed43_enc6_dim128_bs128
label_map: {'jumping': 0, 'running': 1, 'seated-breathing': 2, 'walking': 3, 'wavinghand': 4}  num_classes: 5
  test_id: 4602 samples
  test_cross_device: 9631 samples
  test_cross_env: 6650 samples
  test_cross_user: 12109 samples
MAE params: 1,469,077
Epoch 010/300 | loss=0.3274 | best=0.3274 | lr=1.50e-04
Epoch 020/300 | loss=0.2728 | best=0.2728 | lr=1.48e-04
Epoch 030/300 | loss=0.2584 | best=0.2584 | lr=1.46e-04
Epoch 040/300 | loss=0.2538 | best=0.2537 | lr=1.44e-04
Epoch 050/300 | loss=0.2505 | best=0.2505 | lr=1.40e-04

--- Eval at epoch 50 ---
  Layer 1:
    test_id                   (in-dist) KNN=91.6% LP=52.0%
    test_cross_device         (OOD)     KNN=26.3% LP=51.4%
    test_cross_env            (OOD)     KNN=33.1% LP=48.7%
    test_cross_user           (OOD)     KNN=42.0% LP=49.5%
  Layer 3:
    test_id                   (in-dist) KNN=93.2% LP=53.4%
    test_cross_device         (OOD)     KNN=24.6% LP=46.1%
    test_cross_env            (OOD)     KNN=37.4% LP=49.4%
    test_cross_user           (OOD)     KNN=41.6% LP=49.9%
  Layer 6:
    test_id                   (in-dist) KNN=93.2% LP=55.3%
    test_cross_device         (OOD)     KNN=28.6% LP=43.5%
    test_cross_env            (OOD)     KNN=38.5% LP=45.0%
    test_cross_user           (OOD)     KNN=47.5% LP=49.1%

Epoch 060/300 | loss=0.2485 | best=0.2483 | lr=1.36e-04
Epoch 070/300 | loss=0.2467 | best=0.2459 | lr=1.31e-04
Epoch 080/300 | loss=0.2444 | best=0.2444 | lr=1.25e-04
Epoch 090/300 | loss=0.2432 | best=0.2431 | lr=1.19e-04
Epoch 100/300 | loss=0.2428 | best=0.2426 | lr=1.12e-04

--- Eval at epoch 100 ---
  Layer 1:
    test_id                   (in-dist) KNN=91.3% LP=52.0%
    test_cross_device         (OOD)     KNN=23.9% LP=50.9%
    test_cross_env            (OOD)     KNN=34.1% LP=48.0%
    test_cross_user           (OOD)     KNN=41.8% LP=49.2%
  Layer 3:
    test_id                   (in-dist) KNN=92.6% LP=54.0%
    test_cross_device         (OOD)     KNN=22.1% LP=44.6%
    test_cross_env            (OOD)     KNN=36.5% LP=46.7%
    test_cross_user           (OOD)     KNN=42.2% LP=50.0%
  Layer 6:
    test_id                   (in-dist) KNN=92.8% LP=55.6%
    test_cross_device         (OOD)     KNN=27.9% LP=50.9%
    test_cross_env            (OOD)     KNN=35.9% LP=45.7%
    test_cross_user           (OOD)     KNN=45.6% LP=48.7%

Epoch 110/300 | loss=0.2421 | best=0.2419 | lr=1.06e-04
Epoch 120/300 | loss=0.2406 | best=0.2406 | lr=9.82e-05
Epoch 130/300 | loss=0.2410 | best=0.2401 | lr=9.06e-05
Epoch 140/300 | loss=0.2404 | best=0.2398 | lr=8.28e-05
Epoch 150/300 | loss=0.2396 | best=0.2394 | lr=7.50e-05

--- Eval at epoch 150 ---
  Layer 1:
    test_id                   (in-dist) KNN=91.1% LP=52.1%
    test_cross_device         (OOD)     KNN=23.0% LP=50.7%
    test_cross_env            (OOD)     KNN=35.8% LP=48.2%
    test_cross_user           (OOD)     KNN=42.5% LP=49.3%
  Layer 3:
    test_id                   (in-dist) KNN=92.6% LP=53.3%
    test_cross_device         (OOD)     KNN=26.8% LP=43.3%
    test_cross_env            (OOD)     KNN=36.1% LP=48.5%
    test_cross_user           (OOD)     KNN=41.9% LP=50.6%
  Layer 6:
    test_id                   (in-dist) KNN=92.7% LP=56.5%
    test_cross_device         (OOD)     KNN=29.4% LP=51.3%
    test_cross_env            (OOD)     KNN=32.7% LP=44.2%
    test_cross_user           (OOD)     KNN=42.2% LP=49.1%

Epoch 160/300 | loss=0.2404 | best=0.2386 | lr=6.72e-05
Epoch 170/300 | loss=0.2384 | best=0.2384 | lr=5.94e-05
Epoch 180/300 | loss=0.2387 | best=0.2379 | lr=5.18e-05
Epoch 190/300 | loss=0.2376 | best=0.2376 | lr=4.45e-05
Epoch 200/300 | loss=0.2380 | best=0.2372 | lr=3.75e-05

--- Eval at epoch 200 ---
  Layer 1:
    test_id                   (in-dist) KNN=91.0% LP=52.2%
    test_cross_device         (OOD)     KNN=23.2% LP=50.8%
    test_cross_env            (OOD)     KNN=36.5% LP=48.3%
    test_cross_user           (OOD)     KNN=42.8% LP=49.4%
  Layer 3:
    test_id                   (in-dist) KNN=92.7% LP=53.7%
    test_cross_device         (OOD)     KNN=25.3% LP=42.4%
    test_cross_env            (OOD)     KNN=37.1% LP=48.4%
    test_cross_user           (OOD)     KNN=41.2% LP=49.0%
  Layer 6:
    test_id                   (in-dist) KNN=93.0% LP=56.8%
    test_cross_device         (OOD)     KNN=26.4% LP=48.2%
    test_cross_env            (OOD)     KNN=34.0% LP=45.2%
    test_cross_user           (OOD)     KNN=41.4% LP=49.1%

Epoch 210/300 | loss=0.2368 | best=0.2368 | lr=3.09e-05
Epoch 220/300 | loss=0.2371 | best=0.2363 | lr=2.48e-05
Epoch 230/300 | loss=0.2367 | best=0.2361 | lr=1.93e-05
Epoch 240/300 | loss=0.2357 | best=0.2357 | lr=1.43e-05
Epoch 250/300 | loss=0.2360 | best=0.2357 | lr=1.00e-05

--- Eval at epoch 250 ---
  Layer 1:
    test_id                   (in-dist) KNN=91.2% LP=52.2%
    test_cross_device         (OOD)     KNN=23.3% LP=50.7%
    test_cross_env            (OOD)     KNN=36.4% LP=48.3%
    test_cross_user           (OOD)     KNN=42.7% LP=49.4%
  Layer 3:
    test_id                   (in-dist) KNN=92.8% LP=53.9%
    test_cross_device         (OOD)     KNN=25.1% LP=42.3%
    test_cross_env            (OOD)     KNN=35.6% LP=48.7%
    test_cross_user           (OOD)     KNN=41.7% LP=49.4%
  Layer 6:
    test_id                   (in-dist) KNN=93.1% LP=57.3%
    test_cross_device         (OOD)     KNN=26.5% LP=48.6%
    test_cross_env            (OOD)     KNN=35.4% LP=44.2%
    test_cross_user           (OOD)     KNN=41.6% LP=49.4%

Epoch 260/300 | loss=0.2355 | best=0.2354 | lr=6.48e-06
Epoch 270/300 | loss=0.2352 | best=0.2352 | lr=3.67e-06
Epoch 280/300 | loss=0.2350 | best=0.2349 | lr=1.64e-06
Epoch 290/300 | loss=0.2349 | best=0.2348 | lr=4.11e-07
Epoch 300/300 | loss=0.2348 | best=0.2348 | lr=0.00e+00

--- Eval at epoch 300 ---
  Layer 1:
    test_id                   (in-dist) KNN=91.2% LP=52.1%
    test_cross_device         (OOD)     KNN=23.3% LP=50.7%
    test_cross_env            (OOD)     KNN=36.2% LP=48.1%
    test_cross_user           (OOD)     KNN=42.6% LP=49.4%
  Layer 3:
    test_id                   (in-dist) KNN=92.7% LP=54.1%
    test_cross_device         (OOD)     KNN=25.1% LP=43.1%
    test_cross_env            (OOD)     KNN=35.5% LP=48.9%
    test_cross_user           (OOD)     KNN=41.7% LP=49.8%
  Layer 6:
    test_id                   (in-dist) KNN=93.0% LP=57.1%
    test_cross_device         (OOD)     KNN=26.3% LP=49.4%
    test_cross_env            (OOD)     KNN=35.3% LP=43.7%
    test_cross_user           (OOD)     KNN=41.7% LP=49.7%


Done. Best pretrain loss: 0.2348
Results: /home/zhuzih19/csi-project/csi-fall-detection/results/mae_har/mae_har_ep300_mask0.75_strategyfreq_ph29pw25_seed43_enc6_dim128_bs128.json
Checkpoint: /home/zhuzih19/csi-project/csi-fall-detection/checkpoints/mae_har/mae_har_ep300_mask0.75_strategyfreq_ph29pw25_seed43_enc6_dim128_bs128_best.pt
