
Experiment: mae_har_ep300_mask0.875_strategyrandom_ph29pw25_seed42_enc6_dim128_bs128
label_map: {'jumping': 0, 'running': 1, 'seated-breathing': 2, 'walking': 3, 'wavinghand': 4}  num_classes: 5
  test_id: 4602 samples
  test_cross_device: 9631 samples
  test_cross_env: 6650 samples
  test_cross_user: 12109 samples
MAE params: 1,469,077
Epoch 010/300 | loss=0.2460 | best=0.2460 | lr=1.50e-04
Epoch 020/300 | loss=0.1664 | best=0.1664 | lr=1.48e-04
Epoch 030/300 | loss=0.1426 | best=0.1426 | lr=1.46e-04
Epoch 040/300 | loss=0.1331 | best=0.1331 | lr=1.44e-04
Epoch 050/300 | loss=0.1297 | best=0.1296 | lr=1.40e-04

--- Eval at epoch 50 ---
  Layer 1:
    test_id                   (in-dist) KNN=94.3% LP=53.7%
    test_cross_device         (OOD)     KNN=21.6% LP=49.2%
    test_cross_env            (OOD)     KNN=39.4% LP=49.0%
    test_cross_user           (OOD)     KNN=44.0% LP=50.7%
  Layer 3:
    test_id                   (in-dist) KNN=95.2% LP=54.8%
    test_cross_device         (OOD)     KNN=19.4% LP=35.0%
    test_cross_env            (OOD)     KNN=38.6% LP=50.0%
    test_cross_user           (OOD)     KNN=42.4% LP=45.9%
  Layer 6:
    test_id                   (in-dist) KNN=94.9% LP=55.1%
    test_cross_device         (OOD)     KNN=27.9% LP=47.2%
    test_cross_env            (OOD)     KNN=41.2% LP=50.3%
    test_cross_user           (OOD)     KNN=44.8% LP=50.4%

Epoch 060/300 | loss=0.1271 | best=0.1271 | lr=1.36e-04
Epoch 070/300 | loss=0.1255 | best=0.1253 | lr=1.31e-04
Epoch 080/300 | loss=0.1241 | best=0.1241 | lr=1.25e-04
Epoch 090/300 | loss=0.1232 | best=0.1232 | lr=1.19e-04
Epoch 100/300 | loss=0.1226 | best=0.1225 | lr=1.12e-04

--- Eval at epoch 100 ---
  Layer 1:
    test_id                   (in-dist) KNN=94.4% LP=53.9%
    test_cross_device         (OOD)     KNN=25.3% LP=49.9%
    test_cross_env            (OOD)     KNN=39.1% LP=47.7%
    test_cross_user           (OOD)     KNN=45.0% LP=51.5%
  Layer 3:
    test_id                   (in-dist) KNN=95.0% LP=55.3%
    test_cross_device         (OOD)     KNN=20.3% LP=37.8%
    test_cross_env            (OOD)     KNN=39.0% LP=46.2%
    test_cross_user           (OOD)     KNN=40.9% LP=43.6%
  Layer 6:
    test_id                   (in-dist) KNN=94.8% LP=55.2%
    test_cross_device         (OOD)     KNN=27.1% LP=43.5%
    test_cross_env            (OOD)     KNN=39.4% LP=49.4%
    test_cross_user           (OOD)     KNN=43.2% LP=49.5%

Epoch 110/300 | loss=0.1219 | best=0.1218 | lr=1.06e-04
Epoch 120/300 | loss=0.1212 | best=0.1212 | lr=9.82e-05
Epoch 130/300 | loss=0.1208 | best=0.1208 | lr=9.06e-05
Epoch 140/300 | loss=0.1204 | best=0.1204 | lr=8.28e-05
Epoch 150/300 | loss=0.1200 | best=0.1200 | lr=7.50e-05

--- Eval at epoch 150 ---
  Layer 1:
    test_id                   (in-dist) KNN=94.0% LP=54.1%
    test_cross_device         (OOD)     KNN=25.7% LP=50.2%
    test_cross_env            (OOD)     KNN=38.8% LP=46.0%
    test_cross_user           (OOD)     KNN=44.2% LP=50.9%
  Layer 3:
    test_id                   (in-dist) KNN=95.2% LP=55.5%
    test_cross_device         (OOD)     KNN=23.2% LP=39.6%
    test_cross_env            (OOD)     KNN=36.3% LP=43.8%
    test_cross_user           (OOD)     KNN=42.6% LP=45.8%
  Layer 6:
    test_id                   (in-dist) KNN=94.8% LP=57.9%
    test_cross_device         (OOD)     KNN=29.8% LP=40.6%
    test_cross_env            (OOD)     KNN=38.8% LP=44.0%
    test_cross_user           (OOD)     KNN=43.4% LP=48.8%

Epoch 160/300 | loss=0.1197 | best=0.1197 | lr=6.72e-05
Epoch 170/300 | loss=0.1198 | best=0.1195 | lr=5.94e-05
Epoch 180/300 | loss=0.1192 | best=0.1192 | lr=5.18e-05
Epoch 190/300 | loss=0.1191 | best=0.1191 | lr=4.45e-05
Epoch 200/300 | loss=0.1189 | best=0.1189 | lr=3.75e-05

--- Eval at epoch 200 ---
  Layer 1:
    test_id                   (in-dist) KNN=94.0% LP=54.1%
    test_cross_device         (OOD)     KNN=26.0% LP=50.1%
    test_cross_env            (OOD)     KNN=37.7% LP=45.9%
    test_cross_user           (OOD)     KNN=43.8% LP=51.2%
  Layer 3:
    test_id                   (in-dist) KNN=95.3% LP=55.9%
    test_cross_device         (OOD)     KNN=24.5% LP=38.5%
    test_cross_env            (OOD)     KNN=34.3% LP=44.9%
    test_cross_user           (OOD)     KNN=43.2% LP=46.3%
  Layer 6:
    test_id                   (in-dist) KNN=95.0% LP=58.2%
    test_cross_device         (OOD)     KNN=35.8% LP=38.3%
    test_cross_env            (OOD)     KNN=38.4% LP=42.2%
    test_cross_user           (OOD)     KNN=46.3% LP=47.6%

Epoch 210/300 | loss=0.1188 | best=0.1188 | lr=3.09e-05
Epoch 220/300 | loss=0.1186 | best=0.1186 | lr=2.48e-05
Epoch 230/300 | loss=0.1185 | best=0.1185 | lr=1.93e-05
Epoch 240/300 | loss=0.1185 | best=0.1184 | lr=1.43e-05
Epoch 250/300 | loss=0.1185 | best=0.1182 | lr=1.00e-05

--- Eval at epoch 250 ---
  Layer 1:
    test_id                   (in-dist) KNN=94.3% LP=54.2%
    test_cross_device         (OOD)     KNN=26.2% LP=49.5%
    test_cross_env            (OOD)     KNN=37.3% LP=46.1%
    test_cross_user           (OOD)     KNN=43.9% LP=51.0%
  Layer 3:
    test_id                   (in-dist) KNN=95.2% LP=55.5%
    test_cross_device         (OOD)     KNN=22.7% LP=39.3%
    test_cross_env            (OOD)     KNN=34.3% LP=44.4%
    test_cross_user           (OOD)     KNN=42.2% LP=47.5%
  Layer 6:
    test_id                   (in-dist) KNN=95.1% LP=58.6%
    test_cross_device         (OOD)     KNN=35.4% LP=40.2%
    test_cross_env            (OOD)     KNN=37.3% LP=41.3%
    test_cross_user           (OOD)     KNN=46.3% LP=47.6%

Epoch 260/300 | loss=0.1182 | best=0.1182 | lr=6.48e-06
Epoch 270/300 | loss=0.1183 | best=0.1182 | lr=3.67e-06
Epoch 280/300 | loss=0.1183 | best=0.1181 | lr=1.64e-06
Epoch 290/300 | loss=0.1181 | best=0.1181 | lr=4.11e-07
Epoch 300/300 | loss=0.1182 | best=0.1181 | lr=0.00e+00

--- Eval at epoch 300 ---
  Layer 1:
    test_id                   (in-dist) KNN=94.2% LP=54.2%
    test_cross_device         (OOD)     KNN=26.3% LP=49.2%
    test_cross_env            (OOD)     KNN=37.1% LP=46.2%
    test_cross_user           (OOD)     KNN=43.9% LP=50.8%
  Layer 3:
    test_id                   (in-dist) KNN=95.2% LP=55.6%
    test_cross_device         (OOD)     KNN=23.5% LP=41.2%
    test_cross_env            (OOD)     KNN=34.6% LP=45.1%
    test_cross_user           (OOD)     KNN=42.6% LP=47.9%
  Layer 6:
    test_id                   (in-dist) KNN=95.1% LP=58.8%
    test_cross_device         (OOD)     KNN=34.8% LP=40.6%
    test_cross_env            (OOD)     KNN=38.0% LP=41.3%
    test_cross_user           (OOD)     KNN=45.9% LP=47.3%


Done. Best pretrain loss: 0.1181
Results: /home/zhuzih19/csi-project/csi-fall-detection/results/mae_har/mae_har_ep300_mask0.875_strategyrandom_ph29pw25_seed42_enc6_dim128_bs128.json
Checkpoint: /home/zhuzih19/csi-project/csi-fall-detection/checkpoints/mae_har/mae_har_ep300_mask0.875_strategyrandom_ph29pw25_seed42_enc6_dim128_bs128_best.pt
