
Experiment: mae_har_ep300_mask0.5_strategyrandom_ph29pw25_seed43_enc6_dim128_bs128
label_map: {'jumping': 0, 'running': 1, 'seated-breathing': 2, 'walking': 3, 'wavinghand': 4}  num_classes: 5
  test_id: 4602 samples
  test_cross_device: 9631 samples
  test_cross_env: 6650 samples
  test_cross_user: 12109 samples
MAE params: 1,469,077
Epoch 010/300 | loss=0.2194 | best=0.2194 | lr=1.50e-04
Epoch 020/300 | loss=0.1512 | best=0.1512 | lr=1.48e-04
Epoch 030/300 | loss=0.1340 | best=0.1340 | lr=1.46e-04
Epoch 040/300 | loss=0.1271 | best=0.1271 | lr=1.44e-04
Epoch 050/300 | loss=0.1241 | best=0.1241 | lr=1.40e-04

--- Eval at epoch 50 ---
  Layer 1:
    test_id                   (in-dist) KNN=93.4% LP=52.9%
    test_cross_device         (OOD)     KNN=28.4% LP=47.2%
    test_cross_env            (OOD)     KNN=36.7% LP=49.6%
    test_cross_user           (OOD)     KNN=46.1% LP=50.4%
  Layer 3:
    test_id                   (in-dist) KNN=94.8% LP=54.6%
    test_cross_device         (OOD)     KNN=20.8% LP=40.4%
    test_cross_env            (OOD)     KNN=34.5% LP=46.9%
    test_cross_user           (OOD)     KNN=44.0% LP=50.3%
  Layer 6:
    test_id                   (in-dist) KNN=94.8% LP=53.7%
    test_cross_device         (OOD)     KNN=30.6% LP=42.9%
    test_cross_env            (OOD)     KNN=33.8% LP=48.6%
    test_cross_user           (OOD)     KNN=50.7% LP=50.4%

Epoch 060/300 | loss=0.1220 | best=0.1220 | lr=1.36e-04
Epoch 070/300 | loss=0.1206 | best=0.1206 | lr=1.31e-04
Epoch 080/300 | loss=0.1198 | best=0.1197 | lr=1.25e-04
Epoch 090/300 | loss=0.1190 | best=0.1190 | lr=1.19e-04
Epoch 100/300 | loss=0.1184 | best=0.1184 | lr=1.12e-04

--- Eval at epoch 100 ---
  Layer 1:
    test_id                   (in-dist) KNN=93.2% LP=53.2%
    test_cross_device         (OOD)     KNN=28.3% LP=47.9%
    test_cross_env            (OOD)     KNN=35.7% LP=49.2%
    test_cross_user           (OOD)     KNN=44.3% LP=50.0%
  Layer 3:
    test_id                   (in-dist) KNN=95.0% LP=55.0%
    test_cross_device         (OOD)     KNN=21.3% LP=40.0%
    test_cross_env            (OOD)     KNN=33.3% LP=45.2%
    test_cross_user           (OOD)     KNN=42.4% LP=49.5%
  Layer 6:
    test_id                   (in-dist) KNN=95.0% LP=54.5%
    test_cross_device         (OOD)     KNN=28.5% LP=37.2%
    test_cross_env            (OOD)     KNN=34.0% LP=46.3%
    test_cross_user           (OOD)     KNN=47.8% LP=45.1%

Epoch 110/300 | loss=0.1179 | best=0.1179 | lr=1.06e-04
Epoch 120/300 | loss=0.1177 | best=0.1176 | lr=9.82e-05
Epoch 130/300 | loss=0.1174 | best=0.1174 | lr=9.06e-05
Epoch 140/300 | loss=0.1172 | best=0.1172 | lr=8.28e-05
Epoch 150/300 | loss=0.1171 | best=0.1170 | lr=7.50e-05

--- Eval at epoch 150 ---
  Layer 1:
    test_id                   (in-dist) KNN=93.4% LP=53.3%
    test_cross_device         (OOD)     KNN=29.2% LP=49.9%
    test_cross_env            (OOD)     KNN=37.5% LP=49.4%
    test_cross_user           (OOD)     KNN=44.1% LP=50.3%
  Layer 3:
    test_id                   (in-dist) KNN=95.2% LP=55.3%
    test_cross_device         (OOD)     KNN=22.7% LP=43.1%
    test_cross_env            (OOD)     KNN=34.2% LP=44.5%
    test_cross_user           (OOD)     KNN=41.8% LP=48.2%
  Layer 6:
    test_id                   (in-dist) KNN=95.1% LP=55.6%
    test_cross_device         (OOD)     KNN=27.4% LP=37.0%
    test_cross_env            (OOD)     KNN=31.9% LP=44.8%
    test_cross_user           (OOD)     KNN=46.3% LP=44.7%

Epoch 160/300 | loss=0.1168 | best=0.1168 | lr=6.72e-05
Epoch 170/300 | loss=0.1167 | best=0.1165 | lr=5.94e-05
Epoch 180/300 | loss=0.1164 | best=0.1164 | lr=5.18e-05
Epoch 190/300 | loss=0.1165 | best=0.1163 | lr=4.45e-05
Epoch 200/300 | loss=0.1163 | best=0.1163 | lr=3.75e-05

--- Eval at epoch 200 ---
  Layer 1:
    test_id                   (in-dist) KNN=93.5% LP=53.3%
    test_cross_device         (OOD)     KNN=29.4% LP=50.0%
    test_cross_env            (OOD)     KNN=37.6% LP=49.7%
    test_cross_user           (OOD)     KNN=44.1% LP=50.8%
  Layer 3:
    test_id                   (in-dist) KNN=95.2% LP=55.8%
    test_cross_device         (OOD)     KNN=22.7% LP=37.9%
    test_cross_env            (OOD)     KNN=33.2% LP=44.5%
    test_cross_user           (OOD)     KNN=41.8% LP=45.5%
  Layer 6:
    test_id                   (in-dist) KNN=95.2% LP=55.4%
    test_cross_device         (OOD)     KNN=26.8% LP=37.2%
    test_cross_env            (OOD)     KNN=31.1% LP=44.9%
    test_cross_user           (OOD)     KNN=46.0% LP=45.3%

Epoch 210/300 | loss=0.1162 | best=0.1162 | lr=3.09e-05
Epoch 220/300 | loss=0.1162 | best=0.1160 | lr=2.48e-05
Epoch 230/300 | loss=0.1161 | best=0.1158 | lr=1.93e-05
Epoch 240/300 | loss=0.1159 | best=0.1158 | lr=1.43e-05
Epoch 250/300 | loss=0.1159 | best=0.1158 | lr=1.00e-05

--- Eval at epoch 250 ---
  Layer 1:
    test_id                   (in-dist) KNN=93.4% LP=53.3%
    test_cross_device         (OOD)     KNN=28.8% LP=51.0%
    test_cross_env            (OOD)     KNN=37.7% LP=49.7%
    test_cross_user           (OOD)     KNN=44.2% LP=50.9%
  Layer 3:
    test_id                   (in-dist) KNN=95.2% LP=55.6%
    test_cross_device         (OOD)     KNN=22.8% LP=38.7%
    test_cross_env            (OOD)     KNN=32.7% LP=44.3%
    test_cross_user           (OOD)     KNN=41.7% LP=46.5%
  Layer 6:
    test_id                   (in-dist) KNN=95.3% LP=55.5%
    test_cross_device         (OOD)     KNN=26.3% LP=39.4%
    test_cross_env            (OOD)     KNN=30.1% LP=45.0%
    test_cross_user           (OOD)     KNN=45.4% LP=45.7%

Epoch 260/300 | loss=0.1157 | best=0.1157 | lr=6.48e-06
Epoch 270/300 | loss=0.1157 | best=0.1157 | lr=3.67e-06
Epoch 280/300 | loss=0.1158 | best=0.1157 | lr=1.64e-06
Epoch 290/300 | loss=0.1159 | best=0.1157 | lr=4.11e-07
Epoch 300/300 | loss=0.1157 | best=0.1157 | lr=0.00e+00

--- Eval at epoch 300 ---
  Layer 1:
    test_id                   (in-dist) KNN=93.5% LP=53.3%
    test_cross_device         (OOD)     KNN=28.6% LP=51.7%
    test_cross_env            (OOD)     KNN=37.8% LP=49.8%
    test_cross_user           (OOD)     KNN=44.2% LP=51.3%
  Layer 3:
    test_id                   (in-dist) KNN=95.2% LP=55.8%
    test_cross_device         (OOD)     KNN=22.8% LP=39.0%
    test_cross_env            (OOD)     KNN=32.4% LP=44.3%
    test_cross_user           (OOD)     KNN=41.7% LP=46.0%
  Layer 6:
    test_id                   (in-dist) KNN=95.3% LP=55.5%
    test_cross_device         (OOD)     KNN=26.5% LP=39.4%
    test_cross_env            (OOD)     KNN=30.9% LP=45.2%
    test_cross_user           (OOD)     KNN=45.4% LP=45.6%


Done. Best pretrain loss: 0.1157
Results: /home/zhuzih19/csi-project/csi-fall-detection/results/mae_har/mae_har_ep300_mask0.5_strategyrandom_ph29pw25_seed43_enc6_dim128_bs128.json
Checkpoint: /home/zhuzih19/csi-project/csi-fall-detection/checkpoints/mae_har/mae_har_ep300_mask0.5_strategyrandom_ph29pw25_seed43_enc6_dim128_bs128_best.pt
