
Experiment: mae_har_ep300_mask0.75_strategyfreq_ph29pw25_seed42_enc12_dim128_bs128
[patch-pad] patch_h=29, patch_w=25 evenly divide 232x500, no padding needed. num_patches=160
[mem-check] num_patches=160  batch_size=128  estimated attention-score memory per layer: 0.05 GB (x12 layers if all retained for backward: 0.59 GB)
label_map: {'jumping': 0, 'running': 1, 'seated-breathing': 2, 'walking': 3, 'wavinghand': 4}  num_classes: 5
  test_id: 4602 samples
  test_cross_device: 9631 samples
  test_cross_env: 6650 samples
  test_cross_user: 12109 samples
MAE params: 2,658,709
Epoch 010/300 | loss=0.3216 | best=0.3216 | lr=1.50e-04
Epoch 020/300 | loss=0.2652 | best=0.2652 | lr=1.48e-04
Epoch 030/300 | loss=0.2553 | best=0.2548 | lr=1.46e-04
Epoch 040/300 | loss=0.2509 | best=0.2509 | lr=1.44e-04
Epoch 050/300 | loss=0.2493 | best=0.2478 | lr=1.40e-04

--- Eval at epoch 50 ---
  Layer 1:
    test_id                   (in-dist) KNN=90.9% LP=53.5%
    test_cross_device         (OOD)     KNN=41.4% LP=48.8%
    test_cross_env            (OOD)     KNN=36.7% LP=43.1%
    test_cross_user           (OOD)     KNN=49.1% LP=50.3%
  Layer 3:
    test_id                   (in-dist) KNN=92.5% LP=53.8%
    test_cross_device         (OOD)     KNN=37.6% LP=48.2%
    test_cross_env            (OOD)     KNN=33.9% LP=46.8%
    test_cross_user           (OOD)     KNN=50.8% LP=49.9%
  Layer 6:
    test_id                   (in-dist) KNN=92.5% LP=55.1%
    test_cross_device         (OOD)     KNN=35.0% LP=44.8%
    test_cross_env            (OOD)     KNN=31.2% LP=42.3%
    test_cross_user           (OOD)     KNN=48.7% LP=49.4%

Epoch 060/300 | loss=0.2464 | best=0.2456 | lr=1.36e-04
Epoch 070/300 | loss=0.2446 | best=0.2446 | lr=1.31e-04
Epoch 080/300 | loss=0.2437 | best=0.2429 | lr=1.25e-04
Epoch 090/300 | loss=0.2412 | best=0.2412 | lr=1.19e-04
Epoch 100/300 | loss=0.2424 | best=0.2412 | lr=1.12e-04

--- Eval at epoch 100 ---
  Layer 1:
    test_id                   (in-dist) KNN=90.4% LP=53.1%
    test_cross_device         (OOD)     KNN=37.5% LP=50.2%
    test_cross_env            (OOD)     KNN=34.2% LP=45.0%
    test_cross_user           (OOD)     KNN=47.6% LP=50.4%
  Layer 3:
    test_id                   (in-dist) KNN=91.8% LP=53.6%
    test_cross_device         (OOD)     KNN=42.4% LP=51.4%
    test_cross_env            (OOD)     KNN=31.6% LP=45.0%
    test_cross_user           (OOD)     KNN=50.0% LP=50.1%
  Layer 6:
    test_id                   (in-dist) KNN=92.3% LP=55.0%
    test_cross_device         (OOD)     KNN=39.7% LP=31.2%
    test_cross_env            (OOD)     KNN=31.2% LP=45.4%
    test_cross_user           (OOD)     KNN=48.4% LP=46.2%

Epoch 110/300 | loss=0.2406 | best=0.2398 | lr=1.06e-04
Epoch 120/300 | loss=0.2395 | best=0.2395 | lr=9.82e-05
Epoch 130/300 | loss=0.2400 | best=0.2388 | lr=9.06e-05
Epoch 140/300 | loss=0.2402 | best=0.2385 | lr=8.28e-05
Epoch 150/300 | loss=0.2383 | best=0.2377 | lr=7.50e-05

--- Eval at epoch 150 ---
  Layer 1:
    test_id                   (in-dist) KNN=90.1% LP=52.6%
    test_cross_device         (OOD)     KNN=33.6% LP=50.4%
    test_cross_env            (OOD)     KNN=33.9% LP=45.6%
    test_cross_user           (OOD)     KNN=45.3% LP=49.7%
  Layer 3:
    test_id                   (in-dist) KNN=91.6% LP=53.0%
    test_cross_device         (OOD)     KNN=43.4% LP=49.0%
    test_cross_env            (OOD)     KNN=34.2% LP=45.0%
    test_cross_user           (OOD)     KNN=50.0% LP=50.0%
  Layer 6:
    test_id                   (in-dist) KNN=92.3% LP=55.5%
    test_cross_device         (OOD)     KNN=39.0% LP=36.4%
    test_cross_env            (OOD)     KNN=34.4% LP=46.8%
    test_cross_user           (OOD)     KNN=47.9% LP=47.2%

Epoch 160/300 | loss=0.2378 | best=0.2377 | lr=6.72e-05
Epoch 170/300 | loss=0.2377 | best=0.2372 | lr=5.94e-05
Epoch 180/300 | loss=0.2373 | best=0.2372 | lr=5.18e-05
Epoch 190/300 | loss=0.2373 | best=0.2364 | lr=4.45e-05
Epoch 200/300 | loss=0.2373 | best=0.2360 | lr=3.75e-05

--- Eval at epoch 200 ---
  Layer 1:
    test_id                   (in-dist) KNN=90.0% LP=52.5%
    test_cross_device         (OOD)     KNN=32.2% LP=49.2%
    test_cross_env            (OOD)     KNN=34.0% LP=45.6%
    test_cross_user           (OOD)     KNN=44.0% LP=49.7%
  Layer 3:
    test_id                   (in-dist) KNN=91.5% LP=53.2%
    test_cross_device         (OOD)     KNN=43.9% LP=49.7%
    test_cross_env            (OOD)     KNN=36.3% LP=45.0%
    test_cross_user           (OOD)     KNN=50.2% LP=50.3%
  Layer 6:
    test_id                   (in-dist) KNN=92.0% LP=56.0%
    test_cross_device         (OOD)     KNN=40.0% LP=35.9%
    test_cross_env            (OOD)     KNN=33.9% LP=45.5%
    test_cross_user           (OOD)     KNN=48.5% LP=47.9%

Epoch 210/300 | loss=0.2362 | best=0.2357 | lr=3.09e-05
Epoch 220/300 | loss=0.2357 | best=0.2352 | lr=2.48e-05
Epoch 230/300 | loss=0.2351 | best=0.2351 | lr=1.93e-05
Epoch 240/300 | loss=0.2346 | best=0.2346 | lr=1.43e-05
Epoch 250/300 | loss=0.2346 | best=0.2345 | lr=1.00e-05

--- Eval at epoch 250 ---
  Layer 1:
    test_id                   (in-dist) KNN=90.1% LP=52.5%
    test_cross_device         (OOD)     KNN=31.2% LP=49.7%
    test_cross_env            (OOD)     KNN=33.6% LP=45.4%
    test_cross_user           (OOD)     KNN=43.6% LP=49.6%
  Layer 3:
    test_id                   (in-dist) KNN=91.5% LP=52.8%
    test_cross_device         (OOD)     KNN=44.1% LP=48.7%
    test_cross_env            (OOD)     KNN=36.2% LP=45.5%
    test_cross_user           (OOD)     KNN=50.2% LP=50.6%
  Layer 6:
    test_id                   (in-dist) KNN=92.1% LP=55.7%
    test_cross_device         (OOD)     KNN=40.8% LP=36.7%
    test_cross_env            (OOD)     KNN=33.8% LP=46.6%
    test_cross_user           (OOD)     KNN=49.3% LP=47.8%

Epoch 260/300 | loss=0.2343 | best=0.2342 | lr=6.48e-06
Epoch 270/300 | loss=0.2341 | best=0.2340 | lr=3.67e-06
Epoch 280/300 | loss=0.2338 | best=0.2338 | lr=1.64e-06
Epoch 290/300 | loss=0.2337 | best=0.2337 | lr=4.11e-07
Epoch 300/300 | loss=0.2337 | best=0.2337 | lr=0.00e+00

--- Eval at epoch 300 ---
  Layer 1:
    test_id                   (in-dist) KNN=90.1% LP=52.5%
    test_cross_device         (OOD)     KNN=31.5% LP=49.6%
    test_cross_env            (OOD)     KNN=33.5% LP=45.5%
    test_cross_user           (OOD)     KNN=43.7% LP=49.5%
  Layer 3:
    test_id                   (in-dist) KNN=91.4% LP=52.8%
    test_cross_device         (OOD)     KNN=44.3% LP=50.9%
    test_cross_env            (OOD)     KNN=36.1% LP=45.1%
    test_cross_user           (OOD)     KNN=50.1% LP=50.7%
  Layer 6:
    test_id                   (in-dist) KNN=92.0% LP=55.9%
    test_cross_device         (OOD)     KNN=40.3% LP=38.7%
    test_cross_env            (OOD)     KNN=34.6% LP=46.2%
    test_cross_user           (OOD)     KNN=48.9% LP=48.5%


Done. Best pretrain loss: 0.2337
Results: /home/zhuzih19/csi-project/csi-fall-detection/results/mae_har/mae_har_ep300_mask0.75_strategyfreq_ph29pw25_seed42_enc12_dim128_bs128.json
Checkpoint: /home/zhuzih19/csi-project/csi-fall-detection/checkpoints/mae_har/mae_har_ep300_mask0.75_strategyfreq_ph29pw25_seed42_enc12_dim128_bs128_best.pt
