nohup: ignoring input
Starting: mae_ep500_mask0.75_dec128_bs64
Epoch 001/500 | Loss: 0.4676 | Best: 0.4676
Epoch 050/500 | Loss: 0.0952 | Best: 0.0950
Epoch 100/500 | Loss: 0.0913 | Best: 0.0912
Epoch 150/500 | Loss: 0.0891 | Best: 0.0889
Epoch 200/500 | Loss: 0.0879 | Best: 0.0878
Epoch 250/500 | Loss: 0.0871 | Best: 0.0870
Epoch 300/500 | Loss: 0.0863 | Best: 0.0862
Epoch 350/500 | Loss: 0.0860 | Best: 0.0857
Epoch 400/500 | Loss: 0.0858 | Best: 0.0853
Epoch 450/500 | Loss: 0.0852 | Best: 0.0848
Epoch 500/500 | Loss: 0.0848 | Best: 0.0847

Running KNN evaluation...

-- KNN on val --
Extracting train features...
Extracting test features...
  Layer  1  k= 5  →  0.850
  Layer  1  k=10  →  0.817
  Layer  1  k=20  →  0.781
  Layer  4  k= 5  →  0.923
  Layer  4  k=10  →  0.892
  Layer  4  k=20  →  0.858
  Layer  8  k= 5  →  0.918
  Layer  8  k=10  →  0.889
  Layer  8  k=20  →  0.861
  Layer 12  k= 5  →  0.929
  Layer 12  k=10  →  0.895
  Layer 12  k=20  →  0.863

-- KNN on test_easy --
Extracting train features...
Extracting test features...
  Layer  1  k= 5  →  0.818
  Layer  1  k=10  →  0.814
  Layer  1  k=20  →  0.782
  Layer  4  k= 5  →  0.915
  Layer  4  k=10  →  0.894
  Layer  4  k=20  →  0.881
  Layer  8  k= 5  →  0.925
  Layer  8  k=10  →  0.901
  Layer  8  k=20  →  0.887
  Layer 12  k= 5  →  0.940
  Layer 12  k=10  →  0.903
  Layer 12  k=20  →  0.885

-- KNN on test_hard --
Extracting train features...
Extracting test features...
  Layer  1  k= 5  →  0.754
  Layer  1  k=10  →  0.652
  Layer  1  k=20  →  0.652
  Layer  4  k= 5  →  0.725
  Layer  4  k=10  →  0.725
  Layer  4  k=20  →  0.681
  Layer  8  k= 5  →  0.609
  Layer  8  k=10  →  0.681
  Layer  8  k=20  →  0.696
  Layer 12  k= 5  →  0.652
  Layer 12  k=10  →  0.710
  Layer 12  k=20  →  0.710

Done! Results saved to results/mae_ep500_mask0.75_dec128_bs64.json

Running Linear Probe evaluation...

-- Linear Probe on val --
  Layer  1  →  0.576
  Layer  4  →  0.576
  Layer  8  →  0.576
  Layer 12  →  0.576

-- Linear Probe on test_easy --
  Layer  1  →  0.606
  Layer  4  →  0.606
  Layer  8  →  0.607
  Layer 12  →  0.606

-- Linear Probe on test_hard --
  Layer  1  →  0.449
  Layer  4  →  0.449
  Layer  8  →  0.507
  Layer 12  →  0.449
