
Experiment: mae_har_ep300_mask0.75_strategy2d_ph29pw25_seed43_enc6_dim128_bs128
label_map: {'jumping': 0, 'running': 1, 'seated-breathing': 2, 'walking': 3, 'wavinghand': 4}  num_classes: 5
  test_id: 4602 samples
  test_cross_device: 9631 samples
  test_cross_env: 6650 samples
  test_cross_user: 12109 samples
MAE params: 1,469,077
Epoch 010/300 | loss=0.2496 | best=0.2496 | lr=1.50e-04
Epoch 020/300 | loss=0.1710 | best=0.1710 | lr=1.48e-04
Epoch 030/300 | loss=0.1457 | best=0.1457 | lr=1.46e-04
Epoch 040/300 | loss=0.1378 | best=0.1378 | lr=1.44e-04
Epoch 050/300 | loss=0.1339 | best=0.1339 | lr=1.40e-04

--- Eval at epoch 50 ---
  Layer 1:
    test_id                   (in-dist) KNN=93.5% LP=52.2%
    test_cross_device         (OOD)     KNN=31.4% LP=49.1%
    test_cross_env            (OOD)     KNN=35.6% LP=48.6%
    test_cross_user           (OOD)     KNN=46.0% LP=51.5%
  Layer 3:
    test_id                   (in-dist) KNN=94.9% LP=54.1%
    test_cross_device         (OOD)     KNN=23.9% LP=42.4%
    test_cross_env            (OOD)     KNN=34.5% LP=45.0%
    test_cross_user           (OOD)     KNN=46.5% LP=47.4%
  Layer 6:
    test_id                   (in-dist) KNN=94.9% LP=55.3%
    test_cross_device         (OOD)     KNN=27.2% LP=35.3%
    test_cross_env            (OOD)     KNN=33.5% LP=44.4%
    test_cross_user           (OOD)     KNN=44.0% LP=43.9%

Epoch 060/300 | loss=0.1313 | best=0.1313 | lr=1.36e-04
Epoch 070/300 | loss=0.1298 | best=0.1298 | lr=1.31e-04
Epoch 080/300 | loss=0.1285 | best=0.1284 | lr=1.25e-04
Epoch 090/300 | loss=0.1272 | best=0.1272 | lr=1.19e-04
Epoch 100/300 | loss=0.1261 | best=0.1261 | lr=1.12e-04

--- Eval at epoch 100 ---
  Layer 1:
    test_id                   (in-dist) KNN=93.5% LP=52.8%
    test_cross_device         (OOD)     KNN=32.3% LP=48.2%
    test_cross_env            (OOD)     KNN=34.4% LP=48.0%
    test_cross_user           (OOD)     KNN=45.8% LP=50.6%
  Layer 3:
    test_id                   (in-dist) KNN=94.7% LP=55.7%
    test_cross_device         (OOD)     KNN=17.7% LP=41.8%
    test_cross_env            (OOD)     KNN=36.0% LP=46.0%
    test_cross_user           (OOD)     KNN=42.2% LP=47.2%
  Layer 6:
    test_id                   (in-dist) KNN=94.9% LP=57.5%
    test_cross_device         (OOD)     KNN=20.9% LP=30.6%
    test_cross_env            (OOD)     KNN=26.6% LP=41.5%
    test_cross_user           (OOD)     KNN=41.9% LP=40.5%

Epoch 110/300 | loss=0.1253 | best=0.1253 | lr=1.06e-04
Epoch 120/300 | loss=0.1249 | best=0.1249 | lr=9.82e-05
Epoch 130/300 | loss=0.1243 | best=0.1243 | lr=9.06e-05
Epoch 140/300 | loss=0.1238 | best=0.1238 | lr=8.28e-05
Epoch 150/300 | loss=0.1236 | best=0.1235 | lr=7.50e-05

--- Eval at epoch 150 ---
  Layer 1:
    test_id                   (in-dist) KNN=93.4% LP=52.9%
    test_cross_device         (OOD)     KNN=31.2% LP=51.5%
    test_cross_env            (OOD)     KNN=34.8% LP=45.5%
    test_cross_user           (OOD)     KNN=45.9% LP=50.4%
  Layer 3:
    test_id                   (in-dist) KNN=94.9% LP=56.3%
    test_cross_device         (OOD)     KNN=24.5% LP=40.7%
    test_cross_env            (OOD)     KNN=36.1% LP=42.7%
    test_cross_user           (OOD)     KNN=45.0% LP=46.5%
  Layer 6:
    test_id                   (in-dist) KNN=95.0% LP=57.4%
    test_cross_device         (OOD)     KNN=26.0% LP=27.3%
    test_cross_env            (OOD)     KNN=28.7% LP=37.1%
    test_cross_user           (OOD)     KNN=41.5% LP=40.4%

Epoch 160/300 | loss=0.1232 | best=0.1232 | lr=6.72e-05
Epoch 170/300 | loss=0.1230 | best=0.1230 | lr=5.94e-05
Epoch 180/300 | loss=0.1228 | best=0.1228 | lr=5.18e-05
Epoch 190/300 | loss=0.1226 | best=0.1226 | lr=4.45e-05
Epoch 200/300 | loss=0.1225 | best=0.1224 | lr=3.75e-05

--- Eval at epoch 200 ---
  Layer 1:
    test_id                   (in-dist) KNN=93.5% LP=53.0%
    test_cross_device         (OOD)     KNN=30.9% LP=51.1%
    test_cross_env            (OOD)     KNN=33.0% LP=44.1%
    test_cross_user           (OOD)     KNN=45.7% LP=50.3%
  Layer 3:
    test_id                   (in-dist) KNN=94.9% LP=56.9%
    test_cross_device         (OOD)     KNN=26.9% LP=39.9%
    test_cross_env            (OOD)     KNN=33.9% LP=39.9%
    test_cross_user           (OOD)     KNN=46.2% LP=46.1%
  Layer 6:
    test_id                   (in-dist) KNN=95.2% LP=58.1%
    test_cross_device         (OOD)     KNN=28.6% LP=29.1%
    test_cross_env            (OOD)     KNN=30.3% LP=37.4%
    test_cross_user           (OOD)     KNN=43.0% LP=42.7%

Epoch 210/300 | loss=0.1223 | best=0.1222 | lr=3.09e-05
Epoch 220/300 | loss=0.1221 | best=0.1221 | lr=2.48e-05
Epoch 230/300 | loss=0.1219 | best=0.1219 | lr=1.93e-05
Epoch 240/300 | loss=0.1219 | best=0.1218 | lr=1.43e-05
Epoch 250/300 | loss=0.1218 | best=0.1217 | lr=1.00e-05

--- Eval at epoch 250 ---
  Layer 1:
    test_id                   (in-dist) KNN=93.5% LP=52.9%
    test_cross_device         (OOD)     KNN=29.7% LP=51.6%
    test_cross_env            (OOD)     KNN=32.9% LP=44.5%
    test_cross_user           (OOD)     KNN=45.6% LP=50.5%
  Layer 3:
    test_id                   (in-dist) KNN=95.0% LP=57.2%
    test_cross_device         (OOD)     KNN=27.1% LP=39.3%
    test_cross_env            (OOD)     KNN=34.1% LP=40.0%
    test_cross_user           (OOD)     KNN=45.9% LP=46.4%
  Layer 6:
    test_id                   (in-dist) KNN=95.3% LP=58.2%
    test_cross_device         (OOD)     KNN=28.9% LP=30.8%
    test_cross_env            (OOD)     KNN=28.6% LP=37.4%
    test_cross_user           (OOD)     KNN=42.6% LP=44.2%

Epoch 260/300 | loss=0.1217 | best=0.1215 | lr=6.48e-06
Epoch 270/300 | loss=0.1216 | best=0.1215 | lr=3.67e-06
Epoch 280/300 | loss=0.1217 | best=0.1215 | lr=1.64e-06
Epoch 290/300 | loss=0.1216 | best=0.1215 | lr=4.11e-07
Epoch 300/300 | loss=0.1215 | best=0.1215 | lr=0.00e+00

--- Eval at epoch 300 ---
  Layer 1:
    test_id                   (in-dist) KNN=93.4% LP=52.9%
    test_cross_device         (OOD)     KNN=29.0% LP=51.8%
    test_cross_env            (OOD)     KNN=32.7% LP=44.0%
    test_cross_user           (OOD)     KNN=45.6% LP=50.6%
  Layer 3:
    test_id                   (in-dist) KNN=95.0% LP=57.2%
    test_cross_device         (OOD)     KNN=27.2% LP=39.6%
    test_cross_env            (OOD)     KNN=34.1% LP=39.6%
    test_cross_user           (OOD)     KNN=45.9% LP=47.0%
  Layer 6:
    test_id                   (in-dist) KNN=95.3% LP=58.5%
    test_cross_device         (OOD)     KNN=28.1% LP=31.7%
    test_cross_env            (OOD)     KNN=28.7% LP=37.5%
    test_cross_user           (OOD)     KNN=42.3% LP=44.9%


Done. Best pretrain loss: 0.1215
Results: /home/zhuzih19/csi-project/csi-fall-detection/results/mae_har/mae_har_ep300_mask0.75_strategy2d_ph29pw25_seed43_enc6_dim128_bs128.json
Checkpoint: /home/zhuzih19/csi-project/csi-fall-detection/checkpoints/mae_har/mae_har_ep300_mask0.75_strategy2d_ph29pw25_seed43_enc6_dim128_bs128_best.pt
