
Experiment: mae_har_ep300_mask0.875_strategyrandom_ph29pw25_enc6_dim128_bs128
label_map: {'jumping': 0, 'running': 1, 'seated-breathing': 2, 'walking': 3, 'wavinghand': 4}  num_classes: 5
  test_id: 4602 samples
  test_cross_device: 9631 samples
  test_cross_env: 6650 samples
  test_cross_user: 12109 samples
MAE params: 1,469,077
Epoch 010/300 | loss=0.2660 | best=0.2660 | lr=1.50e-04
Epoch 020/300 | loss=0.1749 | best=0.1749 | lr=1.48e-04
Epoch 030/300 | loss=0.1500 | best=0.1500 | lr=1.46e-04
Epoch 040/300 | loss=0.1388 | best=0.1379 | lr=1.44e-04
Epoch 050/300 | loss=0.1323 | best=0.1323 | lr=1.40e-04

--- Eval at epoch 50 ---
  Layer 1:
    test_id                   (in-dist) KNN=94.5% LP=53.2%
    test_cross_device         (OOD)     KNN=26.3% LP=47.4%
    test_cross_env            (OOD)     KNN=41.2% LP=50.1%
    test_cross_user           (OOD)     KNN=47.4% LP=50.5%
  Layer 3:
    test_id                   (in-dist) KNN=95.0% LP=54.1%
    test_cross_device         (OOD)     KNN=27.5% LP=42.0%
    test_cross_env            (OOD)     KNN=39.4% LP=46.6%
    test_cross_user           (OOD)     KNN=45.7% LP=48.6%
  Layer 6:
    test_id                   (in-dist) KNN=95.0% LP=54.5%
    test_cross_device         (OOD)     KNN=25.4% LP=45.9%
    test_cross_env            (OOD)     KNN=39.0% LP=47.7%
    test_cross_user           (OOD)     KNN=44.5% LP=49.9%

Epoch 060/300 | loss=0.1292 | best=0.1292 | lr=1.36e-04
Epoch 070/300 | loss=0.1275 | best=0.1275 | lr=1.31e-04
Epoch 080/300 | loss=0.1260 | best=0.1260 | lr=1.25e-04
Epoch 090/300 | loss=0.1248 | best=0.1248 | lr=1.19e-04
Epoch 100/300 | loss=0.1239 | best=0.1237 | lr=1.12e-04

--- Eval at epoch 100 ---
  Layer 1:
    test_id                   (in-dist) KNN=94.2% LP=52.8%
    test_cross_device         (OOD)     KNN=26.5% LP=47.2%
    test_cross_env            (OOD)     KNN=38.8% LP=47.9%
    test_cross_user           (OOD)     KNN=46.3% LP=49.6%
  Layer 3:
    test_id                   (in-dist) KNN=95.2% LP=54.9%
    test_cross_device         (OOD)     KNN=22.1% LP=37.0%
    test_cross_env            (OOD)     KNN=36.9% LP=43.7%
    test_cross_user           (OOD)     KNN=42.2% LP=47.5%
  Layer 6:
    test_id                   (in-dist) KNN=94.7% LP=55.0%
    test_cross_device         (OOD)     KNN=20.5% LP=38.0%
    test_cross_env            (OOD)     KNN=37.4% LP=47.3%
    test_cross_user           (OOD)     KNN=41.1% LP=43.3%

Epoch 110/300 | loss=0.1228 | best=0.1228 | lr=1.06e-04
Epoch 120/300 | loss=0.1222 | best=0.1222 | lr=9.82e-05
Epoch 130/300 | loss=0.1218 | best=0.1218 | lr=9.06e-05
Epoch 140/300 | loss=0.1216 | best=0.1215 | lr=8.28e-05
Epoch 150/300 | loss=0.1211 | best=0.1210 | lr=7.50e-05

--- Eval at epoch 150 ---
  Layer 1:
    test_id                   (in-dist) KNN=94.4% LP=52.7%
    test_cross_device         (OOD)     KNN=26.3% LP=44.9%
    test_cross_env            (OOD)     KNN=39.3% LP=45.0%
    test_cross_user           (OOD)     KNN=45.5% LP=50.3%
  Layer 3:
    test_id                   (in-dist) KNN=94.9% LP=56.2%
    test_cross_device         (OOD)     KNN=26.1% LP=35.3%
    test_cross_env            (OOD)     KNN=39.3% LP=45.5%
    test_cross_user           (OOD)     KNN=43.4% LP=46.6%
  Layer 6:
    test_id                   (in-dist) KNN=95.2% LP=54.9%
    test_cross_device         (OOD)     KNN=20.7% LP=38.9%
    test_cross_env            (OOD)     KNN=37.5% LP=48.1%
    test_cross_user           (OOD)     KNN=40.6% LP=45.0%

Epoch 160/300 | loss=0.1208 | best=0.1206 | lr=6.72e-05
Epoch 170/300 | loss=0.1204 | best=0.1203 | lr=5.94e-05
Epoch 180/300 | loss=0.1203 | best=0.1201 | lr=5.18e-05
Epoch 190/300 | loss=0.1200 | best=0.1200 | lr=4.45e-05
Epoch 200/300 | loss=0.1197 | best=0.1197 | lr=3.75e-05

--- Eval at epoch 200 ---
  Layer 1:
    test_id                   (in-dist) KNN=94.4% LP=52.8%
    test_cross_device         (OOD)     KNN=26.0% LP=44.8%
    test_cross_env            (OOD)     KNN=39.3% LP=45.2%
    test_cross_user           (OOD)     KNN=45.4% LP=50.0%
  Layer 3:
    test_id                   (in-dist) KNN=94.9% LP=56.9%
    test_cross_device         (OOD)     KNN=26.1% LP=34.9%
    test_cross_env            (OOD)     KNN=40.3% LP=44.5%
    test_cross_user           (OOD)     KNN=43.4% LP=47.5%
  Layer 6:
    test_id                   (in-dist) KNN=95.2% LP=54.5%
    test_cross_device         (OOD)     KNN=22.2% LP=43.1%
    test_cross_env            (OOD)     KNN=38.8% LP=48.3%
    test_cross_user           (OOD)     KNN=41.2% LP=46.8%

Epoch 210/300 | loss=0.1197 | best=0.1195 | lr=3.09e-05
Epoch 220/300 | loss=0.1194 | best=0.1194 | lr=2.48e-05
Epoch 230/300 | loss=0.1193 | best=0.1193 | lr=1.93e-05
Epoch 240/300 | loss=0.1191 | best=0.1191 | lr=1.43e-05
Epoch 250/300 | loss=0.1191 | best=0.1190 | lr=1.00e-05

--- Eval at epoch 250 ---
  Layer 1:
    test_id                   (in-dist) KNN=94.2% LP=52.8%
    test_cross_device         (OOD)     KNN=25.3% LP=44.3%
    test_cross_env            (OOD)     KNN=38.4% LP=44.6%
    test_cross_user           (OOD)     KNN=44.5% LP=50.6%
  Layer 3:
    test_id                   (in-dist) KNN=94.9% LP=56.9%
    test_cross_device         (OOD)     KNN=26.7% LP=34.6%
    test_cross_env            (OOD)     KNN=40.3% LP=42.1%
    test_cross_user           (OOD)     KNN=43.8% LP=45.9%
  Layer 6:
    test_id                   (in-dist) KNN=95.0% LP=55.2%
    test_cross_device         (OOD)     KNN=22.4% LP=42.8%
    test_cross_env            (OOD)     KNN=39.4% LP=48.8%
    test_cross_user           (OOD)     KNN=41.0% LP=47.3%

Epoch 260/300 | loss=0.1189 | best=0.1189 | lr=6.48e-06
Epoch 270/300 | loss=0.1188 | best=0.1188 | lr=3.67e-06
Epoch 280/300 | loss=0.1189 | best=0.1188 | lr=1.64e-06
Epoch 290/300 | loss=0.1190 | best=0.1188 | lr=4.11e-07
Epoch 300/300 | loss=0.1188 | best=0.1187 | lr=0.00e+00

--- Eval at epoch 300 ---
  Layer 1:
    test_id                   (in-dist) KNN=94.3% LP=52.8%
    test_cross_device         (OOD)     KNN=25.1% LP=44.9%
    test_cross_env            (OOD)     KNN=38.4% LP=45.0%
    test_cross_user           (OOD)     KNN=44.3% LP=50.7%
  Layer 3:
    test_id                   (in-dist) KNN=94.9% LP=56.8%
    test_cross_device         (OOD)     KNN=26.5% LP=35.1%
    test_cross_env            (OOD)     KNN=40.1% LP=42.0%
    test_cross_user           (OOD)     KNN=43.6% LP=46.6%
  Layer 6:
    test_id                   (in-dist) KNN=95.0% LP=55.5%
    test_cross_device         (OOD)     KNN=22.1% LP=41.7%
    test_cross_env            (OOD)     KNN=39.3% LP=48.6%
    test_cross_user           (OOD)     KNN=41.1% LP=47.5%


Done. Best pretrain loss: 0.1187
Results: /home/zhuzih19/csi-project/csi-fall-detection/results/mae_har/mae_har_ep300_mask0.875_strategyrandom_ph29pw25_enc6_dim128_bs128.json
Checkpoint: /home/zhuzih19/csi-project/csi-fall-detection/checkpoints/mae_har/mae_har_ep300_mask0.875_strategyrandom_ph29pw25_enc6_dim128_bs128_best.pt
