
Experiment: mae_har_ep300_mask0.5_strategyrandom_ph29pw25_seed42_enc6_dim128_bs128
label_map: {'jumping': 0, 'running': 1, 'seated-breathing': 2, 'walking': 3, 'wavinghand': 4}  num_classes: 5
  test_id: 4602 samples
  test_cross_device: 9631 samples
  test_cross_env: 6650 samples
  test_cross_user: 12109 samples
MAE params: 1,469,077
Epoch 010/300 | loss=0.1993 | best=0.1993 | lr=1.50e-04
Epoch 020/300 | loss=0.1470 | best=0.1470 | lr=1.48e-04
Epoch 030/300 | loss=0.1310 | best=0.1310 | lr=1.46e-04
Epoch 040/300 | loss=0.1254 | best=0.1254 | lr=1.44e-04
Epoch 050/300 | loss=0.1228 | best=0.1228 | lr=1.40e-04

--- Eval at epoch 50 ---
  Layer 1:
    test_id                   (in-dist) KNN=93.9% LP=52.1%
    test_cross_device         (OOD)     KNN=28.8% LP=49.8%
    test_cross_env            (OOD)     KNN=36.4% LP=45.4%
    test_cross_user           (OOD)     KNN=45.9% LP=51.0%
  Layer 3:
    test_id                   (in-dist) KNN=95.0% LP=54.5%
    test_cross_device         (OOD)     KNN=23.7% LP=45.9%
    test_cross_env            (OOD)     KNN=32.4% LP=45.1%
    test_cross_user           (OOD)     KNN=42.0% LP=50.4%
  Layer 6:
    test_id                   (in-dist) KNN=94.8% LP=55.4%
    test_cross_device         (OOD)     KNN=24.0% LP=43.8%
    test_cross_env            (OOD)     KNN=38.3% LP=45.7%
    test_cross_user           (OOD)     KNN=42.7% LP=50.3%

Epoch 060/300 | loss=0.1210 | best=0.1210 | lr=1.36e-04
Epoch 070/300 | loss=0.1198 | best=0.1196 | lr=1.31e-04
Epoch 080/300 | loss=0.1192 | best=0.1190 | lr=1.25e-04
Epoch 090/300 | loss=0.1184 | best=0.1184 | lr=1.19e-04
Epoch 100/300 | loss=0.1181 | best=0.1181 | lr=1.12e-04

--- Eval at epoch 100 ---
  Layer 1:
    test_id                   (in-dist) KNN=94.1% LP=51.9%
    test_cross_device         (OOD)     KNN=24.5% LP=50.1%
    test_cross_env            (OOD)     KNN=36.4% LP=45.7%
    test_cross_user           (OOD)     KNN=43.6% LP=50.3%
  Layer 3:
    test_id                   (in-dist) KNN=95.1% LP=55.7%
    test_cross_device         (OOD)     KNN=24.3% LP=42.2%
    test_cross_env            (OOD)     KNN=30.6% LP=45.8%
    test_cross_user           (OOD)     KNN=42.2% LP=48.3%
  Layer 6:
    test_id                   (in-dist) KNN=95.1% LP=55.6%
    test_cross_device         (OOD)     KNN=28.5% LP=40.5%
    test_cross_env            (OOD)     KNN=33.7% LP=42.1%
    test_cross_user           (OOD)     KNN=44.6% LP=49.0%

Epoch 110/300 | loss=0.1178 | best=0.1176 | lr=1.06e-04
Epoch 120/300 | loss=0.1175 | best=0.1174 | lr=9.82e-05
Epoch 130/300 | loss=0.1171 | best=0.1171 | lr=9.06e-05
Epoch 140/300 | loss=0.1170 | best=0.1170 | lr=8.28e-05
Epoch 150/300 | loss=0.1169 | best=0.1169 | lr=7.50e-05

--- Eval at epoch 150 ---
  Layer 1:
    test_id                   (in-dist) KNN=94.2% LP=52.3%
    test_cross_device         (OOD)     KNN=23.8% LP=49.2%
    test_cross_env            (OOD)     KNN=36.4% LP=46.9%
    test_cross_user           (OOD)     KNN=43.5% LP=50.0%
  Layer 3:
    test_id                   (in-dist) KNN=95.3% LP=56.4%
    test_cross_device         (OOD)     KNN=24.8% LP=41.9%
    test_cross_env            (OOD)     KNN=32.6% LP=43.7%
    test_cross_user           (OOD)     KNN=42.0% LP=48.1%
  Layer 6:
    test_id                   (in-dist) KNN=95.2% LP=55.8%
    test_cross_device         (OOD)     KNN=28.9% LP=39.5%
    test_cross_env            (OOD)     KNN=29.9% LP=38.5%
    test_cross_user           (OOD)     KNN=43.8% LP=47.1%

Epoch 160/300 | loss=0.1167 | best=0.1166 | lr=6.72e-05
Epoch 170/300 | loss=0.1165 | best=0.1164 | lr=5.94e-05
Epoch 180/300 | loss=0.1163 | best=0.1163 | lr=5.18e-05
Epoch 190/300 | loss=0.1163 | best=0.1163 | lr=4.45e-05
Epoch 200/300 | loss=0.1163 | best=0.1161 | lr=3.75e-05

--- Eval at epoch 200 ---
  Layer 1:
    test_id                   (in-dist) KNN=94.2% LP=52.3%
    test_cross_device         (OOD)     KNN=24.3% LP=47.4%
    test_cross_env            (OOD)     KNN=36.3% LP=46.6%
    test_cross_user           (OOD)     KNN=43.9% LP=49.9%
  Layer 3:
    test_id                   (in-dist) KNN=95.3% LP=56.7%
    test_cross_device         (OOD)     KNN=25.5% LP=41.1%
    test_cross_env            (OOD)     KNN=32.5% LP=44.4%
    test_cross_user           (OOD)     KNN=42.4% LP=47.0%
  Layer 6:
    test_id                   (in-dist) KNN=95.3% LP=55.8%
    test_cross_device         (OOD)     KNN=29.1% LP=40.2%
    test_cross_env            (OOD)     KNN=30.0% LP=38.6%
    test_cross_user           (OOD)     KNN=43.6% LP=47.6%

Epoch 210/300 | loss=0.1163 | best=0.1160 | lr=3.09e-05
Epoch 220/300 | loss=0.1159 | best=0.1159 | lr=2.48e-05
Epoch 230/300 | loss=0.1160 | best=0.1158 | lr=1.93e-05
Epoch 240/300 | loss=0.1160 | best=0.1158 | lr=1.43e-05
Epoch 250/300 | loss=0.1159 | best=0.1157 | lr=1.00e-05

--- Eval at epoch 250 ---
  Layer 1:
    test_id                   (in-dist) KNN=94.3% LP=52.4%
    test_cross_device         (OOD)     KNN=24.9% LP=51.0%
    test_cross_env            (OOD)     KNN=36.7% LP=46.6%
    test_cross_user           (OOD)     KNN=43.8% LP=49.9%
  Layer 3:
    test_id                   (in-dist) KNN=95.3% LP=56.6%
    test_cross_device         (OOD)     KNN=26.2% LP=40.8%
    test_cross_env            (OOD)     KNN=33.0% LP=44.7%
    test_cross_user           (OOD)     KNN=43.0% LP=47.0%
  Layer 6:
    test_id                   (in-dist) KNN=95.5% LP=56.0%
    test_cross_device         (OOD)     KNN=28.6% LP=42.1%
    test_cross_env            (OOD)     KNN=31.2% LP=38.7%
    test_cross_user           (OOD)     KNN=43.3% LP=47.9%

Epoch 260/300 | loss=0.1157 | best=0.1156 | lr=6.48e-06
Epoch 270/300 | loss=0.1157 | best=0.1156 | lr=3.67e-06
Epoch 280/300 | loss=0.1158 | best=0.1156 | lr=1.64e-06
Epoch 290/300 | loss=0.1158 | best=0.1156 | lr=4.11e-07
Epoch 300/300 | loss=0.1157 | best=0.1155 | lr=0.00e+00

--- Eval at epoch 300 ---
  Layer 1:
    test_id                   (in-dist) KNN=94.2% LP=52.4%
    test_cross_device         (OOD)     KNN=25.1% LP=50.0%
    test_cross_env            (OOD)     KNN=36.7% LP=47.1%
    test_cross_user           (OOD)     KNN=43.8% LP=49.9%
  Layer 3:
    test_id                   (in-dist) KNN=95.3% LP=56.5%
    test_cross_device         (OOD)     KNN=26.5% LP=41.3%
    test_cross_env            (OOD)     KNN=33.0% LP=44.7%
    test_cross_user           (OOD)     KNN=43.2% LP=46.6%
  Layer 6:
    test_id                   (in-dist) KNN=95.5% LP=56.2%
    test_cross_device         (OOD)     KNN=28.7% LP=42.9%
    test_cross_env            (OOD)     KNN=31.5% LP=39.1%
    test_cross_user           (OOD)     KNN=43.4% LP=47.8%


Done. Best pretrain loss: 0.1155
Results: /home/zhuzih19/csi-project/csi-fall-detection/results/mae_har/mae_har_ep300_mask0.5_strategyrandom_ph29pw25_seed42_enc6_dim128_bs128.json
Checkpoint: /home/zhuzih19/csi-project/csi-fall-detection/checkpoints/mae_har/mae_har_ep300_mask0.5_strategyrandom_ph29pw25_seed42_enc6_dim128_bs128_best.pt
