
Experiment: mae_har_ep300_mask0.75_strategy2d_ph29pw25_seed42_enc12_dim128_bs128
[patch-pad] patch_h=29, patch_w=25 evenly divide 232x500, no padding needed. num_patches=160
[mem-check] num_patches=160  batch_size=128  estimated attention-score memory per layer: 0.05 GB (x12 layers if all retained for backward: 0.59 GB)
label_map: {'jumping': 0, 'running': 1, 'seated-breathing': 2, 'walking': 3, 'wavinghand': 4}  num_classes: 5
  test_id: 4602 samples
  test_cross_device: 9631 samples
  test_cross_env: 6650 samples
  test_cross_user: 12109 samples
MAE params: 2,658,709
Epoch 010/300 | loss=0.2578 | best=0.2578 | lr=1.50e-04
Epoch 020/300 | loss=0.1701 | best=0.1701 | lr=1.48e-04
Epoch 030/300 | loss=0.1447 | best=0.1447 | lr=1.46e-04
Epoch 040/300 | loss=0.1364 | best=0.1364 | lr=1.44e-04
Epoch 050/300 | loss=0.1325 | best=0.1325 | lr=1.40e-04

--- Eval at epoch 50 ---
  Layer 1:
    test_id                   (in-dist) KNN=93.3% LP=51.9%
    test_cross_device         (OOD)     KNN=25.9% LP=48.3%
    test_cross_env            (OOD)     KNN=33.7% LP=46.1%
    test_cross_user           (OOD)     KNN=43.5% LP=50.8%
  Layer 3:
    test_id                   (in-dist) KNN=94.8% LP=53.6%
    test_cross_device         (OOD)     KNN=30.8% LP=48.1%
    test_cross_env            (OOD)     KNN=32.7% LP=46.8%
    test_cross_user           (OOD)     KNN=45.7% LP=49.6%
  Layer 6:
    test_id                   (in-dist) KNN=94.9% LP=55.0%
    test_cross_device         (OOD)     KNN=26.7% LP=43.6%
    test_cross_env            (OOD)     KNN=36.4% LP=34.9%
    test_cross_user           (OOD)     KNN=44.0% LP=47.0%

Epoch 060/300 | loss=0.1302 | best=0.1302 | lr=1.36e-04
Epoch 070/300 | loss=0.1286 | best=0.1286 | lr=1.31e-04
Epoch 080/300 | loss=0.1271 | best=0.1271 | lr=1.25e-04
Epoch 090/300 | loss=0.1263 | best=0.1262 | lr=1.19e-04
Epoch 100/300 | loss=0.1253 | best=0.1253 | lr=1.12e-04

--- Eval at epoch 100 ---
  Layer 1:
    test_id                   (in-dist) KNN=93.4% LP=52.4%
    test_cross_device         (OOD)     KNN=31.4% LP=48.1%
    test_cross_env            (OOD)     KNN=35.3% LP=49.8%
    test_cross_user           (OOD)     KNN=44.4% LP=50.3%
  Layer 3:
    test_id                   (in-dist) KNN=94.7% LP=55.1%
    test_cross_device         (OOD)     KNN=29.0% LP=47.9%
    test_cross_env            (OOD)     KNN=34.5% LP=45.4%
    test_cross_user           (OOD)     KNN=46.3% LP=50.4%
  Layer 6:
    test_id                   (in-dist) KNN=94.8% LP=56.6%
    test_cross_device         (OOD)     KNN=30.9% LP=42.5%
    test_cross_env            (OOD)     KNN=35.4% LP=39.7%
    test_cross_user           (OOD)     KNN=44.3% LP=45.1%

Epoch 110/300 | loss=0.1248 | best=0.1247 | lr=1.06e-04
Epoch 120/300 | loss=0.1240 | best=0.1240 | lr=9.82e-05
Epoch 130/300 | loss=0.1237 | best=0.1237 | lr=9.06e-05
Epoch 140/300 | loss=0.1231 | best=0.1231 | lr=8.28e-05
Epoch 150/300 | loss=0.1227 | best=0.1227 | lr=7.50e-05

--- Eval at epoch 150 ---
  Layer 1:
    test_id                   (in-dist) KNN=93.5% LP=52.3%
    test_cross_device         (OOD)     KNN=32.9% LP=48.4%
    test_cross_env            (OOD)     KNN=35.4% LP=46.1%
    test_cross_user           (OOD)     KNN=44.6% LP=50.2%
  Layer 3:
    test_id                   (in-dist) KNN=94.5% LP=55.1%
    test_cross_device         (OOD)     KNN=30.0% LP=46.7%
    test_cross_env            (OOD)     KNN=33.6% LP=45.5%
    test_cross_user           (OOD)     KNN=46.4% LP=50.3%
  Layer 6:
    test_id                   (in-dist) KNN=95.0% LP=57.5%
    test_cross_device         (OOD)     KNN=34.2% LP=43.6%
    test_cross_env            (OOD)     KNN=35.3% LP=44.1%
    test_cross_user           (OOD)     KNN=44.5% LP=48.9%

Epoch 160/300 | loss=0.1224 | best=0.1224 | lr=6.72e-05
Epoch 170/300 | loss=0.1220 | best=0.1220 | lr=5.94e-05
Epoch 180/300 | loss=0.1219 | best=0.1219 | lr=5.18e-05
Epoch 190/300 | loss=0.1217 | best=0.1217 | lr=4.45e-05
Epoch 200/300 | loss=0.1215 | best=0.1214 | lr=3.75e-05

--- Eval at epoch 200 ---
  Layer 1:
    test_id                   (in-dist) KNN=93.4% LP=52.4%
    test_cross_device         (OOD)     KNN=33.9% LP=48.0%
    test_cross_env            (OOD)     KNN=36.0% LP=46.0%
    test_cross_user           (OOD)     KNN=45.0% LP=50.3%
  Layer 3:
    test_id                   (in-dist) KNN=94.6% LP=55.0%
    test_cross_device         (OOD)     KNN=29.2% LP=48.1%
    test_cross_env            (OOD)     KNN=34.0% LP=45.5%
    test_cross_user           (OOD)     KNN=46.4% LP=49.6%
  Layer 6:
    test_id                   (in-dist) KNN=95.0% LP=58.4%
    test_cross_device         (OOD)     KNN=33.7% LP=45.7%
    test_cross_env            (OOD)     KNN=35.0% LP=44.4%
    test_cross_user           (OOD)     KNN=44.1% LP=50.8%

Epoch 210/300 | loss=0.1213 | best=0.1213 | lr=3.09e-05
Epoch 220/300 | loss=0.1213 | best=0.1211 | lr=2.48e-05
Epoch 230/300 | loss=0.1212 | best=0.1210 | lr=1.93e-05
Epoch 240/300 | loss=0.1209 | best=0.1209 | lr=1.43e-05
Epoch 250/300 | loss=0.1209 | best=0.1208 | lr=1.00e-05

--- Eval at epoch 250 ---
  Layer 1:
    test_id                   (in-dist) KNN=93.4% LP=52.0%
    test_cross_device         (OOD)     KNN=34.3% LP=48.2%
    test_cross_env            (OOD)     KNN=35.4% LP=45.0%
    test_cross_user           (OOD)     KNN=45.1% LP=50.4%
  Layer 3:
    test_id                   (in-dist) KNN=94.6% LP=55.7%
    test_cross_device         (OOD)     KNN=29.8% LP=46.0%
    test_cross_env            (OOD)     KNN=33.5% LP=46.1%
    test_cross_user           (OOD)     KNN=46.4% LP=49.7%
  Layer 6:
    test_id                   (in-dist) KNN=95.1% LP=58.5%
    test_cross_device         (OOD)     KNN=35.3% LP=45.5%
    test_cross_env            (OOD)     KNN=35.4% LP=44.1%
    test_cross_user           (OOD)     KNN=44.2% LP=49.3%

Epoch 260/300 | loss=0.1209 | best=0.1208 | lr=6.48e-06
Epoch 270/300 | loss=0.1208 | best=0.1207 | lr=3.67e-06
Epoch 280/300 | loss=0.1207 | best=0.1207 | lr=1.64e-06
Epoch 290/300 | loss=0.1207 | best=0.1206 | lr=4.11e-07
Epoch 300/300 | loss=0.1207 | best=0.1206 | lr=0.00e+00

--- Eval at epoch 300 ---
  Layer 1:
    test_id                   (in-dist) KNN=93.4% LP=52.2%
    test_cross_device         (OOD)     KNN=34.3% LP=47.8%
    test_cross_env            (OOD)     KNN=35.1% LP=47.6%
    test_cross_user           (OOD)     KNN=45.1% LP=50.4%
  Layer 3:
    test_id                   (in-dist) KNN=94.5% LP=55.3%
    test_cross_device         (OOD)     KNN=30.0% LP=46.5%
    test_cross_env            (OOD)     KNN=33.6% LP=46.1%
    test_cross_user           (OOD)     KNN=46.3% LP=49.6%
  Layer 6:
    test_id                   (in-dist) KNN=95.1% LP=58.3%
    test_cross_device         (OOD)     KNN=34.8% LP=45.2%
    test_cross_env            (OOD)     KNN=35.4% LP=44.3%
    test_cross_user           (OOD)     KNN=44.1% LP=48.7%


Done. Best pretrain loss: 0.1206
Results: /home/zhuzih19/csi-project/csi-fall-detection/results/mae_har/mae_har_ep300_mask0.75_strategy2d_ph29pw25_seed42_enc12_dim128_bs128.json
Checkpoint: /home/zhuzih19/csi-project/csi-fall-detection/checkpoints/mae_har/mae_har_ep300_mask0.75_strategy2d_ph29pw25_seed42_enc12_dim128_bs128_best.pt
