
Experiment: mae_har_ep300_mask0.75_strategyrandom_ph13pw13_seed43_enc12_dim128_bs128
[patch-pad] patch_h=13, patch_w=13 do not evenly divide 232x500 -- zero-padding input to 234x507 (+2 subcarriers, +7 timesteps). num_patches=702 (n_h=18, n_w=39)
[mem-check] num_patches=702  batch_size=128  encoder_depth=12  attention-score memory: 0.94 GB/layer, 11.28 GB cumulative (all layers retained for backward)
label_map: {'jumping': 0, 'running': 1, 'seated-breathing': 2, 'walking': 3, 'wavinghand': 4}  num_classes: 5
  test_id: 4602 samples
  test_cross_device: 9631 samples
  test_cross_env: 6650 samples
  test_cross_user: 12109 samples
MAE params: 2,655,465
Epoch 010/300 | loss=0.2472 | best=0.2472 | lr=1.50e-04
Epoch 020/300 | loss=0.1611 | best=0.1611 | lr=1.48e-04
Epoch 030/300 | loss=0.1438 | best=0.1438 | lr=1.46e-04
Epoch 040/300 | loss=0.1365 | best=0.1365 | lr=1.44e-04
Epoch 050/300 | loss=0.1328 | best=0.1328 | lr=1.40e-04

--- Eval at epoch 50 ---
  Layer 1:
    test_id                   (in-dist) KNN=90.5% LP=52.8%
    test_cross_device         (OOD)     KNN=28.0% LP=51.6%
    test_cross_env            (OOD)     KNN=32.6% LP=51.4%
    test_cross_user           (OOD)     KNN=49.1% LP=50.2%
  Layer 3:
    test_id                   (in-dist) KNN=94.0% LP=54.9%
    test_cross_device         (OOD)     KNN=29.9% LP=47.1%
    test_cross_env            (OOD)     KNN=30.4% LP=39.7%
    test_cross_user           (OOD)     KNN=47.9% LP=45.4%
  Layer 6:
    test_id                   (in-dist) KNN=94.9% LP=56.0%
    test_cross_device         (OOD)     KNN=34.2% LP=41.2%
    test_cross_env            (OOD)     KNN=35.7% LP=42.2%
    test_cross_user           (OOD)     KNN=49.9% LP=43.6%

Epoch 060/300 | loss=0.1308 | best=0.1308 | lr=1.36e-04
Epoch 070/300 | loss=0.1293 | best=0.1293 | lr=1.31e-04
Epoch 080/300 | loss=0.1275 | best=0.1275 | lr=1.25e-04
Epoch 090/300 | loss=0.1258 | best=0.1258 | lr=1.19e-04
Epoch 100/300 | loss=0.1242 | best=0.1242 | lr=1.12e-04

--- Eval at epoch 100 ---
  Layer 1:
    test_id                   (in-dist) KNN=90.8% LP=53.4%
    test_cross_device         (OOD)     KNN=29.9% LP=52.9%
    test_cross_env            (OOD)     KNN=29.3% LP=51.2%
    test_cross_user           (OOD)     KNN=47.5% LP=50.2%
  Layer 3:
    test_id                   (in-dist) KNN=94.2% LP=55.7%
    test_cross_device         (OOD)     KNN=30.3% LP=41.4%
    test_cross_env            (OOD)     KNN=32.5% LP=38.6%
    test_cross_user           (OOD)     KNN=49.4% LP=44.6%
  Layer 6:
    test_id                   (in-dist) KNN=94.8% LP=57.1%
    test_cross_device         (OOD)     KNN=29.7% LP=39.5%
    test_cross_env            (OOD)     KNN=36.2% LP=38.3%
    test_cross_user           (OOD)     KNN=47.2% LP=43.3%

Epoch 110/300 | loss=0.1232 | best=0.1232 | lr=1.06e-04
Epoch 120/300 | loss=0.1223 | best=0.1223 | lr=9.82e-05
Epoch 130/300 | loss=0.1192 | best=0.1192 | lr=9.06e-05
Epoch 140/300 | loss=0.1182 | best=0.1182 | lr=8.28e-05
Epoch 150/300 | loss=0.1176 | best=0.1176 | lr=7.50e-05

--- Eval at epoch 150 ---
  Layer 1:
    test_id                   (in-dist) KNN=91.0% LP=53.4%
    test_cross_device         (OOD)     KNN=29.3% LP=53.2%
    test_cross_env            (OOD)     KNN=30.5% LP=50.5%
    test_cross_user           (OOD)     KNN=47.1% LP=49.9%
  Layer 3:
    test_id                   (in-dist) KNN=94.2% LP=55.8%
    test_cross_device         (OOD)     KNN=30.0% LP=39.9%
    test_cross_env            (OOD)     KNN=34.3% LP=37.0%
    test_cross_user           (OOD)     KNN=47.8% LP=46.3%
  Layer 6:
    test_id                   (in-dist) KNN=95.1% LP=57.6%
    test_cross_device         (OOD)     KNN=28.4% LP=25.6%
    test_cross_env            (OOD)     KNN=37.5% LP=37.3%
    test_cross_user           (OOD)     KNN=45.5% LP=40.9%

Epoch 160/300 | loss=0.1174 | best=0.1174 | lr=6.72e-05
Epoch 170/300 | loss=0.1171 | best=0.1170 | lr=5.94e-05
Epoch 180/300 | loss=0.1168 | best=0.1168 | lr=5.18e-05
Epoch 190/300 | loss=0.1167 | best=0.1167 | lr=4.45e-05
Epoch 200/300 | loss=0.1165 | best=0.1165 | lr=3.75e-05

--- Eval at epoch 200 ---
  Layer 1:
    test_id                   (in-dist) KNN=91.0% LP=53.8%
    test_cross_device         (OOD)     KNN=26.2% LP=52.8%
    test_cross_env            (OOD)     KNN=30.4% LP=50.9%
    test_cross_user           (OOD)     KNN=44.8% LP=50.0%
  Layer 3:
    test_id                   (in-dist) KNN=94.3% LP=55.8%
    test_cross_device         (OOD)     KNN=28.8% LP=40.1%
    test_cross_env            (OOD)     KNN=34.3% LP=39.4%
    test_cross_user           (OOD)     KNN=47.6% LP=47.6%
  Layer 6:
    test_id                   (in-dist) KNN=95.1% LP=58.4%
    test_cross_device         (OOD)     KNN=28.8% LP=24.2%
    test_cross_env            (OOD)     KNN=36.4% LP=38.0%
    test_cross_user           (OOD)     KNN=46.0% LP=40.8%

Epoch 210/300 | loss=0.1164 | best=0.1163 | lr=3.09e-05
Epoch 220/300 | loss=0.1163 | best=0.1162 | lr=2.48e-05
Epoch 230/300 | loss=0.1162 | best=0.1161 | lr=1.93e-05
Epoch 240/300 | loss=0.1161 | best=0.1161 | lr=1.43e-05
Epoch 250/300 | loss=0.1160 | best=0.1160 | lr=1.00e-05

--- Eval at epoch 250 ---
  Layer 1:
    test_id                   (in-dist) KNN=90.8% LP=53.8%
    test_cross_device         (OOD)     KNN=25.0% LP=52.1%
    test_cross_env            (OOD)     KNN=30.7% LP=50.6%
    test_cross_user           (OOD)     KNN=44.1% LP=49.7%
  Layer 3:
    test_id                   (in-dist) KNN=94.4% LP=55.9%
    test_cross_device         (OOD)     KNN=29.8% LP=43.6%
    test_cross_env            (OOD)     KNN=34.9% LP=39.7%
    test_cross_user           (OOD)     KNN=48.1% LP=49.1%
  Layer 6:
    test_id                   (in-dist) KNN=95.1% LP=58.7%
    test_cross_device         (OOD)     KNN=28.0% LP=24.6%
    test_cross_env            (OOD)     KNN=35.5% LP=37.9%
    test_cross_user           (OOD)     KNN=45.9% LP=40.6%

Epoch 260/300 | loss=0.1160 | best=0.1159 | lr=6.48e-06
Epoch 270/300 | loss=0.1160 | best=0.1159 | lr=3.67e-06
Epoch 280/300 | loss=0.1159 | best=0.1158 | lr=1.64e-06
Epoch 290/300 | loss=0.1159 | best=0.1158 | lr=4.11e-07
Epoch 300/300 | loss=0.1158 | best=0.1158 | lr=0.00e+00

--- Eval at epoch 300 ---
  Layer 1:
    test_id                   (in-dist) KNN=90.9% LP=53.7%
    test_cross_device         (OOD)     KNN=25.2% LP=52.7%
    test_cross_env            (OOD)     KNN=31.0% LP=50.2%
    test_cross_user           (OOD)     KNN=44.2% LP=49.9%
  Layer 3:
    test_id                   (in-dist) KNN=94.3% LP=55.6%
    test_cross_device         (OOD)     KNN=29.9% LP=43.0%
    test_cross_env            (OOD)     KNN=34.8% LP=39.5%
    test_cross_user           (OOD)     KNN=48.2% LP=48.0%
  Layer 6:
    test_id                   (in-dist) KNN=95.0% LP=59.1%
    test_cross_device         (OOD)     KNN=28.3% LP=25.0%
    test_cross_env            (OOD)     KNN=35.6% LP=37.2%
    test_cross_user           (OOD)     KNN=46.0% LP=40.5%


Done. Best pretrain loss: 0.1158
Results: /home/zhuzih19/csi-project/csi-fall-detection/results/mae_har/mae_har_ep300_mask0.75_strategyrandom_ph13pw13_seed43_enc12_dim128_bs128.json
Checkpoint: /home/zhuzih19/csi-project/csi-fall-detection/checkpoints/mae_har/mae_har_ep300_mask0.75_strategyrandom_ph13pw13_seed43_enc12_dim128_bs128_best.pt
