
Experiment: mae_har_ep300_mask0.75_strategyrandom_ph21pw21_seed43_enc12_dim128_bs128
[patch-pad] patch_h=21, patch_w=21 do not evenly divide 232x500 -- zero-padding input to 252x504 (+20 subcarriers, +4 timesteps). num_patches=288 (n_h=12, n_w=24)
[mem-check] num_patches=288  batch_size=128  encoder_depth=12  attention-score memory: 0.16 GB/layer, 1.90 GB cumulative (all layers retained for backward)
label_map: {'jumping': 0, 'running': 1, 'seated-breathing': 2, 'walking': 3, 'wavinghand': 4}  num_classes: 5
  test_id: 4602 samples
  test_cross_device: 9631 samples
  test_cross_env: 6650 samples
  test_cross_user: 12109 samples
MAE params: 2,628,473
Epoch 010/300 | loss=0.1944 | best=0.1944 | lr=1.50e-04
Epoch 020/300 | loss=0.1453 | best=0.1453 | lr=1.48e-04
Epoch 030/300 | loss=0.1318 | best=0.1318 | lr=1.46e-04
Epoch 040/300 | loss=0.1268 | best=0.1268 | lr=1.44e-04
Epoch 050/300 | loss=0.1239 | best=0.1239 | lr=1.40e-04

--- Eval at epoch 50 ---
  Layer 1:
    test_id                   (in-dist) KNN=94.1% LP=52.3%
    test_cross_device         (OOD)     KNN=22.2% LP=44.9%
    test_cross_env            (OOD)     KNN=36.7% LP=50.7%
    test_cross_user           (OOD)     KNN=42.4% LP=51.4%
  Layer 3:
    test_id                   (in-dist) KNN=95.8% LP=53.7%
    test_cross_device         (OOD)     KNN=22.9% LP=42.7%
    test_cross_env            (OOD)     KNN=33.1% LP=49.1%
    test_cross_user           (OOD)     KNN=42.1% LP=49.5%
  Layer 6:
    test_id                   (in-dist) KNN=96.0% LP=54.5%
    test_cross_device         (OOD)     KNN=24.5% LP=47.2%
    test_cross_env            (OOD)     KNN=30.0% LP=48.7%
    test_cross_user           (OOD)     KNN=44.0% LP=47.8%

Epoch 060/300 | loss=0.1218 | best=0.1218 | lr=1.36e-04
Epoch 070/300 | loss=0.1202 | best=0.1202 | lr=1.31e-04
Epoch 080/300 | loss=0.1193 | best=0.1193 | lr=1.25e-04
Epoch 090/300 | loss=0.1181 | best=0.1181 | lr=1.19e-04
Epoch 100/300 | loss=0.1167 | best=0.1167 | lr=1.12e-04

--- Eval at epoch 100 ---
  Layer 1:
    test_id                   (in-dist) KNN=94.2% LP=53.0%
    test_cross_device         (OOD)     KNN=19.3% LP=44.8%
    test_cross_env            (OOD)     KNN=34.8% LP=51.0%
    test_cross_user           (OOD)     KNN=41.8% LP=51.6%
  Layer 3:
    test_id                   (in-dist) KNN=95.5% LP=54.7%
    test_cross_device         (OOD)     KNN=21.9% LP=37.0%
    test_cross_env            (OOD)     KNN=29.8% LP=47.3%
    test_cross_user           (OOD)     KNN=42.0% LP=48.1%
  Layer 6:
    test_id                   (in-dist) KNN=95.2% LP=56.5%
    test_cross_device         (OOD)     KNN=20.7% LP=42.0%
    test_cross_env            (OOD)     KNN=28.5% LP=45.6%
    test_cross_user           (OOD)     KNN=42.3% LP=48.7%

Epoch 110/300 | loss=0.1150 | best=0.1150 | lr=1.06e-04
Epoch 120/300 | loss=0.1142 | best=0.1142 | lr=9.82e-05
Epoch 130/300 | loss=0.1136 | best=0.1136 | lr=9.06e-05
Epoch 140/300 | loss=0.1122 | best=0.1122 | lr=8.28e-05
Epoch 150/300 | loss=0.1101 | best=0.1101 | lr=7.50e-05

--- Eval at epoch 150 ---
  Layer 1:
    test_id                   (in-dist) KNN=94.0% LP=52.9%
    test_cross_device         (OOD)     KNN=19.6% LP=43.2%
    test_cross_env            (OOD)     KNN=34.1% LP=49.8%
    test_cross_user           (OOD)     KNN=42.2% LP=50.9%
  Layer 3:
    test_id                   (in-dist) KNN=95.3% LP=53.9%
    test_cross_device         (OOD)     KNN=21.9% LP=39.0%
    test_cross_env            (OOD)     KNN=30.0% LP=46.8%
    test_cross_user           (OOD)     KNN=42.1% LP=47.1%
  Layer 6:
    test_id                   (in-dist) KNN=94.7% LP=57.2%
    test_cross_device         (OOD)     KNN=21.8% LP=42.8%
    test_cross_env            (OOD)     KNN=29.3% LP=41.5%
    test_cross_user           (OOD)     KNN=42.2% LP=49.1%

Epoch 160/300 | loss=0.1095 | best=0.1094 | lr=6.72e-05
Epoch 170/300 | loss=0.1091 | best=0.1091 | lr=5.94e-05
Epoch 180/300 | loss=0.1088 | best=0.1088 | lr=5.18e-05
Epoch 190/300 | loss=0.1087 | best=0.1086 | lr=4.45e-05
Epoch 200/300 | loss=0.1085 | best=0.1085 | lr=3.75e-05

--- Eval at epoch 200 ---
  Layer 1:
    test_id                   (in-dist) KNN=94.0% LP=53.0%
    test_cross_device         (OOD)     KNN=20.4% LP=42.6%
    test_cross_env            (OOD)     KNN=33.8% LP=50.6%
    test_cross_user           (OOD)     KNN=42.5% LP=50.7%
  Layer 3:
    test_id                   (in-dist) KNN=95.3% LP=54.4%
    test_cross_device         (OOD)     KNN=22.5% LP=38.7%
    test_cross_env            (OOD)     KNN=30.0% LP=42.3%
    test_cross_user           (OOD)     KNN=42.0% LP=48.7%
  Layer 6:
    test_id                   (in-dist) KNN=95.2% LP=57.9%
    test_cross_device         (OOD)     KNN=21.6% LP=40.8%
    test_cross_env            (OOD)     KNN=29.7% LP=41.7%
    test_cross_user           (OOD)     KNN=41.3% LP=48.4%

Epoch 210/300 | loss=0.1084 | best=0.1083 | lr=3.09e-05
Epoch 220/300 | loss=0.1082 | best=0.1082 | lr=2.48e-05
Epoch 230/300 | loss=0.1081 | best=0.1080 | lr=1.93e-05
Epoch 240/300 | loss=0.1081 | best=0.1080 | lr=1.43e-05
Epoch 250/300 | loss=0.1080 | best=0.1080 | lr=1.00e-05

--- Eval at epoch 250 ---
  Layer 1:
    test_id                   (in-dist) KNN=94.2% LP=52.9%
    test_cross_device         (OOD)     KNN=21.1% LP=41.8%
    test_cross_env            (OOD)     KNN=33.5% LP=49.8%
    test_cross_user           (OOD)     KNN=42.5% LP=50.8%
  Layer 3:
    test_id                   (in-dist) KNN=95.4% LP=54.6%
    test_cross_device         (OOD)     KNN=23.9% LP=39.0%
    test_cross_env            (OOD)     KNN=30.4% LP=40.8%
    test_cross_user           (OOD)     KNN=42.2% LP=49.5%
  Layer 6:
    test_id                   (in-dist) KNN=95.4% LP=58.4%
    test_cross_device         (OOD)     KNN=22.2% LP=41.1%
    test_cross_env            (OOD)     KNN=29.5% LP=41.9%
    test_cross_user           (OOD)     KNN=41.6% LP=47.0%

Epoch 260/300 | loss=0.1080 | best=0.1078 | lr=6.48e-06
Epoch 270/300 | loss=0.1079 | best=0.1078 | lr=3.67e-06
Epoch 280/300 | loss=0.1078 | best=0.1078 | lr=1.64e-06
Epoch 290/300 | loss=0.1078 | best=0.1078 | lr=4.11e-07
Epoch 300/300 | loss=0.1078 | best=0.1077 | lr=0.00e+00

--- Eval at epoch 300 ---
  Layer 1:
    test_id                   (in-dist) KNN=94.3% LP=53.0%
    test_cross_device         (OOD)     KNN=21.3% LP=41.6%
    test_cross_env            (OOD)     KNN=33.7% LP=50.2%
    test_cross_user           (OOD)     KNN=42.5% LP=50.9%
  Layer 3:
    test_id                   (in-dist) KNN=95.4% LP=54.3%
    test_cross_device         (OOD)     KNN=24.2% LP=39.2%
    test_cross_env            (OOD)     KNN=30.5% LP=40.8%
    test_cross_user           (OOD)     KNN=42.3% LP=48.9%
  Layer 6:
    test_id                   (in-dist) KNN=95.4% LP=58.3%
    test_cross_device         (OOD)     KNN=22.2% LP=41.2%
    test_cross_env            (OOD)     KNN=29.8% LP=42.8%
    test_cross_user           (OOD)     KNN=41.5% LP=46.9%


Done. Best pretrain loss: 0.1077
Results: /home/zhuzih19/csi-project/csi-fall-detection/results/mae_har/mae_har_ep300_mask0.75_strategyrandom_ph21pw21_seed43_enc12_dim128_bs128.json
Checkpoint: /home/zhuzih19/csi-project/csi-fall-detection/checkpoints/mae_har/mae_har_ep300_mask0.75_strategyrandom_ph21pw21_seed43_enc12_dim128_bs128_best.pt
