
Experiment: mae_har_ep300_mask0.75_strategyrandom_ph15pw15_seed42_enc12_dim128_bs128
[patch-pad] patch_h=15, patch_w=15 do not evenly divide 232x500 -- zero-padding input to 240x510 (+8 subcarriers, +10 timesteps). num_patches=544 (n_h=16, n_w=34)
[mem-check] num_patches=544  batch_size=128  encoder_depth=12  attention-score memory: 0.56 GB/layer, 6.77 GB cumulative (all layers retained for backward)
label_map: {'jumping': 0, 'running': 1, 'seated-breathing': 2, 'walking': 3, 'wavinghand': 4}  num_classes: 5
  test_id: 4602 samples
  test_cross_device: 9631 samples
  test_cross_env: 6650 samples
  test_cross_user: 12109 samples
MAE params: 2,635,937
Epoch 010/300 | loss=0.2227 | best=0.2227 | lr=1.50e-04
Epoch 020/300 | loss=0.1606 | best=0.1606 | lr=1.48e-04
Epoch 030/300 | loss=0.1414 | best=0.1414 | lr=1.46e-04
Epoch 040/300 | loss=0.1329 | best=0.1329 | lr=1.44e-04
Epoch 050/300 | loss=0.1295 | best=0.1295 | lr=1.40e-04

--- Eval at epoch 50 ---
  Layer 1:
    test_id                   (in-dist) KNN=91.8% LP=52.1%
    test_cross_device         (OOD)     KNN=24.8% LP=51.1%
    test_cross_env            (OOD)     KNN=27.6% LP=46.8%
    test_cross_user           (OOD)     KNN=42.0% LP=50.5%
  Layer 3:
    test_id                   (in-dist) KNN=94.8% LP=52.7%
    test_cross_device         (OOD)     KNN=32.3% LP=51.0%
    test_cross_env            (OOD)     KNN=30.4% LP=47.0%
    test_cross_user           (OOD)     KNN=45.4% LP=51.6%
  Layer 6:
    test_id                   (in-dist) KNN=95.0% LP=54.3%
    test_cross_device         (OOD)     KNN=28.4% LP=41.6%
    test_cross_env            (OOD)     KNN=34.4% LP=36.2%
    test_cross_user           (OOD)     KNN=44.1% LP=48.7%

Epoch 060/300 | loss=0.1276 | best=0.1276 | lr=1.36e-04
Epoch 070/300 | loss=0.1263 | best=0.1262 | lr=1.31e-04
Epoch 080/300 | loss=0.1249 | best=0.1249 | lr=1.25e-04
Epoch 090/300 | loss=0.1235 | best=0.1235 | lr=1.19e-04
Epoch 100/300 | loss=0.1214 | best=0.1214 | lr=1.12e-04

--- Eval at epoch 100 ---
  Layer 1:
    test_id                   (in-dist) KNN=92.2% LP=51.8%
    test_cross_device         (OOD)     KNN=23.2% LP=50.5%
    test_cross_env            (OOD)     KNN=28.7% LP=46.5%
    test_cross_user           (OOD)     KNN=42.4% LP=50.4%
  Layer 3:
    test_id                   (in-dist) KNN=94.7% LP=54.0%
    test_cross_device         (OOD)     KNN=28.7% LP=47.0%
    test_cross_env            (OOD)     KNN=34.1% LP=43.2%
    test_cross_user           (OOD)     KNN=42.0% LP=53.4%
  Layer 6:
    test_id                   (in-dist) KNN=94.9% LP=56.0%
    test_cross_device         (OOD)     KNN=24.6% LP=44.4%
    test_cross_env            (OOD)     KNN=33.6% LP=40.6%
    test_cross_user           (OOD)     KNN=44.2% LP=53.9%

Epoch 110/300 | loss=0.1201 | best=0.1201 | lr=1.06e-04
Epoch 120/300 | loss=0.1192 | best=0.1192 | lr=9.82e-05
Epoch 130/300 | loss=0.1184 | best=0.1184 | lr=9.06e-05
Epoch 140/300 | loss=0.1156 | best=0.1156 | lr=8.28e-05
Epoch 150/300 | loss=0.1145 | best=0.1145 | lr=7.50e-05

--- Eval at epoch 150 ---
  Layer 1:
    test_id                   (in-dist) KNN=92.4% LP=52.0%
    test_cross_device         (OOD)     KNN=22.2% LP=50.6%
    test_cross_env            (OOD)     KNN=28.6% LP=46.7%
    test_cross_user           (OOD)     KNN=42.5% LP=50.7%
  Layer 3:
    test_id                   (in-dist) KNN=94.3% LP=54.4%
    test_cross_device         (OOD)     KNN=29.4% LP=47.5%
    test_cross_env            (OOD)     KNN=34.5% LP=47.2%
    test_cross_user           (OOD)     KNN=42.0% LP=52.4%
  Layer 6:
    test_id                   (in-dist) KNN=94.3% LP=56.9%
    test_cross_device         (OOD)     KNN=22.4% LP=47.3%
    test_cross_env            (OOD)     KNN=37.6% LP=45.3%
    test_cross_user           (OOD)     KNN=42.3% LP=51.6%

Epoch 160/300 | loss=0.1139 | best=0.1139 | lr=6.72e-05
Epoch 170/300 | loss=0.1136 | best=0.1136 | lr=5.94e-05
Epoch 180/300 | loss=0.1132 | best=0.1132 | lr=5.18e-05
Epoch 190/300 | loss=0.1130 | best=0.1130 | lr=4.45e-05
Epoch 200/300 | loss=0.1129 | best=0.1129 | lr=3.75e-05

--- Eval at epoch 200 ---
  Layer 1:
    test_id                   (in-dist) KNN=92.2% LP=52.6%
    test_cross_device         (OOD)     KNN=21.2% LP=50.5%
    test_cross_env            (OOD)     KNN=28.2% LP=45.9%
    test_cross_user           (OOD)     KNN=42.2% LP=50.6%
  Layer 3:
    test_id                   (in-dist) KNN=94.2% LP=54.4%
    test_cross_device         (OOD)     KNN=29.2% LP=46.8%
    test_cross_env            (OOD)     KNN=34.0% LP=46.0%
    test_cross_user           (OOD)     KNN=42.3% LP=52.7%
  Layer 6:
    test_id                   (in-dist) KNN=94.4% LP=56.6%
    test_cross_device         (OOD)     KNN=23.1% LP=50.3%
    test_cross_env            (OOD)     KNN=34.9% LP=46.0%
    test_cross_user           (OOD)     KNN=42.4% LP=50.8%

Epoch 210/300 | loss=0.1128 | best=0.1127 | lr=3.09e-05
Epoch 220/300 | loss=0.1126 | best=0.1126 | lr=2.48e-05
Epoch 230/300 | loss=0.1126 | best=0.1125 | lr=1.93e-05
Epoch 240/300 | loss=0.1124 | best=0.1124 | lr=1.43e-05
Epoch 250/300 | loss=0.1124 | best=0.1123 | lr=1.00e-05

--- Eval at epoch 250 ---
  Layer 1:
    test_id                   (in-dist) KNN=92.3% LP=52.6%
    test_cross_device         (OOD)     KNN=22.0% LP=49.7%
    test_cross_env            (OOD)     KNN=28.5% LP=46.5%
    test_cross_user           (OOD)     KNN=42.2% LP=50.6%
  Layer 3:
    test_id                   (in-dist) KNN=94.4% LP=54.3%
    test_cross_device         (OOD)     KNN=29.1% LP=47.4%
    test_cross_env            (OOD)     KNN=34.2% LP=48.0%
    test_cross_user           (OOD)     KNN=42.2% LP=52.7%
  Layer 6:
    test_id                   (in-dist) KNN=94.6% LP=56.5%
    test_cross_device         (OOD)     KNN=23.4% LP=50.6%
    test_cross_env            (OOD)     KNN=34.2% LP=47.0%
    test_cross_user           (OOD)     KNN=42.3% LP=50.4%

Epoch 260/300 | loss=0.1124 | best=0.1123 | lr=6.48e-06
Epoch 270/300 | loss=0.1123 | best=0.1122 | lr=3.67e-06
Epoch 280/300 | loss=0.1122 | best=0.1122 | lr=1.64e-06
Epoch 290/300 | loss=0.1122 | best=0.1122 | lr=4.11e-07
Epoch 300/300 | loss=0.1122 | best=0.1122 | lr=0.00e+00

--- Eval at epoch 300 ---
  Layer 1:
    test_id                   (in-dist) KNN=92.3% LP=52.4%
    test_cross_device         (OOD)     KNN=21.9% LP=50.4%
    test_cross_env            (OOD)     KNN=28.3% LP=46.0%
    test_cross_user           (OOD)     KNN=42.3% LP=50.6%
  Layer 3:
    test_id                   (in-dist) KNN=94.5% LP=54.8%
    test_cross_device         (OOD)     KNN=29.3% LP=47.1%
    test_cross_env            (OOD)     KNN=34.0% LP=46.8%
    test_cross_user           (OOD)     KNN=42.3% LP=52.9%
  Layer 6:
    test_id                   (in-dist) KNN=94.6% LP=56.1%
    test_cross_device         (OOD)     KNN=23.5% LP=50.4%
    test_cross_env            (OOD)     KNN=34.2% LP=47.6%
    test_cross_user           (OOD)     KNN=42.4% LP=50.5%


Done. Best pretrain loss: 0.1122
Results: /home/zhuzih19/csi-project/csi-fall-detection/results/mae_har/mae_har_ep300_mask0.75_strategyrandom_ph15pw15_seed42_enc12_dim128_bs128.json
Checkpoint: /home/zhuzih19/csi-project/csi-fall-detection/checkpoints/mae_har/mae_har_ep300_mask0.75_strategyrandom_ph15pw15_seed42_enc12_dim128_bs128_best.pt
