nohup: ignoring input

Experiment: mae_har_ep300_mask0.95_strategyrandom_enc6_dim128_bs128
label_map: {'jumping': 0, 'running': 1, 'seated-breathing': 2, 'walking': 3, 'wavinghand': 4}  num_classes: 5
  test_id: 4602 samples
  test_cross_device: 9631 samples
  test_cross_env: 6650 samples
  test_cross_user: 12109 samples
MAE params: 1,469,077
Epoch 010/300 | loss=0.3090 | best=0.3090 | lr=1.50e-04
Epoch 020/300 | loss=0.2055 | best=0.2055 | lr=1.48e-04
Epoch 030/300 | loss=0.1796 | best=0.1796 | lr=1.46e-04
Epoch 040/300 | loss=0.1604 | best=0.1604 | lr=1.44e-04
Epoch 050/300 | loss=0.1506 | best=0.1506 | lr=1.40e-04

--- Eval at epoch 50 ---
  Layer 1:
    test_id                   (in-dist) KNN=94.0% LP=52.3%
    test_cross_device         (OOD)     KNN=24.8% LP=50.0%
    test_cross_env            (OOD)     KNN=39.3% LP=48.6%
    test_cross_user           (OOD)     KNN=45.4% LP=50.6%
  Layer 3:
    test_id                   (in-dist) KNN=94.5% LP=53.3%
    test_cross_device         (OOD)     KNN=26.2% LP=44.9%
    test_cross_env            (OOD)     KNN=33.6% LP=47.4%
    test_cross_user           (OOD)     KNN=44.6% LP=47.0%
  Layer 6:
    test_id                   (in-dist) KNN=94.5% LP=53.5%
    test_cross_device         (OOD)     KNN=29.4% LP=48.0%
    test_cross_env            (OOD)     KNN=39.1% LP=51.2%
    test_cross_user           (OOD)     KNN=45.4% LP=49.5%

Epoch 060/300 | loss=0.1460 | best=0.1460 | lr=1.36e-04
Epoch 070/300 | loss=0.1424 | best=0.1424 | lr=1.31e-04
Epoch 080/300 | loss=0.1409 | best=0.1409 | lr=1.25e-04
Epoch 090/300 | loss=0.1400 | best=0.1395 | lr=1.19e-04
Epoch 100/300 | loss=0.1382 | best=0.1381 | lr=1.12e-04

--- Eval at epoch 100 ---
  Layer 1:
    test_id                   (in-dist) KNN=94.2% LP=52.2%
    test_cross_device         (OOD)     KNN=25.0% LP=50.7%
    test_cross_env            (OOD)     KNN=36.0% LP=49.6%
    test_cross_user           (OOD)     KNN=44.7% LP=50.0%
  Layer 3:
    test_id                   (in-dist) KNN=94.8% LP=54.4%
    test_cross_device         (OOD)     KNN=25.6% LP=38.2%
    test_cross_env            (OOD)     KNN=33.9% LP=44.9%
    test_cross_user           (OOD)     KNN=44.7% LP=44.2%
  Layer 6:
    test_id                   (in-dist) KNN=94.5% LP=54.8%
    test_cross_device         (OOD)     KNN=20.6% LP=39.7%
    test_cross_env            (OOD)     KNN=34.6% LP=43.4%
    test_cross_user           (OOD)     KNN=41.9% LP=45.7%

Epoch 110/300 | loss=0.1372 | best=0.1372 | lr=1.06e-04
Epoch 120/300 | loss=0.1370 | best=0.1363 | lr=9.82e-05
Epoch 130/300 | loss=0.1356 | best=0.1353 | lr=9.06e-05
Epoch 140/300 | loss=0.1348 | best=0.1346 | lr=8.28e-05
Epoch 150/300 | loss=0.1341 | best=0.1339 | lr=7.50e-05

--- Eval at epoch 150 ---
  Layer 1:
    test_id                   (in-dist) KNN=94.1% LP=52.1%
    test_cross_device         (OOD)     KNN=25.6% LP=51.2%
    test_cross_env            (OOD)     KNN=36.4% LP=47.1%
    test_cross_user           (OOD)     KNN=44.9% LP=50.0%
  Layer 3:
    test_id                   (in-dist) KNN=95.0% LP=54.8%
    test_cross_device         (OOD)     KNN=28.9% LP=40.6%
    test_cross_env            (OOD)     KNN=32.7% LP=42.5%
    test_cross_user           (OOD)     KNN=45.6% LP=44.5%
  Layer 6:
    test_id                   (in-dist) KNN=94.5% LP=56.0%
    test_cross_device         (OOD)     KNN=26.4% LP=30.3%
    test_cross_env            (OOD)     KNN=36.8% LP=36.3%
    test_cross_user           (OOD)     KNN=43.3% LP=36.3%

Epoch 160/300 | loss=0.1340 | best=0.1338 | lr=6.72e-05
Epoch 170/300 | loss=0.1343 | best=0.1332 | lr=5.94e-05
Epoch 180/300 | loss=0.1331 | best=0.1327 | lr=5.18e-05
Epoch 190/300 | loss=0.1326 | best=0.1324 | lr=4.45e-05
Epoch 200/300 | loss=0.1329 | best=0.1319 | lr=3.75e-05

--- Eval at epoch 200 ---
  Layer 1:
    test_id                   (in-dist) KNN=94.2% LP=52.1%
    test_cross_device         (OOD)     KNN=27.0% LP=50.5%
    test_cross_env            (OOD)     KNN=36.5% LP=46.6%
    test_cross_user           (OOD)     KNN=45.1% LP=49.8%
  Layer 3:
    test_id                   (in-dist) KNN=95.0% LP=55.1%
    test_cross_device         (OOD)     KNN=29.3% LP=42.2%
    test_cross_env            (OOD)     KNN=32.8% LP=38.3%
    test_cross_user           (OOD)     KNN=45.6% LP=43.6%
  Layer 6:
    test_id                   (in-dist) KNN=94.6% LP=57.3%
    test_cross_device         (OOD)     KNN=26.2% LP=24.3%
    test_cross_env            (OOD)     KNN=40.0% LP=34.6%
    test_cross_user           (OOD)     KNN=43.4% LP=38.1%

Epoch 210/300 | loss=0.1320 | best=0.1317 | lr=3.09e-05
Epoch 220/300 | loss=0.1320 | best=0.1314 | lr=2.48e-05
Epoch 230/300 | loss=0.1317 | best=0.1313 | lr=1.93e-05
Traceback (most recent call last):
  File "/home/zhuzih19/csi-project/csi-fall-detection/train_mae_har.py", line 247, in <module>
  File "/home/zhuzih19/csi-project/csi-fall-detection/train_mae_har.py", line 182, in main
    total_loss = 0
              ^^^^
torch.AcceleratorError: CUDA error: unknown error
Search for `cudaErrorUnknown' in https://docs.nvidia.com/cuda/cuda-runtime-api/group__CUDART__TYPES.html for more information.
CUDA kernel errors might be asynchronously reported at some other API call, so the stacktrace below might be incorrect.
For debugging consider passing CUDA_LAUNCH_BLOCKING=1
Compile with `TORCH_USE_CUDA_DSA` to enable device-side assertions.

