
Experiment: mae_har_ep300_mask0.95_strategyrandom_ph29pw25_seed43_enc6_dim128_bs128
label_map: {'jumping': 0, 'running': 1, 'seated-breathing': 2, 'walking': 3, 'wavinghand': 4}  num_classes: 5
  test_id: 4602 samples
  test_cross_device: 9631 samples
  test_cross_env: 6650 samples
  test_cross_user: 12109 samples
MAE params: 1,469,077
Epoch 010/300 | loss=0.3204 | best=0.3204 | lr=1.50e-04
Epoch 020/300 | loss=0.2117 | best=0.2117 | lr=1.48e-04
Epoch 030/300 | loss=0.1817 | best=0.1817 | lr=1.46e-04
Epoch 040/300 | loss=0.1651 | best=0.1651 | lr=1.44e-04
Epoch 050/300 | loss=0.1525 | best=0.1525 | lr=1.40e-04

--- Eval at epoch 50 ---
  Layer 1:
    test_id                   (in-dist) KNN=93.6% LP=52.5%
    test_cross_device         (OOD)     KNN=30.3% LP=51.3%
    test_cross_env            (OOD)     KNN=32.0% LP=50.4%
    test_cross_user           (OOD)     KNN=48.6% LP=50.5%
  Layer 3:
    test_id                   (in-dist) KNN=94.2% LP=54.4%
    test_cross_device         (OOD)     KNN=26.0% LP=46.1%
    test_cross_env            (OOD)     KNN=26.9% LP=49.1%
    test_cross_user           (OOD)     KNN=45.3% LP=48.8%
  Layer 6:
    test_id                   (in-dist) KNN=94.5% LP=53.6%
    test_cross_device         (OOD)     KNN=30.0% LP=51.1%
    test_cross_env            (OOD)     KNN=40.3% LP=45.7%
    test_cross_user           (OOD)     KNN=45.4% LP=48.8%

Epoch 060/300 | loss=0.1466 | best=0.1466 | lr=1.36e-04
Epoch 070/300 | loss=0.1426 | best=0.1426 | lr=1.31e-04
Epoch 080/300 | loss=0.1406 | best=0.1405 | lr=1.25e-04
Epoch 090/300 | loss=0.1406 | best=0.1393 | lr=1.19e-04
Epoch 100/300 | loss=0.1380 | best=0.1379 | lr=1.12e-04

--- Eval at epoch 100 ---
  Layer 1:
    test_id                   (in-dist) KNN=93.6% LP=52.6%
    test_cross_device         (OOD)     KNN=23.9% LP=48.4%
    test_cross_env            (OOD)     KNN=38.0% LP=49.0%
    test_cross_user           (OOD)     KNN=45.2% LP=51.1%
  Layer 3:
    test_id                   (in-dist) KNN=94.4% LP=54.6%
    test_cross_device         (OOD)     KNN=16.8% LP=44.6%
    test_cross_env            (OOD)     KNN=33.8% LP=42.3%
    test_cross_user           (OOD)     KNN=40.7% LP=48.3%
  Layer 6:
    test_id                   (in-dist) KNN=94.6% LP=54.3%
    test_cross_device         (OOD)     KNN=23.5% LP=38.5%
    test_cross_env            (OOD)     KNN=41.0% LP=39.0%
    test_cross_user           (OOD)     KNN=42.2% LP=44.7%

Epoch 110/300 | loss=0.1364 | best=0.1364 | lr=1.06e-04
Epoch 120/300 | loss=0.1359 | best=0.1357 | lr=9.82e-05
Epoch 130/300 | loss=0.1348 | best=0.1348 | lr=9.06e-05
Epoch 140/300 | loss=0.1343 | best=0.1343 | lr=8.28e-05
Epoch 150/300 | loss=0.1338 | best=0.1338 | lr=7.50e-05

--- Eval at epoch 150 ---
  Layer 1:
    test_id                   (in-dist) KNN=93.6% LP=52.6%
    test_cross_device         (OOD)     KNN=21.3% LP=50.3%
    test_cross_env            (OOD)     KNN=37.0% LP=46.9%
    test_cross_user           (OOD)     KNN=43.1% LP=51.5%
  Layer 3:
    test_id                   (in-dist) KNN=94.3% LP=55.1%
    test_cross_device         (OOD)     KNN=16.4% LP=42.6%
    test_cross_env            (OOD)     KNN=33.2% LP=41.9%
    test_cross_user           (OOD)     KNN=41.0% LP=48.5%
  Layer 6:
    test_id                   (in-dist) KNN=94.5% LP=55.2%
    test_cross_device         (OOD)     KNN=23.3% LP=33.3%
    test_cross_env            (OOD)     KNN=36.9% LP=35.1%
    test_cross_user           (OOD)     KNN=43.8% LP=46.0%

Epoch 160/300 | loss=0.1338 | best=0.1334 | lr=6.72e-05
Epoch 170/300 | loss=0.1331 | best=0.1326 | lr=5.94e-05
Epoch 180/300 | loss=0.1333 | best=0.1326 | lr=5.18e-05
Epoch 190/300 | loss=0.1325 | best=0.1322 | lr=4.45e-05
Epoch 200/300 | loss=0.1313 | best=0.1313 | lr=3.75e-05

--- Eval at epoch 200 ---
  Layer 1:
    test_id                   (in-dist) KNN=93.4% LP=52.8%
    test_cross_device         (OOD)     KNN=20.1% LP=50.0%
    test_cross_env            (OOD)     KNN=36.8% LP=46.2%
    test_cross_user           (OOD)     KNN=41.2% LP=51.4%
  Layer 3:
    test_id                   (in-dist) KNN=94.4% LP=54.9%
    test_cross_device         (OOD)     KNN=16.5% LP=43.8%
    test_cross_env            (OOD)     KNN=32.9% LP=38.5%
    test_cross_user           (OOD)     KNN=40.9% LP=48.6%
  Layer 6:
    test_id                   (in-dist) KNN=94.2% LP=55.7%
    test_cross_device         (OOD)     KNN=24.1% LP=29.2%
    test_cross_env            (OOD)     KNN=35.9% LP=37.7%
    test_cross_user           (OOD)     KNN=43.5% LP=44.0%

Epoch 210/300 | loss=0.1320 | best=0.1313 | lr=3.09e-05
Epoch 220/300 | loss=0.1314 | best=0.1313 | lr=2.48e-05
Epoch 230/300 | loss=0.1315 | best=0.1308 | lr=1.93e-05
Epoch 240/300 | loss=0.1314 | best=0.1307 | lr=1.43e-05
Epoch 250/300 | loss=0.1307 | best=0.1305 | lr=1.00e-05

--- Eval at epoch 250 ---
  Layer 1:
    test_id                   (in-dist) KNN=93.4% LP=52.8%
    test_cross_device         (OOD)     KNN=19.6% LP=49.8%
    test_cross_env            (OOD)     KNN=35.4% LP=44.9%
    test_cross_user           (OOD)     KNN=41.2% LP=51.4%
  Layer 3:
    test_id                   (in-dist) KNN=94.5% LP=55.1%
    test_cross_device         (OOD)     KNN=16.3% LP=43.0%
    test_cross_env            (OOD)     KNN=32.3% LP=39.4%
    test_cross_user           (OOD)     KNN=41.0% LP=49.1%
  Layer 6:
    test_id                   (in-dist) KNN=94.3% LP=55.8%
    test_cross_device         (OOD)     KNN=25.0% LP=30.8%
    test_cross_env            (OOD)     KNN=36.1% LP=36.2%
    test_cross_user           (OOD)     KNN=43.4% LP=45.0%

Epoch 260/300 | loss=0.1306 | best=0.1304 | lr=6.48e-06
Epoch 270/300 | loss=0.1307 | best=0.1302 | lr=3.67e-06
Epoch 280/300 | loss=0.1305 | best=0.1300 | lr=1.64e-06
Epoch 290/300 | loss=0.1306 | best=0.1299 | lr=4.11e-07
Epoch 300/300 | loss=0.1306 | best=0.1299 | lr=0.00e+00

--- Eval at epoch 300 ---
  Layer 1:
    test_id                   (in-dist) KNN=93.4% LP=52.9%
    test_cross_device         (OOD)     KNN=19.5% LP=50.2%
    test_cross_env            (OOD)     KNN=35.4% LP=45.5%
    test_cross_user           (OOD)     KNN=41.2% LP=51.4%
  Layer 3:
    test_id                   (in-dist) KNN=94.4% LP=55.1%
    test_cross_device         (OOD)     KNN=16.0% LP=43.4%
    test_cross_env            (OOD)     KNN=32.0% LP=38.1%
    test_cross_user           (OOD)     KNN=41.0% LP=48.2%
  Layer 6:
    test_id                   (in-dist) KNN=94.3% LP=55.9%
    test_cross_device         (OOD)     KNN=25.0% LP=31.4%
    test_cross_env            (OOD)     KNN=37.2% LP=36.3%
    test_cross_user           (OOD)     KNN=43.5% LP=43.5%


Done. Best pretrain loss: 0.1299
Results: /home/zhuzih19/csi-project/csi-fall-detection/results/mae_har/mae_har_ep300_mask0.95_strategyrandom_ph29pw25_seed43_enc6_dim128_bs128.json
Checkpoint: /home/zhuzih19/csi-project/csi-fall-detection/checkpoints/mae_har/mae_har_ep300_mask0.95_strategyrandom_ph29pw25_seed43_enc6_dim128_bs128_best.pt
