
Experiment: mae_har_ep300_mask0.75_strategyfreq_ph29pw25_seed42_enc6_dim128_bs128
label_map: {'jumping': 0, 'running': 1, 'seated-breathing': 2, 'walking': 3, 'wavinghand': 4}  num_classes: 5
  test_id: 4602 samples
  test_cross_device: 9631 samples
  test_cross_env: 6650 samples
  test_cross_user: 12109 samples
MAE params: 1,469,077
Epoch 010/300 | loss=0.3245 | best=0.3245 | lr=1.50e-04
Epoch 020/300 | loss=0.2654 | best=0.2654 | lr=1.48e-04
Epoch 030/300 | loss=0.2553 | best=0.2553 | lr=1.46e-04
Epoch 040/300 | loss=0.2518 | best=0.2518 | lr=1.44e-04
Epoch 050/300 | loss=0.2491 | best=0.2491 | lr=1.40e-04

--- Eval at epoch 50 ---
  Layer 1:
    test_id                   (in-dist) KNN=91.1% LP=52.5%
    test_cross_device         (OOD)     KNN=38.4% LP=51.4%
    test_cross_env            (OOD)     KNN=38.0% LP=47.4%
    test_cross_user           (OOD)     KNN=46.4% LP=49.4%
  Layer 3:
    test_id                   (in-dist) KNN=92.3% LP=53.8%
    test_cross_device         (OOD)     KNN=29.4% LP=46.2%
    test_cross_env            (OOD)     KNN=34.8% LP=46.0%
    test_cross_user           (OOD)     KNN=43.7% LP=49.1%
  Layer 6:
    test_id                   (in-dist) KNN=93.0% LP=54.8%
    test_cross_device         (OOD)     KNN=26.1% LP=41.9%
    test_cross_env            (OOD)     KNN=31.4% LP=43.0%
    test_cross_user           (OOD)     KNN=44.6% LP=47.4%

Epoch 060/300 | loss=0.2473 | best=0.2470 | lr=1.36e-04
Epoch 070/300 | loss=0.2456 | best=0.2451 | lr=1.31e-04
Epoch 080/300 | loss=0.2440 | best=0.2434 | lr=1.25e-04
Epoch 090/300 | loss=0.2430 | best=0.2422 | lr=1.19e-04
Epoch 100/300 | loss=0.2420 | best=0.2411 | lr=1.12e-04

--- Eval at epoch 100 ---
  Layer 1:
    test_id                   (in-dist) KNN=91.2% LP=52.7%
    test_cross_device         (OOD)     KNN=39.1% LP=52.1%
    test_cross_env            (OOD)     KNN=36.2% LP=46.8%
    test_cross_user           (OOD)     KNN=48.8% LP=49.5%
  Layer 3:
    test_id                   (in-dist) KNN=92.2% LP=54.2%
    test_cross_device         (OOD)     KNN=28.7% LP=50.4%
    test_cross_env            (OOD)     KNN=35.5% LP=43.2%
    test_cross_user           (OOD)     KNN=44.2% LP=50.6%
  Layer 6:
    test_id                   (in-dist) KNN=92.1% LP=55.9%
    test_cross_device         (OOD)     KNN=21.9% LP=39.6%
    test_cross_env            (OOD)     KNN=33.0% LP=43.4%
    test_cross_user           (OOD)     KNN=43.7% LP=48.4%

Epoch 110/300 | loss=0.2407 | best=0.2407 | lr=1.06e-04
Epoch 120/300 | loss=0.2409 | best=0.2401 | lr=9.82e-05
Epoch 130/300 | loss=0.2403 | best=0.2397 | lr=9.06e-05
Epoch 140/300 | loss=0.2398 | best=0.2388 | lr=8.28e-05
Epoch 150/300 | loss=0.2395 | best=0.2388 | lr=7.50e-05

--- Eval at epoch 150 ---
  Layer 1:
    test_id                   (in-dist) KNN=91.2% LP=52.6%
    test_cross_device         (OOD)     KNN=39.4% LP=52.6%
    test_cross_env            (OOD)     KNN=34.3% LP=46.7%
    test_cross_user           (OOD)     KNN=49.2% LP=49.0%
  Layer 3:
    test_id                   (in-dist) KNN=91.9% LP=54.4%
    test_cross_device         (OOD)     KNN=28.7% LP=50.6%
    test_cross_env            (OOD)     KNN=36.2% LP=41.6%
    test_cross_user           (OOD)     KNN=43.7% LP=50.8%
  Layer 6:
    test_id                   (in-dist) KNN=92.3% LP=55.7%
    test_cross_device         (OOD)     KNN=20.8% LP=41.2%
    test_cross_env            (OOD)     KNN=32.1% LP=43.8%
    test_cross_user           (OOD)     KNN=44.8% LP=49.7%

Epoch 160/300 | loss=0.2383 | best=0.2383 | lr=6.72e-05
Epoch 170/300 | loss=0.2388 | best=0.2381 | lr=5.94e-05
Epoch 180/300 | loss=0.2381 | best=0.2377 | lr=5.18e-05
Epoch 190/300 | loss=0.2378 | best=0.2373 | lr=4.45e-05
Epoch 200/300 | loss=0.2374 | best=0.2369 | lr=3.75e-05

--- Eval at epoch 200 ---
  Layer 1:
    test_id                   (in-dist) KNN=91.2% LP=52.7%
    test_cross_device         (OOD)     KNN=39.5% LP=52.4%
    test_cross_env            (OOD)     KNN=35.1% LP=47.2%
    test_cross_user           (OOD)     KNN=49.1% LP=48.8%
  Layer 3:
    test_id                   (in-dist) KNN=91.8% LP=53.7%
    test_cross_device         (OOD)     KNN=28.2% LP=49.4%
    test_cross_env            (OOD)     KNN=36.1% LP=44.4%
    test_cross_user           (OOD)     KNN=44.2% LP=50.0%
  Layer 6:
    test_id                   (in-dist) KNN=92.3% LP=55.8%
    test_cross_device         (OOD)     KNN=20.7% LP=43.3%
    test_cross_env            (OOD)     KNN=32.3% LP=45.4%
    test_cross_user           (OOD)     KNN=44.8% LP=49.1%

Epoch 210/300 | loss=0.2367 | best=0.2366 | lr=3.09e-05
Epoch 220/300 | loss=0.2364 | best=0.2362 | lr=2.48e-05
Epoch 230/300 | loss=0.2363 | best=0.2359 | lr=1.93e-05
Epoch 240/300 | loss=0.2359 | best=0.2358 | lr=1.43e-05
Epoch 250/300 | loss=0.2355 | best=0.2355 | lr=1.00e-05

--- Eval at epoch 250 ---
  Layer 1:
    test_id                   (in-dist) KNN=91.1% LP=52.6%
    test_cross_device         (OOD)     KNN=39.7% LP=52.4%
    test_cross_env            (OOD)     KNN=35.8% LP=46.9%
    test_cross_user           (OOD)     KNN=49.0% LP=48.7%
  Layer 3:
    test_id                   (in-dist) KNN=91.9% LP=53.6%
    test_cross_device         (OOD)     KNN=27.0% LP=48.9%
    test_cross_env            (OOD)     KNN=36.0% LP=43.6%
    test_cross_user           (OOD)     KNN=44.0% LP=49.3%
  Layer 6:
    test_id                   (in-dist) KNN=92.4% LP=55.0%
    test_cross_device         (OOD)     KNN=21.1% LP=42.9%
    test_cross_env            (OOD)     KNN=31.7% LP=45.8%
    test_cross_user           (OOD)     KNN=45.0% LP=48.1%

Epoch 260/300 | loss=0.2352 | best=0.2351 | lr=6.48e-06
Epoch 270/300 | loss=0.2352 | best=0.2350 | lr=3.67e-06
Epoch 280/300 | loss=0.2349 | best=0.2349 | lr=1.64e-06
Epoch 290/300 | loss=0.2349 | best=0.2347 | lr=4.11e-07
Epoch 300/300 | loss=0.2349 | best=0.2347 | lr=0.00e+00

--- Eval at epoch 300 ---
  Layer 1:
    test_id                   (in-dist) KNN=91.2% LP=52.6%
    test_cross_device         (OOD)     KNN=39.7% LP=52.4%
    test_cross_env            (OOD)     KNN=35.9% LP=47.5%
    test_cross_user           (OOD)     KNN=49.0% LP=48.7%
  Layer 3:
    test_id                   (in-dist) KNN=92.0% LP=53.7%
    test_cross_device         (OOD)     KNN=27.4% LP=49.0%
    test_cross_env            (OOD)     KNN=36.0% LP=44.0%
    test_cross_user           (OOD)     KNN=44.2% LP=49.2%
  Layer 6:
    test_id                   (in-dist) KNN=92.5% LP=55.3%
    test_cross_device         (OOD)     KNN=20.9% LP=43.4%
    test_cross_env            (OOD)     KNN=32.0% LP=45.6%
    test_cross_user           (OOD)     KNN=44.8% LP=47.9%


Done. Best pretrain loss: 0.2347
Results: /home/zhuzih19/csi-project/csi-fall-detection/results/mae_har/mae_har_ep300_mask0.75_strategyfreq_ph29pw25_seed42_enc6_dim128_bs128.json
Checkpoint: /home/zhuzih19/csi-project/csi-fall-detection/checkpoints/mae_har/mae_har_ep300_mask0.75_strategyfreq_ph29pw25_seed42_enc6_dim128_bs128_best.pt
