
Experiment: mae_har_ep300_mask0.75_strategyrandom_ph17pw17_seed43_enc12_dim128_bs128
[patch-pad] patch_h=17, patch_w=17 do not evenly divide 232x500 -- zero-padding input to 238x510 (+6 subcarriers, +10 timesteps). num_patches=420 (n_h=14, n_w=30)
[mem-check] num_patches=420  batch_size=128  encoder_depth=12  attention-score memory: 0.34 GB/layer, 4.04 GB cumulative (all layers retained for backward)
label_map: {'jumping': 0, 'running': 1, 'seated-breathing': 2, 'walking': 3, 'wavinghand': 4}  num_classes: 5
  test_id: 4602 samples
  test_cross_device: 9631 samples
  test_cross_env: 6650 samples
  test_cross_user: 12109 samples
MAE params: 2,624,481
Epoch 010/300 | loss=0.1995 | best=0.1995 | lr=1.50e-04
Epoch 020/300 | loss=0.1527 | best=0.1527 | lr=1.48e-04
Epoch 030/300 | loss=0.1393 | best=0.1393 | lr=1.46e-04
Epoch 040/300 | loss=0.1338 | best=0.1338 | lr=1.44e-04
Epoch 050/300 | loss=0.1302 | best=0.1302 | lr=1.40e-04

--- Eval at epoch 50 ---
  Layer 1:
    test_id                   (in-dist) KNN=93.0% LP=52.8%
    test_cross_device         (OOD)     KNN=31.2% LP=46.3%
    test_cross_env            (OOD)     KNN=35.0% LP=49.2%
    test_cross_user           (OOD)     KNN=45.1% LP=51.1%
  Layer 3:
    test_id                   (in-dist) KNN=95.3% LP=54.5%
    test_cross_device         (OOD)     KNN=36.5% LP=50.6%
    test_cross_env            (OOD)     KNN=33.8% LP=42.9%
    test_cross_user           (OOD)     KNN=50.8% LP=53.7%
  Layer 6:
    test_id                   (in-dist) KNN=96.2% LP=55.5%
    test_cross_device         (OOD)     KNN=31.4% LP=42.5%
    test_cross_env            (OOD)     KNN=34.5% LP=41.9%
    test_cross_user           (OOD)     KNN=46.6% LP=53.5%

Epoch 060/300 | loss=0.1282 | best=0.1282 | lr=1.36e-04
Epoch 070/300 | loss=0.1268 | best=0.1268 | lr=1.31e-04
Epoch 080/300 | loss=0.1253 | best=0.1253 | lr=1.25e-04
Epoch 090/300 | loss=0.1237 | best=0.1237 | lr=1.19e-04
Epoch 100/300 | loss=0.1220 | best=0.1220 | lr=1.12e-04

--- Eval at epoch 100 ---
  Layer 1:
    test_id                   (in-dist) KNN=93.4% LP=53.0%
    test_cross_device         (OOD)     KNN=30.8% LP=46.3%
    test_cross_env            (OOD)     KNN=34.9% LP=49.3%
    test_cross_user           (OOD)     KNN=45.3% LP=51.0%
  Layer 3:
    test_id                   (in-dist) KNN=94.8% LP=54.8%
    test_cross_device         (OOD)     KNN=33.5% LP=51.8%
    test_cross_env            (OOD)     KNN=33.4% LP=42.0%
    test_cross_user           (OOD)     KNN=50.6% LP=54.0%
  Layer 6:
    test_id                   (in-dist) KNN=95.1% LP=57.0%
    test_cross_device         (OOD)     KNN=24.2% LP=30.1%
    test_cross_env            (OOD)     KNN=34.9% LP=37.6%
    test_cross_user           (OOD)     KNN=42.5% LP=44.6%

Epoch 110/300 | loss=0.1203 | best=0.1203 | lr=1.06e-04
Epoch 120/300 | loss=0.1181 | best=0.1181 | lr=9.82e-05
Epoch 130/300 | loss=0.1170 | best=0.1170 | lr=9.06e-05
Epoch 140/300 | loss=0.1164 | best=0.1164 | lr=8.28e-05
Epoch 150/300 | loss=0.1158 | best=0.1158 | lr=7.50e-05

--- Eval at epoch 150 ---
  Layer 1:
    test_id                   (in-dist) KNN=92.9% LP=53.2%
    test_cross_device         (OOD)     KNN=29.7% LP=46.7%
    test_cross_env            (OOD)     KNN=34.4% LP=49.6%
    test_cross_user           (OOD)     KNN=45.1% LP=50.9%
  Layer 3:
    test_id                   (in-dist) KNN=94.3% LP=55.0%
    test_cross_device         (OOD)     KNN=28.8% LP=51.0%
    test_cross_env            (OOD)     KNN=34.7% LP=41.9%
    test_cross_user           (OOD)     KNN=45.9% LP=54.1%
  Layer 6:
    test_id                   (in-dist) KNN=95.0% LP=58.1%
    test_cross_device         (OOD)     KNN=22.7% LP=26.2%
    test_cross_env            (OOD)     KNN=38.0% LP=38.7%
    test_cross_user           (OOD)     KNN=43.0% LP=44.7%

Epoch 160/300 | loss=0.1155 | best=0.1154 | lr=6.72e-05
Epoch 170/300 | loss=0.1151 | best=0.1151 | lr=5.94e-05
Epoch 180/300 | loss=0.1149 | best=0.1149 | lr=5.18e-05
Epoch 190/300 | loss=0.1147 | best=0.1147 | lr=4.45e-05
Epoch 200/300 | loss=0.1144 | best=0.1144 | lr=3.75e-05

--- Eval at epoch 200 ---
  Layer 1:
    test_id                   (in-dist) KNN=93.0% LP=53.1%
    test_cross_device         (OOD)     KNN=29.3% LP=46.5%
    test_cross_env            (OOD)     KNN=33.8% LP=49.2%
    test_cross_user           (OOD)     KNN=44.9% LP=51.0%
  Layer 3:
    test_id                   (in-dist) KNN=94.0% LP=54.4%
    test_cross_device         (OOD)     KNN=30.8% LP=49.7%
    test_cross_env            (OOD)     KNN=34.6% LP=42.0%
    test_cross_user           (OOD)     KNN=47.2% LP=54.3%
  Layer 6:
    test_id                   (in-dist) KNN=94.9% LP=57.8%
    test_cross_device         (OOD)     KNN=24.3% LP=24.5%
    test_cross_env            (OOD)     KNN=36.1% LP=37.0%
    test_cross_user           (OOD)     KNN=44.8% LP=43.9%

Epoch 210/300 | loss=0.1142 | best=0.1142 | lr=3.09e-05
Epoch 220/300 | loss=0.1141 | best=0.1141 | lr=2.48e-05
Epoch 230/300 | loss=0.1140 | best=0.1140 | lr=1.93e-05
Epoch 240/300 | loss=0.1139 | best=0.1139 | lr=1.43e-05
Epoch 250/300 | loss=0.1138 | best=0.1138 | lr=1.00e-05

--- Eval at epoch 250 ---
  Layer 1:
    test_id                   (in-dist) KNN=92.9% LP=53.0%
    test_cross_device         (OOD)     KNN=28.6% LP=46.4%
    test_cross_env            (OOD)     KNN=33.2% LP=49.7%
    test_cross_user           (OOD)     KNN=44.9% LP=51.1%
  Layer 3:
    test_id                   (in-dist) KNN=94.1% LP=54.5%
    test_cross_device         (OOD)     KNN=30.7% LP=50.0%
    test_cross_env            (OOD)     KNN=34.3% LP=41.7%
    test_cross_user           (OOD)     KNN=47.1% LP=54.4%
  Layer 6:
    test_id                   (in-dist) KNN=95.0% LP=57.9%
    test_cross_device         (OOD)     KNN=25.4% LP=24.5%
    test_cross_env            (OOD)     KNN=35.3% LP=37.9%
    test_cross_user           (OOD)     KNN=45.4% LP=43.5%

Epoch 260/300 | loss=0.1137 | best=0.1137 | lr=6.48e-06
Epoch 270/300 | loss=0.1137 | best=0.1137 | lr=3.67e-06
Epoch 280/300 | loss=0.1137 | best=0.1136 | lr=1.64e-06
Epoch 290/300 | loss=0.1136 | best=0.1136 | lr=4.11e-07
Epoch 300/300 | loss=0.1137 | best=0.1136 | lr=0.00e+00

--- Eval at epoch 300 ---
  Layer 1:
    test_id                   (in-dist) KNN=92.9% LP=52.9%
    test_cross_device         (OOD)     KNN=28.4% LP=46.5%
    test_cross_env            (OOD)     KNN=33.1% LP=49.8%
    test_cross_user           (OOD)     KNN=45.0% LP=51.2%
  Layer 3:
    test_id                   (in-dist) KNN=94.2% LP=54.7%
    test_cross_device         (OOD)     KNN=31.0% LP=51.0%
    test_cross_env            (OOD)     KNN=34.2% LP=42.5%
    test_cross_user           (OOD)     KNN=47.5% LP=54.4%
  Layer 6:
    test_id                   (in-dist) KNN=95.0% LP=57.6%
    test_cross_device         (OOD)     KNN=25.5% LP=24.5%
    test_cross_env            (OOD)     KNN=34.8% LP=37.9%
    test_cross_user           (OOD)     KNN=45.6% LP=43.2%


Done. Best pretrain loss: 0.1136
Results: /home/zhuzih19/csi-project/csi-fall-detection/results/mae_har/mae_har_ep300_mask0.75_strategyrandom_ph17pw17_seed43_enc12_dim128_bs128.json
Checkpoint: /home/zhuzih19/csi-project/csi-fall-detection/checkpoints/mae_har/mae_har_ep300_mask0.75_strategyrandom_ph17pw17_seed43_enc12_dim128_bs128_best.pt
