
Experiment: mae_har_ep300_mask0.75_strategyrandom_ph29pw25_seed43_enc12_dim128_bs128
label_map: {'jumping': 0, 'running': 1, 'seated-breathing': 2, 'walking': 3, 'wavinghand': 4}  num_classes: 5
  test_id: 4602 samples
  test_cross_device: 9631 samples
  test_cross_env: 6650 samples
  test_cross_user: 12109 samples
MAE params: 2,658,709
Epoch 010/300 | loss=0.1963 | best=0.1963 | lr=1.50e-04
Epoch 020/300 | loss=0.1451 | best=0.1451 | lr=1.48e-04
Epoch 030/300 | loss=0.1296 | best=0.1296 | lr=1.46e-04
Epoch 040/300 | loss=0.1257 | best=0.1257 | lr=1.44e-04
Epoch 050/300 | loss=0.1238 | best=0.1236 | lr=1.40e-04

--- Eval at epoch 50 ---
  Layer 1:
    test_id                   (in-dist) KNN=94.0% LP=52.1%
    test_cross_device         (OOD)     KNN=25.0% LP=51.5%
    test_cross_env            (OOD)     KNN=37.6% LP=46.5%
    test_cross_user           (OOD)     KNN=41.7% LP=50.2%
  Layer 3:
    test_id                   (in-dist) KNN=95.0% LP=54.0%
    test_cross_device         (OOD)     KNN=20.3% LP=50.8%
    test_cross_env            (OOD)     KNN=33.5% LP=38.4%
    test_cross_user           (OOD)     KNN=41.8% LP=48.8%
  Layer 6:
    test_id                   (in-dist) KNN=95.2% LP=55.0%
    test_cross_device         (OOD)     KNN=22.2% LP=47.4%
    test_cross_env            (OOD)     KNN=33.8% LP=41.7%
    test_cross_user           (OOD)     KNN=42.9% LP=50.3%
  Layer 9:
    test_id                   (in-dist) KNN=95.0% LP=54.7%
    test_cross_device         (OOD)     KNN=25.8% LP=41.2%
    test_cross_env            (OOD)     KNN=34.9% LP=41.7%
    test_cross_user           (OOD)     KNN=44.7% LP=43.0%
  Layer 12:
    test_id                   (in-dist) KNN=94.7% LP=53.6%
    test_cross_device         (OOD)     KNN=27.1% LP=47.8%
    test_cross_env            (OOD)     KNN=42.3% LP=50.6%
    test_cross_user           (OOD)     KNN=44.9% LP=50.2%

Epoch 060/300 | loss=0.1217 | best=0.1217 | lr=1.36e-04
Epoch 070/300 | loss=0.1207 | best=0.1207 | lr=1.31e-04
Epoch 080/300 | loss=0.1198 | best=0.1198 | lr=1.25e-04
Epoch 090/300 | loss=0.1192 | best=0.1192 | lr=1.19e-04
Epoch 100/300 | loss=0.1185 | best=0.1185 | lr=1.12e-04

--- Eval at epoch 100 ---
  Layer 1:
    test_id                   (in-dist) KNN=94.0% LP=52.9%
    test_cross_device         (OOD)     KNN=22.5% LP=51.1%
    test_cross_env            (OOD)     KNN=38.4% LP=46.3%
    test_cross_user           (OOD)     KNN=41.4% LP=49.9%
  Layer 3:
    test_id                   (in-dist) KNN=94.9% LP=55.1%
    test_cross_device         (OOD)     KNN=19.1% LP=50.0%
    test_cross_env            (OOD)     KNN=35.2% LP=36.5%
    test_cross_user           (OOD)     KNN=41.9% LP=49.9%
  Layer 6:
    test_id                   (in-dist) KNN=94.8% LP=56.2%
    test_cross_device         (OOD)     KNN=22.0% LP=48.9%
    test_cross_env            (OOD)     KNN=33.0% LP=39.1%
    test_cross_user           (OOD)     KNN=41.5% LP=51.0%
  Layer 9:
    test_id                   (in-dist) KNN=95.1% LP=57.4%
    test_cross_device         (OOD)     KNN=25.9% LP=40.7%
    test_cross_env            (OOD)     KNN=35.4% LP=35.2%
    test_cross_user           (OOD)     KNN=43.4% LP=45.8%
  Layer 12:
    test_id                   (in-dist) KNN=94.6% LP=56.8%
    test_cross_device         (OOD)     KNN=31.1% LP=40.7%
    test_cross_env            (OOD)     KNN=36.4% LP=40.5%
    test_cross_user           (OOD)     KNN=45.8% LP=47.9%

Epoch 110/300 | loss=0.1182 | best=0.1181 | lr=1.06e-04
Epoch 120/300 | loss=0.1177 | best=0.1177 | lr=9.82e-05
Epoch 130/300 | loss=0.1175 | best=0.1175 | lr=9.06e-05
Epoch 140/300 | loss=0.1173 | best=0.1173 | lr=8.28e-05
Epoch 150/300 | loss=0.1171 | best=0.1171 | lr=7.50e-05

--- Eval at epoch 150 ---
  Layer 1:
    test_id                   (in-dist) KNN=94.0% LP=53.3%
    test_cross_device         (OOD)     KNN=22.8% LP=51.4%
    test_cross_env            (OOD)     KNN=38.9% LP=47.0%
    test_cross_user           (OOD)     KNN=41.6% LP=49.8%
  Layer 3:
    test_id                   (in-dist) KNN=95.0% LP=55.2%
    test_cross_device         (OOD)     KNN=21.8% LP=48.7%
    test_cross_env            (OOD)     KNN=37.1% LP=40.8%
    test_cross_user           (OOD)     KNN=42.2% LP=51.1%
  Layer 6:
    test_id                   (in-dist) KNN=95.1% LP=57.0%
    test_cross_device         (OOD)     KNN=24.4% LP=49.3%
    test_cross_env            (OOD)     KNN=34.1% LP=40.1%
    test_cross_user           (OOD)     KNN=42.7% LP=50.2%
  Layer 9:
    test_id                   (in-dist) KNN=95.3% LP=58.6%
    test_cross_device         (OOD)     KNN=31.7% LP=35.6%
    test_cross_env            (OOD)     KNN=35.2% LP=34.2%
    test_cross_user           (OOD)     KNN=46.3% LP=45.7%
  Layer 12:
    test_id                   (in-dist) KNN=95.0% LP=56.9%
    test_cross_device         (OOD)     KNN=28.1% LP=36.2%
    test_cross_env            (OOD)     KNN=35.8% LP=36.3%
    test_cross_user           (OOD)     KNN=46.6% LP=45.1%

Epoch 160/300 | loss=0.1169 | best=0.1169 | lr=6.72e-05
Epoch 170/300 | loss=0.1169 | best=0.1167 | lr=5.94e-05
Epoch 180/300 | loss=0.1167 | best=0.1166 | lr=5.18e-05
Epoch 190/300 | loss=0.1165 | best=0.1165 | lr=4.45e-05
Epoch 200/300 | loss=0.1164 | best=0.1163 | lr=3.75e-05

--- Eval at epoch 200 ---
  Layer 1:
    test_id                   (in-dist) KNN=94.1% LP=53.2%
    test_cross_device         (OOD)     KNN=23.3% LP=51.5%
    test_cross_env            (OOD)     KNN=38.5% LP=47.8%
    test_cross_user           (OOD)     KNN=41.9% LP=50.1%
  Layer 3:
    test_id                   (in-dist) KNN=95.1% LP=55.4%
    test_cross_device         (OOD)     KNN=23.0% LP=47.1%
    test_cross_env            (OOD)     KNN=36.7% LP=41.0%
    test_cross_user           (OOD)     KNN=42.3% LP=51.0%
  Layer 6:
    test_id                   (in-dist) KNN=95.1% LP=57.6%
    test_cross_device         (OOD)     KNN=24.8% LP=43.0%
    test_cross_env            (OOD)     KNN=33.4% LP=42.4%
    test_cross_user           (OOD)     KNN=43.0% LP=44.4%
  Layer 9:
    test_id                   (in-dist) KNN=95.2% LP=58.9%
    test_cross_device         (OOD)     KNN=33.6% LP=35.8%
    test_cross_env            (OOD)     KNN=32.3% LP=35.8%
    test_cross_user           (OOD)     KNN=46.9% LP=43.1%
  Layer 12:
    test_id                   (in-dist) KNN=95.0% LP=57.8%
    test_cross_device         (OOD)     KNN=27.2% LP=32.1%
    test_cross_env            (OOD)     KNN=35.0% LP=37.2%
    test_cross_user           (OOD)     KNN=45.7% LP=43.2%

Epoch 210/300 | loss=0.1163 | best=0.1163 | lr=3.09e-05
Epoch 220/300 | loss=0.1162 | best=0.1162 | lr=2.48e-05
Epoch 230/300 | loss=0.1161 | best=0.1160 | lr=1.93e-05
Epoch 240/300 | loss=0.1160 | best=0.1160 | lr=1.43e-05
Epoch 250/300 | loss=0.1159 | best=0.1159 | lr=1.00e-05

--- Eval at epoch 250 ---
  Layer 1:
    test_id                   (in-dist) KNN=94.0% LP=53.1%
    test_cross_device         (OOD)     KNN=24.4% LP=51.6%
    test_cross_env            (OOD)     KNN=38.7% LP=47.3%
    test_cross_user           (OOD)     KNN=42.3% LP=50.2%
  Layer 3:
    test_id                   (in-dist) KNN=95.1% LP=55.6%
    test_cross_device         (OOD)     KNN=23.2% LP=47.3%
    test_cross_env            (OOD)     KNN=36.9% LP=41.8%
    test_cross_user           (OOD)     KNN=42.4% LP=50.3%
  Layer 6:
    test_id                   (in-dist) KNN=95.0% LP=58.1%
    test_cross_device         (OOD)     KNN=24.5% LP=39.1%
    test_cross_env            (OOD)     KNN=33.0% LP=44.8%
    test_cross_user           (OOD)     KNN=42.7% LP=44.2%
  Layer 9:
    test_id                   (in-dist) KNN=95.3% LP=59.5%
    test_cross_device         (OOD)     KNN=32.7% LP=36.1%
    test_cross_env            (OOD)     KNN=31.1% LP=36.4%
    test_cross_user           (OOD)     KNN=46.6% LP=42.9%
  Layer 12:
    test_id                   (in-dist) KNN=95.0% LP=58.0%
    test_cross_device         (OOD)     KNN=25.7% LP=34.2%
    test_cross_env            (OOD)     KNN=32.6% LP=38.9%
    test_cross_user           (OOD)     KNN=44.2% LP=42.9%

Epoch 260/300 | loss=0.1159 | best=0.1158 | lr=6.48e-06
Epoch 270/300 | loss=0.1159 | best=0.1158 | lr=3.67e-06
Epoch 280/300 | loss=0.1159 | best=0.1158 | lr=1.64e-06
Epoch 290/300 | loss=0.1159 | best=0.1157 | lr=4.11e-07
Epoch 300/300 | loss=0.1157 | best=0.1157 | lr=0.00e+00

--- Eval at epoch 300 ---
  Layer 1:
    test_id                   (in-dist) KNN=94.1% LP=53.3%
    test_cross_device         (OOD)     KNN=24.2% LP=51.6%
    test_cross_env            (OOD)     KNN=38.8% LP=47.1%
    test_cross_user           (OOD)     KNN=42.4% LP=50.3%
  Layer 3:
    test_id                   (in-dist) KNN=95.1% LP=55.7%
    test_cross_device         (OOD)     KNN=23.1% LP=47.8%
    test_cross_env            (OOD)     KNN=36.8% LP=42.0%
    test_cross_user           (OOD)     KNN=42.4% LP=51.1%
  Layer 6:
    test_id                   (in-dist) KNN=94.9% LP=58.1%
    test_cross_device         (OOD)     KNN=24.5% LP=39.1%
    test_cross_env            (OOD)     KNN=32.8% LP=44.9%
    test_cross_user           (OOD)     KNN=42.8% LP=43.9%
  Layer 9:
    test_id                   (in-dist) KNN=95.3% LP=59.9%
    test_cross_device         (OOD)     KNN=32.8% LP=36.3%
    test_cross_env            (OOD)     KNN=31.0% LP=37.7%
    test_cross_user           (OOD)     KNN=46.7% LP=43.0%
  Layer 12:
    test_id                   (in-dist) KNN=95.0% LP=58.1%
    test_cross_device         (OOD)     KNN=26.0% LP=34.1%
    test_cross_env            (OOD)     KNN=32.7% LP=40.0%
    test_cross_user           (OOD)     KNN=44.5% LP=42.8%


Done. Best pretrain loss: 0.1157
Results: /home/zhuzih19/csi-project/csi-fall-detection/results/mae_har/mae_har_ep300_mask0.75_strategyrandom_ph29pw25_seed43_enc12_dim128_bs128.json
Checkpoint: /home/zhuzih19/csi-project/csi-fall-detection/checkpoints/mae_har/mae_har_ep300_mask0.75_strategyrandom_ph29pw25_seed43_enc12_dim128_bs128_best.pt
