
Experiment: mae_har_ep300_mask0.75_strategyrandom_ph29pw25_seed43_enc12_dim128_bs128
[patch-pad] patch_h=29, patch_w=25 evenly divide 232x500, no padding needed. num_patches=160
[mem-check] num_patches=160  batch_size=128  estimated attention-score memory per layer: 0.05 GB (x12 layers if all retained for backward: 0.59 GB)
label_map: {'jumping': 0, 'running': 1, 'seated-breathing': 2, 'walking': 3, 'wavinghand': 4}  num_classes: 5
  test_id: 4602 samples
  test_cross_device: 9631 samples
  test_cross_env: 6650 samples
  test_cross_user: 12109 samples
MAE params: 2,658,709
Epoch 010/300 | loss=0.1963 | best=0.1963 | lr=1.50e-04
Epoch 020/300 | loss=0.1451 | best=0.1451 | lr=1.48e-04
Epoch 030/300 | loss=0.1296 | best=0.1296 | lr=1.46e-04
Epoch 040/300 | loss=0.1257 | best=0.1257 | lr=1.44e-04
Epoch 050/300 | loss=0.1238 | best=0.1236 | lr=1.40e-04

--- Eval at epoch 50 ---
  Layer 1:
    test_id                   (in-dist) KNN=94.0% LP=52.1%
    test_cross_device         (OOD)     KNN=25.0% LP=51.5%
    test_cross_env            (OOD)     KNN=37.6% LP=46.5%
    test_cross_user           (OOD)     KNN=41.7% LP=50.2%
  Layer 3:
    test_id                   (in-dist) KNN=95.0% LP=54.0%
    test_cross_device         (OOD)     KNN=20.3% LP=50.8%
    test_cross_env            (OOD)     KNN=33.5% LP=38.4%
    test_cross_user           (OOD)     KNN=41.8% LP=48.8%
  Layer 6:
    test_id                   (in-dist) KNN=95.2% LP=55.0%
    test_cross_device         (OOD)     KNN=22.2% LP=47.4%
    test_cross_env            (OOD)     KNN=33.8% LP=41.7%
    test_cross_user           (OOD)     KNN=42.9% LP=50.3%

Epoch 060/300 | loss=0.1216 | best=0.1216 | lr=1.36e-04
Epoch 070/300 | loss=0.1206 | best=0.1206 | lr=1.31e-04
Epoch 080/300 | loss=0.1196 | best=0.1196 | lr=1.25e-04
Epoch 090/300 | loss=0.1192 | best=0.1192 | lr=1.19e-04
Epoch 100/300 | loss=0.1186 | best=0.1186 | lr=1.12e-04

--- Eval at epoch 100 ---
  Layer 1:
    test_id                   (in-dist) KNN=94.0% LP=52.9%
    test_cross_device         (OOD)     KNN=23.8% LP=51.0%
    test_cross_env            (OOD)     KNN=38.0% LP=45.7%
    test_cross_user           (OOD)     KNN=41.2% LP=50.0%
  Layer 3:
    test_id                   (in-dist) KNN=95.0% LP=54.9%
    test_cross_device         (OOD)     KNN=19.4% LP=50.0%
    test_cross_env            (OOD)     KNN=35.7% LP=36.5%
    test_cross_user           (OOD)     KNN=42.1% LP=48.5%
  Layer 6:
    test_id                   (in-dist) KNN=94.9% LP=56.9%
    test_cross_device         (OOD)     KNN=21.8% LP=50.0%
    test_cross_env            (OOD)     KNN=31.4% LP=38.6%
    test_cross_user           (OOD)     KNN=42.0% LP=49.3%

Epoch 110/300 | loss=0.1182 | best=0.1181 | lr=1.06e-04
Epoch 120/300 | loss=0.1177 | best=0.1177 | lr=9.82e-05
Epoch 130/300 | loss=0.1174 | best=0.1174 | lr=9.06e-05
Epoch 140/300 | loss=0.1173 | best=0.1173 | lr=8.28e-05
Epoch 150/300 | loss=0.1172 | best=0.1171 | lr=7.50e-05

--- Eval at epoch 150 ---
  Layer 1:
    test_id                   (in-dist) KNN=93.9% LP=53.2%
    test_cross_device         (OOD)     KNN=23.0% LP=51.3%
    test_cross_env            (OOD)     KNN=38.6% LP=47.4%
    test_cross_user           (OOD)     KNN=41.7% LP=49.9%
  Layer 3:
    test_id                   (in-dist) KNN=95.2% LP=55.3%
    test_cross_device         (OOD)     KNN=21.4% LP=49.5%
    test_cross_env            (OOD)     KNN=36.9% LP=38.8%
    test_cross_user           (OOD)     KNN=42.0% LP=50.2%
  Layer 6:
    test_id                   (in-dist) KNN=94.9% LP=56.7%
    test_cross_device         (OOD)     KNN=25.8% LP=50.0%
    test_cross_env            (OOD)     KNN=32.9% LP=40.0%
    test_cross_user           (OOD)     KNN=43.6% LP=50.5%

Epoch 160/300 | loss=0.1170 | best=0.1169 | lr=6.72e-05
Epoch 170/300 | loss=0.1168 | best=0.1167 | lr=5.94e-05
Epoch 180/300 | loss=0.1166 | best=0.1166 | lr=5.18e-05
Epoch 190/300 | loss=0.1165 | best=0.1164 | lr=4.45e-05
Epoch 200/300 | loss=0.1164 | best=0.1164 | lr=3.75e-05

--- Eval at epoch 200 ---
  Layer 1:
    test_id                   (in-dist) KNN=94.1% LP=53.3%
    test_cross_device         (OOD)     KNN=22.9% LP=51.7%
    test_cross_env            (OOD)     KNN=38.6% LP=45.7%
    test_cross_user           (OOD)     KNN=42.1% LP=50.2%
  Layer 3:
    test_id                   (in-dist) KNN=95.1% LP=56.1%
    test_cross_device         (OOD)     KNN=22.7% LP=50.1%
    test_cross_env            (OOD)     KNN=36.9% LP=40.1%
    test_cross_user           (OOD)     KNN=42.4% LP=50.2%
  Layer 6:
    test_id                   (in-dist) KNN=94.9% LP=58.3%
    test_cross_device         (OOD)     KNN=25.2% LP=43.5%
    test_cross_env            (OOD)     KNN=33.6% LP=40.9%
    test_cross_user           (OOD)     KNN=43.2% LP=43.2%

Epoch 210/300 | loss=0.1164 | best=0.1162 | lr=3.09e-05
Epoch 220/300 | loss=0.1161 | best=0.1161 | lr=2.48e-05
Epoch 230/300 | loss=0.1160 | best=0.1160 | lr=1.93e-05
Epoch 240/300 | loss=0.1159 | best=0.1159 | lr=1.43e-05
Epoch 250/300 | loss=0.1159 | best=0.1159 | lr=1.00e-05

--- Eval at epoch 250 ---
  Layer 1:
    test_id                   (in-dist) KNN=94.0% LP=53.3%
    test_cross_device         (OOD)     KNN=24.2% LP=51.7%
    test_cross_env            (OOD)     KNN=38.5% LP=47.1%
    test_cross_user           (OOD)     KNN=42.2% LP=50.6%
  Layer 3:
    test_id                   (in-dist) KNN=95.2% LP=55.8%
    test_cross_device         (OOD)     KNN=23.4% LP=49.2%
    test_cross_env            (OOD)     KNN=36.5% LP=40.4%
    test_cross_user           (OOD)     KNN=42.6% LP=50.4%
  Layer 6:
    test_id                   (in-dist) KNN=95.0% LP=58.7%
    test_cross_device         (OOD)     KNN=24.7% LP=38.3%
    test_cross_env            (OOD)     KNN=32.6% LP=42.8%
    test_cross_user           (OOD)     KNN=43.1% LP=43.6%

Epoch 260/300 | loss=0.1159 | best=0.1159 | lr=6.48e-06
Epoch 270/300 | loss=0.1159 | best=0.1158 | lr=3.67e-06
Epoch 280/300 | loss=0.1158 | best=0.1157 | lr=1.64e-06
Epoch 290/300 | loss=0.1158 | best=0.1157 | lr=4.11e-07
Epoch 300/300 | loss=0.1158 | best=0.1157 | lr=0.00e+00

--- Eval at epoch 300 ---
  Layer 1:
    test_id                   (in-dist) KNN=94.0% LP=53.3%
    test_cross_device         (OOD)     KNN=24.1% LP=51.3%
    test_cross_env            (OOD)     KNN=38.6% LP=46.3%
    test_cross_user           (OOD)     KNN=42.3% LP=50.0%
  Layer 3:
    test_id                   (in-dist) KNN=95.2% LP=56.1%
    test_cross_device         (OOD)     KNN=23.3% LP=49.5%
    test_cross_env            (OOD)     KNN=36.4% LP=41.2%
    test_cross_user           (OOD)     KNN=42.6% LP=50.5%
  Layer 6:
    test_id                   (in-dist) KNN=95.1% LP=58.9%
    test_cross_device         (OOD)     KNN=25.1% LP=38.3%
    test_cross_env            (OOD)     KNN=32.6% LP=41.8%
    test_cross_user           (OOD)     KNN=43.4% LP=42.9%


Done. Best pretrain loss: 0.1157
Results: /home/zhuzih19/csi-project/csi-fall-detection/results/mae_har/mae_har_ep300_mask0.75_strategyrandom_ph29pw25_seed43_enc12_dim128_bs128.json
Checkpoint: /home/zhuzih19/csi-project/csi-fall-detection/checkpoints/mae_har/mae_har_ep300_mask0.75_strategyrandom_ph29pw25_seed43_enc12_dim128_bs128_best.pt
