
Experiment: mae_har_ep300_mask0.75_strategyrandom_ph17pw17_seed42_enc12_dim128_bs128
[patch-pad] patch_h=17, patch_w=17 do not evenly divide 232x500 -- zero-padding input to 238x510 (+6 subcarriers, +10 timesteps). num_patches=420 (n_h=14, n_w=30)
[mem-check] num_patches=420  batch_size=128  encoder_depth=12  attention-score memory: 0.34 GB/layer, 4.04 GB cumulative (all layers retained for backward)
label_map: {'jumping': 0, 'running': 1, 'seated-breathing': 2, 'walking': 3, 'wavinghand': 4}  num_classes: 5
  test_id: 4602 samples
  test_cross_device: 9631 samples
  test_cross_env: 6650 samples
  test_cross_user: 12109 samples
MAE params: 2,624,481
Epoch 010/300 | loss=0.1976 | best=0.1976 | lr=1.50e-04
Epoch 020/300 | loss=0.1534 | best=0.1534 | lr=1.48e-04
Epoch 030/300 | loss=0.1392 | best=0.1392 | lr=1.46e-04
Epoch 040/300 | loss=0.1331 | best=0.1331 | lr=1.44e-04
Epoch 050/300 | loss=0.1298 | best=0.1298 | lr=1.40e-04

--- Eval at epoch 50 ---
  Layer 1:
    test_id                   (in-dist) KNN=92.9% LP=52.5%
    test_cross_device         (OOD)     KNN=27.6% LP=49.6%
    test_cross_env            (OOD)     KNN=34.2% LP=50.7%
    test_cross_user           (OOD)     KNN=45.5% LP=49.8%
  Layer 3:
    test_id                   (in-dist) KNN=95.7% LP=52.8%
    test_cross_device         (OOD)     KNN=31.7% LP=53.1%
    test_cross_env            (OOD)     KNN=33.5% LP=46.8%
    test_cross_user           (OOD)     KNN=46.0% LP=50.0%
  Layer 6:
    test_id                   (in-dist) KNN=96.1% LP=54.3%
    test_cross_device         (OOD)     KNN=27.5% LP=46.0%
    test_cross_env            (OOD)     KNN=32.0% LP=44.9%
    test_cross_user           (OOD)     KNN=44.1% LP=51.3%

Epoch 060/300 | loss=0.1279 | best=0.1279 | lr=1.36e-04
Epoch 070/300 | loss=0.1262 | best=0.1262 | lr=1.31e-04
Epoch 080/300 | loss=0.1243 | best=0.1243 | lr=1.25e-04
Epoch 090/300 | loss=0.1222 | best=0.1222 | lr=1.19e-04
Epoch 100/300 | loss=0.1213 | best=0.1213 | lr=1.12e-04

--- Eval at epoch 100 ---
  Layer 1:
    test_id                   (in-dist) KNN=93.4% LP=52.5%
    test_cross_device         (OOD)     KNN=27.3% LP=49.7%
    test_cross_env            (OOD)     KNN=33.2% LP=50.0%
    test_cross_user           (OOD)     KNN=45.4% LP=50.5%
  Layer 3:
    test_id                   (in-dist) KNN=94.8% LP=53.4%
    test_cross_device         (OOD)     KNN=33.8% LP=47.4%
    test_cross_env            (OOD)     KNN=35.0% LP=44.5%
    test_cross_user           (OOD)     KNN=46.9% LP=50.7%
  Layer 6:
    test_id                   (in-dist) KNN=95.4% LP=55.2%
    test_cross_device         (OOD)     KNN=27.8% LP=37.4%
    test_cross_env            (OOD)     KNN=33.1% LP=42.5%
    test_cross_user           (OOD)     KNN=45.8% LP=47.6%

Epoch 110/300 | loss=0.1196 | best=0.1196 | lr=1.06e-04
Epoch 120/300 | loss=0.1170 | best=0.1170 | lr=9.82e-05
Epoch 130/300 | loss=0.1162 | best=0.1162 | lr=9.06e-05
Epoch 140/300 | loss=0.1158 | best=0.1157 | lr=8.28e-05
Epoch 150/300 | loss=0.1153 | best=0.1153 | lr=7.50e-05

--- Eval at epoch 150 ---
  Layer 1:
    test_id                   (in-dist) KNN=93.2% LP=52.5%
    test_cross_device         (OOD)     KNN=28.6% LP=49.9%
    test_cross_env            (OOD)     KNN=33.1% LP=50.0%
    test_cross_user           (OOD)     KNN=45.3% LP=50.6%
  Layer 3:
    test_id                   (in-dist) KNN=93.9% LP=53.4%
    test_cross_device         (OOD)     KNN=33.9% LP=47.0%
    test_cross_env            (OOD)     KNN=34.9% LP=46.0%
    test_cross_user           (OOD)     KNN=46.4% LP=50.8%
  Layer 6:
    test_id                   (in-dist) KNN=94.8% LP=55.6%
    test_cross_device         (OOD)     KNN=29.1% LP=36.3%
    test_cross_env            (OOD)     KNN=33.1% LP=40.5%
    test_cross_user           (OOD)     KNN=45.7% LP=46.3%

Epoch 160/300 | loss=0.1150 | best=0.1150 | lr=6.72e-05
Epoch 170/300 | loss=0.1146 | best=0.1146 | lr=5.94e-05
Epoch 180/300 | loss=0.1145 | best=0.1144 | lr=5.18e-05
Epoch 190/300 | loss=0.1143 | best=0.1142 | lr=4.45e-05
Epoch 200/300 | loss=0.1142 | best=0.1141 | lr=3.75e-05

--- Eval at epoch 200 ---
  Layer 1:
    test_id                   (in-dist) KNN=93.2% LP=52.6%
    test_cross_device         (OOD)     KNN=28.5% LP=51.8%
    test_cross_env            (OOD)     KNN=33.4% LP=50.0%
    test_cross_user           (OOD)     KNN=45.4% LP=50.6%
  Layer 3:
    test_id                   (in-dist) KNN=93.7% LP=53.8%
    test_cross_device         (OOD)     KNN=34.3% LP=48.6%
    test_cross_env            (OOD)     KNN=35.5% LP=45.1%
    test_cross_user           (OOD)     KNN=46.4% LP=50.9%
  Layer 6:
    test_id                   (in-dist) KNN=94.6% LP=56.3%
    test_cross_device         (OOD)     KNN=29.0% LP=35.3%
    test_cross_env            (OOD)     KNN=33.0% LP=41.8%
    test_cross_user           (OOD)     KNN=45.8% LP=47.5%

Epoch 210/300 | loss=0.1140 | best=0.1140 | lr=3.09e-05
Epoch 220/300 | loss=0.1138 | best=0.1138 | lr=2.48e-05
Epoch 230/300 | loss=0.1137 | best=0.1137 | lr=1.93e-05
Epoch 240/300 | loss=0.1136 | best=0.1135 | lr=1.43e-05
Epoch 250/300 | loss=0.1135 | best=0.1135 | lr=1.00e-05

--- Eval at epoch 250 ---
  Layer 1:
    test_id                   (in-dist) KNN=93.2% LP=52.5%
    test_cross_device         (OOD)     KNN=28.5% LP=51.3%
    test_cross_env            (OOD)     KNN=33.7% LP=49.6%
    test_cross_user           (OOD)     KNN=45.4% LP=51.1%
  Layer 3:
    test_id                   (in-dist) KNN=93.6% LP=53.7%
    test_cross_device         (OOD)     KNN=34.0% LP=48.0%
    test_cross_env            (OOD)     KNN=36.8% LP=44.3%
    test_cross_user           (OOD)     KNN=46.2% LP=50.6%
  Layer 6:
    test_id                   (in-dist) KNN=94.7% LP=56.8%
    test_cross_device         (OOD)     KNN=28.6% LP=36.6%
    test_cross_env            (OOD)     KNN=32.9% LP=42.3%
    test_cross_user           (OOD)     KNN=45.7% LP=47.5%

Epoch 260/300 | loss=0.1134 | best=0.1134 | lr=6.48e-06
Epoch 270/300 | loss=0.1134 | best=0.1134 | lr=3.67e-06
Epoch 280/300 | loss=0.1133 | best=0.1133 | lr=1.64e-06
Epoch 290/300 | loss=0.1133 | best=0.1133 | lr=4.11e-07
Epoch 300/300 | loss=0.1134 | best=0.1133 | lr=0.00e+00

--- Eval at epoch 300 ---
  Layer 1:
    test_id                   (in-dist) KNN=93.2% LP=52.7%
    test_cross_device         (OOD)     KNN=28.6% LP=50.4%
    test_cross_env            (OOD)     KNN=33.6% LP=49.1%
    test_cross_user           (OOD)     KNN=45.4% LP=50.9%
  Layer 3:
    test_id                   (in-dist) KNN=93.8% LP=53.7%
    test_cross_device         (OOD)     KNN=34.1% LP=47.4%
    test_cross_env            (OOD)     KNN=36.8% LP=44.8%
    test_cross_user           (OOD)     KNN=46.3% LP=51.0%
  Layer 6:
    test_id                   (in-dist) KNN=94.8% LP=56.3%
    test_cross_device         (OOD)     KNN=28.7% LP=34.6%
    test_cross_env            (OOD)     KNN=32.9% LP=42.8%
    test_cross_user           (OOD)     KNN=45.9% LP=47.0%


Done. Best pretrain loss: 0.1133
Results: /home/zhuzih19/csi-project/csi-fall-detection/results/mae_har/mae_har_ep300_mask0.75_strategyrandom_ph17pw17_seed42_enc12_dim128_bs128.json
Checkpoint: /home/zhuzih19/csi-project/csi-fall-detection/checkpoints/mae_har/mae_har_ep300_mask0.75_strategyrandom_ph17pw17_seed42_enc12_dim128_bs128_best.pt
