
Experiment: mae_har_ep300_mask0.75_strategyrandom_ph29pw25_seed42_enc12_dim128_bs128
[patch-pad] patch_h=29, patch_w=25 evenly divide 232x500, no padding needed. num_patches=160
[mem-check] num_patches=160  batch_size=128  estimated attention-score memory per layer: 0.05 GB (x12 layers if all retained for backward: 0.59 GB)
label_map: {'jumping': 0, 'running': 1, 'seated-breathing': 2, 'walking': 3, 'wavinghand': 4}  num_classes: 5
  test_id: 4602 samples
  test_cross_device: 9631 samples
  test_cross_env: 6650 samples
  test_cross_user: 12109 samples
MAE params: 2,658,709
Epoch 010/300 | loss=0.2448 | best=0.2448 | lr=1.50e-04
Epoch 020/300 | loss=0.1629 | best=0.1629 | lr=1.48e-04
Epoch 030/300 | loss=0.1374 | best=0.1374 | lr=1.46e-04
Epoch 040/300 | loss=0.1285 | best=0.1285 | lr=1.44e-04
Epoch 050/300 | loss=0.1253 | best=0.1253 | lr=1.40e-04

--- Eval at epoch 50 ---
  Layer 1:
    test_id                   (in-dist) KNN=93.2% LP=52.6%
    test_cross_device         (OOD)     KNN=18.4% LP=51.5%
    test_cross_env            (OOD)     KNN=28.6% LP=46.7%
    test_cross_user           (OOD)     KNN=41.7% LP=51.6%
  Layer 3:
    test_id                   (in-dist) KNN=94.4% LP=54.0%
    test_cross_device         (OOD)     KNN=22.1% LP=51.2%
    test_cross_env            (OOD)     KNN=31.4% LP=45.8%
    test_cross_user           (OOD)     KNN=41.1% LP=48.0%
  Layer 6:
    test_id                   (in-dist) KNN=95.0% LP=56.0%
    test_cross_device         (OOD)     KNN=21.5% LP=50.5%
    test_cross_env            (OOD)     KNN=31.0% LP=48.3%
    test_cross_user           (OOD)     KNN=40.5% LP=49.3%

Epoch 060/300 | loss=0.1230 | best=0.1230 | lr=1.36e-04
Epoch 070/300 | loss=0.1218 | best=0.1218 | lr=1.31e-04
Epoch 080/300 | loss=0.1206 | best=0.1206 | lr=1.25e-04
Epoch 090/300 | loss=0.1201 | best=0.1201 | lr=1.19e-04
Epoch 100/300 | loss=0.1194 | best=0.1194 | lr=1.12e-04

--- Eval at epoch 100 ---
  Layer 1:
    test_id                   (in-dist) KNN=93.7% LP=52.5%
    test_cross_device         (OOD)     KNN=18.1% LP=52.3%
    test_cross_env            (OOD)     KNN=29.8% LP=44.5%
    test_cross_user           (OOD)     KNN=41.8% LP=50.1%
  Layer 3:
    test_id                   (in-dist) KNN=94.7% LP=54.4%
    test_cross_device         (OOD)     KNN=22.0% LP=50.4%
    test_cross_env            (OOD)     KNN=33.2% LP=42.4%
    test_cross_user           (OOD)     KNN=40.6% LP=46.2%
  Layer 6:
    test_id                   (in-dist) KNN=95.3% LP=57.3%
    test_cross_device         (OOD)     KNN=22.1% LP=47.4%
    test_cross_env            (OOD)     KNN=32.1% LP=47.1%
    test_cross_user           (OOD)     KNN=41.8% LP=43.7%

Epoch 110/300 | loss=0.1189 | best=0.1189 | lr=1.06e-04
Epoch 120/300 | loss=0.1185 | best=0.1184 | lr=9.82e-05
Epoch 130/300 | loss=0.1180 | best=0.1180 | lr=9.06e-05
Epoch 140/300 | loss=0.1178 | best=0.1178 | lr=8.28e-05
Epoch 150/300 | loss=0.1175 | best=0.1175 | lr=7.50e-05

--- Eval at epoch 150 ---
  Layer 1:
    test_id                   (in-dist) KNN=93.8% LP=52.6%
    test_cross_device         (OOD)     KNN=19.8% LP=52.4%
    test_cross_env            (OOD)     KNN=30.6% LP=44.0%
    test_cross_user           (OOD)     KNN=42.8% LP=50.2%
  Layer 3:
    test_id                   (in-dist) KNN=94.6% LP=54.9%
    test_cross_device         (OOD)     KNN=21.9% LP=45.6%
    test_cross_env            (OOD)     KNN=33.4% LP=41.8%
    test_cross_user           (OOD)     KNN=41.1% LP=45.8%
  Layer 6:
    test_id                   (in-dist) KNN=95.4% LP=57.1%
    test_cross_device         (OOD)     KNN=20.1% LP=43.0%
    test_cross_env            (OOD)     KNN=34.0% LP=44.3%
    test_cross_user           (OOD)     KNN=41.8% LP=41.9%

Epoch 160/300 | loss=0.1173 | best=0.1173 | lr=6.72e-05
Epoch 170/300 | loss=0.1171 | best=0.1171 | lr=5.94e-05
Epoch 180/300 | loss=0.1169 | best=0.1169 | lr=5.18e-05
Epoch 190/300 | loss=0.1168 | best=0.1168 | lr=4.45e-05
Epoch 200/300 | loss=0.1167 | best=0.1167 | lr=3.75e-05

--- Eval at epoch 200 ---
  Layer 1:
    test_id                   (in-dist) KNN=93.5% LP=52.6%
    test_cross_device         (OOD)     KNN=19.1% LP=51.5%
    test_cross_env            (OOD)     KNN=30.9% LP=44.6%
    test_cross_user           (OOD)     KNN=42.7% LP=49.5%
  Layer 3:
    test_id                   (in-dist) KNN=94.7% LP=54.7%
    test_cross_device         (OOD)     KNN=21.6% LP=43.8%
    test_cross_env            (OOD)     KNN=33.8% LP=40.5%
    test_cross_user           (OOD)     KNN=41.3% LP=45.2%
  Layer 6:
    test_id                   (in-dist) KNN=95.4% LP=57.3%
    test_cross_device         (OOD)     KNN=19.9% LP=40.7%
    test_cross_env            (OOD)     KNN=34.4% LP=44.8%
    test_cross_user           (OOD)     KNN=41.8% LP=41.6%

Epoch 210/300 | loss=0.1166 | best=0.1165 | lr=3.09e-05
Epoch 220/300 | loss=0.1164 | best=0.1164 | lr=2.48e-05
Epoch 230/300 | loss=0.1164 | best=0.1164 | lr=1.93e-05
Epoch 240/300 | loss=0.1163 | best=0.1163 | lr=1.43e-05
Epoch 250/300 | loss=0.1164 | best=0.1162 | lr=1.00e-05

--- Eval at epoch 250 ---
  Layer 1:
    test_id                   (in-dist) KNN=93.5% LP=52.5%
    test_cross_device         (OOD)     KNN=19.3% LP=52.1%
    test_cross_env            (OOD)     KNN=30.5% LP=43.6%
    test_cross_user           (OOD)     KNN=42.6% LP=49.3%
  Layer 3:
    test_id                   (in-dist) KNN=94.5% LP=54.7%
    test_cross_device         (OOD)     KNN=22.0% LP=44.5%
    test_cross_env            (OOD)     KNN=32.7% LP=39.7%
    test_cross_user           (OOD)     KNN=42.0% LP=45.2%
  Layer 6:
    test_id                   (in-dist) KNN=95.3% LP=57.7%
    test_cross_device         (OOD)     KNN=19.0% LP=39.6%
    test_cross_env            (OOD)     KNN=33.8% LP=45.2%
    test_cross_user           (OOD)     KNN=41.8% LP=41.4%

Epoch 260/300 | loss=0.1162 | best=0.1162 | lr=6.48e-06
Epoch 270/300 | loss=0.1162 | best=0.1161 | lr=3.67e-06
Epoch 280/300 | loss=0.1162 | best=0.1161 | lr=1.64e-06
Epoch 290/300 | loss=0.1161 | best=0.1160 | lr=4.11e-07
Epoch 300/300 | loss=0.1161 | best=0.1160 | lr=0.00e+00

--- Eval at epoch 300 ---
  Layer 1:
    test_id                   (in-dist) KNN=93.5% LP=52.6%
    test_cross_device         (OOD)     KNN=19.2% LP=51.9%
    test_cross_env            (OOD)     KNN=30.4% LP=44.5%
    test_cross_user           (OOD)     KNN=42.6% LP=49.4%
  Layer 3:
    test_id                   (in-dist) KNN=94.5% LP=54.8%
    test_cross_device         (OOD)     KNN=22.0% LP=45.3%
    test_cross_env            (OOD)     KNN=32.6% LP=40.6%
    test_cross_user           (OOD)     KNN=42.0% LP=46.1%
  Layer 6:
    test_id                   (in-dist) KNN=95.3% LP=58.1%
    test_cross_device         (OOD)     KNN=19.6% LP=40.1%
    test_cross_env            (OOD)     KNN=33.7% LP=43.8%
    test_cross_user           (OOD)     KNN=41.8% LP=40.9%


Done. Best pretrain loss: 0.1160
Results: /home/zhuzih19/csi-project/csi-fall-detection/results/mae_har/mae_har_ep300_mask0.75_strategyrandom_ph29pw25_seed42_enc12_dim128_bs128.json
Checkpoint: /home/zhuzih19/csi-project/csi-fall-detection/checkpoints/mae_har/mae_har_ep300_mask0.75_strategyrandom_ph29pw25_seed42_enc12_dim128_bs128_best.pt
