
Experiment: mae_har_ep300_mask0.75_strategyrandom_ph11pw11_seed42_enc12_dim128_bs96
[patch-pad] patch_h=11, patch_w=11 do not evenly divide 232x500 -- zero-padding input to 242x506 (+10 subcarriers, +6 timesteps). num_patches=1012 (n_h=22, n_w=46)
[mem-check] num_patches=1012  batch_size=96  encoder_depth=12  attention-score memory: 1.47 GB/layer, 17.58 GB cumulative (all layers retained for backward)
label_map: {'jumping': 0, 'running': 1, 'seated-breathing': 2, 'walking': 3, 'wavinghand': 4}  num_classes: 5
  test_id: 4602 samples
  test_cross_device: 9631 samples
  test_cross_env: 6650 samples
  test_cross_user: 12109 samples
MAE params: 2,705,721
Epoch 010/300 | loss=0.1888 | best=0.1888 | lr=1.50e-04
Epoch 020/300 | loss=0.1448 | best=0.1448 | lr=1.48e-04
Epoch 030/300 | loss=0.1333 | best=0.1333 | lr=1.46e-04
Epoch 040/300 | loss=0.1290 | best=0.1290 | lr=1.44e-04
Epoch 050/300 | loss=0.1267 | best=0.1267 | lr=1.40e-04

--- Eval at epoch 50 ---
  Layer 1:
    test_id                   (in-dist) KNN=90.4% LP=52.0%
    test_cross_device         (OOD)     KNN=32.4% LP=50.9%
    test_cross_env            (OOD)     KNN=33.1% LP=51.0%
    test_cross_user           (OOD)     KNN=45.6% LP=50.7%
  Layer 3:
    test_id                   (in-dist) KNN=94.3% LP=53.7%
    test_cross_device         (OOD)     KNN=35.1% LP=39.4%
    test_cross_env            (OOD)     KNN=32.9% LP=43.3%
    test_cross_user           (OOD)     KNN=46.6% LP=45.4%
  Layer 6:
    test_id                   (in-dist) KNN=95.8% LP=55.3%
    test_cross_device         (OOD)     KNN=36.8% LP=43.5%
    test_cross_env            (OOD)     KNN=29.5% LP=44.2%
    test_cross_user           (OOD)     KNN=51.1% LP=47.6%

Epoch 060/300 | loss=0.1250 | best=0.1250 | lr=1.36e-04
Epoch 070/300 | loss=0.1236 | best=0.1236 | lr=1.31e-04
Epoch 080/300 | loss=0.1204 | best=0.1204 | lr=1.25e-04
Epoch 090/300 | loss=0.1183 | best=0.1183 | lr=1.19e-04
Epoch 100/300 | loss=0.1152 | best=0.1152 | lr=1.12e-04

--- Eval at epoch 100 ---
  Layer 1:
    test_id                   (in-dist) KNN=90.4% LP=52.6%
    test_cross_device         (OOD)     KNN=31.4% LP=51.0%
    test_cross_env            (OOD)     KNN=34.3% LP=51.0%
    test_cross_user           (OOD)     KNN=45.4% LP=50.6%
  Layer 3:
    test_id                   (in-dist) KNN=93.8% LP=53.9%
    test_cross_device         (OOD)     KNN=40.5% LP=37.4%
    test_cross_env            (OOD)     KNN=36.6% LP=41.5%
    test_cross_user           (OOD)     KNN=49.5% LP=42.7%
  Layer 6:
    test_id                   (in-dist) KNN=95.0% LP=56.7%
    test_cross_device         (OOD)     KNN=36.7% LP=35.9%
    test_cross_env            (OOD)     KNN=31.3% LP=36.3%
    test_cross_user           (OOD)     KNN=50.2% LP=45.1%

Epoch 110/300 | loss=0.1145 | best=0.1145 | lr=1.06e-04
Epoch 120/300 | loss=0.1141 | best=0.1140 | lr=9.82e-05
Epoch 130/300 | loss=0.1136 | best=0.1136 | lr=9.06e-05
Epoch 140/300 | loss=0.1134 | best=0.1134 | lr=8.28e-05
Epoch 150/300 | loss=0.1132 | best=0.1132 | lr=7.50e-05

--- Eval at epoch 150 ---
  Layer 1:
    test_id                   (in-dist) KNN=90.4% LP=52.7%
    test_cross_device         (OOD)     KNN=31.8% LP=51.2%
    test_cross_env            (OOD)     KNN=35.5% LP=50.8%
    test_cross_user           (OOD)     KNN=45.6% LP=51.3%
  Layer 3:
    test_id                   (in-dist) KNN=93.7% LP=54.2%
    test_cross_device         (OOD)     KNN=42.0% LP=39.0%
    test_cross_env            (OOD)     KNN=37.7% LP=42.4%
    test_cross_user           (OOD)     KNN=49.4% LP=45.2%
  Layer 6:
    test_id                   (in-dist) KNN=95.1% LP=57.7%
    test_cross_device         (OOD)     KNN=34.8% LP=34.3%
    test_cross_env            (OOD)     KNN=30.0% LP=34.4%
    test_cross_user           (OOD)     KNN=50.1% LP=45.7%

Epoch 160/300 | loss=0.1130 | best=0.1130 | lr=6.72e-05
Epoch 170/300 | loss=0.1129 | best=0.1129 | lr=5.94e-05
Epoch 180/300 | loss=0.1127 | best=0.1127 | lr=5.18e-05
Epoch 190/300 | loss=0.1127 | best=0.1126 | lr=4.45e-05
Epoch 200/300 | loss=0.1125 | best=0.1124 | lr=3.75e-05

--- Eval at epoch 200 ---
  Layer 1:
    test_id                   (in-dist) KNN=90.8% LP=52.8%
    test_cross_device         (OOD)     KNN=31.7% LP=51.3%
    test_cross_env            (OOD)     KNN=35.2% LP=51.0%
    test_cross_user           (OOD)     KNN=45.7% LP=50.9%
  Layer 3:
    test_id                   (in-dist) KNN=93.6% LP=54.3%
    test_cross_device         (OOD)     KNN=40.8% LP=39.1%
    test_cross_env            (OOD)     KNN=37.4% LP=43.1%
    test_cross_user           (OOD)     KNN=49.1% LP=44.8%
  Layer 6:
    test_id                   (in-dist) KNN=95.1% LP=58.0%
    test_cross_device         (OOD)     KNN=34.9% LP=33.7%
    test_cross_env            (OOD)     KNN=31.3% LP=36.2%
    test_cross_user           (OOD)     KNN=49.7% LP=45.0%

Epoch 210/300 | loss=0.1123 | best=0.1123 | lr=3.09e-05
Epoch 220/300 | loss=0.1123 | best=0.1123 | lr=2.48e-05
Epoch 230/300 | loss=0.1122 | best=0.1122 | lr=1.93e-05
Epoch 240/300 | loss=0.1121 | best=0.1121 | lr=1.43e-05
Epoch 250/300 | loss=0.1121 | best=0.1121 | lr=1.00e-05

--- Eval at epoch 250 ---
  Layer 1:
    test_id                   (in-dist) KNN=90.8% LP=52.7%
    test_cross_device         (OOD)     KNN=31.3% LP=51.2%
    test_cross_env            (OOD)     KNN=35.3% LP=50.6%
    test_cross_user           (OOD)     KNN=45.6% LP=50.9%
  Layer 3:
    test_id                   (in-dist) KNN=93.6% LP=54.3%
    test_cross_device         (OOD)     KNN=39.5% LP=38.6%
    test_cross_env            (OOD)     KNN=37.7% LP=40.9%
    test_cross_user           (OOD)     KNN=48.5% LP=43.4%
  Layer 6:
    test_id                   (in-dist) KNN=95.2% LP=57.7%
    test_cross_device         (OOD)     KNN=35.0% LP=31.7%
    test_cross_env            (OOD)     KNN=31.3% LP=35.7%
    test_cross_user           (OOD)     KNN=49.8% LP=44.9%

Epoch 260/300 | loss=0.1121 | best=0.1120 | lr=6.48e-06
Epoch 270/300 | loss=0.1120 | best=0.1120 | lr=3.67e-06
Epoch 280/300 | loss=0.1120 | best=0.1119 | lr=1.64e-06
Epoch 290/300 | loss=0.1120 | best=0.1119 | lr=4.11e-07
Epoch 300/300 | loss=0.1120 | best=0.1119 | lr=0.00e+00

--- Eval at epoch 300 ---
  Layer 1:
    test_id                   (in-dist) KNN=90.9% LP=52.9%
    test_cross_device         (OOD)     KNN=31.2% LP=51.2%
    test_cross_env            (OOD)     KNN=35.1% LP=51.1%
    test_cross_user           (OOD)     KNN=45.5% LP=51.0%
  Layer 3:
    test_id                   (in-dist) KNN=93.7% LP=54.6%
    test_cross_device         (OOD)     KNN=39.0% LP=39.6%
    test_cross_env            (OOD)     KNN=37.9% LP=42.9%
    test_cross_user           (OOD)     KNN=48.3% LP=44.0%
  Layer 6:
    test_id                   (in-dist) KNN=95.3% LP=57.7%
    test_cross_device         (OOD)     KNN=35.0% LP=31.2%
    test_cross_env            (OOD)     KNN=31.6% LP=33.1%
    test_cross_user           (OOD)     KNN=49.7% LP=44.5%


Done. Best pretrain loss: 0.1119
Results: /home/zhuzih19/csi-project/csi-fall-detection/results/mae_har/mae_har_ep300_mask0.75_strategyrandom_ph11pw11_seed42_enc12_dim128_bs96.json
Checkpoint: /home/zhuzih19/csi-project/csi-fall-detection/checkpoints/mae_har/mae_har_ep300_mask0.75_strategyrandom_ph11pw11_seed42_enc12_dim128_bs96_best.pt
