
Experiment: mae_har_ep300_mask0.95_strategyrandom_ph29pw25_seed42_enc6_dim128_bs128
label_map: {'jumping': 0, 'running': 1, 'seated-breathing': 2, 'walking': 3, 'wavinghand': 4}  num_classes: 5
  test_id: 4602 samples
  test_cross_device: 9631 samples
  test_cross_env: 6650 samples
  test_cross_user: 12109 samples
MAE params: 1,469,077
Epoch 010/300 | loss=0.3132 | best=0.3132 | lr=1.50e-04
Epoch 020/300 | loss=0.2068 | best=0.2068 | lr=1.48e-04
Epoch 030/300 | loss=0.1794 | best=0.1794 | lr=1.46e-04
Epoch 040/300 | loss=0.1621 | best=0.1621 | lr=1.44e-04
Epoch 050/300 | loss=0.1530 | best=0.1530 | lr=1.40e-04

--- Eval at epoch 50 ---
  Layer 1:
    test_id                   (in-dist) KNN=94.0% LP=52.8%
    test_cross_device         (OOD)     KNN=22.5% LP=50.8%
    test_cross_env            (OOD)     KNN=28.1% LP=48.9%
    test_cross_user           (OOD)     KNN=42.6% LP=50.5%
  Layer 3:
    test_id                   (in-dist) KNN=95.0% LP=54.2%
    test_cross_device         (OOD)     KNN=21.2% LP=47.4%
    test_cross_env            (OOD)     KNN=29.4% LP=46.1%
    test_cross_user           (OOD)     KNN=42.7% LP=49.9%
  Layer 6:
    test_id                   (in-dist) KNN=95.1% LP=53.6%
    test_cross_device         (OOD)     KNN=26.4% LP=47.7%
    test_cross_env            (OOD)     KNN=32.7% LP=48.7%
    test_cross_user           (OOD)     KNN=45.1% LP=48.7%

Epoch 060/300 | loss=0.1465 | best=0.1465 | lr=1.36e-04
Epoch 070/300 | loss=0.1436 | best=0.1427 | lr=1.31e-04
Epoch 080/300 | loss=0.1409 | best=0.1409 | lr=1.25e-04
Epoch 090/300 | loss=0.1393 | best=0.1390 | lr=1.19e-04
Epoch 100/300 | loss=0.1386 | best=0.1379 | lr=1.12e-04

--- Eval at epoch 100 ---
  Layer 1:
    test_id                   (in-dist) KNN=94.1% LP=53.2%
    test_cross_device         (OOD)     KNN=24.0% LP=50.7%
    test_cross_env            (OOD)     KNN=29.1% LP=49.8%
    test_cross_user           (OOD)     KNN=43.7% LP=50.5%
  Layer 3:
    test_id                   (in-dist) KNN=94.9% LP=54.7%
    test_cross_device         (OOD)     KNN=19.5% LP=41.6%
    test_cross_env            (OOD)     KNN=32.7% LP=47.3%
    test_cross_user           (OOD)     KNN=42.8% LP=49.3%
  Layer 6:
    test_id                   (in-dist) KNN=94.7% LP=55.4%
    test_cross_device         (OOD)     KNN=22.1% LP=35.9%
    test_cross_env            (OOD)     KNN=31.4% LP=44.8%
    test_cross_user           (OOD)     KNN=44.6% LP=47.2%

Epoch 110/300 | loss=0.1365 | best=0.1365 | lr=1.06e-04
Epoch 120/300 | loss=0.1362 | best=0.1360 | lr=9.82e-05
Epoch 130/300 | loss=0.1352 | best=0.1348 | lr=9.06e-05
Epoch 140/300 | loss=0.1342 | best=0.1342 | lr=8.28e-05
Epoch 150/300 | loss=0.1343 | best=0.1337 | lr=7.50e-05

--- Eval at epoch 150 ---
  Layer 1:
    test_id                   (in-dist) KNN=94.0% LP=52.8%
    test_cross_device         (OOD)     KNN=23.7% LP=49.3%
    test_cross_env            (OOD)     KNN=31.2% LP=49.5%
    test_cross_user           (OOD)     KNN=43.3% LP=50.4%
  Layer 3:
    test_id                   (in-dist) KNN=94.6% LP=55.3%
    test_cross_device         (OOD)     KNN=22.2% LP=41.0%
    test_cross_env            (OOD)     KNN=32.4% LP=42.4%
    test_cross_user           (OOD)     KNN=42.7% LP=50.1%
  Layer 6:
    test_id                   (in-dist) KNN=94.3% LP=55.2%
    test_cross_device         (OOD)     KNN=28.0% LP=29.3%
    test_cross_env            (OOD)     KNN=36.3% LP=42.4%
    test_cross_user           (OOD)     KNN=44.5% LP=42.7%

Epoch 160/300 | loss=0.1336 | best=0.1330 | lr=6.72e-05
Epoch 170/300 | loss=0.1337 | best=0.1325 | lr=5.94e-05
Epoch 180/300 | loss=0.1321 | best=0.1320 | lr=5.18e-05
Epoch 190/300 | loss=0.1325 | best=0.1314 | lr=4.45e-05
Epoch 200/300 | loss=0.1320 | best=0.1314 | lr=3.75e-05

--- Eval at epoch 200 ---
  Layer 1:
    test_id                   (in-dist) KNN=94.1% LP=52.8%
    test_cross_device         (OOD)     KNN=25.5% LP=51.5%
    test_cross_env            (OOD)     KNN=31.3% LP=48.4%
    test_cross_user           (OOD)     KNN=43.4% LP=50.4%
  Layer 3:
    test_id                   (in-dist) KNN=94.5% LP=55.6%
    test_cross_device         (OOD)     KNN=23.5% LP=36.5%
    test_cross_env            (OOD)     KNN=31.1% LP=40.3%
    test_cross_user           (OOD)     KNN=42.2% LP=48.0%
  Layer 6:
    test_id                   (in-dist) KNN=94.5% LP=56.4%
    test_cross_device         (OOD)     KNN=28.1% LP=19.2%
    test_cross_env            (OOD)     KNN=38.1% LP=37.0%
    test_cross_user           (OOD)     KNN=44.7% LP=40.5%

Epoch 210/300 | loss=0.1316 | best=0.1311 | lr=3.09e-05
Epoch 220/300 | loss=0.1312 | best=0.1308 | lr=2.48e-05
Epoch 230/300 | loss=0.1308 | best=0.1305 | lr=1.93e-05
Epoch 240/300 | loss=0.1310 | best=0.1305 | lr=1.43e-05
Epoch 250/300 | loss=0.1309 | best=0.1303 | lr=1.00e-05

--- Eval at epoch 250 ---
  Layer 1:
    test_id                   (in-dist) KNN=94.0% LP=52.7%
    test_cross_device         (OOD)     KNN=26.1% LP=51.8%
    test_cross_env            (OOD)     KNN=31.7% LP=48.3%
    test_cross_user           (OOD)     KNN=43.7% LP=50.5%
  Layer 3:
    test_id                   (in-dist) KNN=94.5% LP=56.1%
    test_cross_device         (OOD)     KNN=23.6% LP=36.0%
    test_cross_env            (OOD)     KNN=30.8% LP=38.4%
    test_cross_user           (OOD)     KNN=42.1% LP=49.2%
  Layer 6:
    test_id                   (in-dist) KNN=94.7% LP=56.3%
    test_cross_device         (OOD)     KNN=29.0% LP=17.9%
    test_cross_env            (OOD)     KNN=38.6% LP=35.7%
    test_cross_user           (OOD)     KNN=44.7% LP=38.7%

Epoch 260/300 | loss=0.1301 | best=0.1301 | lr=6.48e-06
Epoch 270/300 | loss=0.1308 | best=0.1301 | lr=3.67e-06
Epoch 280/300 | loss=0.1300 | best=0.1299 | lr=1.64e-06
Epoch 290/300 | loss=0.1302 | best=0.1299 | lr=4.11e-07
Epoch 300/300 | loss=0.1307 | best=0.1299 | lr=0.00e+00

--- Eval at epoch 300 ---
  Layer 1:
    test_id                   (in-dist) KNN=94.0% LP=52.9%
    test_cross_device         (OOD)     KNN=26.1% LP=51.8%
    test_cross_env            (OOD)     KNN=31.6% LP=47.9%
    test_cross_user           (OOD)     KNN=43.7% LP=50.6%
  Layer 3:
    test_id                   (in-dist) KNN=94.5% LP=55.9%
    test_cross_device         (OOD)     KNN=23.6% LP=37.7%
    test_cross_env            (OOD)     KNN=31.1% LP=39.2%
    test_cross_user           (OOD)     KNN=42.1% LP=49.4%
  Layer 6:
    test_id                   (in-dist) KNN=94.8% LP=56.9%
    test_cross_device         (OOD)     KNN=29.0% LP=15.8%
    test_cross_env            (OOD)     KNN=39.0% LP=36.1%
    test_cross_user           (OOD)     KNN=44.8% LP=38.8%


Done. Best pretrain loss: 0.1299
Results: /home/zhuzih19/csi-project/csi-fall-detection/results/mae_har/mae_har_ep300_mask0.95_strategyrandom_ph29pw25_seed42_enc6_dim128_bs128.json
Checkpoint: /home/zhuzih19/csi-project/csi-fall-detection/checkpoints/mae_har/mae_har_ep300_mask0.95_strategyrandom_ph29pw25_seed42_enc6_dim128_bs128_best.pt
