
Experiment: mae_har_ep300_mask0.95_strategyrandom_ph29pw25_seed42_enc12_dim128_bs128
label_map: {'jumping': 0, 'running': 1, 'seated-breathing': 2, 'walking': 3, 'wavinghand': 4}  num_classes: 5
  test_id: 4602 samples
  test_cross_device: 9631 samples
  test_cross_env: 6650 samples
  test_cross_user: 12109 samples
MAE params: 2,658,709
Epoch 010/300 | loss=0.3227 | best=0.3227 | lr=1.50e-04
Epoch 020/300 | loss=0.2321 | best=0.2321 | lr=1.48e-04
Epoch 030/300 | loss=0.1806 | best=0.1806 | lr=1.46e-04
Epoch 040/300 | loss=0.1660 | best=0.1660 | lr=1.44e-04
Epoch 050/300 | loss=0.1524 | best=0.1524 | lr=1.40e-04

--- Eval at epoch 50 ---
  Layer 1:
    test_id                   (in-dist) KNN=93.4% LP=51.8%
    test_cross_device         (OOD)     KNN=24.0% LP=51.5%
    test_cross_env            (OOD)     KNN=35.5% LP=46.2%
    test_cross_user           (OOD)     KNN=46.0% LP=50.3%
  Layer 3:
    test_id                   (in-dist) KNN=94.4% LP=52.2%
    test_cross_device         (OOD)     KNN=22.2% LP=42.6%
    test_cross_env            (OOD)     KNN=34.6% LP=47.7%
    test_cross_user           (OOD)     KNN=44.1% LP=47.4%
  Layer 6:
    test_id                   (in-dist) KNN=94.7% LP=54.3%
    test_cross_device         (OOD)     KNN=26.9% LP=38.1%
    test_cross_env            (OOD)     KNN=33.0% LP=37.7%
    test_cross_user           (OOD)     KNN=44.6% LP=47.0%
  Layer 9:
    test_id                   (in-dist) KNN=94.9% LP=55.0%
    test_cross_device         (OOD)     KNN=23.4% LP=37.1%
    test_cross_env            (OOD)     KNN=41.2% LP=44.0%
    test_cross_user           (OOD)     KNN=41.7% LP=46.7%
  Layer 12:
    test_id                   (in-dist) KNN=93.8% LP=53.5%
    test_cross_device         (OOD)     KNN=27.2% LP=48.7%
    test_cross_env            (OOD)     KNN=41.2% LP=48.9%
    test_cross_user           (OOD)     KNN=41.5% LP=49.1%

Epoch 060/300 | loss=0.1446 | best=0.1446 | lr=1.36e-04
Epoch 070/300 | loss=0.1450 | best=0.1418 | lr=1.31e-04
Epoch 080/300 | loss=0.1407 | best=0.1399 | lr=1.25e-04
Epoch 090/300 | loss=0.1393 | best=0.1385 | lr=1.19e-04
Epoch 100/300 | loss=0.1375 | best=0.1371 | lr=1.12e-04

--- Eval at epoch 100 ---
  Layer 1:
    test_id                   (in-dist) KNN=93.7% LP=52.0%
    test_cross_device         (OOD)     KNN=26.3% LP=50.1%
    test_cross_env            (OOD)     KNN=37.0% LP=45.8%
    test_cross_user           (OOD)     KNN=45.2% LP=50.0%
  Layer 3:
    test_id                   (in-dist) KNN=94.5% LP=53.0%
    test_cross_device         (OOD)     KNN=20.2% LP=43.3%
    test_cross_env            (OOD)     KNN=35.3% LP=40.0%
    test_cross_user           (OOD)     KNN=42.2% LP=51.1%
  Layer 6:
    test_id                   (in-dist) KNN=95.0% LP=55.7%
    test_cross_device         (OOD)     KNN=20.6% LP=34.9%
    test_cross_env            (OOD)     KNN=32.9% LP=39.6%
    test_cross_user           (OOD)     KNN=42.1% LP=51.8%
  Layer 9:
    test_id                   (in-dist) KNN=94.8% LP=56.9%
    test_cross_device         (OOD)     KNN=25.9% LP=38.9%
    test_cross_env            (OOD)     KNN=39.4% LP=42.5%
    test_cross_user           (OOD)     KNN=41.3% LP=48.6%
  Layer 12:
    test_id                   (in-dist) KNN=93.9% LP=55.5%
    test_cross_device         (OOD)     KNN=30.9% LP=40.7%
    test_cross_env            (OOD)     KNN=38.2% LP=45.9%
    test_cross_user           (OOD)     KNN=43.9% LP=48.4%

Epoch 110/300 | loss=0.1359 | best=0.1358 | lr=1.06e-04
Epoch 120/300 | loss=0.1354 | best=0.1350 | lr=9.82e-05
Epoch 130/300 | loss=0.1347 | best=0.1342 | lr=9.06e-05
Epoch 140/300 | loss=0.1335 | best=0.1335 | lr=8.28e-05
Epoch 150/300 | loss=0.1333 | best=0.1332 | lr=7.50e-05

--- Eval at epoch 150 ---
  Layer 1:
    test_id                   (in-dist) KNN=93.7% LP=52.1%
    test_cross_device         (OOD)     KNN=30.3% LP=48.8%
    test_cross_env            (OOD)     KNN=39.2% LP=43.3%
    test_cross_user           (OOD)     KNN=45.5% LP=50.3%
  Layer 3:
    test_id                   (in-dist) KNN=94.6% LP=53.4%
    test_cross_device         (OOD)     KNN=23.4% LP=42.3%
    test_cross_env            (OOD)     KNN=35.0% LP=37.6%
    test_cross_user           (OOD)     KNN=42.1% LP=49.5%
  Layer 6:
    test_id                   (in-dist) KNN=95.1% LP=55.1%
    test_cross_device         (OOD)     KNN=25.0% LP=38.2%
    test_cross_env            (OOD)     KNN=34.3% LP=37.1%
    test_cross_user           (OOD)     KNN=43.6% LP=43.9%
  Layer 9:
    test_id                   (in-dist) KNN=94.6% LP=57.3%
    test_cross_device         (OOD)     KNN=25.6% LP=32.9%
    test_cross_env            (OOD)     KNN=39.7% LP=46.0%
    test_cross_user           (OOD)     KNN=42.8% LP=43.9%
  Layer 12:
    test_id                   (in-dist) KNN=93.8% LP=56.3%
    test_cross_device         (OOD)     KNN=26.6% LP=41.1%
    test_cross_env            (OOD)     KNN=37.9% LP=36.5%
    test_cross_user           (OOD)     KNN=41.9% LP=46.4%

Epoch 160/300 | loss=0.1325 | best=0.1325 | lr=6.72e-05
Epoch 170/300 | loss=0.1320 | best=0.1319 | lr=5.94e-05
Epoch 180/300 | loss=0.1319 | best=0.1315 | lr=5.18e-05
Epoch 190/300 | loss=0.1318 | best=0.1313 | lr=4.45e-05
Epoch 200/300 | loss=0.1312 | best=0.1312 | lr=3.75e-05

--- Eval at epoch 200 ---
  Layer 1:
    test_id                   (in-dist) KNN=93.9% LP=52.2%
    test_cross_device         (OOD)     KNN=29.2% LP=48.8%
    test_cross_env            (OOD)     KNN=39.6% LP=42.4%
    test_cross_user           (OOD)     KNN=45.7% LP=50.3%
  Layer 3:
    test_id                   (in-dist) KNN=94.7% LP=54.4%
    test_cross_device         (OOD)     KNN=28.3% LP=43.7%
    test_cross_env            (OOD)     KNN=35.1% LP=34.0%
    test_cross_user           (OOD)     KNN=42.9% LP=50.0%
  Layer 6:
    test_id                   (in-dist) KNN=95.2% LP=55.9%
    test_cross_device         (OOD)     KNN=26.7% LP=34.6%
    test_cross_env            (OOD)     KNN=34.3% LP=31.2%
    test_cross_user           (OOD)     KNN=44.3% LP=47.3%
  Layer 9:
    test_id                   (in-dist) KNN=94.5% LP=58.9%
    test_cross_device         (OOD)     KNN=26.0% LP=27.3%
    test_cross_env            (OOD)     KNN=40.8% LP=38.2%
    test_cross_user           (OOD)     KNN=41.9% LP=42.0%
  Layer 12:
    test_id                   (in-dist) KNN=94.2% LP=56.5%
    test_cross_device         (OOD)     KNN=26.3% LP=34.6%
    test_cross_env            (OOD)     KNN=36.9% LP=33.0%
    test_cross_user           (OOD)     KNN=40.9% LP=43.9%

Epoch 210/300 | loss=0.1310 | best=0.1308 | lr=3.09e-05
Epoch 220/300 | loss=0.1310 | best=0.1304 | lr=2.48e-05
Epoch 230/300 | loss=0.1302 | best=0.1298 | lr=1.93e-05
Epoch 240/300 | loss=0.1302 | best=0.1298 | lr=1.43e-05
Epoch 250/300 | loss=0.1302 | best=0.1292 | lr=1.00e-05

--- Eval at epoch 250 ---
  Layer 1:
    test_id                   (in-dist) KNN=93.9% LP=52.4%
    test_cross_device         (OOD)     KNN=28.1% LP=49.4%
    test_cross_env            (OOD)     KNN=39.7% LP=42.1%
    test_cross_user           (OOD)     KNN=45.4% LP=50.2%
  Layer 3:
    test_id                   (in-dist) KNN=94.6% LP=54.9%
    test_cross_device         (OOD)     KNN=29.4% LP=42.7%
    test_cross_env            (OOD)     KNN=34.5% LP=35.4%
    test_cross_user           (OOD)     KNN=43.5% LP=50.1%
  Layer 6:
    test_id                   (in-dist) KNN=95.0% LP=56.1%
    test_cross_device         (OOD)     KNN=27.0% LP=32.1%
    test_cross_env            (OOD)     KNN=35.1% LP=30.9%
    test_cross_user           (OOD)     KNN=44.1% LP=47.4%
  Layer 9:
    test_id                   (in-dist) KNN=94.5% LP=59.3%
    test_cross_device         (OOD)     KNN=25.2% LP=33.5%
    test_cross_env            (OOD)     KNN=42.6% LP=37.1%
    test_cross_user           (OOD)     KNN=42.0% LP=44.1%
  Layer 12:
    test_id                   (in-dist) KNN=94.2% LP=56.9%
    test_cross_device         (OOD)     KNN=26.5% LP=40.9%
    test_cross_env            (OOD)     KNN=37.6% LP=35.3%
    test_cross_user           (OOD)     KNN=42.0% LP=46.9%

Epoch 260/300 | loss=0.1294 | best=0.1291 | lr=6.48e-06
Epoch 270/300 | loss=0.1297 | best=0.1291 | lr=3.67e-06
Epoch 280/300 | loss=0.1291 | best=0.1291 | lr=1.64e-06
Epoch 290/300 | loss=0.1293 | best=0.1291 | lr=4.11e-07
Epoch 300/300 | loss=0.1295 | best=0.1290 | lr=0.00e+00

--- Eval at epoch 300 ---
  Layer 1:
    test_id                   (in-dist) KNN=93.9% LP=52.3%
    test_cross_device         (OOD)     KNN=28.3% LP=50.8%
    test_cross_env            (OOD)     KNN=39.8% LP=42.0%
    test_cross_user           (OOD)     KNN=45.6% LP=50.4%
  Layer 3:
    test_id                   (in-dist) KNN=94.5% LP=54.7%
    test_cross_device         (OOD)     KNN=29.9% LP=44.3%
    test_cross_env            (OOD)     KNN=34.6% LP=36.7%
    test_cross_user           (OOD)     KNN=43.6% LP=50.2%
  Layer 6:
    test_id                   (in-dist) KNN=95.0% LP=56.2%
    test_cross_device         (OOD)     KNN=27.4% LP=29.8%
    test_cross_env            (OOD)     KNN=35.6% LP=29.3%
    test_cross_user           (OOD)     KNN=44.3% LP=47.9%
  Layer 9:
    test_id                   (in-dist) KNN=94.6% LP=59.5%
    test_cross_device         (OOD)     KNN=25.0% LP=30.1%
    test_cross_env            (OOD)     KNN=42.8% LP=38.2%
    test_cross_user           (OOD)     KNN=41.9% LP=44.2%
  Layer 12:
    test_id                   (in-dist) KNN=94.2% LP=56.9%
    test_cross_device         (OOD)     KNN=27.3% LP=39.5%
    test_cross_env            (OOD)     KNN=37.8% LP=35.1%
    test_cross_user           (OOD)     KNN=42.0% LP=46.6%


Done. Best pretrain loss: 0.1290
Results: /home/zhuzih19/csi-project/csi-fall-detection/results/mae_har/mae_har_ep300_mask0.95_strategyrandom_ph29pw25_seed42_enc12_dim128_bs128.json
Checkpoint: /home/zhuzih19/csi-project/csi-fall-detection/checkpoints/mae_har/mae_har_ep300_mask0.95_strategyrandom_ph29pw25_seed42_enc12_dim128_bs128_best.pt
