nohup: ignoring input

Experiment: mae_har_ep300_mask0.5_strategyrandom_enc6_dim128_bs128
label_map: {'jumping': 0, 'running': 1, 'seated-breathing': 2, 'walking': 3, 'wavinghand': 4}  num_classes: 5
  test_id: 4602 samples
  test_cross_device: 9631 samples
  test_cross_env: 6650 samples
  test_cross_user: 12109 samples
MAE params: 1,469,077
Epoch 010/300 | loss=0.2021 | best=0.2021 | lr=1.50e-04
Epoch 020/300 | loss=0.1479 | best=0.1479 | lr=1.48e-04
Epoch 030/300 | loss=0.1303 | best=0.1303 | lr=1.46e-04
Epoch 040/300 | loss=0.1254 | best=0.1254 | lr=1.44e-04
Epoch 050/300 | loss=0.1225 | best=0.1225 | lr=1.40e-04

--- Eval at epoch 50 ---
  Layer 1:
    test_id                   (in-dist) KNN=93.0% LP=52.3%
    test_cross_device         (OOD)     KNN=24.9% LP=51.0%
    test_cross_env            (OOD)     KNN=32.9% LP=46.9%
    test_cross_user           (OOD)     KNN=43.8% LP=51.7%
  Layer 3:
    test_id                   (in-dist) KNN=94.7% LP=54.1%
    test_cross_device         (OOD)     KNN=27.4% LP=47.1%
    test_cross_env            (OOD)     KNN=36.9% LP=43.0%
    test_cross_user           (OOD)     KNN=44.1% LP=51.0%
  Layer 6:
    test_id                   (in-dist) KNN=95.0% LP=55.1%
    test_cross_device         (OOD)     KNN=26.3% LP=46.9%
    test_cross_env            (OOD)     KNN=32.5% LP=46.5%
    test_cross_user           (OOD)     KNN=44.4% LP=50.9%

Epoch 060/300 | loss=0.1211 | best=0.1211 | lr=1.36e-04
Epoch 070/300 | loss=0.1199 | best=0.1199 | lr=1.31e-04
Epoch 080/300 | loss=0.1188 | best=0.1188 | lr=1.25e-04
Epoch 090/300 | loss=0.1184 | best=0.1184 | lr=1.19e-04
Epoch 100/300 | loss=0.1179 | best=0.1179 | lr=1.12e-04

--- Eval at epoch 100 ---
  Layer 1:
    test_id                   (in-dist) KNN=93.3% LP=52.6%
    test_cross_device         (OOD)     KNN=25.7% LP=51.4%
    test_cross_env            (OOD)     KNN=31.8% LP=47.8%
    test_cross_user           (OOD)     KNN=43.7% LP=50.6%
  Layer 3:
    test_id                   (in-dist) KNN=95.0% LP=54.5%
    test_cross_device         (OOD)     KNN=24.9% LP=45.9%
    test_cross_env            (OOD)     KNN=33.4% LP=43.8%
    test_cross_user           (OOD)     KNN=43.6% LP=50.9%
  Layer 6:
    test_id                   (in-dist) KNN=95.3% LP=56.1%
    test_cross_device         (OOD)     KNN=26.9% LP=45.9%
    test_cross_env            (OOD)     KNN=31.7% LP=49.2%
    test_cross_user           (OOD)     KNN=46.2% LP=50.2%

Epoch 110/300 | loss=0.1177 | best=0.1177 | lr=1.06e-04
Epoch 120/300 | loss=0.1174 | best=0.1174 | lr=9.82e-05
Epoch 130/300 | loss=0.1172 | best=0.1171 | lr=9.06e-05
Epoch 140/300 | loss=0.1171 | best=0.1168 | lr=8.28e-05
Epoch 150/300 | loss=0.1169 | best=0.1167 | lr=7.50e-05

--- Eval at epoch 150 ---
  Layer 1:
    test_id                   (in-dist) KNN=93.5% LP=52.7%
    test_cross_device         (OOD)     KNN=25.2% LP=51.6%
    test_cross_env            (OOD)     KNN=32.2% LP=48.0%
    test_cross_user           (OOD)     KNN=44.0% LP=50.6%
  Layer 3:
    test_id                   (in-dist) KNN=95.0% LP=54.8%
    test_cross_device         (OOD)     KNN=22.9% LP=46.5%
    test_cross_env            (OOD)     KNN=33.5% LP=46.9%
    test_cross_user           (OOD)     KNN=43.5% LP=50.6%
  Layer 6:
    test_id                   (in-dist) KNN=95.4% LP=56.7%
    test_cross_device         (OOD)     KNN=24.6% LP=47.2%
    test_cross_env            (OOD)     KNN=29.2% LP=47.5%
    test_cross_user           (OOD)     KNN=45.8% LP=50.6%

Epoch 160/300 | loss=0.1166 | best=0.1166 | lr=6.72e-05
Epoch 170/300 | loss=0.1166 | best=0.1165 | lr=5.94e-05
Epoch 180/300 | loss=0.1163 | best=0.1163 | lr=5.18e-05
Epoch 190/300 | loss=0.1163 | best=0.1163 | lr=4.45e-05
Epoch 200/300 | loss=0.1162 | best=0.1161 | lr=3.75e-05

--- Eval at epoch 200 ---
  Layer 1:
    test_id                   (in-dist) KNN=93.7% LP=52.7%
    test_cross_device         (OOD)     KNN=25.3% LP=50.7%
    test_cross_env            (OOD)     KNN=32.5% LP=47.4%
    test_cross_user           (OOD)     KNN=44.1% LP=50.5%
  Layer 3:
    test_id                   (in-dist) KNN=95.3% LP=54.7%
    test_cross_device         (OOD)     KNN=20.7% LP=47.1%
    test_cross_env            (OOD)     KNN=33.5% LP=46.6%
    test_cross_user           (OOD)     KNN=43.6% LP=51.2%
  Layer 6:
    test_id                   (in-dist) KNN=95.4% LP=56.8%
    test_cross_device         (OOD)     KNN=23.7% LP=47.6%
    test_cross_env            (OOD)     KNN=29.2% LP=48.4%
    test_cross_user           (OOD)     KNN=45.5% LP=50.9%

Epoch 210/300 | loss=0.1162 | best=0.1161 | lr=3.09e-05
Epoch 220/300 | loss=0.1161 | best=0.1159 | lr=2.48e-05
Epoch 230/300 | loss=0.1159 | best=0.1159 | lr=1.93e-05
Epoch 240/300 | loss=0.1159 | best=0.1157 | lr=1.43e-05
Epoch 250/300 | loss=0.1159 | best=0.1157 | lr=1.00e-05

--- Eval at epoch 250 ---
  Layer 1:
    test_id                   (in-dist) KNN=93.7% LP=52.9%
    test_cross_device         (OOD)     KNN=25.0% LP=50.2%
    test_cross_env            (OOD)     KNN=32.2% LP=47.8%
    test_cross_user           (OOD)     KNN=43.9% LP=50.6%
  Layer 3:
    test_id                   (in-dist) KNN=95.3% LP=54.6%
    test_cross_device         (OOD)     KNN=20.2% LP=47.3%
    test_cross_env            (OOD)     KNN=33.9% LP=46.9%
    test_cross_user           (OOD)     KNN=43.9% LP=50.9%
  Layer 6:
    test_id                   (in-dist) KNN=95.4% LP=57.0%
    test_cross_device         (OOD)     KNN=23.8% LP=48.9%
    test_cross_env            (OOD)     KNN=28.2% LP=47.8%
    test_cross_user           (OOD)     KNN=45.3% LP=51.0%

Epoch 260/300 | loss=0.1157 | best=0.1156 | lr=6.48e-06
Epoch 270/300 | loss=0.1157 | best=0.1156 | lr=3.67e-06
Epoch 280/300 | loss=0.1156 | best=0.1155 | lr=1.64e-06
Epoch 290/300 | loss=0.1158 | best=0.1155 | lr=4.11e-07
Epoch 300/300 | loss=0.1157 | best=0.1155 | lr=0.00e+00

--- Eval at epoch 300 ---
  Layer 1:
    test_id                   (in-dist) KNN=93.7% LP=52.9%
    test_cross_device         (OOD)     KNN=25.2% LP=51.4%
    test_cross_env            (OOD)     KNN=32.2% LP=47.8%
    test_cross_user           (OOD)     KNN=44.0% LP=50.4%
  Layer 3:
    test_id                   (in-dist) KNN=95.3% LP=54.7%
    test_cross_device         (OOD)     KNN=20.5% LP=47.8%
    test_cross_env            (OOD)     KNN=34.3% LP=46.7%
    test_cross_user           (OOD)     KNN=43.9% LP=50.8%
  Layer 6:
    test_id                   (in-dist) KNN=95.5% LP=57.0%
    test_cross_device         (OOD)     KNN=24.3% LP=48.3%
    test_cross_env            (OOD)     KNN=28.4% LP=48.2%
    test_cross_user           (OOD)     KNN=45.7% LP=51.1%


Done. Best pretrain loss: 0.1155
Results: /home/zhuzih19/csi-project/csi-fall-detection/results/mae_har/mae_har_ep300_mask0.5_strategyrandom_enc6_dim128_bs128.json
Checkpoint: /home/zhuzih19/csi-project/csi-fall-detection/checkpoints/mae_har/mae_har_ep300_mask0.5_strategyrandom_enc6_dim128_bs128_best.pt
