nohup: ignoring input

Experiment: mae_har_ep300_mask0.75_strategymixed_enc6_dim128_bs128
label_map: {'jumping': 0, 'running': 1, 'seated-breathing': 2, 'walking': 3, 'wavinghand': 4}  num_classes: 5
  test_id: 4602 samples
  test_cross_device: 9631 samples
  test_cross_env: 6650 samples
  test_cross_user: 12109 samples
MAE params: 1,469,077
Epoch 010/300 | loss=0.2987 | best=0.2987 | lr=1.50e-04
Epoch 020/300 | loss=0.2239 | best=0.2239 | lr=1.48e-04
Epoch 030/300 | loss=0.2089 | best=0.2089 | lr=1.46e-04
Epoch 040/300 | loss=0.1990 | best=0.1990 | lr=1.44e-04
Epoch 050/300 | loss=0.1941 | best=0.1928 | lr=1.40e-04
Epoch 060/300 | loss=0.1898 | best=0.1890 | lr=1.36e-04
Epoch 070/300 | loss=0.1878 | best=0.1871 | lr=1.31e-04
Epoch 080/300 | loss=0.1859 | best=0.1854 | lr=1.25e-04
Epoch 090/300 | loss=0.1832 | best=0.1832 | lr=1.19e-04
Epoch 100/300 | loss=0.1839 | best=0.1832 | lr=1.12e-04

--- Eval at epoch 100 ---
  Layer 1:
    test_id                   (in-dist) KNN=93.0% LP=51.6%
    test_cross_device         (OOD)     KNN=29.2% LP=51.5%
    test_cross_env            (OOD)     KNN=33.3% LP=48.9%
    test_cross_user           (OOD)     KNN=48.9% LP=47.6%
  Layer 3:
    test_id                   (in-dist) KNN=94.7% LP=54.2%
    test_cross_device         (OOD)     KNN=34.9% LP=43.3%
    test_cross_env            (OOD)     KNN=39.4% LP=42.1%
    test_cross_user           (OOD)     KNN=48.7% LP=49.7%
  Layer 6:
    test_id                   (in-dist) KNN=94.6% LP=55.6%
    test_cross_device         (OOD)     KNN=22.7% LP=32.5%
    test_cross_env            (OOD)     KNN=40.0% LP=45.5%
    test_cross_user           (OOD)     KNN=43.4% LP=43.8%

Epoch 110/300 | loss=0.1827 | best=0.1819 | lr=1.06e-04
Epoch 120/300 | loss=0.1828 | best=0.1814 | lr=9.82e-05
Epoch 130/300 | loss=0.1819 | best=0.1806 | lr=9.06e-05
Epoch 140/300 | loss=0.1811 | best=0.1802 | lr=8.28e-05
Epoch 150/300 | loss=0.1798 | best=0.1787 | lr=7.50e-05
Epoch 160/300 | loss=0.1796 | best=0.1787 | lr=6.72e-05
Epoch 170/300 | loss=0.1793 | best=0.1787 | lr=5.94e-05
Epoch 180/300 | loss=0.1806 | best=0.1787 | lr=5.18e-05
Epoch 190/300 | loss=0.1786 | best=0.1781 | lr=4.45e-05
Epoch 200/300 | loss=0.1789 | best=0.1778 | lr=3.75e-05

--- Eval at epoch 200 ---
  Layer 1:
    test_id                   (in-dist) KNN=92.9% LP=51.9%
    test_cross_device         (OOD)     KNN=26.7% LP=51.6%
    test_cross_env            (OOD)     KNN=33.4% LP=48.5%
    test_cross_user           (OOD)     KNN=47.5% LP=48.8%
  Layer 3:
    test_id                   (in-dist) KNN=95.0% LP=53.8%
    test_cross_device         (OOD)     KNN=30.4% LP=43.2%
    test_cross_env            (OOD)     KNN=38.3% LP=43.1%
    test_cross_user           (OOD)     KNN=45.5% LP=47.7%
  Layer 6:
    test_id                   (in-dist) KNN=94.8% LP=56.6%
    test_cross_device         (OOD)     KNN=27.4% LP=38.0%
    test_cross_env            (OOD)     KNN=39.0% LP=37.0%
    test_cross_user           (OOD)     KNN=44.9% LP=45.0%

Epoch 210/300 | loss=0.1777 | best=0.1775 | lr=3.09e-05
Epoch 220/300 | loss=0.1786 | best=0.1775 | lr=2.48e-05
Epoch 230/300 | loss=0.1781 | best=0.1768 | lr=1.93e-05
Epoch 240/300 | loss=0.1790 | best=0.1765 | lr=1.43e-05
