
Experiment: mae_har_ep300_mask0.75_strategytime_ph29pw25_seed42_enc6_dim128_bs128
label_map: {'jumping': 0, 'running': 1, 'seated-breathing': 2, 'walking': 3, 'wavinghand': 4}  num_classes: 5
  test_id: 4602 samples
  test_cross_device: 9631 samples
  test_cross_env: 6650 samples
  test_cross_user: 12109 samples
MAE params: 1,469,077
Epoch 010/300 | loss=0.2124 | best=0.2124 | lr=1.50e-04
Epoch 020/300 | loss=0.1527 | best=0.1527 | lr=1.48e-04
Epoch 030/300 | loss=0.1344 | best=0.1344 | lr=1.46e-04
Epoch 040/300 | loss=0.1286 | best=0.1286 | lr=1.44e-04
Epoch 050/300 | loss=0.1255 | best=0.1255 | lr=1.40e-04

--- Eval at epoch 50 ---
  Layer 1:
    test_id                   (in-dist) KNN=93.7% LP=52.3%
    test_cross_device         (OOD)     KNN=27.3% LP=47.5%
    test_cross_env            (OOD)     KNN=34.0% LP=46.2%
    test_cross_user           (OOD)     KNN=45.2% LP=50.7%
  Layer 3:
    test_id                   (in-dist) KNN=95.0% LP=53.2%
    test_cross_device         (OOD)     KNN=30.5% LP=46.7%
    test_cross_env            (OOD)     KNN=36.7% LP=46.3%
    test_cross_user           (OOD)     KNN=44.8% LP=51.2%
  Layer 6:
    test_id                   (in-dist) KNN=95.4% LP=55.0%
    test_cross_device         (OOD)     KNN=24.8% LP=49.7%
    test_cross_env            (OOD)     KNN=36.6% LP=45.8%
    test_cross_user           (OOD)     KNN=42.6% LP=51.5%

Epoch 060/300 | loss=0.1239 | best=0.1239 | lr=1.36e-04
Epoch 070/300 | loss=0.1222 | best=0.1222 | lr=1.31e-04
Epoch 080/300 | loss=0.1215 | best=0.1213 | lr=1.25e-04
Epoch 090/300 | loss=0.1203 | best=0.1203 | lr=1.19e-04
Epoch 100/300 | loss=0.1197 | best=0.1197 | lr=1.12e-04

--- Eval at epoch 100 ---
  Layer 1:
    test_id                   (in-dist) KNN=93.7% LP=52.5%
    test_cross_device         (OOD)     KNN=23.7% LP=46.9%
    test_cross_env            (OOD)     KNN=34.2% LP=46.5%
    test_cross_user           (OOD)     KNN=44.3% LP=47.9%
  Layer 3:
    test_id                   (in-dist) KNN=94.9% LP=55.6%
    test_cross_device         (OOD)     KNN=21.8% LP=46.2%
    test_cross_env            (OOD)     KNN=33.4% LP=42.4%
    test_cross_user           (OOD)     KNN=41.2% LP=51.8%
  Layer 6:
    test_id                   (in-dist) KNN=95.0% LP=54.9%
    test_cross_device         (OOD)     KNN=24.7% LP=44.8%
    test_cross_env            (OOD)     KNN=39.2% LP=45.8%
    test_cross_user           (OOD)     KNN=42.4% LP=50.1%

Epoch 110/300 | loss=0.1191 | best=0.1191 | lr=1.06e-04
Epoch 120/300 | loss=0.1185 | best=0.1185 | lr=9.82e-05
Epoch 130/300 | loss=0.1181 | best=0.1181 | lr=9.06e-05
Epoch 140/300 | loss=0.1178 | best=0.1177 | lr=8.28e-05
Epoch 150/300 | loss=0.1175 | best=0.1175 | lr=7.50e-05

--- Eval at epoch 150 ---
  Layer 1:
    test_id                   (in-dist) KNN=94.0% LP=52.6%
    test_cross_device         (OOD)     KNN=26.4% LP=45.8%
    test_cross_env            (OOD)     KNN=33.4% LP=46.0%
    test_cross_user           (OOD)     KNN=44.1% LP=47.9%
  Layer 3:
    test_id                   (in-dist) KNN=94.8% LP=56.9%
    test_cross_device         (OOD)     KNN=19.0% LP=44.5%
    test_cross_env            (OOD)     KNN=32.5% LP=39.6%
    test_cross_user           (OOD)     KNN=41.3% LP=50.1%
  Layer 6:
    test_id                   (in-dist) KNN=95.1% LP=57.2%
    test_cross_device         (OOD)     KNN=26.1% LP=41.9%
    test_cross_env            (OOD)     KNN=38.2% LP=45.1%
    test_cross_user           (OOD)     KNN=43.3% LP=48.6%

Epoch 160/300 | loss=0.1173 | best=0.1172 | lr=6.72e-05
Epoch 170/300 | loss=0.1170 | best=0.1170 | lr=5.94e-05
Epoch 180/300 | loss=0.1168 | best=0.1168 | lr=5.18e-05
Epoch 190/300 | loss=0.1166 | best=0.1166 | lr=4.45e-05
Epoch 200/300 | loss=0.1165 | best=0.1164 | lr=3.75e-05

--- Eval at epoch 200 ---
  Layer 1:
    test_id                   (in-dist) KNN=94.0% LP=52.8%
    test_cross_device         (OOD)     KNN=27.5% LP=45.9%
    test_cross_env            (OOD)     KNN=34.1% LP=45.2%
    test_cross_user           (OOD)     KNN=43.9% LP=48.4%
  Layer 3:
    test_id                   (in-dist) KNN=94.7% LP=57.3%
    test_cross_device         (OOD)     KNN=18.8% LP=43.5%
    test_cross_env            (OOD)     KNN=33.1% LP=39.9%
    test_cross_user           (OOD)     KNN=41.5% LP=51.0%
  Layer 6:
    test_id                   (in-dist) KNN=95.3% LP=58.1%
    test_cross_device         (OOD)     KNN=25.8% LP=41.4%
    test_cross_env            (OOD)     KNN=38.5% LP=44.2%
    test_cross_user           (OOD)     KNN=43.6% LP=48.3%

Epoch 210/300 | loss=0.1163 | best=0.1163 | lr=3.09e-05
Epoch 220/300 | loss=0.1162 | best=0.1162 | lr=2.48e-05
Epoch 230/300 | loss=0.1160 | best=0.1160 | lr=1.93e-05
Epoch 240/300 | loss=0.1160 | best=0.1159 | lr=1.43e-05
Epoch 250/300 | loss=0.1159 | best=0.1158 | lr=1.00e-05

--- Eval at epoch 250 ---
  Layer 1:
    test_id                   (in-dist) KNN=93.9% LP=53.1%
    test_cross_device         (OOD)     KNN=28.4% LP=44.7%
    test_cross_env            (OOD)     KNN=33.7% LP=44.9%
    test_cross_user           (OOD)     KNN=44.0% LP=48.9%
  Layer 3:
    test_id                   (in-dist) KNN=94.9% LP=57.3%
    test_cross_device         (OOD)     KNN=19.3% LP=45.3%
    test_cross_env            (OOD)     KNN=33.3% LP=40.3%
    test_cross_user           (OOD)     KNN=41.5% LP=50.7%
  Layer 6:
    test_id                   (in-dist) KNN=95.5% LP=58.5%
    test_cross_device         (OOD)     KNN=23.0% LP=41.7%
    test_cross_env            (OOD)     KNN=37.7% LP=42.8%
    test_cross_user           (OOD)     KNN=43.9% LP=48.4%

Epoch 260/300 | loss=0.1159 | best=0.1158 | lr=6.48e-06
Epoch 270/300 | loss=0.1157 | best=0.1157 | lr=3.67e-06
Epoch 280/300 | loss=0.1158 | best=0.1157 | lr=1.64e-06
Epoch 290/300 | loss=0.1158 | best=0.1157 | lr=4.11e-07
Epoch 300/300 | loss=0.1157 | best=0.1157 | lr=0.00e+00

--- Eval at epoch 300 ---
  Layer 1:
    test_id                   (in-dist) KNN=93.9% LP=53.0%
    test_cross_device         (OOD)     KNN=28.6% LP=44.3%
    test_cross_env            (OOD)     KNN=33.6% LP=45.6%
    test_cross_user           (OOD)     KNN=43.9% LP=49.2%
  Layer 3:
    test_id                   (in-dist) KNN=94.8% LP=57.6%
    test_cross_device         (OOD)     KNN=19.4% LP=44.8%
    test_cross_env            (OOD)     KNN=33.5% LP=39.5%
    test_cross_user           (OOD)     KNN=41.6% LP=50.8%
  Layer 6:
    test_id                   (in-dist) KNN=95.6% LP=58.4%
    test_cross_device         (OOD)     KNN=22.8% LP=41.3%
    test_cross_env            (OOD)     KNN=37.6% LP=42.1%
    test_cross_user           (OOD)     KNN=44.0% LP=48.1%


Done. Best pretrain loss: 0.1157
Results: /home/zhuzih19/csi-project/csi-fall-detection/results/mae_har/mae_har_ep300_mask0.75_strategytime_ph29pw25_seed42_enc6_dim128_bs128.json
Checkpoint: /home/zhuzih19/csi-project/csi-fall-detection/checkpoints/mae_har/mae_har_ep300_mask0.75_strategytime_ph29pw25_seed42_enc6_dim128_bs128_best.pt
