
Experiment: mae_har_ep300_mask0.75_strategyrandom_ph29pw25_seed43_enc6_dim128_bs128
label_map: {'jumping': 0, 'running': 1, 'seated-breathing': 2, 'walking': 3, 'wavinghand': 4}  num_classes: 5
  test_id: 4602 samples
  test_cross_device: 9631 samples
  test_cross_env: 6650 samples
  test_cross_user: 12109 samples
MAE params: 1,469,077
Epoch 010/300 | loss=0.2215 | best=0.2215 | lr=1.50e-04
Epoch 020/300 | loss=0.1568 | best=0.1568 | lr=1.48e-04
Epoch 030/300 | loss=0.1358 | best=0.1358 | lr=1.46e-04
Epoch 040/300 | loss=0.1288 | best=0.1288 | lr=1.44e-04
Epoch 050/300 | loss=0.1264 | best=0.1262 | lr=1.40e-04

--- Eval at epoch 50 ---
  Layer 1:
    test_id                   (in-dist) KNN=94.4% LP=52.1%
    test_cross_device         (OOD)     KNN=25.4% LP=50.5%
    test_cross_env            (OOD)     KNN=40.6% LP=49.5%
    test_cross_user           (OOD)     KNN=42.0% LP=49.8%
  Layer 3:
    test_id                   (in-dist) KNN=95.3% LP=54.2%
    test_cross_device         (OOD)     KNN=24.8% LP=49.4%
    test_cross_env            (OOD)     KNN=39.4% LP=48.6%
    test_cross_user           (OOD)     KNN=44.4% LP=50.4%
  Layer 6:
    test_id                   (in-dist) KNN=95.4% LP=54.7%
    test_cross_device         (OOD)     KNN=27.1% LP=47.9%
    test_cross_env            (OOD)     KNN=40.4% LP=46.2%
    test_cross_user           (OOD)     KNN=45.5% LP=49.5%

Epoch 060/300 | loss=0.1240 | best=0.1240 | lr=1.36e-04
Epoch 070/300 | loss=0.1227 | best=0.1227 | lr=1.31e-04
Epoch 080/300 | loss=0.1215 | best=0.1215 | lr=1.25e-04
Epoch 090/300 | loss=0.1207 | best=0.1207 | lr=1.19e-04
Epoch 100/300 | loss=0.1201 | best=0.1200 | lr=1.12e-04

--- Eval at epoch 100 ---
  Layer 1:
    test_id                   (in-dist) KNN=94.3% LP=52.5%
    test_cross_device         (OOD)     KNN=25.2% LP=51.0%
    test_cross_env            (OOD)     KNN=39.8% LP=47.9%
    test_cross_user           (OOD)     KNN=42.6% LP=49.3%
  Layer 3:
    test_id                   (in-dist) KNN=95.3% LP=53.9%
    test_cross_device         (OOD)     KNN=19.2% LP=42.9%
    test_cross_env            (OOD)     KNN=34.0% LP=48.2%
    test_cross_user           (OOD)     KNN=40.7% LP=45.9%
  Layer 6:
    test_id                   (in-dist) KNN=95.3% LP=54.9%
    test_cross_device         (OOD)     KNN=29.0% LP=45.2%
    test_cross_env            (OOD)     KNN=36.8% LP=47.4%
    test_cross_user           (OOD)     KNN=45.0% LP=50.0%

Epoch 110/300 | loss=0.1195 | best=0.1195 | lr=1.06e-04
Epoch 120/300 | loss=0.1192 | best=0.1190 | lr=9.82e-05
Epoch 130/300 | loss=0.1187 | best=0.1187 | lr=9.06e-05
Epoch 140/300 | loss=0.1184 | best=0.1184 | lr=8.28e-05
Epoch 150/300 | loss=0.1181 | best=0.1181 | lr=7.50e-05

--- Eval at epoch 150 ---
  Layer 1:
    test_id                   (in-dist) KNN=94.4% LP=52.7%
    test_cross_device         (OOD)     KNN=26.6% LP=50.0%
    test_cross_env            (OOD)     KNN=39.5% LP=47.7%
    test_cross_user           (OOD)     KNN=43.5% LP=49.5%
  Layer 3:
    test_id                   (in-dist) KNN=95.3% LP=54.7%
    test_cross_device         (OOD)     KNN=20.4% LP=37.7%
    test_cross_env            (OOD)     KNN=32.8% LP=48.1%
    test_cross_user           (OOD)     KNN=40.9% LP=45.6%
  Layer 6:
    test_id                   (in-dist) KNN=95.5% LP=55.6%
    test_cross_device         (OOD)     KNN=29.9% LP=40.7%
    test_cross_env            (OOD)     KNN=35.5% LP=45.1%
    test_cross_user           (OOD)     KNN=43.8% LP=47.3%

Epoch 160/300 | loss=0.1180 | best=0.1179 | lr=6.72e-05
Epoch 170/300 | loss=0.1177 | best=0.1177 | lr=5.94e-05
Epoch 180/300 | loss=0.1176 | best=0.1175 | lr=5.18e-05
Epoch 190/300 | loss=0.1174 | best=0.1174 | lr=4.45e-05
Epoch 200/300 | loss=0.1173 | best=0.1172 | lr=3.75e-05

--- Eval at epoch 200 ---
  Layer 1:
    test_id                   (in-dist) KNN=94.6% LP=53.0%
    test_cross_device         (OOD)     KNN=27.2% LP=50.8%
    test_cross_env            (OOD)     KNN=40.5% LP=47.3%
    test_cross_user           (OOD)     KNN=43.7% LP=49.7%
  Layer 3:
    test_id                   (in-dist) KNN=95.4% LP=55.6%
    test_cross_device         (OOD)     KNN=20.8% LP=34.8%
    test_cross_env            (OOD)     KNN=33.4% LP=47.2%
    test_cross_user           (OOD)     KNN=41.6% LP=45.6%
  Layer 6:
    test_id                   (in-dist) KNN=95.5% LP=56.3%
    test_cross_device         (OOD)     KNN=30.1% LP=40.7%
    test_cross_env            (OOD)     KNN=34.2% LP=43.9%
    test_cross_user           (OOD)     KNN=43.5% LP=45.2%

Epoch 210/300 | loss=0.1172 | best=0.1172 | lr=3.09e-05
Epoch 220/300 | loss=0.1171 | best=0.1171 | lr=2.48e-05
Epoch 230/300 | loss=0.1170 | best=0.1170 | lr=1.93e-05
Epoch 240/300 | loss=0.1169 | best=0.1169 | lr=1.43e-05
Epoch 250/300 | loss=0.1168 | best=0.1168 | lr=1.00e-05

--- Eval at epoch 250 ---
  Layer 1:
    test_id                   (in-dist) KNN=94.8% LP=53.0%
    test_cross_device         (OOD)     KNN=27.5% LP=51.1%
    test_cross_env            (OOD)     KNN=40.6% LP=47.6%
    test_cross_user           (OOD)     KNN=43.7% LP=50.3%
  Layer 3:
    test_id                   (in-dist) KNN=95.4% LP=55.7%
    test_cross_device         (OOD)     KNN=22.4% LP=34.4%
    test_cross_env            (OOD)     KNN=33.5% LP=46.9%
    test_cross_user           (OOD)     KNN=42.2% LP=45.9%
  Layer 6:
    test_id                   (in-dist) KNN=95.5% LP=56.6%
    test_cross_device         (OOD)     KNN=30.3% LP=40.9%
    test_cross_env            (OOD)     KNN=33.4% LP=40.4%
    test_cross_user           (OOD)     KNN=43.4% LP=44.4%

Epoch 260/300 | loss=0.1168 | best=0.1167 | lr=6.48e-06
Epoch 270/300 | loss=0.1167 | best=0.1167 | lr=3.67e-06
Epoch 280/300 | loss=0.1167 | best=0.1167 | lr=1.64e-06
Epoch 290/300 | loss=0.1168 | best=0.1167 | lr=4.11e-07
Epoch 300/300 | loss=0.1167 | best=0.1167 | lr=0.00e+00

--- Eval at epoch 300 ---
  Layer 1:
    test_id                   (in-dist) KNN=94.8% LP=53.0%
    test_cross_device         (OOD)     KNN=27.5% LP=50.8%
    test_cross_env            (OOD)     KNN=40.7% LP=47.8%
    test_cross_user           (OOD)     KNN=43.8% LP=49.7%
  Layer 3:
    test_id                   (in-dist) KNN=95.4% LP=55.7%
    test_cross_device         (OOD)     KNN=21.9% LP=33.2%
    test_cross_env            (OOD)     KNN=33.7% LP=46.6%
    test_cross_user           (OOD)     KNN=42.0% LP=45.7%
  Layer 6:
    test_id                   (in-dist) KNN=95.4% LP=56.5%
    test_cross_device         (OOD)     KNN=30.7% LP=40.1%
    test_cross_env            (OOD)     KNN=33.5% LP=40.0%
    test_cross_user           (OOD)     KNN=43.7% LP=44.5%


Done. Best pretrain loss: 0.1167
Results: /home/zhuzih19/csi-project/csi-fall-detection/results/mae_har/mae_har_ep300_mask0.75_strategyrandom_ph29pw25_seed43_enc6_dim128_bs128.json
Checkpoint: /home/zhuzih19/csi-project/csi-fall-detection/checkpoints/mae_har/mae_har_ep300_mask0.75_strategyrandom_ph29pw25_seed43_enc6_dim128_bs128_best.pt
