
Experiment: mae_har_ep300_mask0.95_strategyrandom_ph29pw25_enc6_dim128_bs128
label_map: {'jumping': 0, 'running': 1, 'seated-breathing': 2, 'walking': 3, 'wavinghand': 4}  num_classes: 5
  test_id: 4602 samples
  test_cross_device: 9631 samples
  test_cross_env: 6650 samples
  test_cross_user: 12109 samples
MAE params: 1,469,077
Epoch 010/300 | loss=0.2882 | best=0.2882 | lr=1.50e-04
Epoch 020/300 | loss=0.2004 | best=0.2004 | lr=1.48e-04
Epoch 030/300 | loss=0.1784 | best=0.1782 | lr=1.46e-04
Epoch 040/300 | loss=0.1598 | best=0.1598 | lr=1.44e-04
Epoch 050/300 | loss=0.1502 | best=0.1502 | lr=1.40e-04

--- Eval at epoch 50 ---
  Layer 1:
    test_id                   (in-dist) KNN=93.5% LP=52.5%
    test_cross_device         (OOD)     KNN=27.4% LP=49.2%
    test_cross_env            (OOD)     KNN=33.3% LP=46.1%
    test_cross_user           (OOD)     KNN=48.8% LP=46.4%
  Layer 3:
    test_id                   (in-dist) KNN=94.9% LP=54.8%
    test_cross_device         (OOD)     KNN=34.0% LP=43.9%
    test_cross_env            (OOD)     KNN=39.3% LP=44.9%
    test_cross_user           (OOD)     KNN=49.0% LP=50.0%
  Layer 6:
    test_id                   (in-dist) KNN=94.7% LP=53.9%
    test_cross_device         (OOD)     KNN=29.0% LP=50.2%
    test_cross_env            (OOD)     KNN=43.4% LP=46.6%
    test_cross_user           (OOD)     KNN=45.4% LP=48.1%

Epoch 060/300 | loss=0.1449 | best=0.1449 | lr=1.36e-04
Epoch 070/300 | loss=0.1425 | best=0.1425 | lr=1.31e-04
Epoch 080/300 | loss=0.1400 | best=0.1400 | lr=1.25e-04
Epoch 090/300 | loss=0.1396 | best=0.1390 | lr=1.19e-04
Epoch 100/300 | loss=0.1383 | best=0.1378 | lr=1.12e-04

--- Eval at epoch 100 ---
  Layer 1:
    test_id                   (in-dist) KNN=93.7% LP=53.0%
    test_cross_device         (OOD)     KNN=23.1% LP=46.1%
    test_cross_env            (OOD)     KNN=36.2% LP=48.6%
    test_cross_user           (OOD)     KNN=47.7% LP=49.4%
  Layer 3:
    test_id                   (in-dist) KNN=94.9% LP=55.9%
    test_cross_device         (OOD)     KNN=25.4% LP=43.3%
    test_cross_env            (OOD)     KNN=39.9% LP=46.7%
    test_cross_user           (OOD)     KNN=45.1% LP=51.1%
  Layer 6:
    test_id                   (in-dist) KNN=94.4% LP=56.1%
    test_cross_device         (OOD)     KNN=24.2% LP=45.9%
    test_cross_env            (OOD)     KNN=42.6% LP=44.0%
    test_cross_user           (OOD)     KNN=41.3% LP=49.0%

Epoch 110/300 | loss=0.1380 | best=0.1363 | lr=1.06e-04
Epoch 120/300 | loss=0.1355 | best=0.1355 | lr=9.82e-05
Epoch 130/300 | loss=0.1355 | best=0.1348 | lr=9.06e-05
Epoch 140/300 | loss=0.1346 | best=0.1343 | lr=8.28e-05
Epoch 150/300 | loss=0.1338 | best=0.1337 | lr=7.50e-05

--- Eval at epoch 150 ---
  Layer 1:
    test_id                   (in-dist) KNN=93.7% LP=52.8%
    test_cross_device         (OOD)     KNN=23.0% LP=45.1%
    test_cross_env            (OOD)     KNN=36.8% LP=44.2%
    test_cross_user           (OOD)     KNN=47.1% LP=50.2%
  Layer 3:
    test_id                   (in-dist) KNN=94.7% LP=56.9%
    test_cross_device         (OOD)     KNN=22.4% LP=36.1%
    test_cross_env            (OOD)     KNN=40.0% LP=39.4%
    test_cross_user           (OOD)     KNN=43.1% LP=51.0%
  Layer 6:
    test_id                   (in-dist) KNN=94.2% LP=58.4%
    test_cross_device         (OOD)     KNN=23.7% LP=45.6%
    test_cross_env            (OOD)     KNN=41.5% LP=42.8%
    test_cross_user           (OOD)     KNN=41.9% LP=48.0%

Epoch 160/300 | loss=0.1331 | best=0.1329 | lr=6.72e-05
Epoch 170/300 | loss=0.1323 | best=0.1323 | lr=5.94e-05
Epoch 180/300 | loss=0.1322 | best=0.1321 | lr=5.18e-05
Epoch 190/300 | loss=0.1320 | best=0.1314 | lr=4.45e-05
Epoch 200/300 | loss=0.1317 | best=0.1313 | lr=3.75e-05

--- Eval at epoch 200 ---
  Layer 1:
    test_id                   (in-dist) KNN=93.8% LP=52.8%
    test_cross_device         (OOD)     KNN=23.8% LP=43.6%
    test_cross_env            (OOD)     KNN=38.6% LP=43.8%
    test_cross_user           (OOD)     KNN=47.4% LP=50.6%
  Layer 3:
    test_id                   (in-dist) KNN=94.7% LP=57.9%
    test_cross_device         (OOD)     KNN=20.6% LP=38.1%
    test_cross_env            (OOD)     KNN=39.9% LP=38.1%
    test_cross_user           (OOD)     KNN=42.2% LP=51.5%
  Layer 6:
    test_id                   (in-dist) KNN=94.4% LP=59.6%
    test_cross_device         (OOD)     KNN=29.5% LP=43.9%
    test_cross_env            (OOD)     KNN=39.5% LP=48.2%
    test_cross_user           (OOD)     KNN=44.2% LP=48.6%

Epoch 210/300 | loss=0.1311 | best=0.1311 | lr=3.09e-05
Epoch 220/300 | loss=0.1309 | best=0.1309 | lr=2.48e-05
Epoch 230/300 | loss=0.1312 | best=0.1305 | lr=1.93e-05
Epoch 240/300 | loss=0.1304 | best=0.1304 | lr=1.43e-05
Epoch 250/300 | loss=0.1304 | best=0.1302 | lr=1.00e-05

--- Eval at epoch 250 ---
  Layer 1:
    test_id                   (in-dist) KNN=93.9% LP=52.9%
    test_cross_device         (OOD)     KNN=23.0% LP=44.0%
    test_cross_env            (OOD)     KNN=38.2% LP=44.7%
    test_cross_user           (OOD)     KNN=47.2% LP=50.5%
  Layer 3:
    test_id                   (in-dist) KNN=94.7% LP=58.0%
    test_cross_device         (OOD)     KNN=20.3% LP=37.6%
    test_cross_env            (OOD)     KNN=39.2% LP=37.7%
    test_cross_user           (OOD)     KNN=42.4% LP=51.6%
  Layer 6:
    test_id                   (in-dist) KNN=94.3% LP=60.0%
    test_cross_device         (OOD)     KNN=27.5% LP=39.1%
    test_cross_env            (OOD)     KNN=37.7% LP=46.3%
    test_cross_user           (OOD)     KNN=43.0% LP=48.0%

Epoch 260/300 | loss=0.1300 | best=0.1300 | lr=6.48e-06
Epoch 270/300 | loss=0.1304 | best=0.1299 | lr=3.67e-06
Epoch 280/300 | loss=0.1306 | best=0.1299 | lr=1.64e-06
Epoch 290/300 | loss=0.1307 | best=0.1298 | lr=4.11e-07
Epoch 300/300 | loss=0.1303 | best=0.1298 | lr=0.00e+00

--- Eval at epoch 300 ---
  Layer 1:
    test_id                   (in-dist) KNN=93.7% LP=52.9%
    test_cross_device         (OOD)     KNN=23.3% LP=44.7%
    test_cross_env            (OOD)     KNN=38.6% LP=44.3%
    test_cross_user           (OOD)     KNN=47.5% LP=50.7%
  Layer 3:
    test_id                   (in-dist) KNN=94.7% LP=58.3%
    test_cross_device         (OOD)     KNN=20.7% LP=37.6%
    test_cross_env            (OOD)     KNN=39.2% LP=39.0%
    test_cross_user           (OOD)     KNN=42.5% LP=51.7%
  Layer 6:
    test_id                   (in-dist) KNN=94.4% LP=60.2%
    test_cross_device         (OOD)     KNN=27.8% LP=39.3%
    test_cross_env            (OOD)     KNN=37.3% LP=46.8%
    test_cross_user           (OOD)     KNN=43.2% LP=48.2%


Done. Best pretrain loss: 0.1298
Results: /home/zhuzih19/csi-project/csi-fall-detection/results/mae_har/mae_har_ep300_mask0.95_strategyrandom_ph29pw25_enc6_dim128_bs128.json
Checkpoint: /home/zhuzih19/csi-project/csi-fall-detection/checkpoints/mae_har/mae_har_ep300_mask0.95_strategyrandom_ph29pw25_enc6_dim128_bs128_best.pt
