
Experiment: mae_har_ep300_mask0.75_strategyrandom_ph15pw15_seed43_enc12_dim128_bs128
[patch-pad] patch_h=15, patch_w=15 do not evenly divide 232x500 -- zero-padding input to 240x510 (+8 subcarriers, +10 timesteps). num_patches=544 (n_h=16, n_w=34)
[mem-check] num_patches=544  batch_size=128  encoder_depth=12  attention-score memory: 0.56 GB/layer, 6.77 GB cumulative (all layers retained for backward)
label_map: {'jumping': 0, 'running': 1, 'seated-breathing': 2, 'walking': 3, 'wavinghand': 4}  num_classes: 5
  test_id: 4602 samples
  test_cross_device: 9631 samples
  test_cross_env: 6650 samples
  test_cross_user: 12109 samples
MAE params: 2,635,937
Epoch 010/300 | loss=0.2084 | best=0.2084 | lr=1.50e-04
Epoch 020/300 | loss=0.1510 | best=0.1510 | lr=1.48e-04
Epoch 030/300 | loss=0.1342 | best=0.1342 | lr=1.46e-04
Epoch 040/300 | loss=0.1288 | best=0.1288 | lr=1.44e-04
Epoch 050/300 | loss=0.1262 | best=0.1262 | lr=1.40e-04

--- Eval at epoch 50 ---
  Layer 1:
    test_id                   (in-dist) KNN=92.1% LP=51.8%
    test_cross_device         (OOD)     KNN=22.3% LP=50.2%
    test_cross_env            (OOD)     KNN=33.2% LP=48.9%
    test_cross_user           (OOD)     KNN=44.5% LP=50.5%
  Layer 3:
    test_id                   (in-dist) KNN=94.8% LP=53.9%
    test_cross_device         (OOD)     KNN=19.8% LP=34.1%
    test_cross_env            (OOD)     KNN=36.2% LP=39.3%
    test_cross_user           (OOD)     KNN=43.7% LP=43.9%
  Layer 6:
    test_id                   (in-dist) KNN=95.4% LP=55.5%
    test_cross_device         (OOD)     KNN=23.9% LP=40.9%
    test_cross_env            (OOD)     KNN=36.3% LP=41.4%
    test_cross_user           (OOD)     KNN=43.5% LP=50.4%

Epoch 060/300 | loss=0.1245 | best=0.1245 | lr=1.36e-04
Epoch 070/300 | loss=0.1232 | best=0.1232 | lr=1.31e-04
Epoch 080/300 | loss=0.1204 | best=0.1204 | lr=1.25e-04
Epoch 090/300 | loss=0.1188 | best=0.1188 | lr=1.19e-04
Epoch 100/300 | loss=0.1176 | best=0.1176 | lr=1.12e-04

--- Eval at epoch 100 ---
  Layer 1:
    test_id                   (in-dist) KNN=92.4% LP=52.0%
    test_cross_device         (OOD)     KNN=24.2% LP=51.7%
    test_cross_env            (OOD)     KNN=33.3% LP=49.1%
    test_cross_user           (OOD)     KNN=46.1% LP=50.5%
  Layer 3:
    test_id                   (in-dist) KNN=94.6% LP=54.2%
    test_cross_device         (OOD)     KNN=20.3% LP=35.6%
    test_cross_env            (OOD)     KNN=35.2% LP=44.0%
    test_cross_user           (OOD)     KNN=44.1% LP=44.6%
  Layer 6:
    test_id                   (in-dist) KNN=94.9% LP=56.6%
    test_cross_device         (OOD)     KNN=22.1% LP=39.1%
    test_cross_env            (OOD)     KNN=32.3% LP=40.2%
    test_cross_user           (OOD)     KNN=44.9% LP=47.2%

Epoch 110/300 | loss=0.1140 | best=0.1140 | lr=1.06e-04
Epoch 120/300 | loss=0.1134 | best=0.1134 | lr=9.82e-05
Epoch 130/300 | loss=0.1131 | best=0.1130 | lr=9.06e-05
Epoch 140/300 | loss=0.1127 | best=0.1127 | lr=8.28e-05
Epoch 150/300 | loss=0.1125 | best=0.1125 | lr=7.50e-05

--- Eval at epoch 150 ---
  Layer 1:
    test_id                   (in-dist) KNN=92.3% LP=52.0%
    test_cross_device         (OOD)     KNN=22.5% LP=49.3%
    test_cross_env            (OOD)     KNN=33.4% LP=49.2%
    test_cross_user           (OOD)     KNN=44.5% LP=50.3%
  Layer 3:
    test_id                   (in-dist) KNN=94.0% LP=54.6%
    test_cross_device         (OOD)     KNN=24.4% LP=35.1%
    test_cross_env            (OOD)     KNN=39.2% LP=44.1%
    test_cross_user           (OOD)     KNN=44.9% LP=42.2%
  Layer 6:
    test_id                   (in-dist) KNN=94.4% LP=57.1%
    test_cross_device         (OOD)     KNN=23.4% LP=36.9%
    test_cross_env            (OOD)     KNN=33.1% LP=40.7%
    test_cross_user           (OOD)     KNN=45.7% LP=46.3%

Epoch 160/300 | loss=0.1123 | best=0.1123 | lr=6.72e-05
Epoch 170/300 | loss=0.1121 | best=0.1121 | lr=5.94e-05
Epoch 180/300 | loss=0.1121 | best=0.1120 | lr=5.18e-05
Epoch 190/300 | loss=0.1119 | best=0.1118 | lr=4.45e-05
Epoch 200/300 | loss=0.1118 | best=0.1118 | lr=3.75e-05

--- Eval at epoch 200 ---
  Layer 1:
    test_id                   (in-dist) KNN=92.3% LP=52.2%
    test_cross_device         (OOD)     KNN=22.0% LP=49.2%
    test_cross_env            (OOD)     KNN=33.5% LP=49.0%
    test_cross_user           (OOD)     KNN=44.3% LP=50.3%
  Layer 3:
    test_id                   (in-dist) KNN=94.2% LP=54.6%
    test_cross_device         (OOD)     KNN=24.5% LP=34.1%
    test_cross_env            (OOD)     KNN=35.8% LP=43.2%
    test_cross_user           (OOD)     KNN=44.7% LP=42.2%
  Layer 6:
    test_id                   (in-dist) KNN=94.5% LP=57.7%
    test_cross_device         (OOD)     KNN=24.6% LP=33.7%
    test_cross_env            (OOD)     KNN=33.0% LP=40.9%
    test_cross_user           (OOD)     KNN=45.3% LP=45.6%

Epoch 210/300 | loss=0.1117 | best=0.1117 | lr=3.09e-05
Epoch 220/300 | loss=0.1115 | best=0.1115 | lr=2.48e-05
Epoch 230/300 | loss=0.1115 | best=0.1115 | lr=1.93e-05
Epoch 240/300 | loss=0.1115 | best=0.1114 | lr=1.43e-05
Epoch 250/300 | loss=0.1113 | best=0.1113 | lr=1.00e-05

--- Eval at epoch 250 ---
  Layer 1:
    test_id                   (in-dist) KNN=92.5% LP=52.2%
    test_cross_device         (OOD)     KNN=22.5% LP=49.1%
    test_cross_env            (OOD)     KNN=33.3% LP=49.0%
    test_cross_user           (OOD)     KNN=44.7% LP=50.4%
  Layer 3:
    test_id                   (in-dist) KNN=94.1% LP=54.7%
    test_cross_device         (OOD)     KNN=24.1% LP=36.3%
    test_cross_env            (OOD)     KNN=35.5% LP=44.5%
    test_cross_user           (OOD)     KNN=44.7% LP=41.9%
  Layer 6:
    test_id                   (in-dist) KNN=94.6% LP=57.6%
    test_cross_device         (OOD)     KNN=24.0% LP=34.8%
    test_cross_env            (OOD)     KNN=32.9% LP=40.9%
    test_cross_user           (OOD)     KNN=44.9% LP=45.1%

Epoch 260/300 | loss=0.1113 | best=0.1113 | lr=6.48e-06
Epoch 270/300 | loss=0.1112 | best=0.1112 | lr=3.67e-06
Epoch 280/300 | loss=0.1113 | best=0.1112 | lr=1.64e-06
Epoch 290/300 | loss=0.1113 | best=0.1112 | lr=4.11e-07
Epoch 300/300 | loss=0.1113 | best=0.1112 | lr=0.00e+00

--- Eval at epoch 300 ---
  Layer 1:
    test_id                   (in-dist) KNN=92.4% LP=52.2%
    test_cross_device         (OOD)     KNN=22.4% LP=49.1%
    test_cross_env            (OOD)     KNN=33.2% LP=49.1%
    test_cross_user           (OOD)     KNN=44.5% LP=50.4%
  Layer 3:
    test_id                   (in-dist) KNN=94.1% LP=54.6%
    test_cross_device         (OOD)     KNN=24.1% LP=35.6%
    test_cross_env            (OOD)     KNN=35.4% LP=45.1%
    test_cross_user           (OOD)     KNN=44.7% LP=41.7%
  Layer 6:
    test_id                   (in-dist) KNN=94.6% LP=57.8%
    test_cross_device         (OOD)     KNN=23.5% LP=33.9%
    test_cross_env            (OOD)     KNN=32.8% LP=40.8%
    test_cross_user           (OOD)     KNN=44.5% LP=45.1%


Done. Best pretrain loss: 0.1112
Results: /home/zhuzih19/csi-project/csi-fall-detection/results/mae_har/mae_har_ep300_mask0.75_strategyrandom_ph15pw15_seed43_enc12_dim128_bs128.json
Checkpoint: /home/zhuzih19/csi-project/csi-fall-detection/checkpoints/mae_har/mae_har_ep300_mask0.75_strategyrandom_ph15pw15_seed43_enc12_dim128_bs128_best.pt
