
Experiment: mae_har_ep300_mask0.875_strategyrandom_ph29pw25_seed42_enc12_dim128_bs128
label_map: {'jumping': 0, 'running': 1, 'seated-breathing': 2, 'walking': 3, 'wavinghand': 4}  num_classes: 5
  test_id: 4602 samples
  test_cross_device: 9631 samples
  test_cross_env: 6650 samples
  test_cross_user: 12109 samples
MAE params: 2,658,709
Epoch 010/300 | loss=0.2607 | best=0.2607 | lr=1.50e-04
Epoch 020/300 | loss=0.1714 | best=0.1714 | lr=1.48e-04
Epoch 030/300 | loss=0.1469 | best=0.1469 | lr=1.46e-04
Epoch 040/300 | loss=0.1346 | best=0.1346 | lr=1.44e-04
Epoch 050/300 | loss=0.1315 | best=0.1305 | lr=1.40e-04

--- Eval at epoch 50 ---
  Layer 1:
    test_id                   (in-dist) KNN=93.7% LP=52.3%
    test_cross_device         (OOD)     KNN=36.6% LP=49.4%
    test_cross_env            (OOD)     KNN=38.5% LP=47.3%
    test_cross_user           (OOD)     KNN=47.1% LP=50.2%
  Layer 3:
    test_id                   (in-dist) KNN=94.5% LP=53.6%
    test_cross_device         (OOD)     KNN=26.4% LP=44.3%
    test_cross_env            (OOD)     KNN=41.1% LP=41.6%
    test_cross_user           (OOD)     KNN=43.4% LP=49.6%
  Layer 6:
    test_id                   (in-dist) KNN=95.2% LP=55.3%
    test_cross_device         (OOD)     KNN=23.7% LP=32.7%
    test_cross_env            (OOD)     KNN=38.3% LP=45.7%
    test_cross_user           (OOD)     KNN=41.3% LP=44.3%
  Layer 9:
    test_id                   (in-dist) KNN=94.7% LP=55.2%
    test_cross_device         (OOD)     KNN=22.7% LP=31.4%
    test_cross_env            (OOD)     KNN=36.0% LP=50.3%
    test_cross_user           (OOD)     KNN=42.7% LP=39.1%
  Layer 12:
    test_id                   (in-dist) KNN=94.7% LP=54.1%
    test_cross_device         (OOD)     KNN=30.7% LP=44.1%
    test_cross_env            (OOD)     KNN=39.2% LP=50.9%
    test_cross_user           (OOD)     KNN=45.1% LP=46.1%

Epoch 060/300 | loss=0.1291 | best=0.1277 | lr=1.36e-04
Epoch 070/300 | loss=0.1261 | best=0.1260 | lr=1.31e-04
Epoch 080/300 | loss=0.1241 | best=0.1241 | lr=1.25e-04
Epoch 090/300 | loss=0.1235 | best=0.1235 | lr=1.19e-04
Epoch 100/300 | loss=0.1230 | best=0.1225 | lr=1.12e-04

--- Eval at epoch 100 ---
  Layer 1:
    test_id                   (in-dist) KNN=93.5% LP=52.5%
    test_cross_device         (OOD)     KNN=26.9% LP=51.3%
    test_cross_env            (OOD)     KNN=38.1% LP=45.1%
    test_cross_user           (OOD)     KNN=44.0% LP=51.0%
  Layer 3:
    test_id                   (in-dist) KNN=94.5% LP=55.5%
    test_cross_device         (OOD)     KNN=27.4% LP=46.7%
    test_cross_env            (OOD)     KNN=35.4% LP=41.7%
    test_cross_user           (OOD)     KNN=43.8% LP=50.2%
  Layer 6:
    test_id                   (in-dist) KNN=94.9% LP=57.9%
    test_cross_device         (OOD)     KNN=25.0% LP=31.5%
    test_cross_env            (OOD)     KNN=37.7% LP=43.5%
    test_cross_user           (OOD)     KNN=43.3% LP=42.8%
  Layer 9:
    test_id                   (in-dist) KNN=94.8% LP=57.4%
    test_cross_device         (OOD)     KNN=27.1% LP=28.2%
    test_cross_env            (OOD)     KNN=34.0% LP=49.3%
    test_cross_user           (OOD)     KNN=45.6% LP=36.8%
  Layer 12:
    test_id                   (in-dist) KNN=94.7% LP=57.3%
    test_cross_device         (OOD)     KNN=26.7% LP=42.3%
    test_cross_env            (OOD)     KNN=37.9% LP=51.4%
    test_cross_user           (OOD)     KNN=43.6% LP=44.6%

Epoch 110/300 | loss=0.1218 | best=0.1217 | lr=1.06e-04
Epoch 120/300 | loss=0.1211 | best=0.1211 | lr=9.82e-05
Epoch 130/300 | loss=0.1208 | best=0.1207 | lr=9.06e-05
Epoch 140/300 | loss=0.1201 | best=0.1201 | lr=8.28e-05
Epoch 150/300 | loss=0.1197 | best=0.1197 | lr=7.50e-05

--- Eval at epoch 150 ---
  Layer 1:
    test_id                   (in-dist) KNN=93.4% LP=52.3%
    test_cross_device         (OOD)     KNN=25.3% LP=51.0%
    test_cross_env            (OOD)     KNN=35.9% LP=45.5%
    test_cross_user           (OOD)     KNN=44.1% LP=51.5%
  Layer 3:
    test_id                   (in-dist) KNN=94.4% LP=55.7%
    test_cross_device         (OOD)     KNN=27.3% LP=48.6%
    test_cross_env            (OOD)     KNN=34.5% LP=40.7%
    test_cross_user           (OOD)     KNN=43.6% LP=51.3%
  Layer 6:
    test_id                   (in-dist) KNN=95.1% LP=59.1%
    test_cross_device         (OOD)     KNN=23.1% LP=35.5%
    test_cross_env            (OOD)     KNN=35.9% LP=41.0%
    test_cross_user           (OOD)     KNN=42.2% LP=42.4%
  Layer 9:
    test_id                   (in-dist) KNN=95.0% LP=58.4%
    test_cross_device         (OOD)     KNN=29.1% LP=32.8%
    test_cross_env            (OOD)     KNN=32.5% LP=46.0%
    test_cross_user           (OOD)     KNN=45.5% LP=36.9%
  Layer 12:
    test_id                   (in-dist) KNN=94.9% LP=57.6%
    test_cross_device         (OOD)     KNN=26.3% LP=40.7%
    test_cross_env            (OOD)     KNN=30.7% LP=49.7%
    test_cross_user           (OOD)     KNN=44.3% LP=42.8%

Epoch 160/300 | loss=0.1194 | best=0.1194 | lr=6.72e-05
Epoch 170/300 | loss=0.1192 | best=0.1191 | lr=5.94e-05
Epoch 180/300 | loss=0.1190 | best=0.1189 | lr=5.18e-05
Epoch 190/300 | loss=0.1188 | best=0.1187 | lr=4.45e-05
Epoch 200/300 | loss=0.1186 | best=0.1185 | lr=3.75e-05

--- Eval at epoch 200 ---
  Layer 1:
    test_id                   (in-dist) KNN=93.3% LP=52.7%
    test_cross_device         (OOD)     KNN=24.1% LP=51.4%
    test_cross_env            (OOD)     KNN=34.9% LP=45.2%
    test_cross_user           (OOD)     KNN=43.5% LP=51.7%
  Layer 3:
    test_id                   (in-dist) KNN=94.5% LP=56.1%
    test_cross_device         (OOD)     KNN=26.1% LP=50.1%
    test_cross_env            (OOD)     KNN=33.8% LP=40.2%
    test_cross_user           (OOD)     KNN=42.7% LP=50.6%
  Layer 6:
    test_id                   (in-dist) KNN=95.2% LP=59.1%
    test_cross_device         (OOD)     KNN=24.0% LP=33.8%
    test_cross_env            (OOD)     KNN=36.9% LP=39.9%
    test_cross_user           (OOD)     KNN=43.2% LP=41.9%
  Layer 9:
    test_id                   (in-dist) KNN=94.9% LP=60.7%
    test_cross_device         (OOD)     KNN=26.2% LP=29.2%
    test_cross_env            (OOD)     KNN=33.6% LP=42.4%
    test_cross_user           (OOD)     KNN=44.1% LP=34.8%
  Layer 12:
    test_id                   (in-dist) KNN=94.9% LP=58.5%
    test_cross_device         (OOD)     KNN=26.1% LP=41.0%
    test_cross_env            (OOD)     KNN=29.6% LP=45.3%
    test_cross_user           (OOD)     KNN=45.3% LP=38.9%

Epoch 210/300 | loss=0.1183 | best=0.1183 | lr=3.09e-05
Epoch 220/300 | loss=0.1183 | best=0.1182 | lr=2.48e-05
Epoch 230/300 | loss=0.1181 | best=0.1181 | lr=1.93e-05
Epoch 240/300 | loss=0.1181 | best=0.1180 | lr=1.43e-05
Epoch 250/300 | loss=0.1179 | best=0.1178 | lr=1.00e-05

--- Eval at epoch 250 ---
  Layer 1:
    test_id                   (in-dist) KNN=93.2% LP=52.6%
    test_cross_device         (OOD)     KNN=23.1% LP=51.2%
    test_cross_env            (OOD)     KNN=35.2% LP=44.3%
    test_cross_user           (OOD)     KNN=42.9% LP=52.5%
  Layer 3:
    test_id                   (in-dist) KNN=94.5% LP=57.0%
    test_cross_device         (OOD)     KNN=26.9% LP=50.3%
    test_cross_env            (OOD)     KNN=33.1% LP=37.0%
    test_cross_user           (OOD)     KNN=42.9% LP=50.3%
  Layer 6:
    test_id                   (in-dist) KNN=95.2% LP=59.3%
    test_cross_device         (OOD)     KNN=25.0% LP=35.0%
    test_cross_env            (OOD)     KNN=36.0% LP=36.2%
    test_cross_user           (OOD)     KNN=43.4% LP=43.5%
  Layer 9:
    test_id                   (in-dist) KNN=94.9% LP=60.9%
    test_cross_device         (OOD)     KNN=25.5% LP=32.5%
    test_cross_env            (OOD)     KNN=34.3% LP=43.7%
    test_cross_user           (OOD)     KNN=43.3% LP=37.9%
  Layer 12:
    test_id                   (in-dist) KNN=95.0% LP=58.5%
    test_cross_device         (OOD)     KNN=25.5% LP=41.7%
    test_cross_env            (OOD)     KNN=28.2% LP=44.1%
    test_cross_user           (OOD)     KNN=45.4% LP=42.1%

Epoch 260/300 | loss=0.1178 | best=0.1178 | lr=6.48e-06
Epoch 270/300 | loss=0.1178 | best=0.1178 | lr=3.67e-06
Epoch 280/300 | loss=0.1178 | best=0.1177 | lr=1.64e-06
Epoch 290/300 | loss=0.1177 | best=0.1177 | lr=4.11e-07
Epoch 300/300 | loss=0.1177 | best=0.1176 | lr=0.00e+00

--- Eval at epoch 300 ---
  Layer 1:
    test_id                   (in-dist) KNN=93.2% LP=52.6%
    test_cross_device         (OOD)     KNN=23.7% LP=51.3%
    test_cross_env            (OOD)     KNN=34.7% LP=43.6%
