nohup: ignoring input

Experiment: mae_har_ep500_mask0.75_enc6_dim128_bs128
label_map: {'jumping': 0, 'running': 1, 'seated-breathing': 2, 'walking': 3, 'wavinghand': 4}  num_classes: 5
  test_id: 4602 samples
  test_cross_device: 9631 samples
  test_cross_env: 6650 samples
  test_cross_user: 12109 samples
MAE params: 1,469,077
Epoch 010/500 | loss=0.2257 | best=0.2257 | lr=1.50e-04
Epoch 020/500 | loss=0.1620 | best=0.1620 | lr=1.49e-04
Epoch 030/500 | loss=0.1391 | best=0.1391 | lr=1.49e-04
Epoch 040/500 | loss=0.1307 | best=0.1307 | lr=1.48e-04
Epoch 050/500 | loss=0.1269 | best=0.1269 | lr=1.46e-04
Epoch 060/500 | loss=0.1245 | best=0.1245 | lr=1.45e-04
Epoch 070/500 | loss=0.1230 | best=0.1230 | lr=1.43e-04
Epoch 080/500 | loss=0.1216 | best=0.1216 | lr=1.41e-04
Epoch 090/500 | loss=0.1207 | best=0.1207 | lr=1.38e-04
Epoch 100/500 | loss=0.1200 | best=0.1200 | lr=1.36e-04

--- Eval at epoch 100 ---
  Layer 1:
    test_id                   (in-dist) KNN=94.2% LP=53.1%
    test_cross_device         (OOD)     KNN=26.3% LP=51.1%
    test_cross_env            (OOD)     KNN=31.0% LP=47.5%
    test_cross_user           (OOD)     KNN=44.5% LP=50.6%
  Layer 3:
    test_id                   (in-dist) KNN=94.9% LP=54.1%
    test_cross_device         (OOD)     KNN=18.8% LP=35.9%
    test_cross_env            (OOD)     KNN=32.7% LP=48.6%
    test_cross_user           (OOD)     KNN=41.4% LP=42.5%
  Layer 6:
    test_id                   (in-dist) KNN=95.0% LP=55.6%
    test_cross_device         (OOD)     KNN=26.2% LP=43.2%
    test_cross_env            (OOD)     KNN=38.6% LP=42.2%
    test_cross_user           (OOD)     KNN=44.1% LP=49.3%

Epoch 110/500 | loss=0.1195 | best=0.1195 | lr=1.33e-04
Epoch 120/500 | loss=0.1191 | best=0.1191 | lr=1.30e-04
Epoch 130/500 | loss=0.1186 | best=0.1186 | lr=1.26e-04
Epoch 140/500 | loss=0.1184 | best=0.1184 | lr=1.23e-04
Epoch 150/500 | loss=0.1182 | best=0.1182 | lr=1.19e-04
Epoch 160/500 | loss=0.1182 | best=0.1179 | lr=1.15e-04
Epoch 170/500 | loss=0.1178 | best=0.1178 | lr=1.11e-04
Epoch 180/500 | loss=0.1180 | best=0.1176 | lr=1.07e-04
Epoch 190/500 | loss=0.1175 | best=0.1175 | lr=1.03e-04
Epoch 200/500 | loss=0.1173 | best=0.1173 | lr=9.82e-05

--- Eval at epoch 200 ---
  Layer 1:
    test_id                   (in-dist) KNN=94.0% LP=53.7%
    test_cross_device         (OOD)     KNN=25.1% LP=52.2%
    test_cross_env            (OOD)     KNN=32.0% LP=47.7%
    test_cross_user           (OOD)     KNN=43.9% LP=51.9%
  Layer 3:
    test_id                   (in-dist) KNN=95.1% LP=56.9%
    test_cross_device         (OOD)     KNN=18.2% LP=34.8%
    test_cross_env            (OOD)     KNN=34.5% LP=49.6%
    test_cross_user           (OOD)     KNN=41.3% LP=46.2%
  Layer 6:
    test_id                   (in-dist) KNN=95.0% LP=56.9%
    test_cross_device         (OOD)     KNN=29.2% LP=33.5%
    test_cross_env            (OOD)     KNN=36.1% LP=45.6%
    test_cross_user           (OOD)     KNN=45.2% LP=41.5%

Epoch 210/500 | loss=0.1172 | best=0.1172 | lr=9.37e-05
Epoch 220/500 | loss=0.1171 | best=0.1171 | lr=8.91e-05
Epoch 230/500 | loss=0.1170 | best=0.1170 | lr=8.44e-05
Epoch 240/500 | loss=0.1169 | best=0.1169 | lr=7.97e-05
Epoch 250/500 | loss=0.1169 | best=0.1168 | lr=7.50e-05
Epoch 260/500 | loss=0.1167 | best=0.1167 | lr=7.03e-05
Epoch 270/500 | loss=0.1166 | best=0.1166 | lr=6.56e-05
Epoch 280/500 | loss=0.1165 | best=0.1164 | lr=6.09e-05
Epoch 290/500 | loss=0.1163 | best=0.1163 | lr=5.63e-05
Epoch 300/500 | loss=0.1163 | best=0.1162 | lr=5.18e-05

--- Eval at epoch 300 ---
  Layer 1:
    test_id                   (in-dist) KNN=94.2% LP=54.0%
    test_cross_device         (OOD)     KNN=25.4% LP=52.2%
    test_cross_env            (OOD)     KNN=31.1% LP=46.6%
    test_cross_user           (OOD)     KNN=43.3% LP=52.0%
  Layer 3:
    test_id                   (in-dist) KNN=95.0% LP=58.0%
    test_cross_device         (OOD)     KNN=21.3% LP=36.4%
    test_cross_env            (OOD)     KNN=35.5% LP=50.2%
    test_cross_user           (OOD)     KNN=41.2% LP=46.7%
  Layer 6:
    test_id                   (in-dist) KNN=95.0% LP=57.4%
    test_cross_device         (OOD)     KNN=28.2% LP=34.0%
    test_cross_env            (OOD)     KNN=36.0% LP=42.0%
    test_cross_user           (OOD)     KNN=45.2% LP=43.6%

Epoch 310/500 | loss=0.1161 | best=0.1160 | lr=4.74e-05
Epoch 320/500 | loss=0.1159 | best=0.1159 | lr=4.31e-05
Epoch 330/500 | loss=0.1159 | best=0.1158 | lr=3.89e-05
Epoch 340/500 | loss=0.1157 | best=0.1157 | lr=3.48e-05
Epoch 350/500 | loss=0.1157 | best=0.1155 | lr=3.09e-05
Epoch 360/500 | loss=0.1154 | best=0.1154 | lr=2.72e-05
Epoch 370/500 | loss=0.1154 | best=0.1154 | lr=2.37e-05
Epoch 380/500 | loss=0.1154 | best=0.1153 | lr=2.03e-05
Epoch 390/500 | loss=0.1153 | best=0.1153 | lr=1.72e-05
Epoch 400/500 | loss=0.1153 | best=0.1152 | lr=1.43e-05

--- Eval at epoch 400 ---
  Layer 1:
    test_id                   (in-dist) KNN=94.3% LP=54.0%
    test_cross_device         (OOD)     KNN=24.5% LP=52.4%
    test_cross_env            (OOD)     KNN=30.7% LP=47.3%
    test_cross_user           (OOD)     KNN=43.2% LP=51.8%
  Layer 3:
    test_id                   (in-dist) KNN=95.0% LP=58.4%
    test_cross_device         (OOD)     KNN=21.6% LP=35.7%
    test_cross_env            (OOD)     KNN=35.2% LP=49.0%
    test_cross_user           (OOD)     KNN=41.0% LP=46.4%
  Layer 6:
    test_id                   (in-dist) KNN=95.0% LP=58.8%
    test_cross_device         (OOD)     KNN=26.6% LP=34.8%
    test_cross_env            (OOD)     KNN=38.3% LP=41.3%
    test_cross_user           (OOD)     KNN=43.9% LP=43.3%

Epoch 410/500 | loss=0.1153 | best=0.1152 | lr=1.17e-05
Epoch 420/500 | loss=0.1151 | best=0.1151 | lr=9.28e-06
Epoch 430/500 | loss=0.1152 | best=0.1150 | lr=7.14e-06
Epoch 440/500 | loss=0.1150 | best=0.1150 | lr=5.27e-06
Epoch 450/500 | loss=0.1150 | best=0.1149 | lr=3.67e-06
Epoch 460/500 | loss=0.1150 | best=0.1149 | lr=2.36e-06
Epoch 470/500 | loss=0.1151 | best=0.1149 | lr=1.33e-06
Epoch 480/500 | loss=0.1151 | best=0.1149 | lr=5.91e-07
Epoch 490/500 | loss=0.1149 | best=0.1149 | lr=1.48e-07
Epoch 500/500 | loss=0.1150 | best=0.1149 | lr=0.00e+00

--- Eval at epoch 500 ---
  Layer 1:
    test_id                   (in-dist) KNN=94.3% LP=53.9%
    test_cross_device         (OOD)     KNN=24.3% LP=52.1%
    test_cross_env            (OOD)     KNN=30.7% LP=47.0%
    test_cross_user           (OOD)     KNN=43.2% LP=51.9%
  Layer 3:
    test_id                   (in-dist) KNN=95.0% LP=58.1%
    test_cross_device         (OOD)     KNN=21.6% LP=35.4%
    test_cross_env            (OOD)     KNN=35.2% LP=48.9%
    test_cross_user           (OOD)     KNN=40.9% LP=46.2%
  Layer 6:
    test_id                   (in-dist) KNN=94.9% LP=59.3%
    test_cross_device         (OOD)     KNN=27.2% LP=35.0%
    test_cross_env            (OOD)     KNN=38.2% LP=40.4%
    test_cross_user           (OOD)     KNN=43.4% LP=42.8%


Done. Best pretrain loss: 0.1149
Results: /home/zhuzih19/csi-project/csi-fall-detection/results/mae_har/mae_har_ep500_mask0.75_enc6_dim128_bs128.json
Checkpoint: /home/zhuzih19/csi-project/csi-fall-detection/checkpoints/mae_har/mae_har_ep500_mask0.75_enc6_dim128_bs128_best.pt
