
Experiment: mae_har_ep300_mask0.75_strategymixed_ph29pw25_seed43_enc6_dim128_bs128
label_map: {'jumping': 0, 'running': 1, 'seated-breathing': 2, 'walking': 3, 'wavinghand': 4}  num_classes: 5
  test_id: 4602 samples
  test_cross_device: 9631 samples
  test_cross_env: 6650 samples
  test_cross_user: 12109 samples
MAE params: 1,469,077
Epoch 010/300 | loss=0.3094 | best=0.3094 | lr=1.50e-04
Epoch 020/300 | loss=0.2332 | best=0.2332 | lr=1.48e-04
Epoch 030/300 | loss=0.2138 | best=0.2116 | lr=1.46e-04
Epoch 040/300 | loss=0.2007 | best=0.2007 | lr=1.44e-04
Epoch 050/300 | loss=0.1937 | best=0.1937 | lr=1.40e-04

--- Eval at epoch 50 ---
  Layer 1:
    test_id                   (in-dist) KNN=93.1% LP=51.7%
    test_cross_device         (OOD)     KNN=30.9% LP=51.6%
    test_cross_env            (OOD)     KNN=37.1% LP=47.9%
    test_cross_user           (OOD)     KNN=50.1% LP=50.4%
  Layer 3:
    test_id                   (in-dist) KNN=95.1% LP=53.8%
    test_cross_device         (OOD)     KNN=28.7% LP=48.5%
    test_cross_env            (OOD)     KNN=36.8% LP=46.6%
    test_cross_user           (OOD)     KNN=45.7% LP=50.7%
  Layer 6:
    test_id                   (in-dist) KNN=95.1% LP=56.3%
    test_cross_device         (OOD)     KNN=29.3% LP=49.6%
    test_cross_env            (OOD)     KNN=40.2% LP=50.3%
    test_cross_user           (OOD)     KNN=45.2% LP=49.1%

Epoch 060/300 | loss=0.1910 | best=0.1910 | lr=1.36e-04
Epoch 070/300 | loss=0.1884 | best=0.1884 | lr=1.31e-04
Epoch 080/300 | loss=0.1872 | best=0.1861 | lr=1.25e-04
Epoch 090/300 | loss=0.1848 | best=0.1848 | lr=1.19e-04
Epoch 100/300 | loss=0.1849 | best=0.1838 | lr=1.12e-04

--- Eval at epoch 100 ---
  Layer 1:
    test_id                   (in-dist) KNN=93.4% LP=51.7%
    test_cross_device         (OOD)     KNN=29.1% LP=51.6%
    test_cross_env            (OOD)     KNN=38.5% LP=47.7%
    test_cross_user           (OOD)     KNN=46.6% LP=49.9%
  Layer 3:
    test_id                   (in-dist) KNN=94.9% LP=55.0%
    test_cross_device         (OOD)     KNN=27.8% LP=48.1%
    test_cross_env            (OOD)     KNN=37.1% LP=45.7%
    test_cross_user           (OOD)     KNN=46.6% LP=50.7%
  Layer 6:
    test_id                   (in-dist) KNN=94.7% LP=56.0%
    test_cross_device         (OOD)     KNN=28.7% LP=49.3%
    test_cross_env            (OOD)     KNN=34.9% LP=49.5%
    test_cross_user           (OOD)     KNN=45.7% LP=50.5%

Epoch 110/300 | loss=0.1847 | best=0.1831 | lr=1.06e-04
Epoch 120/300 | loss=0.1825 | best=0.1816 | lr=9.82e-05
Epoch 130/300 | loss=0.1817 | best=0.1810 | lr=9.06e-05
Epoch 140/300 | loss=0.1809 | best=0.1804 | lr=8.28e-05
Epoch 150/300 | loss=0.1805 | best=0.1804 | lr=7.50e-05

--- Eval at epoch 150 ---
  Layer 1:
    test_id                   (in-dist) KNN=93.2% LP=51.7%
    test_cross_device         (OOD)     KNN=29.9% LP=49.9%
    test_cross_env            (OOD)     KNN=38.3% LP=47.0%
    test_cross_user           (OOD)     KNN=46.2% LP=50.2%
  Layer 3:
    test_id                   (in-dist) KNN=94.9% LP=54.6%
    test_cross_device         (OOD)     KNN=29.6% LP=46.3%
    test_cross_env            (OOD)     KNN=35.8% LP=40.8%
    test_cross_user           (OOD)     KNN=47.5% LP=51.2%
  Layer 6:
    test_id                   (in-dist) KNN=94.8% LP=56.2%
    test_cross_device         (OOD)     KNN=29.4% LP=47.5%
    test_cross_env            (OOD)     KNN=31.9% LP=41.2%
    test_cross_user           (OOD)     KNN=44.6% LP=50.4%

Epoch 160/300 | loss=0.1811 | best=0.1799 | lr=6.72e-05
Epoch 170/300 | loss=0.1804 | best=0.1792 | lr=5.94e-05
Epoch 180/300 | loss=0.1787 | best=0.1777 | lr=5.18e-05
Epoch 190/300 | loss=0.1780 | best=0.1777 | lr=4.45e-05
Epoch 200/300 | loss=0.1783 | best=0.1777 | lr=3.75e-05

--- Eval at epoch 200 ---
  Layer 1:
    test_id                   (in-dist) KNN=93.0% LP=52.1%
    test_cross_device         (OOD)     KNN=31.3% LP=51.8%
    test_cross_env            (OOD)     KNN=37.6% LP=47.6%
    test_cross_user           (OOD)     KNN=47.0% LP=49.7%
  Layer 3:
    test_id                   (in-dist) KNN=94.9% LP=54.5%
    test_cross_device         (OOD)     KNN=27.8% LP=46.6%
    test_cross_env            (OOD)     KNN=35.8% LP=42.5%
    test_cross_user           (OOD)     KNN=46.9% LP=51.4%
  Layer 6:
    test_id                   (in-dist) KNN=95.0% LP=56.0%
    test_cross_device         (OOD)     KNN=27.8% LP=46.9%
    test_cross_env            (OOD)     KNN=30.1% LP=42.2%
    test_cross_user           (OOD)     KNN=44.0% LP=51.2%

Epoch 210/300 | loss=0.1781 | best=0.1777 | lr=3.09e-05
Epoch 220/300 | loss=0.1787 | best=0.1773 | lr=2.48e-05
Epoch 230/300 | loss=0.1778 | best=0.1767 | lr=1.93e-05
Epoch 240/300 | loss=0.1774 | best=0.1767 | lr=1.43e-05
Epoch 250/300 | loss=0.1775 | best=0.1764 | lr=1.00e-05

--- Eval at epoch 250 ---
  Layer 1:
    test_id                   (in-dist) KNN=93.0% LP=51.9%
    test_cross_device         (OOD)     KNN=30.7% LP=52.0%
    test_cross_env            (OOD)     KNN=37.5% LP=46.3%
    test_cross_user           (OOD)     KNN=46.8% LP=50.2%
  Layer 3:
    test_id                   (in-dist) KNN=94.8% LP=54.3%
    test_cross_device         (OOD)     KNN=28.4% LP=46.6%
    test_cross_env            (OOD)     KNN=35.0% LP=41.7%
    test_cross_user           (OOD)     KNN=46.6% LP=51.0%
  Layer 6:
    test_id                   (in-dist) KNN=95.0% LP=55.7%
    test_cross_device         (OOD)     KNN=25.0% LP=46.7%
    test_cross_env            (OOD)     KNN=29.6% LP=41.2%
    test_cross_user           (OOD)     KNN=42.0% LP=49.5%

Epoch 260/300 | loss=0.1765 | best=0.1759 | lr=6.48e-06
Epoch 270/300 | loss=0.1786 | best=0.1759 | lr=3.67e-06
Epoch 280/300 | loss=0.1764 | best=0.1759 | lr=1.64e-06
Epoch 290/300 | loss=0.1762 | best=0.1758 | lr=4.11e-07
Epoch 300/300 | loss=0.1771 | best=0.1758 | lr=0.00e+00

--- Eval at epoch 300 ---
  Layer 1:
    test_id                   (in-dist) KNN=93.1% LP=51.8%
    test_cross_device         (OOD)     KNN=30.7% LP=50.2%
    test_cross_env            (OOD)     KNN=37.5% LP=47.2%
    test_cross_user           (OOD)     KNN=46.7% LP=49.9%
  Layer 3:
    test_id                   (in-dist) KNN=94.9% LP=54.6%
    test_cross_device         (OOD)     KNN=28.6% LP=46.5%
    test_cross_env            (OOD)     KNN=35.1% LP=41.6%
    test_cross_user           (OOD)     KNN=46.9% LP=51.4%
  Layer 6:
    test_id                   (in-dist) KNN=95.1% LP=55.6%
    test_cross_device         (OOD)     KNN=24.7% LP=44.6%
    test_cross_env            (OOD)     KNN=29.7% LP=42.3%
    test_cross_user           (OOD)     KNN=42.0% LP=50.8%


Done. Best pretrain loss: 0.1758
Results: /home/zhuzih19/csi-project/csi-fall-detection/results/mae_har/mae_har_ep300_mask0.75_strategymixed_ph29pw25_seed43_enc6_dim128_bs128.json
Checkpoint: /home/zhuzih19/csi-project/csi-fall-detection/checkpoints/mae_har/mae_har_ep300_mask0.75_strategymixed_ph29pw25_seed43_enc6_dim128_bs128_best.pt
