
Experiment: mae_har_ep300_mask0.75_strategyrandom_ph29pw25_seed42_enc6_dim128_bs128
label_map: {'jumping': 0, 'running': 1, 'seated-breathing': 2, 'walking': 3, 'wavinghand': 4}  num_classes: 5
  test_id: 4602 samples
  test_cross_device: 9631 samples
  test_cross_env: 6650 samples
  test_cross_user: 12109 samples
MAE params: 1,469,077
Epoch 010/300 | loss=0.2261 | best=0.2261 | lr=1.50e-04
Epoch 020/300 | loss=0.1575 | best=0.1575 | lr=1.48e-04
Epoch 030/300 | loss=0.1362 | best=0.1362 | lr=1.46e-04
Epoch 040/300 | loss=0.1290 | best=0.1290 | lr=1.44e-04
Epoch 050/300 | loss=0.1261 | best=0.1261 | lr=1.40e-04

--- Eval at epoch 50 ---
  Layer 1:
    test_id                   (in-dist) KNN=93.5% LP=51.8%
    test_cross_device         (OOD)     KNN=34.9% LP=50.9%
    test_cross_env            (OOD)     KNN=32.5% LP=47.5%
    test_cross_user           (OOD)     KNN=51.0% LP=50.3%
  Layer 3:
    test_id                   (in-dist) KNN=95.1% LP=53.0%
    test_cross_device         (OOD)     KNN=28.1% LP=53.4%
    test_cross_env            (OOD)     KNN=33.1% LP=47.8%
    test_cross_user           (OOD)     KNN=47.2% LP=52.3%
  Layer 6:
    test_id                   (in-dist) KNN=94.9% LP=54.2%
    test_cross_device         (OOD)     KNN=29.1% LP=51.2%
    test_cross_env            (OOD)     KNN=39.4% LP=49.2%
    test_cross_user           (OOD)     KNN=47.0% LP=52.1%

Epoch 060/300 | loss=0.1239 | best=0.1239 | lr=1.36e-04
Epoch 070/300 | loss=0.1222 | best=0.1222 | lr=1.31e-04
Epoch 080/300 | loss=0.1213 | best=0.1212 | lr=1.25e-04
Epoch 090/300 | loss=0.1202 | best=0.1202 | lr=1.19e-04
Epoch 100/300 | loss=0.1197 | best=0.1196 | lr=1.12e-04

--- Eval at epoch 100 ---
  Layer 1:
    test_id                   (in-dist) KNN=93.3% LP=52.0%
    test_cross_device         (OOD)     KNN=33.2% LP=50.5%
    test_cross_env            (OOD)     KNN=32.1% LP=47.3%
    test_cross_user           (OOD)     KNN=49.2% LP=50.0%
  Layer 3:
    test_id                   (in-dist) KNN=94.7% LP=54.1%
    test_cross_device         (OOD)     KNN=29.4% LP=48.1%
    test_cross_env            (OOD)     KNN=36.0% LP=46.0%
    test_cross_user           (OOD)     KNN=47.7% LP=51.0%
  Layer 6:
    test_id                   (in-dist) KNN=95.0% LP=54.9%
    test_cross_device         (OOD)     KNN=23.2% LP=49.2%
    test_cross_env            (OOD)     KNN=40.0% LP=44.4%
    test_cross_user           (OOD)     KNN=41.8% LP=51.9%

Epoch 110/300 | loss=0.1192 | best=0.1191 | lr=1.06e-04
Epoch 120/300 | loss=0.1188 | best=0.1188 | lr=9.82e-05
Epoch 130/300 | loss=0.1185 | best=0.1185 | lr=9.06e-05
Epoch 140/300 | loss=0.1183 | best=0.1181 | lr=8.28e-05
Epoch 150/300 | loss=0.1181 | best=0.1181 | lr=7.50e-05

--- Eval at epoch 150 ---
  Layer 1:
    test_id                   (in-dist) KNN=93.5% LP=52.1%
    test_cross_device         (OOD)     KNN=30.0% LP=50.5%
    test_cross_env            (OOD)     KNN=32.9% LP=47.4%
    test_cross_user           (OOD)     KNN=47.0% LP=49.7%
  Layer 3:
    test_id                   (in-dist) KNN=95.0% LP=54.6%
    test_cross_device         (OOD)     KNN=26.4% LP=47.6%
    test_cross_env            (OOD)     KNN=34.6% LP=44.9%
    test_cross_user           (OOD)     KNN=45.2% LP=51.4%
  Layer 6:
    test_id                   (in-dist) KNN=95.1% LP=55.6%
    test_cross_device         (OOD)     KNN=21.5% LP=43.9%
    test_cross_env            (OOD)     KNN=42.2% LP=41.6%
    test_cross_user           (OOD)     KNN=42.0% LP=51.0%

Epoch 160/300 | loss=0.1177 | best=0.1177 | lr=6.72e-05
Epoch 170/300 | loss=0.1178 | best=0.1177 | lr=5.94e-05
Epoch 180/300 | loss=0.1175 | best=0.1175 | lr=5.18e-05
Epoch 190/300 | loss=0.1173 | best=0.1173 | lr=4.45e-05
Epoch 200/300 | loss=0.1173 | best=0.1172 | lr=3.75e-05

--- Eval at epoch 200 ---
  Layer 1:
    test_id                   (in-dist) KNN=93.5% LP=52.1%
    test_cross_device         (OOD)     KNN=30.4% LP=50.5%
    test_cross_env            (OOD)     KNN=33.3% LP=47.9%
    test_cross_user           (OOD)     KNN=47.0% LP=49.3%
  Layer 3:
    test_id                   (in-dist) KNN=94.9% LP=54.8%
    test_cross_device         (OOD)     KNN=25.2% LP=46.4%
    test_cross_env            (OOD)     KNN=35.0% LP=45.7%
    test_cross_user           (OOD)     KNN=43.9% LP=51.5%
  Layer 6:
    test_id                   (in-dist) KNN=94.9% LP=55.9%
    test_cross_device         (OOD)     KNN=22.0% LP=41.7%
    test_cross_env            (OOD)     KNN=42.0% LP=39.3%
    test_cross_user           (OOD)     KNN=42.0% LP=51.2%

Epoch 210/300 | loss=0.1172 | best=0.1171 | lr=3.09e-05
Epoch 220/300 | loss=0.1170 | best=0.1170 | lr=2.48e-05
Epoch 230/300 | loss=0.1170 | best=0.1169 | lr=1.93e-05
Epoch 240/300 | loss=0.1169 | best=0.1168 | lr=1.43e-05
Epoch 250/300 | loss=0.1168 | best=0.1167 | lr=1.00e-05

--- Eval at epoch 250 ---
  Layer 1:
    test_id                   (in-dist) KNN=93.8% LP=52.1%
    test_cross_device         (OOD)     KNN=30.6% LP=50.5%
    test_cross_env            (OOD)     KNN=33.5% LP=47.7%
    test_cross_user           (OOD)     KNN=47.0% LP=49.9%
  Layer 3:
    test_id                   (in-dist) KNN=95.0% LP=54.9%
    test_cross_device         (OOD)     KNN=26.0% LP=44.7%
    test_cross_env            (OOD)     KNN=35.7% LP=45.1%
    test_cross_user           (OOD)     KNN=44.2% LP=50.3%
  Layer 6:
    test_id                   (in-dist) KNN=95.0% LP=56.2%
    test_cross_device         (OOD)     KNN=21.5% LP=43.1%
    test_cross_env            (OOD)     KNN=41.5% LP=38.3%
    test_cross_user           (OOD)     KNN=41.4% LP=50.9%

Epoch 260/300 | loss=0.1167 | best=0.1167 | lr=6.48e-06
Epoch 270/300 | loss=0.1168 | best=0.1167 | lr=3.67e-06
Epoch 280/300 | loss=0.1168 | best=0.1167 | lr=1.64e-06
Epoch 290/300 | loss=0.1167 | best=0.1166 | lr=4.11e-07
Epoch 300/300 | loss=0.1167 | best=0.1166 | lr=0.00e+00

--- Eval at epoch 300 ---
  Layer 1:
    test_id                   (in-dist) KNN=93.7% LP=52.0%
    test_cross_device         (OOD)     KNN=30.7% LP=50.5%
    test_cross_env            (OOD)     KNN=33.5% LP=47.7%
    test_cross_user           (OOD)     KNN=47.0% LP=50.0%
  Layer 3:
    test_id                   (in-dist) KNN=94.9% LP=54.9%
    test_cross_device         (OOD)     KNN=25.7% LP=44.4%
    test_cross_env            (OOD)     KNN=35.8% LP=45.6%
    test_cross_user           (OOD)     KNN=43.9% LP=51.4%
  Layer 6:
    test_id                   (in-dist) KNN=95.1% LP=56.1%
    test_cross_device         (OOD)     KNN=21.6% LP=42.7%
    test_cross_env            (OOD)     KNN=41.3% LP=38.2%
    test_cross_user           (OOD)     KNN=41.4% LP=51.1%


Done. Best pretrain loss: 0.1166
Results: /home/zhuzih19/csi-project/csi-fall-detection/results/mae_har/mae_har_ep300_mask0.75_strategyrandom_ph29pw25_seed42_enc6_dim128_bs128.json
Checkpoint: /home/zhuzih19/csi-project/csi-fall-detection/checkpoints/mae_har/mae_har_ep300_mask0.75_strategyrandom_ph29pw25_seed42_enc6_dim128_bs128_best.pt
