nohup: ignoring input

Experiment: mae_har_ep300_mask0.75_strategyrandom_enc6_dim128_bs128
label_map: {'jumping': 0, 'running': 1, 'seated-breathing': 2, 'walking': 3, 'wavinghand': 4}  num_classes: 5
  test_id: 4602 samples
  test_cross_device: 9631 samples
  test_cross_env: 6650 samples
  test_cross_user: 12109 samples
MAE params: 1,469,077
Epoch 010/300 | loss=0.2381 | best=0.2381 | lr=1.50e-04
Epoch 020/300 | loss=0.1629 | best=0.1629 | lr=1.48e-04
Epoch 030/300 | loss=0.1377 | best=0.1377 | lr=1.46e-04
Epoch 040/300 | loss=0.1297 | best=0.1297 | lr=1.44e-04
Epoch 050/300 | loss=0.1265 | best=0.1265 | lr=1.40e-04

--- Eval at epoch 50 ---
  Layer 1:
    test_id                   (in-dist) KNN=93.5% LP=52.5%
    test_cross_device         (OOD)     KNN=28.2% LP=51.7%
    test_cross_env            (OOD)     KNN=32.7% LP=45.6%
    test_cross_user           (OOD)     KNN=44.9% LP=50.7%
  Layer 3:
    test_id                   (in-dist) KNN=95.0% LP=54.0%
    test_cross_device         (OOD)     KNN=27.8% LP=46.5%
    test_cross_env            (OOD)     KNN=35.3% LP=50.7%
    test_cross_user           (OOD)     KNN=43.2% LP=47.5%
  Layer 6:
    test_id                   (in-dist) KNN=95.0% LP=55.1%
    test_cross_device         (OOD)     KNN=27.6% LP=50.5%
    test_cross_env            (OOD)     KNN=33.5% LP=45.9%
    test_cross_user           (OOD)     KNN=42.5% LP=49.2%

Epoch 060/300 | loss=0.1244 | best=0.1244 | lr=1.36e-04
Epoch 070/300 | loss=0.1226 | best=0.1226 | lr=1.31e-04
Epoch 080/300 | loss=0.1220 | best=0.1218 | lr=1.25e-04
Epoch 090/300 | loss=0.1208 | best=0.1208 | lr=1.19e-04
Epoch 100/300 | loss=0.1201 | best=0.1201 | lr=1.12e-04

--- Eval at epoch 100 ---
  Layer 1:
    test_id                   (in-dist) KNN=93.7% LP=52.5%
    test_cross_device         (OOD)     KNN=23.6% LP=51.9%
    test_cross_env            (OOD)     KNN=33.4% LP=45.3%
    test_cross_user           (OOD)     KNN=44.0% LP=50.5%
  Layer 3:
    test_id                   (in-dist) KNN=95.1% LP=54.6%
    test_cross_device         (OOD)     KNN=29.1% LP=45.9%
    test_cross_env            (OOD)     KNN=32.9% LP=45.5%
    test_cross_user           (OOD)     KNN=44.0% LP=49.1%
  Layer 6:
    test_id                   (in-dist) KNN=95.0% LP=56.4%
    test_cross_device         (OOD)     KNN=29.8% LP=37.4%
    test_cross_env            (OOD)     KNN=29.9% LP=42.3%
    test_cross_user           (OOD)     KNN=42.3% LP=44.9%

Epoch 110/300 | loss=0.1196 | best=0.1196 | lr=1.06e-04
Epoch 120/300 | loss=0.1192 | best=0.1192 | lr=9.82e-05
Epoch 130/300 | loss=0.1186 | best=0.1186 | lr=9.06e-05
Epoch 140/300 | loss=0.1185 | best=0.1184 | lr=8.28e-05
Epoch 150/300 | loss=0.1181 | best=0.1181 | lr=7.50e-05

--- Eval at epoch 150 ---
  Layer 1:
    test_id                   (in-dist) KNN=93.7% LP=52.8%
    test_cross_device         (OOD)     KNN=22.8% LP=50.6%
    test_cross_env            (OOD)     KNN=36.2% LP=44.0%
    test_cross_user           (OOD)     KNN=43.1% LP=49.8%
  Layer 3:
    test_id                   (in-dist) KNN=95.0% LP=55.0%
    test_cross_device         (OOD)     KNN=28.0% LP=44.1%
    test_cross_env            (OOD)     KNN=33.8% LP=40.7%
    test_cross_user           (OOD)     KNN=42.3% LP=48.7%
  Layer 6:
    test_id                   (in-dist) KNN=95.1% LP=57.1%
    test_cross_device         (OOD)     KNN=29.9% LP=41.9%
    test_cross_env            (OOD)     KNN=30.5% LP=42.9%
    test_cross_user           (OOD)     KNN=42.0% LP=46.1%

Epoch 160/300 | loss=0.1180 | best=0.1179 | lr=6.72e-05
Epoch 170/300 | loss=0.1177 | best=0.1177 | lr=5.94e-05
Epoch 180/300 | loss=0.1175 | best=0.1175 | lr=5.18e-05
Epoch 190/300 | loss=0.1174 | best=0.1174 | lr=4.45e-05
Epoch 200/300 | loss=0.1173 | best=0.1172 | lr=3.75e-05

--- Eval at epoch 200 ---
  Layer 1:
    test_id                   (in-dist) KNN=93.7% LP=52.7%
    test_cross_device         (OOD)     KNN=22.5% LP=49.9%
    test_cross_env            (OOD)     KNN=34.8% LP=43.6%
    test_cross_user           (OOD)     KNN=42.7% LP=50.5%
  Layer 3:
    test_id                   (in-dist) KNN=95.2% LP=55.7%
    test_cross_device         (OOD)     KNN=26.8% LP=46.3%
    test_cross_env            (OOD)     KNN=31.5% LP=41.1%
    test_cross_user           (OOD)     KNN=41.0% LP=50.8%
  Layer 6:
    test_id                   (in-dist) KNN=95.2% LP=58.4%
    test_cross_device         (OOD)     KNN=28.7% LP=42.1%
    test_cross_env            (OOD)     KNN=28.4% LP=39.5%
    test_cross_user           (OOD)     KNN=41.6% LP=48.0%

Epoch 210/300 | loss=0.1172 | best=0.1171 | lr=3.09e-05
Epoch 220/300 | loss=0.1171 | best=0.1171 | lr=2.48e-05
Epoch 230/300 | loss=0.1170 | best=0.1169 | lr=1.93e-05
Epoch 240/300 | loss=0.1169 | best=0.1169 | lr=1.43e-05
Epoch 250/300 | loss=0.1168 | best=0.1167 | lr=1.00e-05

--- Eval at epoch 250 ---
  Layer 1:
    test_id                   (in-dist) KNN=93.9% LP=53.0%
    test_cross_device         (OOD)     KNN=21.8% LP=49.9%
    test_cross_env            (OOD)     KNN=34.9% LP=47.1%
    test_cross_user           (OOD)     KNN=42.4% LP=50.5%
  Layer 3:
    test_id                   (in-dist) KNN=95.3% LP=55.6%
    test_cross_device         (OOD)     KNN=26.6% LP=47.8%
    test_cross_env            (OOD)     KNN=32.1% LP=41.5%
    test_cross_user           (OOD)     KNN=40.8% LP=50.0%
  Layer 6:
    test_id                   (in-dist) KNN=95.1% LP=57.9%
    test_cross_device         (OOD)     KNN=28.4% LP=43.8%
    test_cross_env            (OOD)     KNN=28.5% LP=42.6%
    test_cross_user           (OOD)     KNN=41.4% LP=50.5%

Epoch 260/300 | loss=0.1167 | best=0.1167 | lr=6.48e-06
Traceback (most recent call last):
  File "/home/zhuzih19/csi-project/csi-fall-detection/train_mae_har.py", line 247, in <module>
  File "/home/zhuzih19/csi-project/csi-fall-detection/train_mae_har.py", line 182, in main
    total_loss = 0
              ^^^^
torch.AcceleratorError: CUDA error: unknown error
Search for `cudaErrorUnknown' in https://docs.nvidia.com/cuda/cuda-runtime-api/group__CUDART__TYPES.html for more information.
CUDA kernel errors might be asynchronously reported at some other API call, so the stacktrace below might be incorrect.
For debugging consider passing CUDA_LAUNCH_BLOCKING=1
Compile with `TORCH_USE_CUDA_DSA` to enable device-side assertions.

