
Experiment: mae_har_ep300_mask0.75_strategyrandom_ph21pw21_seed42_enc12_dim128_bs128
[patch-pad] patch_h=21, patch_w=21 do not evenly divide 232x500 -- zero-padding input to 252x504 (+20 subcarriers, +4 timesteps). num_patches=288 (n_h=12, n_w=24)
[mem-check] num_patches=288  batch_size=128  encoder_depth=12  attention-score memory: 0.16 GB/layer, 1.90 GB cumulative (all layers retained for backward)
label_map: {'jumping': 0, 'running': 1, 'seated-breathing': 2, 'walking': 3, 'wavinghand': 4}  num_classes: 5
  test_id: 4602 samples
  test_cross_device: 9631 samples
  test_cross_env: 6650 samples
  test_cross_user: 12109 samples
MAE params: 2,628,473
Epoch 010/300 | loss=0.1988 | best=0.1988 | lr=1.50e-04
Epoch 020/300 | loss=0.1450 | best=0.1450 | lr=1.48e-04
Epoch 030/300 | loss=0.1324 | best=0.1324 | lr=1.46e-04
Epoch 040/300 | loss=0.1275 | best=0.1275 | lr=1.44e-04
Epoch 050/300 | loss=0.1244 | best=0.1244 | lr=1.40e-04

--- Eval at epoch 50 ---
  Layer 1:
    test_id                   (in-dist) KNN=92.9% LP=52.7%
    test_cross_device         (OOD)     KNN=32.7% LP=49.5%
    test_cross_env            (OOD)     KNN=36.8% LP=50.6%
    test_cross_user           (OOD)     KNN=44.5% LP=49.1%
  Layer 3:
    test_id                   (in-dist) KNN=95.2% LP=55.5%
    test_cross_device         (OOD)     KNN=27.3% LP=46.4%
    test_cross_env            (OOD)     KNN=38.3% LP=42.4%
    test_cross_user           (OOD)     KNN=41.2% LP=47.4%
  Layer 6:
    test_id                   (in-dist) KNN=95.5% LP=56.1%
    test_cross_device         (OOD)     KNN=26.3% LP=45.5%
    test_cross_env            (OOD)     KNN=37.0% LP=41.5%
    test_cross_user           (OOD)     KNN=43.5% LP=48.0%

Epoch 060/300 | loss=0.1222 | best=0.1222 | lr=1.36e-04
Epoch 070/300 | loss=0.1208 | best=0.1208 | lr=1.31e-04
Epoch 080/300 | loss=0.1197 | best=0.1197 | lr=1.25e-04
Epoch 090/300 | loss=0.1188 | best=0.1188 | lr=1.19e-04
Epoch 100/300 | loss=0.1166 | best=0.1166 | lr=1.12e-04

--- Eval at epoch 100 ---
  Layer 1:
    test_id                   (in-dist) KNN=93.4% LP=53.0%
    test_cross_device         (OOD)     KNN=31.7% LP=46.9%
    test_cross_env            (OOD)     KNN=37.5% LP=50.0%
    test_cross_user           (OOD)     KNN=44.0% LP=47.8%
  Layer 3:
    test_id                   (in-dist) KNN=94.9% LP=55.6%
    test_cross_device         (OOD)     KNN=23.1% LP=46.2%
    test_cross_env            (OOD)     KNN=39.5% LP=45.8%
    test_cross_user           (OOD)     KNN=40.6% LP=49.1%
  Layer 6:
    test_id                   (in-dist) KNN=95.1% LP=58.0%
    test_cross_device         (OOD)     KNN=25.7% LP=43.7%
    test_cross_env            (OOD)     KNN=37.9% LP=43.2%
    test_cross_user           (OOD)     KNN=42.4% LP=49.3%

Epoch 110/300 | loss=0.1150 | best=0.1150 | lr=1.06e-04
Epoch 120/300 | loss=0.1142 | best=0.1142 | lr=9.82e-05
Epoch 130/300 | loss=0.1124 | best=0.1124 | lr=9.06e-05
Epoch 140/300 | loss=0.1103 | best=0.1103 | lr=8.28e-05
Epoch 150/300 | loss=0.1098 | best=0.1097 | lr=7.50e-05

--- Eval at epoch 150 ---
  Layer 1:
    test_id                   (in-dist) KNN=93.2% LP=53.0%
    test_cross_device         (OOD)     KNN=31.6% LP=48.4%
    test_cross_env            (OOD)     KNN=38.7% LP=49.7%
    test_cross_user           (OOD)     KNN=44.3% LP=48.3%
  Layer 3:
    test_id                   (in-dist) KNN=94.4% LP=55.8%
    test_cross_device         (OOD)     KNN=24.1% LP=44.5%
    test_cross_env            (OOD)     KNN=40.3% LP=44.9%
    test_cross_user           (OOD)     KNN=40.3% LP=46.0%
  Layer 6:
    test_id                   (in-dist) KNN=95.0% LP=57.5%
    test_cross_device         (OOD)     KNN=26.9% LP=44.0%
    test_cross_env            (OOD)     KNN=38.9% LP=45.1%
    test_cross_user           (OOD)     KNN=42.8% LP=49.0%

Epoch 160/300 | loss=0.1094 | best=0.1093 | lr=6.72e-05
Epoch 170/300 | loss=0.1090 | best=0.1090 | lr=5.94e-05
Epoch 180/300 | loss=0.1088 | best=0.1088 | lr=5.18e-05
Epoch 190/300 | loss=0.1087 | best=0.1087 | lr=4.45e-05
Epoch 200/300 | loss=0.1085 | best=0.1085 | lr=3.75e-05

--- Eval at epoch 200 ---
  Layer 1:
    test_id                   (in-dist) KNN=93.4% LP=53.2%
    test_cross_device         (OOD)     KNN=31.5% LP=48.6%
    test_cross_env            (OOD)     KNN=39.1% LP=49.9%
    test_cross_user           (OOD)     KNN=44.3% LP=48.2%
  Layer 3:
    test_id                   (in-dist) KNN=94.5% LP=55.7%
    test_cross_device         (OOD)     KNN=24.9% LP=43.3%
    test_cross_env            (OOD)     KNN=40.0% LP=41.9%
    test_cross_user           (OOD)     KNN=40.9% LP=46.0%
  Layer 6:
    test_id                   (in-dist) KNN=95.2% LP=57.4%
    test_cross_device         (OOD)     KNN=27.5% LP=44.2%
    test_cross_env            (OOD)     KNN=39.6% LP=44.8%
    test_cross_user           (OOD)     KNN=43.5% LP=50.0%

Epoch 210/300 | loss=0.1084 | best=0.1083 | lr=3.09e-05
Epoch 220/300 | loss=0.1082 | best=0.1082 | lr=2.48e-05
Epoch 230/300 | loss=0.1081 | best=0.1081 | lr=1.93e-05
Epoch 240/300 | loss=0.1080 | best=0.1080 | lr=1.43e-05
Epoch 250/300 | loss=0.1079 | best=0.1079 | lr=1.00e-05

--- Eval at epoch 250 ---
  Layer 1:
    test_id                   (in-dist) KNN=93.4% LP=53.3%
    test_cross_device         (OOD)     KNN=31.0% LP=49.1%
    test_cross_env            (OOD)     KNN=39.7% LP=49.9%
    test_cross_user           (OOD)     KNN=44.2% LP=48.2%
  Layer 3:
    test_id                   (in-dist) KNN=94.4% LP=55.5%
    test_cross_device         (OOD)     KNN=24.8% LP=43.7%
    test_cross_env            (OOD)     KNN=39.9% LP=42.5%
    test_cross_user           (OOD)     KNN=40.8% LP=46.6%
  Layer 6:
    test_id                   (in-dist) KNN=95.1% LP=57.9%
    test_cross_device         (OOD)     KNN=27.1% LP=44.8%
    test_cross_env            (OOD)     KNN=39.4% LP=44.0%
    test_cross_user           (OOD)     KNN=43.9% LP=50.5%

Epoch 260/300 | loss=0.1079 | best=0.1078 | lr=6.48e-06
Epoch 270/300 | loss=0.1077 | best=0.1077 | lr=3.67e-06
Epoch 280/300 | loss=0.1078 | best=0.1077 | lr=1.64e-06
Epoch 290/300 | loss=0.1079 | best=0.1077 | lr=4.11e-07
Epoch 300/300 | loss=0.1078 | best=0.1077 | lr=0.00e+00

--- Eval at epoch 300 ---
  Layer 1:
    test_id                   (in-dist) KNN=93.3% LP=53.5%
    test_cross_device         (OOD)     KNN=31.2% LP=48.7%
    test_cross_env            (OOD)     KNN=39.7% LP=49.8%
    test_cross_user           (OOD)     KNN=44.3% LP=48.6%
  Layer 3:
    test_id                   (in-dist) KNN=94.5% LP=55.8%
    test_cross_device         (OOD)     KNN=24.9% LP=43.5%
    test_cross_env            (OOD)     KNN=40.3% LP=42.4%
    test_cross_user           (OOD)     KNN=40.8% LP=45.9%
  Layer 6:
    test_id                   (in-dist) KNN=95.1% LP=57.8%
    test_cross_device         (OOD)     KNN=27.7% LP=45.0%
    test_cross_env            (OOD)     KNN=39.7% LP=45.0%
    test_cross_user           (OOD)     KNN=44.2% LP=50.6%


Done. Best pretrain loss: 0.1077
Results: /home/zhuzih19/csi-project/csi-fall-detection/results/mae_har/mae_har_ep300_mask0.75_strategyrandom_ph21pw21_seed42_enc12_dim128_bs128.json
Checkpoint: /home/zhuzih19/csi-project/csi-fall-detection/checkpoints/mae_har/mae_har_ep300_mask0.75_strategyrandom_ph21pw21_seed42_enc12_dim128_bs128_best.pt
