
Task:  FallDetection
Model: mlp
Mode:  supervised
Device:cuda

Filtered missing files: 6700 -> 6598
Filtered missing files: 6598 -> 6598
Classes: 2  |  train=4619 val=994 test=985
Parameters: 5.19M

Training supervised baseline...
  Epoch 010 | val_acc=0.7485 | best=0.7535
  Epoch 020 | val_acc=0.7867 | best=0.7867
  Epoch 030 | val_acc=0.7968 | best=0.8028
  Epoch 040 | val_acc=0.8099 | best=0.8099
  Epoch 050 | val_acc=0.8058 | best=0.8209
  Early stop at epoch 52
Saved: checkpoints/paper_mlp_FallDetection.pt

==================================================
Standard Test  |  Acc=83.25%  F1=83.36%
test_easy             |  Acc=86.21%  F1=86.26%
test_medium           |  Acc=41.18%  F1=41.18%
test_hard             |  Acc=55.07%  F1=39.12%

==================================================
Results saved: results/benchmark_FallDetection_mlp_supervised.json
