
Experiment: mae_har_ep300_mask0.75_enc6_dim128_bs128
label_map: {'jumping': 0, 'running': 1, 'seated-breathing': 2, 'walking': 3, 'wavinghand': 4}  num_classes: 5
  test_id: 4602 samples
  test_cross_device: 9631 samples
  test_cross_env: 6650 samples
  test_cross_user: 12109 samples
MAE params: 1,469,077
Epoch 010/300 | loss=0.2459 | best=0.2459 | lr=1.50e-04
Epoch 020/300 | loss=0.1643 | best=0.1643 | lr=1.48e-04
Epoch 030/300 | loss=0.1387 | best=0.1387 | lr=1.46e-04
Epoch 040/300 | loss=0.1301 | best=0.1301 | lr=1.44e-04
Epoch 050/300 | loss=0.1269 | best=0.1268 | lr=1.40e-04

--- Eval at epoch 50 ---
  Layer 1:
    test_id                   (in-dist) KNN=94.5% LP=52.2%
    test_cross_device         (OOD)     KNN=24.0% LP=46.7%
    test_cross_env            (OOD)     KNN=39.1% LP=45.5%
    test_cross_user           (OOD)     KNN=46.6% LP=50.4%
  Layer 3:
    test_id                   (in-dist) KNN=95.3% LP=55.6%
    test_cross_device         (OOD)     KNN=29.6% LP=44.2%
    test_cross_env            (OOD)     KNN=36.7% LP=44.7%
    test_cross_user           (OOD)     KNN=48.9% LP=49.5%
  Layer 6:
    test_id                   (in-dist) KNN=95.2% LP=54.7%
    test_cross_device         (OOD)     KNN=34.9% LP=45.6%
    test_cross_env            (OOD)     KNN=35.6% LP=41.4%
    test_cross_user           (OOD)     KNN=48.3% LP=49.4%

Epoch 060/300 | loss=0.1247 | best=0.1247 | lr=1.36e-04
Epoch 070/300 | loss=0.1235 | best=0.1234 | lr=1.31e-04
Epoch 080/300 | loss=0.1223 | best=0.1223 | lr=1.25e-04
Epoch 090/300 | loss=0.1212 | best=0.1212 | lr=1.19e-04
Epoch 100/300 | loss=0.1203 | best=0.1203 | lr=1.12e-04

--- Eval at epoch 100 ---
  Layer 1:
    test_id                   (in-dist) KNN=94.1% LP=52.8%
    test_cross_device         (OOD)     KNN=26.1% LP=47.7%
    test_cross_env            (OOD)     KNN=38.2% LP=44.2%
    test_cross_user           (OOD)     KNN=44.8% LP=51.0%
  Layer 3:
    test_id                   (in-dist) KNN=95.2% LP=56.1%
    test_cross_device         (OOD)     KNN=27.7% LP=48.3%
    test_cross_env            (OOD)     KNN=34.5% LP=42.7%
    test_cross_user           (OOD)     KNN=45.2% LP=51.4%
  Layer 6:
    test_id                   (in-dist) KNN=95.0% LP=54.8%
    test_cross_device         (OOD)     KNN=33.2% LP=41.4%
    test_cross_env            (OOD)     KNN=38.7% LP=43.9%
    test_cross_user           (OOD)     KNN=44.7% LP=47.8%

Epoch 110/300 | loss=0.1197 | best=0.1197 | lr=1.06e-04
Epoch 120/300 | loss=0.1193 | best=0.1193 | lr=9.82e-05
Epoch 130/300 | loss=0.1188 | best=0.1188 | lr=9.06e-05
Epoch 140/300 | loss=0.1185 | best=0.1185 | lr=8.28e-05
Epoch 150/300 | loss=0.1182 | best=0.1182 | lr=7.50e-05

--- Eval at epoch 150 ---
  Layer 1:
    test_id                   (in-dist) KNN=94.0% LP=53.2%
    test_cross_device         (OOD)     KNN=26.9% LP=47.8%
    test_cross_env            (OOD)     KNN=39.3% LP=44.2%
    test_cross_user           (OOD)     KNN=44.9% LP=50.6%
  Layer 3:
    test_id                   (in-dist) KNN=95.2% LP=56.3%
    test_cross_device         (OOD)     KNN=29.3% LP=47.3%
    test_cross_env            (OOD)     KNN=33.8% LP=39.7%
    test_cross_user           (OOD)     KNN=45.3% LP=51.4%
  Layer 6:
    test_id                   (in-dist) KNN=95.1% LP=55.3%
    test_cross_device         (OOD)     KNN=31.6% LP=44.6%
    test_cross_env            (OOD)     KNN=36.8% LP=39.9%
    test_cross_user           (OOD)     KNN=44.4% LP=48.2%

Epoch 160/300 | loss=0.1180 | best=0.1180 | lr=6.72e-05
Epoch 170/300 | loss=0.1178 | best=0.1178 | lr=5.94e-05
Epoch 180/300 | loss=0.1177 | best=0.1177 | lr=5.18e-05
Epoch 190/300 | loss=0.1175 | best=0.1175 | lr=4.45e-05
Epoch 200/300 | loss=0.1174 | best=0.1173 | lr=3.75e-05

--- Eval at epoch 200 ---
  Layer 1:
    test_id                   (in-dist) KNN=94.1% LP=53.3%
    test_cross_device         (OOD)     KNN=25.6% LP=47.9%
    test_cross_env            (OOD)     KNN=40.3% LP=43.3%
    test_cross_user           (OOD)     KNN=44.2% LP=50.9%
  Layer 3:
    test_id                   (in-dist) KNN=95.3% LP=56.5%
    test_cross_device         (OOD)     KNN=29.9% LP=47.3%
    test_cross_env            (OOD)     KNN=33.3% LP=38.7%
    test_cross_user           (OOD)     KNN=45.6% LP=52.2%
  Layer 6:
    test_id                   (in-dist) KNN=95.1% LP=55.3%
    test_cross_device         (OOD)     KNN=33.1% LP=44.3%
    test_cross_env            (OOD)     KNN=36.5% LP=40.5%
    test_cross_user           (OOD)     KNN=45.3% LP=45.1%

Epoch 210/300 | loss=0.1173 | best=0.1173 | lr=3.09e-05
Epoch 220/300 | loss=0.1171 | best=0.1171 | lr=2.48e-05
Epoch 230/300 | loss=0.1172 | best=0.1170 | lr=1.93e-05
Epoch 240/300 | loss=0.1171 | best=0.1170 | lr=1.43e-05
Epoch 250/300 | loss=0.1169 | best=0.1169 | lr=1.00e-05

--- Eval at epoch 250 ---
  Layer 1:
    test_id                   (in-dist) KNN=94.1% LP=53.3%
    test_cross_device         (OOD)     KNN=26.7% LP=46.9%
    test_cross_env            (OOD)     KNN=40.6% LP=42.9%
    test_cross_user           (OOD)     KNN=44.3% LP=51.1%
  Layer 3:
    test_id                   (in-dist) KNN=95.2% LP=56.7%
    test_cross_device         (OOD)     KNN=30.1% LP=46.6%
    test_cross_env            (OOD)     KNN=33.7% LP=38.5%
    test_cross_user           (OOD)     KNN=45.5% LP=52.2%
  Layer 6:
    test_id                   (in-dist) KNN=95.2% LP=55.9%
    test_cross_device         (OOD)     KNN=31.5% LP=44.3%
    test_cross_env            (OOD)     KNN=37.2% LP=39.4%
    test_cross_user           (OOD)     KNN=45.0% LP=45.9%

Epoch 260/300 | loss=0.1169 | best=0.1168 | lr=6.48e-06
Epoch 270/300 | loss=0.1168 | best=0.1168 | lr=3.67e-06
Epoch 280/300 | loss=0.1168 | best=0.1168 | lr=1.64e-06
Epoch 290/300 | loss=0.1168 | best=0.1168 | lr=4.11e-07
Epoch 300/300 | loss=0.1169 | best=0.1167 | lr=0.00e+00

--- Eval at epoch 300 ---
  Layer 1:
    test_id                   (in-dist) KNN=94.2% LP=53.3%
    test_cross_device         (OOD)     KNN=26.7% LP=47.4%
    test_cross_env            (OOD)     KNN=40.5% LP=41.3%
    test_cross_user           (OOD)     KNN=44.2% LP=51.1%
  Layer 3:
    test_id                   (in-dist) KNN=95.3% LP=56.8%
    test_cross_device         (OOD)     KNN=30.0% LP=47.1%
    test_cross_env            (OOD)     KNN=33.7% LP=38.5%
    test_cross_user           (OOD)     KNN=45.5% LP=52.2%
  Layer 6:
    test_id                   (in-dist) KNN=95.3% LP=55.7%
    test_cross_device         (OOD)     KNN=31.1% LP=44.4%
    test_cross_env            (OOD)     KNN=37.1% LP=40.1%
    test_cross_user           (OOD)     KNN=44.8% LP=45.1%


Done. Best pretrain loss: 0.1167
Results: /home/zhuzih19/csi-project/csi-fall-detection/results/mae_har/mae_har_ep300_mask0.75_enc6_dim128_bs128.json
Checkpoint: /home/zhuzih19/csi-project/csi-fall-detection/checkpoints/mae_har/mae_har_ep300_mask0.75_enc6_dim128_bs128_best.pt
