nohup: ignoring input

Task:  FallDetection
Model: vit
Mode:  supervised
Device:cuda

Filtered missing files: 6700 -> 6598
Filtered missing files: 6598 -> 6598
Classes: 2  |  train=4619 val=994 test=985
Parameters: 2.48M

Training supervised baseline...
  Epoch 010 | val_acc=0.5584 | best=0.5584
  Early stop at epoch 11
Saved: checkpoints/vit_FallDetection.pt

==================================================
Standard Test  |  Acc=59.29%  F1=44.14%
test_easy             |  Acc=60.62%  F1=45.76%
test_medium           |  Acc=47.06%  F1=30.12%
test_hard             |  Acc=44.93%  F1=27.86%

==================================================
Results saved: results/benchmark_FallDetection_vit_supervised.json
